[2025-02-28T10:43:30.951+0000] {taskinstance.py:1159} INFO - Dependencies all met for dep_context=non-requeueable deps ti=<TaskInstance: coingecko_ingestion_dag.load_to_hbase manual__2025-02-28T10:43:04.915834+00:00 [queued]>
[2025-02-28T10:43:30.969+0000] {taskinstance.py:1159} INFO - Dependencies all met for dep_context=requeueable deps ti=<TaskInstance: coingecko_ingestion_dag.load_to_hbase manual__2025-02-28T10:43:04.915834+00:00 [queued]>
[2025-02-28T10:43:30.970+0000] {taskinstance.py:1361} INFO - Starting attempt 1 of 4
[2025-02-28T10:43:31.008+0000] {taskinstance.py:1382} INFO - Executing <Task(PythonOperator): load_to_hbase> on 2025-02-28 10:43:04.915834+00:00
[2025-02-28T10:43:31.020+0000] {standard_task_runner.py:57} INFO - Started process 354 to run task
[2025-02-28T10:43:31.029+0000] {standard_task_runner.py:84} INFO - Running: ['***', 'tasks', 'run', 'coingecko_ingestion_dag', 'load_to_hbase', 'manual__2025-02-28T10:43:04.915834+00:00', '--job-id', '580', '--raw', '--subdir', 'DAGS_FOLDER/pipeline.py', '--cfg-path', '/tmp/tmp4jivs05e']
[2025-02-28T10:43:31.036+0000] {standard_task_runner.py:85} INFO - Job 580: Subtask load_to_hbase
[2025-02-28T10:43:31.142+0000] {task_command.py:415} INFO - Running <TaskInstance: coingecko_ingestion_dag.load_to_hbase manual__2025-02-28T10:43:04.915834+00:00 [running]> on host b86b19d2f863
[2025-02-28T10:43:31.323+0000] {taskinstance.py:1660} INFO - Exporting env vars: AIRFLOW_CTX_DAG_OWNER='etudiant' AIRFLOW_CTX_DAG_ID='coingecko_ingestion_dag' AIRFLOW_CTX_TASK_ID='load_to_hbase' AIRFLOW_CTX_EXECUTION_DATE='2025-02-28T10:43:04.915834+00:00' AIRFLOW_CTX_TRY_NUMBER='1' AIRFLOW_CTX_DAG_RUN_ID='manual__2025-02-28T10:43:04.915834+00:00'
[2025-02-28T10:43:34.011+0000] {pipeline.py:74} INFO - Downloaded to namenode: 
[2025-02-28T10:43:34.086+0000] {pipeline.py:83} INFO - Copied to /home/***/tmp/crypto_agg.csv
[2025-02-28T10:43:35.804+0000] {pipeline.py:110} ERROR - Error processing line: aave	182.4,182.4,182.4,0.0,356398132.0,1 - not enough values to unpack (expected 7, got 6)
[2025-02-28T10:43:35.805+0000] {pipeline.py:110} ERROR - Error processing line: algorand	0.21937,0.21937,0.21937,0.0,123603450.0,1 - not enough values to unpack (expected 7, got 6)
[2025-02-28T10:43:35.807+0000] {pipeline.py:110} ERROR - Error processing line: aptos	5.83,5.83,5.83,0.0,334929115.0,1 - not enough values to unpack (expected 7, got 6)
[2025-02-28T10:43:35.808+0000] {pipeline.py:110} ERROR - Error processing line: arbitrum	0.392549,0.392549,0.392549,0.0,306691994.0,1 - not enough values to unpack (expected 7, got 6)
[2025-02-28T10:43:35.810+0000] {pipeline.py:110} ERROR - Error processing line: avalanche-2	20.98,20.98,20.98,0.0,716398786.0,1 - not enough values to unpack (expected 7, got 6)
[2025-02-28T10:43:35.811+0000] {pipeline.py:110} ERROR - Error processing line: berachain-bera	7.37,7.37,7.37,0.0,477041686.0,1 - not enough values to unpack (expected 7, got 6)
[2025-02-28T10:43:35.812+0000] {pipeline.py:110} ERROR - Error processing line: binance-peg-weth	2128.59,2128.59,2128.59,0.0,71328436.0,1 - not enough values to unpack (expected 7, got 6)
[2025-02-28T10:43:35.813+0000] {pipeline.py:110} ERROR - Error processing line: binance-staked-sol	135.68,135.68,135.68,0.0,7870501.0,1 - not enough values to unpack (expected 7, got 6)
[2025-02-28T10:43:35.814+0000] {pipeline.py:110} ERROR - Error processing line: binancecoin	570.55,570.55,570.55,0.0,1579879691.0,1 - not enough values to unpack (expected 7, got 6)
[2025-02-28T10:43:35.815+0000] {pipeline.py:110} ERROR - Error processing line: bitcoin	79755.0,79755.0,79755.0,0.0,83169069297.0,1 - not enough values to unpack (expected 7, got 6)
[2025-02-28T10:43:35.816+0000] {pipeline.py:110} ERROR - Error processing line: bitcoin-cash	279.81,279.81,279.81,0.0,376737545.0,1 - not enough values to unpack (expected 7, got 6)
[2025-02-28T10:43:35.819+0000] {pipeline.py:110} ERROR - Error processing line: bitget-token	3.79,3.79,3.79,0.0,325167353.0,1 - not enough values to unpack (expected 7, got 6)
[2025-02-28T10:43:35.824+0000] {pipeline.py:110} ERROR - Error processing line: bittensor	302.62,302.62,302.62,0.0,222662030.0,1 - not enough values to unpack (expected 7, got 6)
[2025-02-28T10:43:35.828+0000] {pipeline.py:110} ERROR - Error processing line: blockstack	0.782864,0.782864,0.782864,0.0,86321598.0,1 - not enough values to unpack (expected 7, got 6)
[2025-02-28T10:43:35.830+0000] {pipeline.py:110} ERROR - Error processing line: bonk	1.236e-05,1.236e-05,1.236e-05,0.0,134370396.0,1 - not enough values to unpack (expected 7, got 6)
[2025-02-28T10:43:35.832+0000] {pipeline.py:110} ERROR - Error processing line: cardano	0.596304,0.596304,0.596304,0.0,1025650679.0,1 - not enough values to unpack (expected 7, got 6)
[2025-02-28T10:43:35.834+0000] {pipeline.py:110} ERROR - Error processing line: celestia	3.42,3.42,3.42,0.0,139759497.0,1 - not enough values to unpack (expected 7, got 6)
[2025-02-28T10:43:35.835+0000] {pipeline.py:110} ERROR - Error processing line: chainlink	13.77,13.77,13.77,0.0,763175800.0,1 - not enough values to unpack (expected 7, got 6)
[2025-02-28T10:43:35.835+0000] {pipeline.py:110} ERROR - Error processing line: coinbase-wrapped-btc	79733.0,79733.0,79733.0,0.0,459190080.0,1 - not enough values to unpack (expected 7, got 6)
[2025-02-28T10:43:35.836+0000] {pipeline.py:110} ERROR - Error processing line: cosmos	4.31,4.31,4.31,0.0,162615951.0,1 - not enough values to unpack (expected 7, got 6)
[2025-02-28T10:43:35.837+0000] {pipeline.py:110} ERROR - Error processing line: crypto-com-chain	0.070077,0.070077,0.070077,0.0,30527852.0,1 - not enough values to unpack (expected 7, got 6)
[2025-02-28T10:43:35.838+0000] {pipeline.py:110} ERROR - Error processing line: dai	0.999642,0.999642,0.999642,0.0,238536880.0,1 - not enough values to unpack (expected 7, got 6)
[2025-02-28T10:43:35.839+0000] {pipeline.py:110} ERROR - Error processing line: dexe	17.56,17.56,17.56,0.0,19466876.0,1 - not enough values to unpack (expected 7, got 6)
[2025-02-28T10:43:35.841+0000] {pipeline.py:110} ERROR - Error processing line: dogecoin	0.186151,0.186151,0.186151,0.0,2395794678.0,1 - not enough values to unpack (expected 7, got 6)
[2025-02-28T10:43:35.844+0000] {pipeline.py:110} ERROR - Error processing line: eos	0.528436,0.528436,0.528436,0.0,119026465.0,1 - not enough values to unpack (expected 7, got 6)
[2025-02-28T10:43:35.845+0000] {pipeline.py:110} ERROR - Error processing line: ethena	0.388065,0.388065,0.388065,0.0,256106186.0,1 - not enough values to unpack (expected 7, got 6)
[2025-02-28T10:43:35.846+0000] {pipeline.py:110} ERROR - Error processing line: ethena-usde	0.998866,0.998866,0.998866,0.0,85302096.0,1 - not enough values to unpack (expected 7, got 6)
[2025-02-28T10:43:35.847+0000] {pipeline.py:110} ERROR - Error processing line: ethereum	2120.41,2120.41,2120.41,0.0,37258623010.0,1 - not enough values to unpack (expected 7, got 6)
[2025-02-28T10:43:35.847+0000] {pipeline.py:110} ERROR - Error processing line: ethereum-classic	18.28,18.28,18.28,0.0,190825450.0,1 - not enough values to unpack (expected 7, got 6)
[2025-02-28T10:43:35.848+0000] {pipeline.py:110} ERROR - Error processing line: fasttoken	3.97,3.97,3.97,0.0,48547197.0,1 - not enough values to unpack (expected 7, got 6)
[2025-02-28T10:43:35.849+0000] {pipeline.py:110} ERROR - Error processing line: fetch-ai	0.613007,0.613007,0.613007,0.0,160056885.0,1 - not enough values to unpack (expected 7, got 6)
[2025-02-28T10:43:35.850+0000] {pipeline.py:110} ERROR - Error processing line: filecoin	3.09,3.09,3.09,0.0,228631008.0,1 - not enough values to unpack (expected 7, got 6)
[2025-02-28T10:43:35.850+0000] {pipeline.py:110} ERROR - Error processing line: first-digital-usd	0.997731,0.997731,0.997731,0.0,9853390810.0,1 - not enough values to unpack (expected 7, got 6)
[2025-02-28T10:43:35.851+0000] {pipeline.py:110} ERROR - Error processing line: flare-networks	0.01588103,0.01588103,0.01588103,0.0,12002622.0,1 - not enough values to unpack (expected 7, got 6)
[2025-02-28T10:43:35.851+0000] {pipeline.py:110} ERROR - Error processing line: floki	7.625e-05,7.625e-05,7.625e-05,0.0,143344196.0,1 - not enough values to unpack (expected 7, got 6)
[2025-02-28T10:43:35.852+0000] {pipeline.py:110} ERROR - Error processing line: gala	0.01832136,0.01832136,0.01832136,0.0,122122817.0,1 - not enough values to unpack (expected 7, got 6)
[2025-02-28T10:43:35.853+0000] {pipeline.py:110} ERROR - Error processing line: gatechain-token	20.02,20.02,20.02,0.0,25330413.0,1 - not enough values to unpack (expected 7, got 6)
[2025-02-28T10:43:35.853+0000] {pipeline.py:110} ERROR - Error processing line: hedera-hashgraph	0.186834,0.186834,0.186834,0.0,427211747.0,1 - not enough values to unpack (expected 7, got 6)
[2025-02-28T10:43:35.854+0000] {pipeline.py:110} ERROR - Error processing line: hyperliquid	19.38,19.38,19.38,0.0,278794507.0,1 - not enough values to unpack (expected 7, got 6)
[2025-02-28T10:43:35.854+0000] {pipeline.py:110} ERROR - Error processing line: immutable-x	0.660276,0.660276,0.660276,0.0,52687637.0,1 - not enough values to unpack (expected 7, got 6)
[2025-02-28T10:43:35.854+0000] {pipeline.py:110} ERROR - Error processing line: injective-protocol	12.47,12.47,12.47,0.0,136538390.0,1 - not enough values to unpack (expected 7, got 6)
[2025-02-28T10:43:35.855+0000] {pipeline.py:110} ERROR - Error processing line: internet-computer	6.14,6.14,6.14,0.0,119059935.0,1 - not enough values to unpack (expected 7, got 6)
[2025-02-28T10:43:35.856+0000] {pipeline.py:110} ERROR - Error processing line: jasmycoin	0.01726885,0.01726885,0.01726885,0.0,60162271.0,1 - not enough values to unpack (expected 7, got 6)
[2025-02-28T10:43:35.856+0000] {pipeline.py:110} ERROR - Error processing line: jupiter-exchange-solana	0.693693,0.693693,0.693693,0.0,178289220.0,1 - not enough values to unpack (expected 7, got 6)
[2025-02-28T10:43:35.858+0000] {pipeline.py:110} ERROR - Error processing line: kaspa	0.075517,0.075517,0.075517,0.0,88865686.0,1 - not enough values to unpack (expected 7, got 6)
[2025-02-28T10:43:35.859+0000] {pipeline.py:110} ERROR - Error processing line: kelp-dao-restaked-eth	2198.49,2198.49,2198.49,0.0,3021958.0,1 - not enough values to unpack (expected 7, got 6)
[2025-02-28T10:43:35.860+0000] {pipeline.py:110} ERROR - Error processing line: kucoin-shares	11.32,11.32,11.32,0.0,207072.0,1 - not enough values to unpack (expected 7, got 6)
[2025-02-28T10:43:35.860+0000] {pipeline.py:110} ERROR - Error processing line: leo-token	9.22,9.22,9.22,0.0,5652554.0,1 - not enough values to unpack (expected 7, got 6)
[2025-02-28T10:43:35.863+0000] {pipeline.py:110} ERROR - Error processing line: lido-dao	1.2,1.2,1.2,0.0,158774225.0,1 - not enough values to unpack (expected 7, got 6)
[2025-02-28T10:43:35.863+0000] {pipeline.py:110} ERROR - Error processing line: litecoin	118.7,118.7,118.7,0.0,2068387557.0,1 - not enough values to unpack (expected 7, got 6)
[2025-02-28T10:43:35.864+0000] {pipeline.py:110} ERROR - Error processing line: lombard-staked-btc	79374.0,79374.0,79374.0,0.0,2051146.0,1 - not enough values to unpack (expected 7, got 6)
[2025-02-28T10:43:35.864+0000] {pipeline.py:110} ERROR - Error processing line: maker	1559.68,1559.68,1559.68,0.0,428256711.0,1 - not enough values to unpack (expected 7, got 6)
[2025-02-28T10:43:35.865+0000] {pipeline.py:110} ERROR - Error processing line: mantle	0.698436,0.698436,0.698436,0.0,88347290.0,1 - not enough values to unpack (expected 7, got 6)
[2025-02-28T10:43:35.865+0000] {pipeline.py:110} ERROR - Error processing line: mantle-staked-ether	2245.66,2245.66,2245.66,0.0,9915629.0,1 - not enough values to unpack (expected 7, got 6)
[2025-02-28T10:43:35.865+0000] {pipeline.py:110} ERROR - Error processing line: mantra-dao	7.29,7.29,7.29,0.0,204192217.0,1 - not enough values to unpack (expected 7, got 6)
[2025-02-28T10:43:35.866+0000] {pipeline.py:110} ERROR - Error processing line: monero	207.08,207.08,207.08,0.0,66238672.0,1 - not enough values to unpack (expected 7, got 6)
[2025-02-28T10:43:35.866+0000] {pipeline.py:110} ERROR - Error processing line: movement	0.426225,0.426225,0.426225,0.0,105864236.0,1 - not enough values to unpack (expected 7, got 6)
[2025-02-28T10:43:35.866+0000] {pipeline.py:110} ERROR - Error processing line: near	2.82,2.82,2.82,0.0,284484533.0,1 - not enough values to unpack (expected 7, got 6)
[2025-02-28T10:43:35.867+0000] {pipeline.py:110} ERROR - Error processing line: nexo	1.1,1.1,1.1,0.0,25574317.0,1 - not enough values to unpack (expected 7, got 6)
[2025-02-28T10:43:35.867+0000] {pipeline.py:110} ERROR - Error processing line: official-trump	11.23,11.23,11.23,0.0,1120965262.0,1 - not enough values to unpack (expected 7, got 6)
[2025-02-28T10:43:35.868+0000] {pipeline.py:110} ERROR - Error processing line: okb	42.77,42.77,42.77,0.0,15271668.0,1 - not enough values to unpack (expected 7, got 6)
[2025-02-28T10:43:35.868+0000] {pipeline.py:110} ERROR - Error processing line: ondo-finance	0.905919,0.905919,0.905919,0.0,189665633.0,1 - not enough values to unpack (expected 7, got 6)
[2025-02-28T10:43:35.868+0000] {pipeline.py:110} ERROR - Error processing line: optimism	1.036,1.036,1.036,0.0,274157209.0,1 - not enough values to unpack (expected 7, got 6)
[2025-02-28T10:43:35.868+0000] {pipeline.py:110} ERROR - Error processing line: pepe	7.46e-06,7.46e-06,7.46e-06,0.0,954922152.0,1 - not enough values to unpack (expected 7, got 6)
[2025-02-28T10:43:35.869+0000] {pipeline.py:110} ERROR - Error processing line: polkadot	4.57,4.57,4.57,0.0,429490327.0,1 - not enough values to unpack (expected 7, got 6)
[2025-02-28T10:43:35.869+0000] {pipeline.py:110} ERROR - Error processing line: polygon-ecosystem-token	0.259358,0.259358,0.259358,0.0,117587515.0,1 - not enough values to unpack (expected 7, got 6)
[2025-02-28T10:43:35.870+0000] {pipeline.py:110} ERROR - Error processing line: quant-network	89.67,89.67,89.67,0.0,48503391.0,1 - not enough values to unpack (expected 7, got 6)
[2025-02-28T10:43:35.870+0000] {pipeline.py:110} ERROR - Error processing line: render-token	3.51,3.51,3.51,0.0,251685484.0,1 - not enough values to unpack (expected 7, got 6)
[2025-02-28T10:43:35.870+0000] {pipeline.py:110} ERROR - Error processing line: ripple	2.03,2.03,2.03,0.0,6466539040.0,1 - not enough values to unpack (expected 7, got 6)
[2025-02-28T10:43:35.871+0000] {pipeline.py:110} ERROR - Error processing line: rocket-pool-eth	2399.86,2399.86,2399.86,0.0,22918507.0,1 - not enough values to unpack (expected 7, got 6)
[2025-02-28T10:43:35.871+0000] {pipeline.py:110} ERROR - Error processing line: sei-network	0.234222,0.234222,0.234222,0.0,141774503.0,1 - not enough values to unpack (expected 7, got 6)
[2025-02-28T10:43:35.873+0000] {pipeline.py:110} ERROR - Error processing line: shiba-inu	1.324e-05,1.324e-05,1.324e-05,0.0,360054607.0,1 - not enough values to unpack (expected 7, got 6)
[2025-02-28T10:43:35.874+0000] {pipeline.py:110} ERROR - Error processing line: solana	130.7,130.7,130.7,0.0,6366253514.0,1 - not enough values to unpack (expected 7, got 6)
[2025-02-28T10:43:35.875+0000] {pipeline.py:110} ERROR - Error processing line: solv-btc	79719.0,79719.0,79719.0,0.0,4951175.0,1 - not enough values to unpack (expected 7, got 6)
[2025-02-28T10:43:35.876+0000] {pipeline.py:110} ERROR - Error processing line: solv-protocol-solvbtc-bbn	78906.0,78906.0,78906.0,0.0,802589.0,1 - not enough values to unpack (expected 7, got 6)
[2025-02-28T10:43:35.876+0000] {pipeline.py:110} ERROR - Error processing line: sonic-3	0.629939,0.629939,0.629939,0.0,315478150.0,1 - not enough values to unpack (expected 7, got 6)
[2025-02-28T10:43:35.878+0000] {pipeline.py:110} ERROR - Error processing line: staked-ether	2120.72,2120.72,2120.72,0.0,203306656.0,1 - not enough values to unpack (expected 7, got 6)
[2025-02-28T10:43:35.878+0000] {pipeline.py:110} ERROR - Error processing line: stellar	0.261581,0.261581,0.261581,0.0,268789317.0,1 - not enough values to unpack (expected 7, got 6)
[2025-02-28T10:43:35.879+0000] {pipeline.py:110} ERROR - Error processing line: story-2	5.42,5.42,5.42,0.0,339013356.0,1 - not enough values to unpack (expected 7, got 6)
[2025-02-28T10:43:35.880+0000] {pipeline.py:110} ERROR - Error processing line: sui	2.61,2.61,2.61,0.0,1181196247.0,1 - not enough values to unpack (expected 7, got 6)
[2025-02-28T10:43:35.881+0000] {pipeline.py:110} ERROR - Error processing line: susds	1.039,1.039,1.039,0.0,2156671.0,1 - not enough values to unpack (expected 7, got 6)
[2025-02-28T10:43:35.882+0000] {pipeline.py:110} ERROR - Error processing line: tether	0.999254,0.999254,0.999254,0.0,76749830746.0,1 - not enough values to unpack (expected 7, got 6)
[2025-02-28T10:43:35.883+0000] {pipeline.py:110} ERROR - Error processing line: tezos	0.717689,0.717689,0.717689,0.0,35049435.0,1 - not enough values to unpack (expected 7, got 6)
[2025-02-28T10:43:35.883+0000] {pipeline.py:110} ERROR - Error processing line: the-graph	0.112819,0.112819,0.112819,0.0,73809836.0,1 - not enough values to unpack (expected 7, got 6)
[2025-02-28T10:43:35.884+0000] {pipeline.py:110} ERROR - Error processing line: the-open-network	3.21,3.21,3.21,0.0,264907141.0,1 - not enough values to unpack (expected 7, got 6)
[2025-02-28T10:43:35.884+0000] {pipeline.py:110} ERROR - Error processing line: theta-token	1.088,1.088,1.088,0.0,25065275.0,1 - not enough values to unpack (expected 7, got 6)
[2025-02-28T10:43:35.885+0000] {pipeline.py:110} ERROR - Error processing line: tokenize-xchange	29.11,29.11,29.11,0.0,21203090.0,1 - not enough values to unpack (expected 7, got 6)
[2025-02-28T10:43:35.885+0000] {pipeline.py:110} ERROR - Error processing line: tron	0.223704,0.223704,0.223704,0.0,1160749090.0,1 - not enough values to unpack (expected 7, got 6)
[2025-02-28T10:43:35.885+0000] {pipeline.py:110} ERROR - Error processing line: uniswap	7.22,7.22,7.22,0.0,347816370.0,1 - not enough values to unpack (expected 7, got 6)
[2025-02-28T10:43:35.886+0000] {pipeline.py:110} ERROR - Error processing line: usd-coin	0.999841,0.999841,0.999841,0.0,16453545053.0,1 - not enough values to unpack (expected 7, got 6)
[2025-02-28T10:43:35.886+0000] {pipeline.py:110} ERROR - Error processing line: usds	0.999944,0.999944,0.999944,0.0,32034699.0,1 - not enough values to unpack (expected 7, got 6)
[2025-02-28T10:43:35.887+0000] {pipeline.py:110} ERROR - Error processing line: usual-usd	0.997368,0.997368,0.997368,0.0,18900873.0,1 - not enough values to unpack (expected 7, got 6)
[2025-02-28T10:43:35.887+0000] {pipeline.py:110} ERROR - Error processing line: vechain	0.02622695,0.02622695,0.02622695,0.0,64739080.0,1 - not enough values to unpack (expected 7, got 6)
[2025-02-28T10:43:35.888+0000] {pipeline.py:110} ERROR - Error processing line: weth	2118.0,2118.0,2118.0,0.0,1267439231.0,1 - not enough values to unpack (expected 7, got 6)
[2025-02-28T10:43:35.888+0000] {pipeline.py:110} ERROR - Error processing line: whitebit	25.56,25.56,25.56,0.0,95606751.0,1 - not enough values to unpack (expected 7, got 6)
[2025-02-28T10:43:35.889+0000] {pipeline.py:110} ERROR - Error processing line: worldcoin-wld	1.018,1.018,1.018,0.0,340861120.0,1 - not enough values to unpack (expected 7, got 6)
[2025-02-28T10:43:35.890+0000] {pipeline.py:110} ERROR - Error processing line: wrapped-bitcoin	79628.0,79628.0,79628.0,0.0,717666947.0,1 - not enough values to unpack (expected 7, got 6)
[2025-02-28T10:43:35.890+0000] {pipeline.py:110} ERROR - Error processing line: wrapped-eeth	2249.31,2249.31,2249.31,0.0,36813007.0,1 - not enough values to unpack (expected 7, got 6)
[2025-02-28T10:43:35.891+0000] {pipeline.py:110} ERROR - Error processing line: wrapped-steth	2541.36,2541.36,2541.36,0.0,100063525.0,1 - not enough values to unpack (expected 7, got 6)
[2025-02-28T10:43:35.892+0000] {pipeline.py:110} ERROR - Error processing line: xdce-crowd-sale	0.078534,0.078534,0.078534,0.0,39311513.0,1 - not enough values to unpack (expected 7, got 6)
[2025-02-28T10:43:35.893+0000] {python.py:194} INFO - Done. Returned value was: None
[2025-02-28T10:43:35.912+0000] {taskinstance.py:1400} INFO - Marking task as SUCCESS. dag_id=coingecko_ingestion_dag, task_id=load_to_hbase, execution_date=20250228T104304, start_date=20250228T104330, end_date=20250228T104335
[2025-02-28T10:43:35.967+0000] {local_task_job_runner.py:228} INFO - Task exited with return code 0
[2025-02-28T10:43:36.005+0000] {taskinstance.py:2784} INFO - 0 downstream tasks scheduled from follow-on schedule check
