[2025-02-24T17:25:37.920+0000] {taskinstance.py:1159} INFO - Dependencies all met for dep_context=non-requeueable deps ti=<TaskInstance: coingecko_ingestion_dag.fetch_data scheduled__2025-02-13T00:00:00+00:00 [queued]>
[2025-02-24T17:25:38.011+0000] {taskinstance.py:1159} INFO - Dependencies all met for dep_context=requeueable deps ti=<TaskInstance: coingecko_ingestion_dag.fetch_data scheduled__2025-02-13T00:00:00+00:00 [queued]>
[2025-02-24T17:25:38.016+0000] {taskinstance.py:1361} INFO - Starting attempt 1 of 2
[2025-02-24T17:25:38.127+0000] {taskinstance.py:1382} INFO - Executing <Task(PythonOperator): fetch_data> on 2025-02-13 00:00:00+00:00
[2025-02-24T17:25:38.165+0000] {standard_task_runner.py:57} INFO - Started process 887 to run task
[2025-02-24T17:25:38.179+0000] {standard_task_runner.py:84} INFO - Running: ['***', 'tasks', 'run', 'coingecko_ingestion_dag', 'fetch_data', 'scheduled__2025-02-13T00:00:00+00:00', '--job-id', '112', '--raw', '--subdir', 'DAGS_FOLDER/test.py', '--cfg-path', '/tmp/tmpigysddeb']
[2025-02-24T17:25:38.215+0000] {standard_task_runner.py:85} INFO - Job 112: Subtask fetch_data
[2025-02-24T17:25:38.434+0000] {task_command.py:415} INFO - Running <TaskInstance: coingecko_ingestion_dag.fetch_data scheduled__2025-02-13T00:00:00+00:00 [running]> on host 85b967fd3989
[2025-02-24T17:25:38.945+0000] {taskinstance.py:1660} INFO - Exporting env vars: AIRFLOW_CTX_DAG_OWNER='etudiant' AIRFLOW_CTX_DAG_ID='coingecko_ingestion_dag' AIRFLOW_CTX_TASK_ID='fetch_data' AIRFLOW_CTX_EXECUTION_DATE='2025-02-13T00:00:00+00:00' AIRFLOW_CTX_TRY_NUMBER='1' AIRFLOW_CTX_DAG_RUN_ID='scheduled__2025-02-13T00:00:00+00:00'
[2025-02-24T17:25:39.361+0000] {python.py:194} INFO - Done. Returned value was: None
[2025-02-24T17:25:39.384+0000] {taskinstance.py:1400} INFO - Marking task as SUCCESS. dag_id=coingecko_ingestion_dag, task_id=fetch_data, execution_date=20250213T000000, start_date=20250224T172537, end_date=20250224T172539
[2025-02-24T17:25:39.557+0000] {local_task_job_runner.py:228} INFO - Task exited with return code 0
[2025-02-24T17:25:39.863+0000] {taskinstance.py:2784} INFO - 0 downstream tasks scheduled from follow-on schedule check
[2025-02-25T15:59:25.902+0000] {taskinstance.py:1159} INFO - Dependencies all met for dep_context=non-requeueable deps ti=<TaskInstance: coingecko_ingestion_dag.fetch_data scheduled__2025-02-13T00:00:00+00:00 [queued]>
[2025-02-25T15:59:25.920+0000] {taskinstance.py:1159} INFO - Dependencies all met for dep_context=requeueable deps ti=<TaskInstance: coingecko_ingestion_dag.fetch_data scheduled__2025-02-13T00:00:00+00:00 [queued]>
[2025-02-25T15:59:25.920+0000] {taskinstance.py:1361} INFO - Starting attempt 1 of 2
[2025-02-25T15:59:25.951+0000] {taskinstance.py:1382} INFO - Executing <Task(PythonOperator): fetch_data> on 2025-02-13 00:00:00+00:00
[2025-02-25T15:59:25.961+0000] {standard_task_runner.py:57} INFO - Started process 534 to run task
[2025-02-25T15:59:25.967+0000] {standard_task_runner.py:84} INFO - Running: ['***', 'tasks', 'run', 'coingecko_ingestion_dag', 'fetch_data', 'scheduled__2025-02-13T00:00:00+00:00', '--job-id', '116', '--raw', '--subdir', 'DAGS_FOLDER/pipeline.py', '--cfg-path', '/tmp/tmp6fb0yaau']
[2025-02-25T15:59:25.972+0000] {standard_task_runner.py:85} INFO - Job 116: Subtask fetch_data
[2025-02-25T15:59:26.076+0000] {task_command.py:415} INFO - Running <TaskInstance: coingecko_ingestion_dag.fetch_data scheduled__2025-02-13T00:00:00+00:00 [running]> on host af9744bbb9eb
[2025-02-25T15:59:26.244+0000] {taskinstance.py:1660} INFO - Exporting env vars: AIRFLOW_CTX_DAG_OWNER='etudiant' AIRFLOW_CTX_DAG_ID='coingecko_ingestion_dag' AIRFLOW_CTX_TASK_ID='fetch_data' AIRFLOW_CTX_EXECUTION_DATE='2025-02-13T00:00:00+00:00' AIRFLOW_CTX_TRY_NUMBER='1' AIRFLOW_CTX_DAG_RUN_ID='scheduled__2025-02-13T00:00:00+00:00'
[2025-02-25T15:59:26.448+0000] {python.py:194} INFO - Done. Returned value was: None
[2025-02-25T15:59:26.486+0000] {taskinstance.py:1400} INFO - Marking task as SUCCESS. dag_id=coingecko_ingestion_dag, task_id=fetch_data, execution_date=20250213T000000, start_date=20250225T155925, end_date=20250225T155926
[2025-02-25T15:59:26.583+0000] {local_task_job_runner.py:228} INFO - Task exited with return code 0
[2025-02-25T15:59:26.640+0000] {taskinstance.py:2784} INFO - 1 downstream tasks scheduled from follow-on schedule check
