[2025-02-24T17:14:32.610+0000] {taskinstance.py:1159} INFO - Dependencies all met for dep_context=non-requeueable deps ti=<TaskInstance: coingecko_ingestion_dag.fetch_data scheduled__2025-01-09T00:00:00+00:00 [queued]>
[2025-02-24T17:14:32.702+0000] {taskinstance.py:1159} INFO - Dependencies all met for dep_context=requeueable deps ti=<TaskInstance: coingecko_ingestion_dag.fetch_data scheduled__2025-01-09T00:00:00+00:00 [queued]>
[2025-02-24T17:14:32.705+0000] {taskinstance.py:1361} INFO - Starting attempt 1 of 2
[2025-02-24T17:14:33.021+0000] {taskinstance.py:1382} INFO - Executing <Task(PythonOperator): fetch_data> on 2025-01-09 00:00:00+00:00
[2025-02-24T17:14:33.085+0000] {standard_task_runner.py:57} INFO - Started process 469 to run task
[2025-02-24T17:14:33.109+0000] {standard_task_runner.py:84} INFO - Running: ['***', 'tasks', 'run', 'coingecko_ingestion_dag', 'fetch_data', 'scheduled__2025-01-09T00:00:00+00:00', '--job-id', '7', '--raw', '--subdir', 'DAGS_FOLDER/pipeline.py', '--cfg-path', '/tmp/tmpt041g5we']
[2025-02-24T17:14:33.151+0000] {standard_task_runner.py:85} INFO - Job 7: Subtask fetch_data
[2025-02-24T17:14:33.622+0000] {task_command.py:415} INFO - Running <TaskInstance: coingecko_ingestion_dag.fetch_data scheduled__2025-01-09T00:00:00+00:00 [running]> on host 85b967fd3989
[2025-02-24T17:14:35.585+0000] {taskinstance.py:1660} INFO - Exporting env vars: AIRFLOW_CTX_DAG_OWNER='etudiant' AIRFLOW_CTX_DAG_ID='coingecko_ingestion_dag' AIRFLOW_CTX_TASK_ID='fetch_data' AIRFLOW_CTX_EXECUTION_DATE='2025-01-09T00:00:00+00:00' AIRFLOW_CTX_TRY_NUMBER='1' AIRFLOW_CTX_DAG_RUN_ID='scheduled__2025-01-09T00:00:00+00:00'
[2025-02-24T17:14:53.229+0000] {python.py:194} INFO - Done. Returned value was: None
[2025-02-24T17:14:55.764+0000] {taskinstance.py:1400} INFO - Marking task as SUCCESS. dag_id=coingecko_ingestion_dag, task_id=fetch_data, execution_date=20250109T000000, start_date=20250224T171432, end_date=20250224T171455
[2025-02-24T17:15:03.864+0000] {local_task_job_runner.py:228} INFO - Task exited with return code 0
[2025-02-24T17:15:04.108+0000] {taskinstance.py:2784} INFO - 1 downstream tasks scheduled from follow-on schedule check
[2025-02-25T15:47:41.995+0000] {taskinstance.py:1159} INFO - Dependencies all met for dep_context=non-requeueable deps ti=<TaskInstance: coingecko_ingestion_dag.fetch_data scheduled__2025-01-09T00:00:00+00:00 [queued]>
[2025-02-25T15:47:42.113+0000] {taskinstance.py:1159} INFO - Dependencies all met for dep_context=requeueable deps ti=<TaskInstance: coingecko_ingestion_dag.fetch_data scheduled__2025-01-09T00:00:00+00:00 [queued]>
[2025-02-25T15:47:42.123+0000] {taskinstance.py:1361} INFO - Starting attempt 1 of 2
[2025-02-25T15:47:42.578+0000] {taskinstance.py:1382} INFO - Executing <Task(PythonOperator): fetch_data> on 2025-01-09 00:00:00+00:00
[2025-02-25T15:47:42.607+0000] {standard_task_runner.py:57} INFO - Started process 217 to run task
[2025-02-25T15:47:42.623+0000] {standard_task_runner.py:84} INFO - Running: ['***', 'tasks', 'run', 'coingecko_ingestion_dag', 'fetch_data', 'scheduled__2025-01-09T00:00:00+00:00', '--job-id', '11', '--raw', '--subdir', 'DAGS_FOLDER/pipeline.py', '--cfg-path', '/tmp/tmpt2_0q1yz']
[2025-02-25T15:47:42.655+0000] {standard_task_runner.py:85} INFO - Job 11: Subtask fetch_data
[2025-02-25T15:47:42.917+0000] {task_command.py:415} INFO - Running <TaskInstance: coingecko_ingestion_dag.fetch_data scheduled__2025-01-09T00:00:00+00:00 [running]> on host af9744bbb9eb
[2025-02-25T15:47:43.443+0000] {taskinstance.py:1660} INFO - Exporting env vars: AIRFLOW_CTX_DAG_OWNER='etudiant' AIRFLOW_CTX_DAG_ID='coingecko_ingestion_dag' AIRFLOW_CTX_TASK_ID='fetch_data' AIRFLOW_CTX_EXECUTION_DATE='2025-01-09T00:00:00+00:00' AIRFLOW_CTX_TRY_NUMBER='1' AIRFLOW_CTX_DAG_RUN_ID='scheduled__2025-01-09T00:00:00+00:00'
[2025-02-25T15:47:43.816+0000] {python.py:194} INFO - Done. Returned value was: None
[2025-02-25T15:47:43.858+0000] {taskinstance.py:1400} INFO - Marking task as SUCCESS. dag_id=coingecko_ingestion_dag, task_id=fetch_data, execution_date=20250109T000000, start_date=20250225T154742, end_date=20250225T154743
[2025-02-25T15:47:44.449+0000] {local_task_job_runner.py:228} INFO - Task exited with return code 0
[2025-02-25T15:47:44.569+0000] {taskinstance.py:2784} INFO - 1 downstream tasks scheduled from follow-on schedule check
