[2025-02-25T15:29:57.177+0000] {taskinstance.py:1159} INFO - Dependencies all met for dep_context=non-requeueable deps ti=<TaskInstance: coingecko_ingestion_dag.store_raw_data_in_hdfs manual__2025-02-25T15:24:50.323466+00:00 [queued]>
[2025-02-25T15:29:57.199+0000] {taskinstance.py:1159} INFO - Dependencies all met for dep_context=requeueable deps ti=<TaskInstance: coingecko_ingestion_dag.store_raw_data_in_hdfs manual__2025-02-25T15:24:50.323466+00:00 [queued]>
[2025-02-25T15:29:57.200+0000] {taskinstance.py:1361} INFO - Starting attempt 2 of 2
[2025-02-25T15:29:57.242+0000] {taskinstance.py:1382} INFO - Executing <Task(PythonOperator): store_raw_data_in_hdfs> on 2025-02-25 15:24:50.323466+00:00
[2025-02-25T15:29:57.251+0000] {standard_task_runner.py:57} INFO - Started process 617 to run task
[2025-02-25T15:29:57.260+0000] {standard_task_runner.py:84} INFO - Running: ['***', 'tasks', 'run', 'coingecko_ingestion_dag', 'store_raw_data_in_hdfs', 'manual__2025-02-25T15:24:50.323466+00:00', '--job-id', '215', '--raw', '--subdir', 'DAGS_FOLDER/test.py', '--cfg-path', '/tmp/tmpc3o6o1u3']
[2025-02-25T15:29:57.265+0000] {standard_task_runner.py:85} INFO - Job 215: Subtask store_raw_data_in_hdfs
[2025-02-25T15:29:57.367+0000] {task_command.py:415} INFO - Running <TaskInstance: coingecko_ingestion_dag.store_raw_data_in_hdfs manual__2025-02-25T15:24:50.323466+00:00 [running]> on host 85b967fd3989
[2025-02-25T15:29:57.554+0000] {taskinstance.py:1660} INFO - Exporting env vars: AIRFLOW_CTX_DAG_OWNER='etudiant' AIRFLOW_CTX_DAG_ID='coingecko_ingestion_dag' AIRFLOW_CTX_TASK_ID='store_raw_data_in_hdfs' AIRFLOW_CTX_EXECUTION_DATE='2025-02-25T15:24:50.323466+00:00' AIRFLOW_CTX_TRY_NUMBER='2' AIRFLOW_CTX_DAG_RUN_ID='manual__2025-02-25T15:24:50.323466+00:00'
[2025-02-25T15:29:57.584+0000] {taskinstance.py:1943} ERROR - Task failed with exception
Traceback (most recent call last):
  File "/home/airflow/.local/lib/python3.8/site-packages/airflow/operators/python.py", line 192, in execute
    return_value = self.execute_callable()
  File "/home/airflow/.local/lib/python3.8/site-packages/airflow/operators/python.py", line 209, in execute_callable
    return self.python_callable(*self.op_args, **self.op_kwargs)
  File "/opt/airflow/dags/test.py", line 38, in store_raw_data_in_hdfs
    with open(local_file, 'w') as f:
PermissionError: [Errno 13] Permission denied: '/mnt/hadoop_data/coingecko_raw.json'
[2025-02-25T15:29:57.606+0000] {taskinstance.py:1400} INFO - Marking task as FAILED. dag_id=coingecko_ingestion_dag, task_id=store_raw_data_in_hdfs, execution_date=20250225T152450, start_date=20250225T152957, end_date=20250225T152957
[2025-02-25T15:29:57.655+0000] {standard_task_runner.py:104} ERROR - Failed to execute job 215 for task store_raw_data_in_hdfs ([Errno 13] Permission denied: '/mnt/hadoop_data/coingecko_raw.json'; 617)
[2025-02-25T15:29:57.689+0000] {local_task_job_runner.py:228} INFO - Task exited with return code 1
[2025-02-25T15:29:57.735+0000] {taskinstance.py:2784} INFO - 0 downstream tasks scheduled from follow-on schedule check
