[2025-02-24T17:20:25.311+0000] {taskinstance.py:1159} INFO - Dependencies all met for dep_context=non-requeueable deps ti=<TaskInstance: coingecko_ingestion_dag.fetch_data scheduled__2025-01-20T00:00:00+00:00 [queued]>
[2025-02-24T17:20:25.328+0000] {taskinstance.py:1159} INFO - Dependencies all met for dep_context=requeueable deps ti=<TaskInstance: coingecko_ingestion_dag.fetch_data scheduled__2025-01-20T00:00:00+00:00 [queued]>
[2025-02-24T17:20:25.331+0000] {taskinstance.py:1361} INFO - Starting attempt 1 of 2
[2025-02-24T17:20:25.462+0000] {taskinstance.py:1382} INFO - Executing <Task(PythonOperator): fetch_data> on 2025-01-20 00:00:00+00:00
[2025-02-24T17:20:25.474+0000] {standard_task_runner.py:57} INFO - Started process 664 to run task
[2025-02-24T17:20:25.478+0000] {standard_task_runner.py:84} INFO - Running: ['***', 'tasks', 'run', 'coingecko_ingestion_dag', 'fetch_data', 'scheduled__2025-01-20T00:00:00+00:00', '--job-id', '53', '--raw', '--subdir', 'DAGS_FOLDER/test.py', '--cfg-path', '/tmp/tmpusiy6csg']
[2025-02-24T17:20:25.482+0000] {standard_task_runner.py:85} INFO - Job 53: Subtask fetch_data
[2025-02-24T17:20:25.603+0000] {task_command.py:415} INFO - Running <TaskInstance: coingecko_ingestion_dag.fetch_data scheduled__2025-01-20T00:00:00+00:00 [running]> on host 85b967fd3989
[2025-02-24T17:20:25.722+0000] {taskinstance.py:1660} INFO - Exporting env vars: AIRFLOW_CTX_DAG_OWNER='etudiant' AIRFLOW_CTX_DAG_ID='coingecko_ingestion_dag' AIRFLOW_CTX_TASK_ID='fetch_data' AIRFLOW_CTX_EXECUTION_DATE='2025-01-20T00:00:00+00:00' AIRFLOW_CTX_TRY_NUMBER='1' AIRFLOW_CTX_DAG_RUN_ID='scheduled__2025-01-20T00:00:00+00:00'
[2025-02-24T17:20:25.936+0000] {python.py:194} INFO - Done. Returned value was: None
[2025-02-24T17:20:25.977+0000] {taskinstance.py:1400} INFO - Marking task as SUCCESS. dag_id=coingecko_ingestion_dag, task_id=fetch_data, execution_date=20250120T000000, start_date=20250224T172025, end_date=20250224T172025
[2025-02-24T17:20:26.043+0000] {local_task_job_runner.py:228} INFO - Task exited with return code 0
[2025-02-24T17:20:26.195+0000] {taskinstance.py:2784} INFO - 0 downstream tasks scheduled from follow-on schedule check
[2025-02-25T15:53:01.404+0000] {taskinstance.py:1159} INFO - Dependencies all met for dep_context=non-requeueable deps ti=<TaskInstance: coingecko_ingestion_dag.fetch_data scheduled__2025-01-20T00:00:00+00:00 [queued]>
[2025-02-25T15:53:01.435+0000] {taskinstance.py:1159} INFO - Dependencies all met for dep_context=requeueable deps ti=<TaskInstance: coingecko_ingestion_dag.fetch_data scheduled__2025-01-20T00:00:00+00:00 [queued]>
[2025-02-25T15:53:01.438+0000] {taskinstance.py:1361} INFO - Starting attempt 1 of 2
[2025-02-25T15:53:01.536+0000] {taskinstance.py:1382} INFO - Executing <Task(PythonOperator): fetch_data> on 2025-01-20 00:00:00+00:00
[2025-02-25T15:53:01.570+0000] {standard_task_runner.py:57} INFO - Started process 349 to run task
[2025-02-25T15:53:01.616+0000] {standard_task_runner.py:84} INFO - Running: ['***', 'tasks', 'run', 'coingecko_ingestion_dag', 'fetch_data', 'scheduled__2025-01-20T00:00:00+00:00', '--job-id', '54', '--raw', '--subdir', 'DAGS_FOLDER/pipeline.py', '--cfg-path', '/tmp/tmperu4pvae']
[2025-02-25T15:53:01.625+0000] {standard_task_runner.py:85} INFO - Job 54: Subtask fetch_data
[2025-02-25T15:53:01.902+0000] {task_command.py:415} INFO - Running <TaskInstance: coingecko_ingestion_dag.fetch_data scheduled__2025-01-20T00:00:00+00:00 [running]> on host af9744bbb9eb
[2025-02-25T15:53:02.307+0000] {taskinstance.py:1660} INFO - Exporting env vars: AIRFLOW_CTX_DAG_OWNER='etudiant' AIRFLOW_CTX_DAG_ID='coingecko_ingestion_dag' AIRFLOW_CTX_TASK_ID='fetch_data' AIRFLOW_CTX_EXECUTION_DATE='2025-01-20T00:00:00+00:00' AIRFLOW_CTX_TRY_NUMBER='1' AIRFLOW_CTX_DAG_RUN_ID='scheduled__2025-01-20T00:00:00+00:00'
[2025-02-25T15:53:02.716+0000] {python.py:194} INFO - Done. Returned value was: None
[2025-02-25T15:53:02.819+0000] {taskinstance.py:1400} INFO - Marking task as SUCCESS. dag_id=coingecko_ingestion_dag, task_id=fetch_data, execution_date=20250120T000000, start_date=20250225T155301, end_date=20250225T155302
[2025-02-25T15:53:02.980+0000] {local_task_job_runner.py:228} INFO - Task exited with return code 0
[2025-02-25T15:53:03.428+0000] {taskinstance.py:2784} INFO - 0 downstream tasks scheduled from follow-on schedule check
