[2025-02-24T17:20:26.035+0000] {taskinstance.py:1159} INFO - Dependencies all met for dep_context=non-requeueable deps ti=<TaskInstance: coingecko_ingestion_dag.fetch_data scheduled__2025-01-24T00:00:00+00:00 [queued]>
[2025-02-24T17:20:26.048+0000] {taskinstance.py:1159} INFO - Dependencies all met for dep_context=requeueable deps ti=<TaskInstance: coingecko_ingestion_dag.fetch_data scheduled__2025-01-24T00:00:00+00:00 [queued]>
[2025-02-24T17:20:26.050+0000] {taskinstance.py:1361} INFO - Starting attempt 1 of 2
[2025-02-24T17:20:26.166+0000] {taskinstance.py:1382} INFO - Executing <Task(PythonOperator): fetch_data> on 2025-01-24 00:00:00+00:00
[2025-02-24T17:20:26.179+0000] {standard_task_runner.py:57} INFO - Started process 671 to run task
[2025-02-24T17:20:26.192+0000] {standard_task_runner.py:84} INFO - Running: ['***', 'tasks', 'run', 'coingecko_ingestion_dag', 'fetch_data', 'scheduled__2025-01-24T00:00:00+00:00', '--job-id', '57', '--raw', '--subdir', 'DAGS_FOLDER/test.py', '--cfg-path', '/tmp/tmpgu94a1d0']
[2025-02-24T17:20:26.200+0000] {standard_task_runner.py:85} INFO - Job 57: Subtask fetch_data
[2025-02-24T17:20:26.319+0000] {task_command.py:415} INFO - Running <TaskInstance: coingecko_ingestion_dag.fetch_data scheduled__2025-01-24T00:00:00+00:00 [running]> on host 85b967fd3989
[2025-02-24T17:20:26.581+0000] {taskinstance.py:1660} INFO - Exporting env vars: AIRFLOW_CTX_DAG_OWNER='etudiant' AIRFLOW_CTX_DAG_ID='coingecko_ingestion_dag' AIRFLOW_CTX_TASK_ID='fetch_data' AIRFLOW_CTX_EXECUTION_DATE='2025-01-24T00:00:00+00:00' AIRFLOW_CTX_TRY_NUMBER='1' AIRFLOW_CTX_DAG_RUN_ID='scheduled__2025-01-24T00:00:00+00:00'
[2025-02-24T17:20:26.856+0000] {python.py:194} INFO - Done. Returned value was: None
[2025-02-24T17:20:26.897+0000] {taskinstance.py:1400} INFO - Marking task as SUCCESS. dag_id=coingecko_ingestion_dag, task_id=fetch_data, execution_date=20250124T000000, start_date=20250224T172026, end_date=20250224T172026
[2025-02-24T17:20:26.999+0000] {local_task_job_runner.py:228} INFO - Task exited with return code 0
[2025-02-24T17:20:27.072+0000] {taskinstance.py:2784} INFO - 1 downstream tasks scheduled from follow-on schedule check
[2025-02-25T15:53:04.107+0000] {taskinstance.py:1159} INFO - Dependencies all met for dep_context=non-requeueable deps ti=<TaskInstance: coingecko_ingestion_dag.fetch_data scheduled__2025-01-24T00:00:00+00:00 [queued]>
[2025-02-25T15:53:04.168+0000] {taskinstance.py:1159} INFO - Dependencies all met for dep_context=requeueable deps ti=<TaskInstance: coingecko_ingestion_dag.fetch_data scheduled__2025-01-24T00:00:00+00:00 [queued]>
[2025-02-25T15:53:04.176+0000] {taskinstance.py:1361} INFO - Starting attempt 1 of 2
[2025-02-25T15:53:04.818+0000] {taskinstance.py:1382} INFO - Executing <Task(PythonOperator): fetch_data> on 2025-01-24 00:00:00+00:00
[2025-02-25T15:53:04.843+0000] {standard_task_runner.py:57} INFO - Started process 362 to run task
[2025-02-25T15:53:04.862+0000] {standard_task_runner.py:84} INFO - Running: ['***', 'tasks', 'run', 'coingecko_ingestion_dag', 'fetch_data', 'scheduled__2025-01-24T00:00:00+00:00', '--job-id', '58', '--raw', '--subdir', 'DAGS_FOLDER/pipeline.py', '--cfg-path', '/tmp/tmp7hsz5cw4']
[2025-02-25T15:53:04.888+0000] {standard_task_runner.py:85} INFO - Job 58: Subtask fetch_data
[2025-02-25T15:53:05.250+0000] {task_command.py:415} INFO - Running <TaskInstance: coingecko_ingestion_dag.fetch_data scheduled__2025-01-24T00:00:00+00:00 [running]> on host af9744bbb9eb
[2025-02-25T15:53:05.799+0000] {taskinstance.py:1660} INFO - Exporting env vars: AIRFLOW_CTX_DAG_OWNER='etudiant' AIRFLOW_CTX_DAG_ID='coingecko_ingestion_dag' AIRFLOW_CTX_TASK_ID='fetch_data' AIRFLOW_CTX_EXECUTION_DATE='2025-01-24T00:00:00+00:00' AIRFLOW_CTX_TRY_NUMBER='1' AIRFLOW_CTX_DAG_RUN_ID='scheduled__2025-01-24T00:00:00+00:00'
[2025-02-25T15:53:06.465+0000] {python.py:194} INFO - Done. Returned value was: None
[2025-02-25T15:53:06.515+0000] {taskinstance.py:1400} INFO - Marking task as SUCCESS. dag_id=coingecko_ingestion_dag, task_id=fetch_data, execution_date=20250124T000000, start_date=20250225T155304, end_date=20250225T155306
[2025-02-25T15:53:06.666+0000] {local_task_job_runner.py:228} INFO - Task exited with return code 0
[2025-02-25T15:53:06.824+0000] {taskinstance.py:2784} INFO - 1 downstream tasks scheduled from follow-on schedule check
