[2025-02-28T15:15:00.826+0000] {taskinstance.py:1159} INFO - Dependencies all met for dep_context=non-requeueable deps ti=<TaskInstance: coingecko_ingestion_dag.load_to_hbase scheduled__2025-02-27T14:20:00+00:00 [queued]>
[2025-02-28T15:15:00.835+0000] {taskinstance.py:1159} INFO - Dependencies all met for dep_context=requeueable deps ti=<TaskInstance: coingecko_ingestion_dag.load_to_hbase scheduled__2025-02-27T14:20:00+00:00 [queued]>
[2025-02-28T15:15:00.836+0000] {taskinstance.py:1361} INFO - Starting attempt 1 of 4
[2025-02-28T15:15:00.847+0000] {taskinstance.py:1382} INFO - Executing <Task(PythonOperator): load_to_hbase> on 2025-02-27 14:20:00+00:00
[2025-02-28T15:15:00.851+0000] {standard_task_runner.py:57} INFO - Started process 905 to run task
[2025-02-28T15:15:00.855+0000] {standard_task_runner.py:84} INFO - Running: ['***', 'tasks', 'run', 'coingecko_ingestion_dag', 'load_to_hbase', 'scheduled__2025-02-27T14:20:00+00:00', '--job-id', '633', '--raw', '--subdir', 'DAGS_FOLDER/pipeline.py', '--cfg-path', '/tmp/tmptz24nl4n']
[2025-02-28T15:15:00.857+0000] {standard_task_runner.py:85} INFO - Job 633: Subtask load_to_hbase
[2025-02-28T15:15:00.899+0000] {task_command.py:415} INFO - Running <TaskInstance: coingecko_ingestion_dag.load_to_hbase scheduled__2025-02-27T14:20:00+00:00 [running]> on host b86b19d2f863
[2025-02-28T15:15:00.964+0000] {taskinstance.py:1660} INFO - Exporting env vars: AIRFLOW_CTX_DAG_OWNER='etudiant' AIRFLOW_CTX_DAG_ID='coingecko_ingestion_dag' AIRFLOW_CTX_TASK_ID='load_to_hbase' AIRFLOW_CTX_EXECUTION_DATE='2025-02-27T14:20:00+00:00' AIRFLOW_CTX_TRY_NUMBER='1' AIRFLOW_CTX_DAG_RUN_ID='scheduled__2025-02-27T14:20:00+00:00'
[2025-02-28T15:15:00.966+0000] {pipeline.py:61} INFO - Deleted existing local file: /home/***/tmp/crypto_agg.csv
[2025-02-28T15:15:02.473+0000] {pipeline.py:71} INFO - Downloaded to namenode: 
[2025-02-28T15:15:02.515+0000] {pipeline.py:79} INFO - Copied to /home/***/tmp/crypto_agg.csv
[2025-02-28T15:15:02.527+0000] {pipeline.py:105} ERROR - Error processing line: aave	189.24,189.24,189.24,0.0,405777211.0,1 - not enough values to unpack (expected 7, got 6)
[2025-02-28T15:15:02.527+0000] {pipeline.py:105} ERROR - Error processing line: algorand	0.235575,0.235575,0.235575,0.0,151148368.0,1 - not enough values to unpack (expected 7, got 6)
[2025-02-28T15:15:02.528+0000] {pipeline.py:105} ERROR - Error processing line: aptos	6.16,6.16,6.16,0.0,383955388.0,1 - not enough values to unpack (expected 7, got 6)
[2025-02-28T15:15:02.528+0000] {pipeline.py:105} ERROR - Error processing line: arbitrum	0.412763,0.412763,0.412763,0.0,332597720.0,1 - not enough values to unpack (expected 7, got 6)
[2025-02-28T15:15:02.528+0000] {pipeline.py:105} ERROR - Error processing line: avalanche-2	21.65,21.65,21.65,0.0,798262812.0,1 - not enough values to unpack (expected 7, got 6)
[2025-02-28T15:15:02.528+0000] {pipeline.py:105} ERROR - Error processing line: berachain-bera	7.96,7.96,7.96,0.0,490972147.0,1 - not enough values to unpack (expected 7, got 6)
[2025-02-28T15:15:02.529+0000] {pipeline.py:105} ERROR - Error processing line: binance-peg-weth	2189.53,2189.53,2189.53,0.0,72354986.0,1 - not enough values to unpack (expected 7, got 6)
[2025-02-28T15:15:02.529+0000] {pipeline.py:105} ERROR - Error processing line: binance-staked-sol	151.97,151.97,151.97,0.0,9645568.0,1 - not enough values to unpack (expected 7, got 6)
[2025-02-28T15:15:02.529+0000] {pipeline.py:105} ERROR - Error processing line: binancecoin	587.85,587.85,587.85,0.0,1615754528.0,1 - not enough values to unpack (expected 7, got 6)
[2025-02-28T15:15:02.529+0000] {pipeline.py:105} ERROR - Error processing line: bitcoin	83109.0,83109.0,83109.0,0.0,84749380967.0,1 - not enough values to unpack (expected 7, got 6)
[2025-02-28T15:15:02.529+0000] {pipeline.py:105} ERROR - Error processing line: bitcoin-cash	298.04,298.04,298.04,0.0,438455466.0,1 - not enough values to unpack (expected 7, got 6)
[2025-02-28T15:15:02.529+0000] {pipeline.py:105} ERROR - Error processing line: bitget-token	3.97,3.97,3.97,0.0,346598202.0,1 - not enough values to unpack (expected 7, got 6)
[2025-02-28T15:15:02.530+0000] {pipeline.py:105} ERROR - Error processing line: bittensor	328.24,328.24,328.24,0.0,247462174.0,1 - not enough values to unpack (expected 7, got 6)
[2025-02-28T15:15:02.530+0000] {pipeline.py:105} ERROR - Error processing line: blockstack	0.815939,0.815939,0.815939,0.0,74886695.0,1 - not enough values to unpack (expected 7, got 6)
[2025-02-28T15:15:02.530+0000] {pipeline.py:105} ERROR - Error processing line: bonk	1.321e-05,1.321e-05,1.321e-05,0.0,152020800.0,1 - not enough values to unpack (expected 7, got 6)
[2025-02-28T15:15:02.530+0000] {pipeline.py:105} ERROR - Error processing line: cardano	0.626857,0.626857,0.626857,0.0,1126618869.0,1 - not enough values to unpack (expected 7, got 6)
[2025-02-28T15:15:02.530+0000] {pipeline.py:105} ERROR - Error processing line: celestia	3.61,3.61,3.61,0.0,158256114.0,1 - not enough values to unpack (expected 7, got 6)
[2025-02-28T15:15:02.530+0000] {pipeline.py:105} ERROR - Error processing line: chainlink	14.51,14.51,14.51,0.0,807684079.0,1 - not enough values to unpack (expected 7, got 6)
[2025-02-28T15:15:02.530+0000] {pipeline.py:105} ERROR - Error processing line: coinbase-wrapped-btc	82902.0,82902.0,82902.0,0.0,478026050.0,1 - not enough values to unpack (expected 7, got 6)
[2025-02-28T15:15:02.531+0000] {pipeline.py:105} ERROR - Error processing line: cosmos	4.5,4.5,4.5,0.0,173131963.0,1 - not enough values to unpack (expected 7, got 6)
[2025-02-28T15:15:02.531+0000] {pipeline.py:105} ERROR - Error processing line: crypto-com-chain	0.073351,0.073351,0.073351,0.0,35677951.0,1 - not enough values to unpack (expected 7, got 6)
[2025-02-28T15:15:02.531+0000] {pipeline.py:105} ERROR - Error processing line: dai	1.0,1.0,1.0,0.0,230099318.0,1 - not enough values to unpack (expected 7, got 6)
[2025-02-28T15:15:02.531+0000] {pipeline.py:105} ERROR - Error processing line: dexe	18.24,18.24,18.24,0.0,18580205.0,1 - not enough values to unpack (expected 7, got 6)
[2025-02-28T15:15:02.531+0000] {pipeline.py:105} ERROR - Error processing line: dogecoin	0.194962,0.194962,0.194962,0.0,2605619388.0,1 - not enough values to unpack (expected 7, got 6)
[2025-02-28T15:15:02.532+0000] {pipeline.py:105} ERROR - Error processing line: eos	0.553546,0.553546,0.553546,0.0,134728839.0,1 - not enough values to unpack (expected 7, got 6)
[2025-02-28T15:15:02.532+0000] {pipeline.py:105} ERROR - Error processing line: ethena	0.413135,0.413135,0.413135,0.0,271848179.0,1 - not enough values to unpack (expected 7, got 6)
[2025-02-28T15:15:02.532+0000] {pipeline.py:105} ERROR - Error processing line: ethena-usde	0.998614,0.998614,0.998614,0.0,96734021.0,1 - not enough values to unpack (expected 7, got 6)
[2025-02-28T15:15:02.532+0000] {pipeline.py:105} ERROR - Error processing line: ethereum	2193.2,2193.2,2193.2,0.0,39630224653.0,1 - not enough values to unpack (expected 7, got 6)
[2025-02-28T15:15:02.532+0000] {pipeline.py:105} ERROR - Error processing line: ethereum-classic	18.96,18.96,18.96,0.0,212298501.0,1 - not enough values to unpack (expected 7, got 6)
[2025-02-28T15:15:02.533+0000] {pipeline.py:105} ERROR - Error processing line: fasttoken	4.0,4.0,4.0,0.0,48267699.0,1 - not enough values to unpack (expected 7, got 6)
[2025-02-28T15:15:02.533+0000] {pipeline.py:105} ERROR - Error processing line: fetch-ai	0.642819,0.642819,0.642819,0.0,175002530.0,1 - not enough values to unpack (expected 7, got 6)
[2025-02-28T15:15:02.533+0000] {pipeline.py:105} ERROR - Error processing line: filecoin	3.22,3.22,3.22,0.0,243389532.0,1 - not enough values to unpack (expected 7, got 6)
[2025-02-28T15:15:02.534+0000] {pipeline.py:105} ERROR - Error processing line: first-digital-usd	0.997828,0.997828,0.997828,0.0,10546110779.0,1 - not enough values to unpack (expected 7, got 6)
[2025-02-28T15:15:02.534+0000] {pipeline.py:105} ERROR - Error processing line: flare-networks	0.01692102,0.01692102,0.01692102,0.0,13447407.0,1 - not enough values to unpack (expected 7, got 6)
[2025-02-28T15:15:02.534+0000] {pipeline.py:105} ERROR - Error processing line: floki	7.95e-05,7.95e-05,7.95e-05,0.0,157127257.0,1 - not enough values to unpack (expected 7, got 6)
[2025-02-28T15:15:02.534+0000] {pipeline.py:105} ERROR - Error processing line: gala	0.01937468,0.01937468,0.01937468,0.0,129994236.0,1 - not enough values to unpack (expected 7, got 6)
[2025-02-28T15:15:02.535+0000] {pipeline.py:105} ERROR - Error processing line: gatechain-token	20.36,20.36,20.36,0.0,26943467.0,1 - not enough values to unpack (expected 7, got 6)
[2025-02-28T15:15:02.535+0000] {pipeline.py:105} ERROR - Error processing line: hedera-hashgraph	0.203404,0.203404,0.203404,0.0,489411136.0,1 - not enough values to unpack (expected 7, got 6)
[2025-02-28T15:15:02.535+0000] {pipeline.py:105} ERROR - Error processing line: hyperliquid	20.04,20.04,20.04,0.0,273211016.0,1 - not enough values to unpack (expected 7, got 6)
[2025-02-28T15:15:02.535+0000] {pipeline.py:105} ERROR - Error processing line: immutable-x	0.714081,0.714081,0.714081,0.0,54138106.0,1 - not enough values to unpack (expected 7, got 6)
[2025-02-28T15:15:02.535+0000] {pipeline.py:105} ERROR - Error processing line: injective-protocol	13.01,13.01,13.01,0.0,153536019.0,1 - not enough values to unpack (expected 7, got 6)
[2025-02-28T15:15:02.536+0000] {pipeline.py:105} ERROR - Error processing line: internet-computer	6.46,6.46,6.46,0.0,127237128.0,1 - not enough values to unpack (expected 7, got 6)
[2025-02-28T15:15:02.536+0000] {pipeline.py:105} ERROR - Error processing line: jasmycoin	0.01817023,0.01817023,0.01817023,0.0,65560867.0,1 - not enough values to unpack (expected 7, got 6)
[2025-02-28T15:15:02.536+0000] {pipeline.py:105} ERROR - Error processing line: jupiter-exchange-solana	0.738962,0.738962,0.738962,0.0,229133979.0,1 - not enough values to unpack (expected 7, got 6)
[2025-02-28T15:15:02.536+0000] {pipeline.py:105} ERROR - Error processing line: kaspa	0.081269,0.081269,0.081269,0.0,108434891.0,1 - not enough values to unpack (expected 7, got 6)
[2025-02-28T15:15:02.537+0000] {pipeline.py:105} ERROR - Error processing line: kelp-dao-restaked-eth	2269.64,2269.64,2269.64,0.0,3432108.0,1 - not enough values to unpack (expected 7, got 6)
[2025-02-28T15:15:02.537+0000] {pipeline.py:105} ERROR - Error processing line: kucoin-shares	11.46,11.46,11.46,0.0,231691.0,1 - not enough values to unpack (expected 7, got 6)
[2025-02-28T15:15:02.537+0000] {pipeline.py:105} ERROR - Error processing line: leo-token	9.35,9.35,9.35,0.0,6218704.0,1 - not enough values to unpack (expected 7, got 6)
[2025-02-28T15:15:02.537+0000] {pipeline.py:105} ERROR - Error processing line: lido-dao	1.26,1.26,1.26,0.0,170787066.0,1 - not enough values to unpack (expected 7, got 6)
[2025-02-28T15:15:02.538+0000] {pipeline.py:105} ERROR - Error processing line: litecoin	125.83,125.83,125.83,0.0,2116459651.0,1 - not enough values to unpack (expected 7, got 6)
[2025-02-28T15:15:02.538+0000] {pipeline.py:105} ERROR - Error processing line: lombard-staked-btc	82929.0,82929.0,82929.0,0.0,2921437.0,1 - not enough values to unpack (expected 7, got 6)
[2025-02-28T15:15:02.538+0000] {pipeline.py:105} ERROR - Error processing line: maker	1564.97,1564.97,1564.97,0.0,435677405.0,1 - not enough values to unpack (expected 7, got 6)
[2025-02-28T15:15:02.538+0000] {pipeline.py:105} ERROR - Error processing line: mantle	0.725775,0.725775,0.725775,0.0,94980501.0,1 - not enough values to unpack (expected 7, got 6)
[2025-02-28T15:15:02.538+0000] {pipeline.py:105} ERROR - Error processing line: mantle-staked-ether	2319.85,2319.85,2319.85,0.0,10650034.0,1 - not enough values to unpack (expected 7, got 6)
[2025-02-28T15:15:02.539+0000] {pipeline.py:105} ERROR - Error processing line: mantra-dao	7.56,7.56,7.56,0.0,229342689.0,1 - not enough values to unpack (expected 7, got 6)
[2025-02-28T15:15:02.539+0000] {pipeline.py:105} ERROR - Error processing line: monero	215.03,215.03,215.03,0.0,72713069.0,1 - not enough values to unpack (expected 7, got 6)
[2025-02-28T15:15:02.539+0000] {pipeline.py:105} ERROR - Error processing line: movement	0.440524,0.440524,0.440524,0.0,95161759.0,1 - not enough values to unpack (expected 7, got 6)
[2025-02-28T15:15:02.539+0000] {pipeline.py:105} ERROR - Error processing line: near	3.01,3.01,3.01,0.0,305582029.0,1 - not enough values to unpack (expected 7, got 6)
[2025-02-28T15:15:02.540+0000] {pipeline.py:105} ERROR - Error processing line: nexo	1.16,1.16,1.16,0.0,28603917.0,1 - not enough values to unpack (expected 7, got 6)
[2025-02-28T15:15:02.540+0000] {pipeline.py:105} ERROR - Error processing line: official-trump	12.29,12.29,12.29,0.0,1427083183.0,1 - not enough values to unpack (expected 7, got 6)
[2025-02-28T15:15:02.540+0000] {pipeline.py:105} ERROR - Error processing line: okb	43.93,43.93,43.93,0.0,15476703.0,1 - not enough values to unpack (expected 7, got 6)
[2025-02-28T15:15:02.541+0000] {pipeline.py:105} ERROR - Error processing line: ondo-finance	0.976634,0.976634,0.976634,0.0,271005237.0,1 - not enough values to unpack (expected 7, got 6)
[2025-02-28T15:15:02.541+0000] {pipeline.py:105} ERROR - Error processing line: optimism	1.077,1.077,1.077,0.0,289857347.0,1 - not enough values to unpack (expected 7, got 6)
[2025-02-28T15:15:02.541+0000] {pipeline.py:105} ERROR - Error processing line: pepe	7.82e-06,7.82e-06,7.82e-06,0.0,991906468.0,1 - not enough values to unpack (expected 7, got 6)
[2025-02-28T15:15:02.541+0000] {pipeline.py:105} ERROR - Error processing line: polkadot	4.72,4.72,4.72,0.0,450666993.0,1 - not enough values to unpack (expected 7, got 6)
[2025-02-28T15:15:02.541+0000] {pipeline.py:105} ERROR - Error processing line: polygon-ecosystem-token	0.268307,0.268307,0.268307,0.0,129593702.0,1 - not enough values to unpack (expected 7, got 6)
[2025-02-28T15:15:02.542+0000] {pipeline.py:105} ERROR - Error processing line: quant-network	93.53,93.53,93.53,0.0,51189209.0,1 - not enough values to unpack (expected 7, got 6)
[2025-02-28T15:15:02.542+0000] {pipeline.py:105} ERROR - Error processing line: render-token	3.74,3.74,3.74,0.0,280506660.0,1 - not enough values to unpack (expected 7, got 6)
[2025-02-28T15:15:02.542+0000] {pipeline.py:105} ERROR - Error processing line: ripple	2.13,2.13,2.13,0.0,8600629789.0,1 - not enough values to unpack (expected 7, got 6)
[2025-02-28T15:15:02.542+0000] {pipeline.py:105} ERROR - Error processing line: rocket-pool-eth	2466.8,2466.8,2466.8,0.0,28918221.0,1 - not enough values to unpack (expected 7, got 6)
[2025-02-28T15:15:02.542+0000] {pipeline.py:105} ERROR - Error processing line: sei-network	0.246128,0.246128,0.246128,0.0,174967919.0,1 - not enough values to unpack (expected 7, got 6)
[2025-02-28T15:15:02.543+0000] {pipeline.py:105} ERROR - Error processing line: shiba-inu	1.373e-05,1.373e-05,1.373e-05,0.0,396048070.0,1 - not enough values to unpack (expected 7, got 6)
[2025-02-28T15:15:02.543+0000] {pipeline.py:105} ERROR - Error processing line: solana	145.39,145.39,145.39,0.0,8060227096.0,1 - not enough values to unpack (expected 7, got 6)
[2025-02-28T15:15:02.543+0000] {pipeline.py:105} ERROR - Error processing line: solv-btc	82416.0,82416.0,82416.0,0.0,5573620.0,1 - not enough values to unpack (expected 7, got 6)
[2025-02-28T15:15:02.543+0000] {pipeline.py:105} ERROR - Error processing line: solv-protocol-solvbtc-bbn	81481.0,81481.0,81481.0,0.0,2385147.0,1 - not enough values to unpack (expected 7, got 6)
[2025-02-28T15:15:02.543+0000] {pipeline.py:105} ERROR - Error processing line: sonic-3	0.669895,0.669895,0.669895,0.0,319988698.0,1 - not enough values to unpack (expected 7, got 6)
[2025-02-28T15:15:02.544+0000] {pipeline.py:105} ERROR - Error processing line: staked-ether	2190.17,2190.17,2190.17,0.0,244022537.0,1 - not enough values to unpack (expected 7, got 6)
[2025-02-28T15:15:02.544+0000] {pipeline.py:105} ERROR - Error processing line: stellar	0.277253,0.277253,0.277253,0.0,288464333.0,1 - not enough values to unpack (expected 7, got 6)
[2025-02-28T15:15:02.544+0000] {pipeline.py:105} ERROR - Error processing line: story-2	5.68,5.68,5.68,0.0,317938086.0,1 - not enough values to unpack (expected 7, got 6)
[2025-02-28T15:15:02.544+0000] {pipeline.py:105} ERROR - Error processing line: sui	2.78,2.78,2.78,0.0,1351416131.0,1 - not enough values to unpack (expected 7, got 6)
[2025-02-28T15:15:02.544+0000] {pipeline.py:105} ERROR - Error processing line: susds	1.042,1.042,1.042,0.0,2194211.0,1 - not enough values to unpack (expected 7, got 6)
[2025-02-28T15:15:02.545+0000] {pipeline.py:105} ERROR - Error processing line: tether	0.999435,0.999435,0.999435,0.0,104126939530.0,1 - not enough values to unpack (expected 7, got 6)
[2025-02-28T15:15:02.545+0000] {pipeline.py:105} ERROR - Error processing line: tezos	0.75003,0.75003,0.75003,0.0,40893283.0,1 - not enough values to unpack (expected 7, got 6)
[2025-02-28T15:15:02.545+0000] {pipeline.py:105} ERROR - Error processing line: the-graph	0.118797,0.118797,0.118797,0.0,88312533.0,1 - not enough values to unpack (expected 7, got 6)
[2025-02-28T15:15:02.545+0000] {pipeline.py:105} ERROR - Error processing line: the-open-network	3.34,3.34,3.34,0.0,288369606.0,1 - not enough values to unpack (expected 7, got 6)
[2025-02-28T15:15:02.545+0000] {pipeline.py:105} ERROR - Error processing line: theta-token	1.15,1.15,1.15,0.0,29341465.0,1 - not enough values to unpack (expected 7, got 6)
[2025-02-28T15:15:02.546+0000] {pipeline.py:105} ERROR - Error processing line: tokenize-xchange	28.61,28.61,28.61,0.0,21153148.0,1 - not enough values to unpack (expected 7, got 6)
[2025-02-28T15:15:02.546+0000] {pipeline.py:105} ERROR - Error processing line: tron	0.229257,0.229257,0.229257,0.0,1327490578.0,1 - not enough values to unpack (expected 7, got 6)
[2025-02-28T15:15:02.546+0000] {pipeline.py:105} ERROR - Error processing line: uniswap	7.43,7.43,7.43,0.0,382807757.0,1 - not enough values to unpack (expected 7, got 6)
[2025-02-28T15:15:02.546+0000] {pipeline.py:105} ERROR - Error processing line: usd-coin	0.999814,0.999814,0.999814,0.0,10163338316.0,1 - not enough values to unpack (expected 7, got 6)
[2025-02-28T15:15:02.546+0000] {pipeline.py:105} ERROR - Error processing line: usds	0.999922,0.999922,0.999922,0.0,34725815.0,1 - not enough values to unpack (expected 7, got 6)
[2025-02-28T15:15:02.546+0000] {pipeline.py:105} ERROR - Error processing line: usual-usd	0.997528,0.997528,0.997528,0.0,24114752.0,1 - not enough values to unpack (expected 7, got 6)
[2025-02-28T15:15:02.547+0000] {pipeline.py:105} ERROR - Error processing line: vechain	0.02797321,0.02797321,0.02797321,0.0,75021524.0,1 - not enough values to unpack (expected 7, got 6)
[2025-02-28T15:15:02.547+0000] {pipeline.py:105} ERROR - Error processing line: weth	2191.08,2191.08,2191.08,0.0,1843999125.0,1 - not enough values to unpack (expected 7, got 6)
[2025-02-28T15:15:02.547+0000] {pipeline.py:105} ERROR - Error processing line: whitebit	26.22,26.22,26.22,0.0,105167729.0,1 - not enough values to unpack (expected 7, got 6)
[2025-02-28T15:15:02.547+0000] {pipeline.py:105} ERROR - Error processing line: worldcoin-wld	1.09,1.09,1.09,0.0,342654182.0,1 - not enough values to unpack (expected 7, got 6)
[2025-02-28T15:15:02.547+0000] {pipeline.py:105} ERROR - Error processing line: wrapped-bitcoin	82946.0,82946.0,82946.0,0.0,760929670.0,1 - not enough values to unpack (expected 7, got 6)
[2025-02-28T15:15:02.547+0000] {pipeline.py:105} ERROR - Error processing line: wrapped-eeth	2319.52,2319.52,2319.52,0.0,42899471.0,1 - not enough values to unpack (expected 7, got 6)
[2025-02-28T15:15:02.548+0000] {pipeline.py:105} ERROR - Error processing line: wrapped-steth	2601.99,2601.99,2601.99,0.0,121228163.0,1 - not enough values to unpack (expected 7, got 6)
[2025-02-28T15:15:02.548+0000] {pipeline.py:105} ERROR - Error processing line: xdce-crowd-sale	0.078753,0.078753,0.078753,0.0,42748090.0,1 - not enough values to unpack (expected 7, got 6)
[2025-02-28T15:15:02.548+0000] {python.py:194} INFO - Done. Returned value was: None
[2025-02-28T15:15:02.558+0000] {taskinstance.py:1400} INFO - Marking task as SUCCESS. dag_id=coingecko_ingestion_dag, task_id=load_to_hbase, execution_date=20250227T142000, start_date=20250228T151500, end_date=20250228T151502
[2025-02-28T15:15:02.591+0000] {local_task_job_runner.py:228} INFO - Task exited with return code 0
[2025-02-28T15:15:02.605+0000] {taskinstance.py:2784} INFO - 0 downstream tasks scheduled from follow-on schedule check
