[2025-02-24T17:14:32.624+0000] {taskinstance.py:1159} INFO - Dependencies all met for dep_context=non-requeueable deps ti=<TaskInstance: coingecko_ingestion_dag.fetch_data scheduled__2025-01-10T00:00:00+00:00 [queued]>
[2025-02-24T17:14:32.699+0000] {taskinstance.py:1159} INFO - Dependencies all met for dep_context=requeueable deps ti=<TaskInstance: coingecko_ingestion_dag.fetch_data scheduled__2025-01-10T00:00:00+00:00 [queued]>
[2025-02-24T17:14:32.702+0000] {taskinstance.py:1361} INFO - Starting attempt 1 of 2
[2025-02-24T17:14:33.000+0000] {taskinstance.py:1382} INFO - Executing <Task(PythonOperator): fetch_data> on 2025-01-10 00:00:00+00:00
[2025-02-24T17:14:33.041+0000] {standard_task_runner.py:57} INFO - Started process 464 to run task
[2025-02-24T17:14:33.064+0000] {standard_task_runner.py:84} INFO - Running: ['***', 'tasks', 'run', 'coingecko_ingestion_dag', 'fetch_data', 'scheduled__2025-01-10T00:00:00+00:00', '--job-id', '10', '--raw', '--subdir', 'DAGS_FOLDER/pipeline.py', '--cfg-path', '/tmp/tmp59dexd1o']
[2025-02-24T17:14:33.076+0000] {standard_task_runner.py:85} INFO - Job 10: Subtask fetch_data
[2025-02-24T17:14:33.498+0000] {task_command.py:415} INFO - Running <TaskInstance: coingecko_ingestion_dag.fetch_data scheduled__2025-01-10T00:00:00+00:00 [running]> on host 85b967fd3989
[2025-02-24T17:14:35.621+0000] {taskinstance.py:1660} INFO - Exporting env vars: AIRFLOW_CTX_DAG_OWNER='etudiant' AIRFLOW_CTX_DAG_ID='coingecko_ingestion_dag' AIRFLOW_CTX_TASK_ID='fetch_data' AIRFLOW_CTX_EXECUTION_DATE='2025-01-10T00:00:00+00:00' AIRFLOW_CTX_TRY_NUMBER='1' AIRFLOW_CTX_DAG_RUN_ID='scheduled__2025-01-10T00:00:00+00:00'
[2025-02-24T17:14:54.082+0000] {python.py:194} INFO - Done. Returned value was: None
[2025-02-24T17:15:03.678+0000] {taskinstance.py:1400} INFO - Marking task as SUCCESS. dag_id=coingecko_ingestion_dag, task_id=fetch_data, execution_date=20250110T000000, start_date=20250224T171432, end_date=20250224T171503
[2025-02-24T17:15:03.829+0000] {local_task_job_runner.py:228} INFO - Task exited with return code 0
[2025-02-24T17:15:04.072+0000] {taskinstance.py:2784} INFO - 1 downstream tasks scheduled from follow-on schedule check
[2025-02-25T15:47:41.996+0000] {taskinstance.py:1159} INFO - Dependencies all met for dep_context=non-requeueable deps ti=<TaskInstance: coingecko_ingestion_dag.fetch_data scheduled__2025-01-10T00:00:00+00:00 [queued]>
[2025-02-25T15:47:42.112+0000] {taskinstance.py:1159} INFO - Dependencies all met for dep_context=requeueable deps ti=<TaskInstance: coingecko_ingestion_dag.fetch_data scheduled__2025-01-10T00:00:00+00:00 [queued]>
[2025-02-25T15:47:42.124+0000] {taskinstance.py:1361} INFO - Starting attempt 1 of 2
[2025-02-25T15:47:42.583+0000] {taskinstance.py:1382} INFO - Executing <Task(PythonOperator): fetch_data> on 2025-01-10 00:00:00+00:00
[2025-02-25T15:47:42.611+0000] {standard_task_runner.py:57} INFO - Started process 218 to run task
[2025-02-25T15:47:42.662+0000] {standard_task_runner.py:84} INFO - Running: ['***', 'tasks', 'run', 'coingecko_ingestion_dag', 'fetch_data', 'scheduled__2025-01-10T00:00:00+00:00', '--job-id', '12', '--raw', '--subdir', 'DAGS_FOLDER/pipeline.py', '--cfg-path', '/tmp/tmpjtuhmnzs']
[2025-02-25T15:47:42.681+0000] {standard_task_runner.py:85} INFO - Job 12: Subtask fetch_data
[2025-02-25T15:47:43.051+0000] {task_command.py:415} INFO - Running <TaskInstance: coingecko_ingestion_dag.fetch_data scheduled__2025-01-10T00:00:00+00:00 [running]> on host af9744bbb9eb
[2025-02-25T15:47:43.546+0000] {taskinstance.py:1660} INFO - Exporting env vars: AIRFLOW_CTX_DAG_OWNER='etudiant' AIRFLOW_CTX_DAG_ID='coingecko_ingestion_dag' AIRFLOW_CTX_TASK_ID='fetch_data' AIRFLOW_CTX_EXECUTION_DATE='2025-01-10T00:00:00+00:00' AIRFLOW_CTX_TRY_NUMBER='1' AIRFLOW_CTX_DAG_RUN_ID='scheduled__2025-01-10T00:00:00+00:00'
[2025-02-25T15:47:43.888+0000] {python.py:194} INFO - Done. Returned value was: None
[2025-02-25T15:47:43.940+0000] {taskinstance.py:1400} INFO - Marking task as SUCCESS. dag_id=coingecko_ingestion_dag, task_id=fetch_data, execution_date=20250110T000000, start_date=20250225T154742, end_date=20250225T154743
[2025-02-25T15:47:44.500+0000] {local_task_job_runner.py:228} INFO - Task exited with return code 0
[2025-02-25T15:47:44.719+0000] {taskinstance.py:2784} INFO - 1 downstream tasks scheduled from follow-on schedule check
