[2025-02-27T14:23:22.134+0000] {taskinstance.py:1159} INFO - Dependencies all met for dep_context=non-requeueable deps ti=<TaskInstance: coingecko_ingestion_dag.run_mapreduce_job manual__2025-02-27T14:12:53.715272+00:00 [queued]>
[2025-02-27T14:23:22.153+0000] {taskinstance.py:1159} INFO - Dependencies all met for dep_context=requeueable deps ti=<TaskInstance: coingecko_ingestion_dag.run_mapreduce_job manual__2025-02-27T14:12:53.715272+00:00 [queued]>
[2025-02-27T14:23:22.154+0000] {taskinstance.py:1361} INFO - Starting attempt 3 of 4
[2025-02-27T14:23:22.189+0000] {taskinstance.py:1382} INFO - Executing <Task(BashOperator): run_mapreduce_job> on 2025-02-27 14:12:53.715272+00:00
[2025-02-27T14:23:22.197+0000] {standard_task_runner.py:57} INFO - Started process 364 to run task
[2025-02-27T14:23:22.206+0000] {standard_task_runner.py:84} INFO - Running: ['***', 'tasks', 'run', 'coingecko_ingestion_dag', 'run_mapreduce_job', 'manual__2025-02-27T14:12:53.715272+00:00', '--job-id', '336', '--raw', '--subdir', 'DAGS_FOLDER/pipeline.py', '--cfg-path', '/tmp/tmpfvyxsyex']
[2025-02-27T14:23:22.212+0000] {standard_task_runner.py:85} INFO - Job 336: Subtask run_mapreduce_job
[2025-02-27T14:23:22.284+0000] {task_command.py:415} INFO - Running <TaskInstance: coingecko_ingestion_dag.run_mapreduce_job manual__2025-02-27T14:12:53.715272+00:00 [running]> on host 6fa12894bc34
[2025-02-27T14:23:22.386+0000] {logging_mixin.py:151} WARNING - /home/***/.local/lib/python3.8/site-packages/***/utils/context.py:206 AirflowContextDeprecationWarning: Accessing 'execution_date' from the template is deprecated and will be removed in a future version. Please use 'data_interval_start' or 'logical_date' instead.
[2025-02-27T14:23:22.441+0000] {taskinstance.py:1660} INFO - Exporting env vars: AIRFLOW_CTX_DAG_OWNER='etudiant' AIRFLOW_CTX_DAG_ID='coingecko_ingestion_dag' AIRFLOW_CTX_TASK_ID='run_mapreduce_job' AIRFLOW_CTX_EXECUTION_DATE='2025-02-27T14:12:53.715272+00:00' AIRFLOW_CTX_TRY_NUMBER='3' AIRFLOW_CTX_DAG_RUN_ID='manual__2025-02-27T14:12:53.715272+00:00'
[2025-02-27T14:23:22.445+0000] {subprocess.py:63} INFO - Tmp dir root location: /tmp
[2025-02-27T14:23:22.446+0000] {subprocess.py:75} INFO - Running command: ['/bin/bash', '-c', '\n        docker exec -i namenode         hadoop jar /opt/hadoop-3.2.1/share/hadoop/tools/lib/hadoop-streaming-3.2.1.jar         -input /user/etudiant/crypto/raw/YYYY=2025/MM=02/DD=27/coingecko_raw.json         -output /user/etudiant/crypto/processed/YYYY=2025/MM=02/DD=27         -mapper "python3 /tmp/mapper.py"         -reducer "python3 /tmp/reducer.py"\n        ']
[2025-02-27T14:23:22.462+0000] {subprocess.py:86} INFO - Output:
[2025-02-27T14:23:24.166+0000] {subprocess.py:93} INFO - 2025-02-27 14:23:24,164 INFO impl.MetricsConfig: Loaded properties from hadoop-metrics2.properties
[2025-02-27T14:23:24.226+0000] {subprocess.py:93} INFO - 2025-02-27 14:23:24,225 INFO impl.MetricsSystemImpl: Scheduled Metric snapshot period at 10 second(s).
[2025-02-27T14:23:24.227+0000] {subprocess.py:93} INFO - 2025-02-27 14:23:24,226 INFO impl.MetricsSystemImpl: JobTracker metrics system started
[2025-02-27T14:23:24.240+0000] {subprocess.py:93} INFO - 2025-02-27 14:23:24,239 WARN impl.MetricsSystemImpl: JobTracker metrics system already initialized!
[2025-02-27T14:23:24.593+0000] {subprocess.py:93} INFO - 2025-02-27 14:23:24,591 INFO mapred.FileInputFormat: Total input files to process : 1
[2025-02-27T14:23:24.666+0000] {subprocess.py:93} INFO - 2025-02-27 14:23:24,665 INFO mapreduce.JobSubmitter: number of splits:1
[2025-02-27T14:23:24.798+0000] {subprocess.py:93} INFO - 2025-02-27 14:23:24,797 INFO mapreduce.JobSubmitter: Submitting tokens for job: job_local2044291900_0001
[2025-02-27T14:23:24.799+0000] {subprocess.py:93} INFO - 2025-02-27 14:23:24,798 INFO mapreduce.JobSubmitter: Executing with tokens: []
[2025-02-27T14:23:24.952+0000] {subprocess.py:93} INFO - 2025-02-27 14:23:24,951 INFO mapreduce.Job: The url to track the job: http://localhost:8080/
[2025-02-27T14:23:24.953+0000] {subprocess.py:93} INFO - 2025-02-27 14:23:24,952 INFO mapreduce.Job: Running job: job_local2044291900_0001
[2025-02-27T14:23:24.955+0000] {subprocess.py:93} INFO - 2025-02-27 14:23:24,952 INFO mapred.LocalJobRunner: OutputCommitter set in config null
[2025-02-27T14:23:24.955+0000] {subprocess.py:93} INFO - 2025-02-27 14:23:24,954 INFO mapred.LocalJobRunner: OutputCommitter is org.apache.hadoop.mapred.FileOutputCommitter
[2025-02-27T14:23:24.960+0000] {subprocess.py:93} INFO - 2025-02-27 14:23:24,960 INFO output.FileOutputCommitter: File Output Committer Algorithm version is 2
[2025-02-27T14:23:24.961+0000] {subprocess.py:93} INFO - 2025-02-27 14:23:24,960 INFO output.FileOutputCommitter: FileOutputCommitter skip cleanup _temporary folders under output directory:false, ignore cleanup failures: false
[2025-02-27T14:23:25.004+0000] {subprocess.py:93} INFO - 2025-02-27 14:23:25,003 INFO mapred.LocalJobRunner: Waiting for map tasks
[2025-02-27T14:23:25.007+0000] {subprocess.py:93} INFO - 2025-02-27 14:23:25,006 INFO mapred.LocalJobRunner: Starting task: attempt_local2044291900_0001_m_000000_0
[2025-02-27T14:23:25.028+0000] {subprocess.py:93} INFO - 2025-02-27 14:23:25,027 INFO output.FileOutputCommitter: File Output Committer Algorithm version is 2
[2025-02-27T14:23:25.028+0000] {subprocess.py:93} INFO - 2025-02-27 14:23:25,027 INFO output.FileOutputCommitter: FileOutputCommitter skip cleanup _temporary folders under output directory:false, ignore cleanup failures: false
[2025-02-27T14:23:25.042+0000] {subprocess.py:93} INFO - 2025-02-27 14:23:25,041 INFO mapred.Task:  Using ResourceCalculatorProcessTree : [ ]
[2025-02-27T14:23:25.051+0000] {subprocess.py:93} INFO - 2025-02-27 14:23:25,049 INFO mapred.MapTask: Processing split: hdfs://namenode:9000/user/etudiant/crypto/raw/YYYY=2025/MM=02/DD=27/coingecko_raw.json:0+84443
[2025-02-27T14:23:25.074+0000] {subprocess.py:93} INFO - 2025-02-27 14:23:25,073 INFO mapred.MapTask: numReduceTasks: 1
[2025-02-27T14:23:25.130+0000] {subprocess.py:93} INFO - 2025-02-27 14:23:25,129 INFO mapred.MapTask: (EQUATOR) 0 kvi 26214396(104857584)
[2025-02-27T14:23:25.131+0000] {subprocess.py:93} INFO - 2025-02-27 14:23:25,129 INFO mapred.MapTask: mapreduce.task.io.sort.mb: 100
[2025-02-27T14:23:25.131+0000] {subprocess.py:93} INFO - 2025-02-27 14:23:25,129 INFO mapred.MapTask: soft limit at 83886080
[2025-02-27T14:23:25.132+0000] {subprocess.py:93} INFO - 2025-02-27 14:23:25,129 INFO mapred.MapTask: bufstart = 0; bufvoid = 104857600
[2025-02-27T14:23:25.134+0000] {subprocess.py:93} INFO - 2025-02-27 14:23:25,129 INFO mapred.MapTask: kvstart = 26214396; length = 6553600
[2025-02-27T14:23:25.135+0000] {subprocess.py:93} INFO - 2025-02-27 14:23:25,133 INFO mapred.MapTask: Map output collector class = org.apache.hadoop.mapred.MapTask$MapOutputBuffer
[2025-02-27T14:23:25.141+0000] {subprocess.py:93} INFO - 2025-02-27 14:23:25,140 INFO streaming.PipeMapRed: PipeMapRed exec [/usr/bin/python3, /tmp/mapper.py]
[2025-02-27T14:23:25.145+0000] {subprocess.py:93} INFO - 2025-02-27 14:23:25,144 INFO Configuration.deprecation: mapred.work.output.dir is deprecated. Instead, use mapreduce.task.output.dir
[2025-02-27T14:23:25.146+0000] {subprocess.py:93} INFO - 2025-02-27 14:23:25,144 INFO Configuration.deprecation: map.input.start is deprecated. Instead, use mapreduce.map.input.start
[2025-02-27T14:23:25.146+0000] {subprocess.py:93} INFO - 2025-02-27 14:23:25,145 INFO Configuration.deprecation: mapred.task.is.map is deprecated. Instead, use mapreduce.task.ismap
[2025-02-27T14:23:25.150+0000] {subprocess.py:93} INFO - 2025-02-27 14:23:25,145 INFO Configuration.deprecation: mapred.task.id is deprecated. Instead, use mapreduce.task.attempt.id
[2025-02-27T14:23:25.153+0000] {subprocess.py:93} INFO - 2025-02-27 14:23:25,146 INFO Configuration.deprecation: mapred.tip.id is deprecated. Instead, use mapreduce.task.id
[2025-02-27T14:23:25.155+0000] {subprocess.py:93} INFO - 2025-02-27 14:23:25,146 INFO Configuration.deprecation: mapred.local.dir is deprecated. Instead, use mapreduce.cluster.local.dir
[2025-02-27T14:23:25.155+0000] {subprocess.py:93} INFO - 2025-02-27 14:23:25,146 INFO Configuration.deprecation: map.input.file is deprecated. Instead, use mapreduce.map.input.file
[2025-02-27T14:23:25.156+0000] {subprocess.py:93} INFO - 2025-02-27 14:23:25,146 INFO Configuration.deprecation: mapred.skip.on is deprecated. Instead, use mapreduce.job.skiprecords
[2025-02-27T14:23:25.156+0000] {subprocess.py:93} INFO - 2025-02-27 14:23:25,147 INFO Configuration.deprecation: map.input.length is deprecated. Instead, use mapreduce.map.input.length
[2025-02-27T14:23:25.158+0000] {subprocess.py:93} INFO - 2025-02-27 14:23:25,147 INFO Configuration.deprecation: mapred.job.id is deprecated. Instead, use mapreduce.job.id
[2025-02-27T14:23:25.159+0000] {subprocess.py:93} INFO - 2025-02-27 14:23:25,147 INFO Configuration.deprecation: user.name is deprecated. Instead, use mapreduce.job.user.name
[2025-02-27T14:23:25.160+0000] {subprocess.py:93} INFO - 2025-02-27 14:23:25,148 INFO Configuration.deprecation: mapred.task.partition is deprecated. Instead, use mapreduce.task.partition
[2025-02-27T14:23:25.174+0000] {subprocess.py:93} INFO - 2025-02-27 14:23:25,173 INFO sasl.SaslDataTransferClient: SASL encryption trust check: localHostTrusted = false, remoteHostTrusted = false
[2025-02-27T14:23:25.240+0000] {subprocess.py:93} INFO - 2025-02-27 14:23:25,240 INFO streaming.PipeMapRed: R/W/S=1/0/0 in:NA [rec/s] out:NA [rec/s]
[2025-02-27T14:23:25.244+0000] {subprocess.py:93} INFO - 2025-02-27 14:23:25,243 INFO streaming.PipeMapRed: Records R/W=1/1
[2025-02-27T14:23:25.245+0000] {subprocess.py:93} INFO - 2025-02-27 14:23:25,245 INFO streaming.PipeMapRed: MRErrorThread done
[2025-02-27T14:23:25.246+0000] {subprocess.py:93} INFO - 2025-02-27 14:23:25,245 INFO streaming.PipeMapRed: mapRedFinished
[2025-02-27T14:23:25.250+0000] {subprocess.py:93} INFO - 2025-02-27 14:23:25,249 INFO mapred.LocalJobRunner:
[2025-02-27T14:23:25.251+0000] {subprocess.py:93} INFO - 2025-02-27 14:23:25,249 INFO mapred.MapTask: Starting flush of map output
[2025-02-27T14:23:25.252+0000] {subprocess.py:93} INFO - 2025-02-27 14:23:25,249 INFO mapred.MapTask: Spilling map output
[2025-02-27T14:23:25.253+0000] {subprocess.py:93} INFO - 2025-02-27 14:23:25,249 INFO mapred.MapTask: bufstart = 0; bufend = 4689; bufvoid = 104857600
[2025-02-27T14:23:25.253+0000] {subprocess.py:93} INFO - 2025-02-27 14:23:25,249 INFO mapred.MapTask: kvstart = 26214396(104857584); kvend = 26214000(104856000); length = 397/6553600
[2025-02-27T14:23:25.264+0000] {subprocess.py:93} INFO - 2025-02-27 14:23:25,263 INFO mapred.MapTask: Finished spill 0
[2025-02-27T14:23:25.284+0000] {subprocess.py:93} INFO - 2025-02-27 14:23:25,282 INFO mapred.Task: Task:attempt_local2044291900_0001_m_000000_0 is done. And is in the process of committing
[2025-02-27T14:23:25.290+0000] {subprocess.py:93} INFO - 2025-02-27 14:23:25,288 INFO mapred.LocalJobRunner: Records R/W=1/1
[2025-02-27T14:23:25.291+0000] {subprocess.py:93} INFO - 2025-02-27 14:23:25,289 INFO mapred.Task: Task 'attempt_local2044291900_0001_m_000000_0' done.
[2025-02-27T14:23:25.300+0000] {subprocess.py:93} INFO - 2025-02-27 14:23:25,299 INFO mapred.Task: Final Counters for attempt_local2044291900_0001_m_000000_0: Counters: 23
[2025-02-27T14:23:25.301+0000] {subprocess.py:93} INFO - 	File System Counters
[2025-02-27T14:23:25.302+0000] {subprocess.py:93} INFO - 		FILE: Number of bytes read=176794
[2025-02-27T14:23:25.302+0000] {subprocess.py:93} INFO - 		FILE: Number of bytes written=710846
[2025-02-27T14:23:25.303+0000] {subprocess.py:93} INFO - 		FILE: Number of read operations=0
[2025-02-27T14:23:25.303+0000] {subprocess.py:93} INFO - 		FILE: Number of large read operations=0
[2025-02-27T14:23:25.304+0000] {subprocess.py:93} INFO - 		FILE: Number of write operations=0
[2025-02-27T14:23:25.305+0000] {subprocess.py:93} INFO - 		HDFS: Number of bytes read=84443
[2025-02-27T14:23:25.305+0000] {subprocess.py:93} INFO - 		HDFS: Number of bytes written=0
[2025-02-27T14:23:25.306+0000] {subprocess.py:93} INFO - 		HDFS: Number of read operations=5
[2025-02-27T14:23:25.307+0000] {subprocess.py:93} INFO - 		HDFS: Number of large read operations=0
[2025-02-27T14:23:25.308+0000] {subprocess.py:93} INFO - 		HDFS: Number of write operations=1
[2025-02-27T14:23:25.308+0000] {subprocess.py:93} INFO - 		HDFS: Number of bytes read erasure-coded=0
[2025-02-27T14:23:25.309+0000] {subprocess.py:93} INFO - 	Map-Reduce Framework
[2025-02-27T14:23:25.310+0000] {subprocess.py:93} INFO - 		Map input records=1
[2025-02-27T14:23:25.311+0000] {subprocess.py:93} INFO - 		Map output records=100
[2025-02-27T14:23:25.311+0000] {subprocess.py:93} INFO - 		Map output bytes=4689
[2025-02-27T14:23:25.312+0000] {subprocess.py:93} INFO - 		Map output materialized bytes=4895
[2025-02-27T14:23:25.313+0000] {subprocess.py:93} INFO - 		Input split bytes=138
[2025-02-27T14:23:25.313+0000] {subprocess.py:93} INFO - 		Combine input records=0
[2025-02-27T14:23:25.314+0000] {subprocess.py:93} INFO - 		Spilled Records=100
[2025-02-27T14:23:25.314+0000] {subprocess.py:93} INFO - 		Failed Shuffles=0
[2025-02-27T14:23:25.315+0000] {subprocess.py:93} INFO - 		Merged Map outputs=0
[2025-02-27T14:23:25.315+0000] {subprocess.py:93} INFO - 		GC time elapsed (ms)=0
[2025-02-27T14:23:25.316+0000] {subprocess.py:93} INFO - 		Total committed heap usage (bytes)=270532608
[2025-02-27T14:23:25.316+0000] {subprocess.py:93} INFO - 	File Input Format Counters
[2025-02-27T14:23:25.317+0000] {subprocess.py:93} INFO - 		Bytes Read=84443
[2025-02-27T14:23:25.318+0000] {subprocess.py:93} INFO - 2025-02-27 14:23:25,299 INFO mapred.LocalJobRunner: Finishing task: attempt_local2044291900_0001_m_000000_0
[2025-02-27T14:23:25.318+0000] {subprocess.py:93} INFO - 2025-02-27 14:23:25,300 INFO mapred.LocalJobRunner: map task executor complete.
[2025-02-27T14:23:25.319+0000] {subprocess.py:93} INFO - 2025-02-27 14:23:25,305 INFO mapred.LocalJobRunner: Waiting for reduce tasks
[2025-02-27T14:23:25.320+0000] {subprocess.py:93} INFO - 2025-02-27 14:23:25,305 INFO mapred.LocalJobRunner: Starting task: attempt_local2044291900_0001_r_000000_0
[2025-02-27T14:23:25.324+0000] {subprocess.py:93} INFO - 2025-02-27 14:23:25,320 INFO output.FileOutputCommitter: File Output Committer Algorithm version is 2
[2025-02-27T14:23:25.325+0000] {subprocess.py:93} INFO - 2025-02-27 14:23:25,320 INFO output.FileOutputCommitter: FileOutputCommitter skip cleanup _temporary folders under output directory:false, ignore cleanup failures: false
[2025-02-27T14:23:25.326+0000] {subprocess.py:93} INFO - 2025-02-27 14:23:25,321 INFO mapred.Task:  Using ResourceCalculatorProcessTree : [ ]
[2025-02-27T14:23:25.328+0000] {subprocess.py:93} INFO - 2025-02-27 14:23:25,327 INFO mapred.ReduceTask: Using ShuffleConsumerPlugin: org.apache.hadoop.mapreduce.task.reduce.Shuffle@49f8362a
[2025-02-27T14:23:25.331+0000] {subprocess.py:93} INFO - 2025-02-27 14:23:25,330 WARN impl.MetricsSystemImpl: JobTracker metrics system already initialized!
[2025-02-27T14:23:25.351+0000] {subprocess.py:93} INFO - 2025-02-27 14:23:25,350 INFO reduce.MergeManagerImpl: MergerManager: memoryLimit=614727680, maxSingleShuffleLimit=153681920, mergeThreshold=405720288, ioSortFactor=10, memToMemMergeOutputsThreshold=10
[2025-02-27T14:23:25.354+0000] {subprocess.py:93} INFO - 2025-02-27 14:23:25,353 INFO reduce.EventFetcher: attempt_local2044291900_0001_r_000000_0 Thread started: EventFetcher for fetching Map Completion Events
[2025-02-27T14:23:25.379+0000] {subprocess.py:93} INFO - 2025-02-27 14:23:25,378 INFO reduce.LocalFetcher: localfetcher#1 about to shuffle output of map attempt_local2044291900_0001_m_000000_0 decomp: 4891 len: 4895 to MEMORY
[2025-02-27T14:23:25.385+0000] {subprocess.py:93} INFO - 2025-02-27 14:23:25,384 INFO reduce.InMemoryMapOutput: Read 4891 bytes from map-output for attempt_local2044291900_0001_m_000000_0
[2025-02-27T14:23:25.386+0000] {subprocess.py:93} INFO - 2025-02-27 14:23:25,386 INFO reduce.MergeManagerImpl: closeInMemoryFile -> map-output of size: 4891, inMemoryMapOutputs.size() -> 1, commitMemory -> 0, usedMemory ->4891
[2025-02-27T14:23:25.388+0000] {subprocess.py:93} INFO - 2025-02-27 14:23:25,387 INFO reduce.EventFetcher: EventFetcher is interrupted.. Returning
[2025-02-27T14:23:25.390+0000] {subprocess.py:93} INFO - 2025-02-27 14:23:25,388 INFO mapred.LocalJobRunner: 1 / 1 copied.
[2025-02-27T14:23:25.407+0000] {subprocess.py:93} INFO - 2025-02-27 14:23:25,406 INFO reduce.MergeManagerImpl: finalMerge called with 1 in-memory map-outputs and 0 on-disk map-outputs
[2025-02-27T14:23:25.417+0000] {subprocess.py:93} INFO - 2025-02-27 14:23:25,416 INFO mapred.Merger: Merging 1 sorted segments
[2025-02-27T14:23:25.418+0000] {subprocess.py:93} INFO - 2025-02-27 14:23:25,417 INFO mapred.Merger: Down to the last merge-pass, with 1 segments left of total size: 4884 bytes
[2025-02-27T14:23:25.422+0000] {subprocess.py:93} INFO - 2025-02-27 14:23:25,421 INFO reduce.MergeManagerImpl: Merged 1 segments, 4891 bytes to disk to satisfy reduce memory limit
[2025-02-27T14:23:25.423+0000] {subprocess.py:93} INFO - 2025-02-27 14:23:25,422 INFO reduce.MergeManagerImpl: Merging 1 files, 4895 bytes from disk
[2025-02-27T14:23:25.424+0000] {subprocess.py:93} INFO - 2025-02-27 14:23:25,422 INFO reduce.MergeManagerImpl: Merging 0 segments, 0 bytes from memory into reduce
[2025-02-27T14:23:25.426+0000] {subprocess.py:93} INFO - 2025-02-27 14:23:25,423 INFO mapred.Merger: Merging 1 sorted segments
[2025-02-27T14:23:25.427+0000] {subprocess.py:93} INFO - 2025-02-27 14:23:25,424 INFO mapred.Merger: Down to the last merge-pass, with 1 segments left of total size: 4884 bytes
[2025-02-27T14:23:25.428+0000] {subprocess.py:93} INFO - 2025-02-27 14:23:25,425 INFO mapred.LocalJobRunner: 1 / 1 copied.
[2025-02-27T14:23:25.429+0000] {subprocess.py:93} INFO - 2025-02-27 14:23:25,429 INFO streaming.PipeMapRed: PipeMapRed exec [/usr/bin/python3, /tmp/reducer.py]
[2025-02-27T14:23:25.432+0000] {subprocess.py:93} INFO - 2025-02-27 14:23:25,431 INFO Configuration.deprecation: mapred.job.tracker is deprecated. Instead, use mapreduce.jobtracker.address
[2025-02-27T14:23:25.433+0000] {subprocess.py:93} INFO - 2025-02-27 14:23:25,432 INFO Configuration.deprecation: mapred.map.tasks is deprecated. Instead, use mapreduce.job.maps
[2025-02-27T14:23:25.503+0000] {subprocess.py:93} INFO - 2025-02-27 14:23:25,502 INFO streaming.PipeMapRed: R/W/S=1/0/0 in:NA [rec/s] out:NA [rec/s]
[2025-02-27T14:23:25.503+0000] {subprocess.py:93} INFO - 2025-02-27 14:23:25,502 INFO streaming.PipeMapRed: R/W/S=10/0/0 in:NA [rec/s] out:NA [rec/s]
[2025-02-27T14:23:25.506+0000] {subprocess.py:93} INFO - 2025-02-27 14:23:25,505 INFO streaming.PipeMapRed: R/W/S=100/0/0 in:NA [rec/s] out:NA [rec/s]
[2025-02-27T14:23:25.508+0000] {subprocess.py:93} INFO - 2025-02-27 14:23:25,507 INFO streaming.PipeMapRed: Records R/W=100/1
[2025-02-27T14:23:25.510+0000] {subprocess.py:93} INFO - 2025-02-27 14:23:25,509 INFO streaming.PipeMapRed: MRErrorThread done
[2025-02-27T14:23:25.513+0000] {subprocess.py:93} INFO - 2025-02-27 14:23:25,512 INFO streaming.PipeMapRed: mapRedFinished
[2025-02-27T14:23:25.535+0000] {subprocess.py:93} INFO - 2025-02-27 14:23:25,534 INFO sasl.SaslDataTransferClient: SASL encryption trust check: localHostTrusted = false, remoteHostTrusted = false
[2025-02-27T14:23:25.579+0000] {subprocess.py:93} INFO - 2025-02-27 14:23:25,577 INFO mapred.Task: Task:attempt_local2044291900_0001_r_000000_0 is done. And is in the process of committing
[2025-02-27T14:23:25.586+0000] {subprocess.py:93} INFO - 2025-02-27 14:23:25,585 INFO mapred.LocalJobRunner: 1 / 1 copied.
[2025-02-27T14:23:25.587+0000] {subprocess.py:93} INFO - 2025-02-27 14:23:25,585 INFO mapred.Task: Task attempt_local2044291900_0001_r_000000_0 is allowed to commit now
[2025-02-27T14:23:25.621+0000] {subprocess.py:93} INFO - 2025-02-27 14:23:25,620 INFO output.FileOutputCommitter: Saved output of task 'attempt_local2044291900_0001_r_000000_0' to hdfs://namenode:9000/user/etudiant/crypto/processed/YYYY=2025/MM=02/DD=27
[2025-02-27T14:23:25.622+0000] {subprocess.py:93} INFO - 2025-02-27 14:23:25,621 INFO mapred.LocalJobRunner: Records R/W=100/1 > reduce
[2025-02-27T14:23:25.622+0000] {subprocess.py:93} INFO - 2025-02-27 14:23:25,621 INFO mapred.Task: Task 'attempt_local2044291900_0001_r_000000_0' done.
[2025-02-27T14:23:25.624+0000] {subprocess.py:93} INFO - 2025-02-27 14:23:25,622 INFO mapred.Task: Final Counters for attempt_local2044291900_0001_r_000000_0: Counters: 30
[2025-02-27T14:23:25.625+0000] {subprocess.py:93} INFO - 	File System Counters
[2025-02-27T14:23:25.630+0000] {subprocess.py:93} INFO - 		FILE: Number of bytes read=186616
[2025-02-27T14:23:25.631+0000] {subprocess.py:93} INFO - 		FILE: Number of bytes written=715741
[2025-02-27T14:23:25.632+0000] {subprocess.py:93} INFO - 		FILE: Number of read operations=0
[2025-02-27T14:23:25.633+0000] {subprocess.py:93} INFO - 		FILE: Number of large read operations=0
[2025-02-27T14:23:25.633+0000] {subprocess.py:93} INFO - 		FILE: Number of write operations=0
[2025-02-27T14:23:25.634+0000] {subprocess.py:93} INFO - 		HDFS: Number of bytes read=84443
[2025-02-27T14:23:25.635+0000] {subprocess.py:93} INFO - 		HDFS: Number of bytes written=5064
[2025-02-27T14:23:25.636+0000] {subprocess.py:93} INFO - 		HDFS: Number of read operations=10
[2025-02-27T14:23:25.636+0000] {subprocess.py:93} INFO - 		HDFS: Number of large read operations=0
[2025-02-27T14:23:25.637+0000] {subprocess.py:93} INFO - 		HDFS: Number of write operations=3
[2025-02-27T14:23:25.641+0000] {subprocess.py:93} INFO - 		HDFS: Number of bytes read erasure-coded=0
[2025-02-27T14:23:25.641+0000] {subprocess.py:93} INFO - 	Map-Reduce Framework
[2025-02-27T14:23:25.642+0000] {subprocess.py:93} INFO - 		Combine input records=0
[2025-02-27T14:23:25.643+0000] {subprocess.py:93} INFO - 		Combine output records=0
[2025-02-27T14:23:25.643+0000] {subprocess.py:93} INFO - 		Reduce input groups=100
[2025-02-27T14:23:25.644+0000] {subprocess.py:93} INFO - 		Reduce shuffle bytes=4895
[2025-02-27T14:23:25.645+0000] {subprocess.py:93} INFO - 		Reduce input records=100
[2025-02-27T14:23:25.646+0000] {subprocess.py:93} INFO - 		Reduce output records=100
[2025-02-27T14:23:25.647+0000] {subprocess.py:93} INFO - 		Spilled Records=100
[2025-02-27T14:23:25.648+0000] {subprocess.py:93} INFO - 		Shuffled Maps =1
[2025-02-27T14:23:25.650+0000] {subprocess.py:93} INFO - 		Failed Shuffles=0
[2025-02-27T14:23:25.651+0000] {subprocess.py:93} INFO - 		Merged Map outputs=1
[2025-02-27T14:23:25.652+0000] {subprocess.py:93} INFO - 		GC time elapsed (ms)=17
[2025-02-27T14:23:25.655+0000] {subprocess.py:93} INFO - 		Total committed heap usage (bytes)=271581184
[2025-02-27T14:23:25.655+0000] {subprocess.py:93} INFO - 	Shuffle Errors
[2025-02-27T14:23:25.656+0000] {subprocess.py:93} INFO - 		BAD_ID=0
[2025-02-27T14:23:25.657+0000] {subprocess.py:93} INFO - 		CONNECTION=0
[2025-02-27T14:23:25.657+0000] {subprocess.py:93} INFO - 		IO_ERROR=0
[2025-02-27T14:23:25.658+0000] {subprocess.py:93} INFO - 		WRONG_LENGTH=0
[2025-02-27T14:23:25.658+0000] {subprocess.py:93} INFO - 		WRONG_MAP=0
[2025-02-27T14:23:25.658+0000] {subprocess.py:93} INFO - 		WRONG_REDUCE=0
[2025-02-27T14:23:25.659+0000] {subprocess.py:93} INFO - 	File Output Format Counters
[2025-02-27T14:23:25.660+0000] {subprocess.py:93} INFO - 		Bytes Written=5064
[2025-02-27T14:23:25.660+0000] {subprocess.py:93} INFO - 2025-02-27 14:23:25,622 INFO mapred.LocalJobRunner: Finishing task: attempt_local2044291900_0001_r_000000_0
[2025-02-27T14:23:25.661+0000] {subprocess.py:93} INFO - 2025-02-27 14:23:25,622 INFO mapred.LocalJobRunner: reduce task executor complete.
[2025-02-27T14:23:25.959+0000] {subprocess.py:93} INFO - 2025-02-27 14:23:25,959 INFO mapreduce.Job: Job job_local2044291900_0001 running in uber mode : false
[2025-02-27T14:23:25.961+0000] {subprocess.py:93} INFO - 2025-02-27 14:23:25,960 INFO mapreduce.Job:  map 100% reduce 100%
[2025-02-27T14:23:25.962+0000] {subprocess.py:93} INFO - 2025-02-27 14:23:25,961 INFO mapreduce.Job: Job job_local2044291900_0001 completed successfully
[2025-02-27T14:23:25.979+0000] {subprocess.py:93} INFO - 2025-02-27 14:23:25,978 INFO mapreduce.Job: Counters: 36
[2025-02-27T14:23:25.980+0000] {subprocess.py:93} INFO - 	File System Counters
[2025-02-27T14:23:25.982+0000] {subprocess.py:93} INFO - 		FILE: Number of bytes read=363410
[2025-02-27T14:23:25.984+0000] {subprocess.py:93} INFO - 		FILE: Number of bytes written=1426587
[2025-02-27T14:23:25.985+0000] {subprocess.py:93} INFO - 		FILE: Number of read operations=0
[2025-02-27T14:23:25.986+0000] {subprocess.py:93} INFO - 		FILE: Number of large read operations=0
[2025-02-27T14:23:25.986+0000] {subprocess.py:93} INFO - 		FILE: Number of write operations=0
[2025-02-27T14:23:25.987+0000] {subprocess.py:93} INFO - 		HDFS: Number of bytes read=168886
[2025-02-27T14:23:25.988+0000] {subprocess.py:93} INFO - 		HDFS: Number of bytes written=5064
[2025-02-27T14:23:25.991+0000] {subprocess.py:93} INFO - 		HDFS: Number of read operations=15
[2025-02-27T14:23:25.992+0000] {subprocess.py:93} INFO - 		HDFS: Number of large read operations=0
[2025-02-27T14:23:25.996+0000] {subprocess.py:93} INFO - 		HDFS: Number of write operations=4
[2025-02-27T14:23:25.997+0000] {subprocess.py:93} INFO - 		HDFS: Number of bytes read erasure-coded=0
[2025-02-27T14:23:25.999+0000] {subprocess.py:93} INFO - 	Map-Reduce Framework
[2025-02-27T14:23:26.000+0000] {subprocess.py:93} INFO - 		Map input records=1
[2025-02-27T14:23:26.001+0000] {subprocess.py:93} INFO - 		Map output records=100
[2025-02-27T14:23:26.001+0000] {subprocess.py:93} INFO - 		Map output bytes=4689
[2025-02-27T14:23:26.002+0000] {subprocess.py:93} INFO - 		Map output materialized bytes=4895
[2025-02-27T14:23:26.003+0000] {subprocess.py:93} INFO - 		Input split bytes=138
[2025-02-27T14:23:26.004+0000] {subprocess.py:93} INFO - 		Combine input records=0
[2025-02-27T14:23:26.004+0000] {subprocess.py:93} INFO - 		Combine output records=0
[2025-02-27T14:23:26.005+0000] {subprocess.py:93} INFO - 		Reduce input groups=100
[2025-02-27T14:23:26.006+0000] {subprocess.py:93} INFO - 		Reduce shuffle bytes=4895
[2025-02-27T14:23:26.007+0000] {subprocess.py:93} INFO - 		Reduce input records=100
[2025-02-27T14:23:26.008+0000] {subprocess.py:93} INFO - 		Reduce output records=100
[2025-02-27T14:23:26.008+0000] {subprocess.py:93} INFO - 		Spilled Records=200
[2025-02-27T14:23:26.009+0000] {subprocess.py:93} INFO - 		Shuffled Maps =1
[2025-02-27T14:23:26.010+0000] {subprocess.py:93} INFO - 		Failed Shuffles=0
[2025-02-27T14:23:26.010+0000] {subprocess.py:93} INFO - 		Merged Map outputs=1
[2025-02-27T14:23:26.012+0000] {subprocess.py:93} INFO - 		GC time elapsed (ms)=17
[2025-02-27T14:23:26.013+0000] {subprocess.py:93} INFO - 		Total committed heap usage (bytes)=542113792
[2025-02-27T14:23:26.014+0000] {subprocess.py:93} INFO - 	Shuffle Errors
[2025-02-27T14:23:26.014+0000] {subprocess.py:93} INFO - 		BAD_ID=0
[2025-02-27T14:23:26.015+0000] {subprocess.py:93} INFO - 		CONNECTION=0
[2025-02-27T14:23:26.016+0000] {subprocess.py:93} INFO - 		IO_ERROR=0
[2025-02-27T14:23:26.017+0000] {subprocess.py:93} INFO - 		WRONG_LENGTH=0
[2025-02-27T14:23:26.018+0000] {subprocess.py:93} INFO - 		WRONG_MAP=0
[2025-02-27T14:23:26.018+0000] {subprocess.py:93} INFO - 		WRONG_REDUCE=0
[2025-02-27T14:23:26.019+0000] {subprocess.py:93} INFO - 	File Input Format Counters
[2025-02-27T14:23:26.020+0000] {subprocess.py:93} INFO - 		Bytes Read=84443
[2025-02-27T14:23:26.021+0000] {subprocess.py:93} INFO - 	File Output Format Counters
[2025-02-27T14:23:26.021+0000] {subprocess.py:93} INFO - 		Bytes Written=5064
[2025-02-27T14:23:26.022+0000] {subprocess.py:93} INFO - 2025-02-27 14:23:25,978 INFO streaming.StreamJob: Output directory: /user/etudiant/crypto/processed/YYYY=2025/MM=02/DD=27
[2025-02-27T14:23:26.512+0000] {subprocess.py:97} INFO - Command exited with return code 0
[2025-02-27T14:23:26.548+0000] {taskinstance.py:1400} INFO - Marking task as SUCCESS. dag_id=coingecko_ingestion_dag, task_id=run_mapreduce_job, execution_date=20250227T141253, start_date=20250227T142322, end_date=20250227T142326
[2025-02-27T14:23:26.574+0000] {local_task_job_runner.py:228} INFO - Task exited with return code 0
[2025-02-27T14:23:26.606+0000] {taskinstance.py:2784} INFO - 0 downstream tasks scheduled from follow-on schedule check
