[2025-02-24T17:20:27.920+0000] {taskinstance.py:1159} INFO - Dependencies all met for dep_context=non-requeueable deps ti=<TaskInstance: coingecko_ingestion_dag.fetch_data scheduled__2025-01-29T00:00:00+00:00 [queued]>
[2025-02-24T17:20:27.946+0000] {taskinstance.py:1159} INFO - Dependencies all met for dep_context=requeueable deps ti=<TaskInstance: coingecko_ingestion_dag.fetch_data scheduled__2025-01-29T00:00:00+00:00 [queued]>
[2025-02-24T17:20:27.949+0000] {taskinstance.py:1361} INFO - Starting attempt 1 of 2
[2025-02-24T17:20:28.012+0000] {taskinstance.py:1382} INFO - Executing <Task(PythonOperator): fetch_data> on 2025-01-29 00:00:00+00:00
[2025-02-24T17:20:28.040+0000] {standard_task_runner.py:57} INFO - Started process 697 to run task
[2025-02-24T17:20:28.055+0000] {standard_task_runner.py:84} INFO - Running: ['***', 'tasks', 'run', 'coingecko_ingestion_dag', 'fetch_data', 'scheduled__2025-01-29T00:00:00+00:00', '--job-id', '66', '--raw', '--subdir', 'DAGS_FOLDER/test.py', '--cfg-path', '/tmp/tmp5m62kcp5']
[2025-02-24T17:20:28.070+0000] {standard_task_runner.py:85} INFO - Job 66: Subtask fetch_data
[2025-02-24T17:20:28.223+0000] {task_command.py:415} INFO - Running <TaskInstance: coingecko_ingestion_dag.fetch_data scheduled__2025-01-29T00:00:00+00:00 [running]> on host 85b967fd3989
[2025-02-24T17:20:28.428+0000] {taskinstance.py:1660} INFO - Exporting env vars: AIRFLOW_CTX_DAG_OWNER='etudiant' AIRFLOW_CTX_DAG_ID='coingecko_ingestion_dag' AIRFLOW_CTX_TASK_ID='fetch_data' AIRFLOW_CTX_EXECUTION_DATE='2025-01-29T00:00:00+00:00' AIRFLOW_CTX_TRY_NUMBER='1' AIRFLOW_CTX_DAG_RUN_ID='scheduled__2025-01-29T00:00:00+00:00'
[2025-02-24T17:20:28.723+0000] {python.py:194} INFO - Done. Returned value was: None
[2025-02-24T17:20:28.755+0000] {taskinstance.py:1400} INFO - Marking task as SUCCESS. dag_id=coingecko_ingestion_dag, task_id=fetch_data, execution_date=20250129T000000, start_date=20250224T172027, end_date=20250224T172028
[2025-02-24T17:20:28.826+0000] {local_task_job_runner.py:228} INFO - Task exited with return code 0
[2025-02-24T17:20:29.036+0000] {taskinstance.py:2784} INFO - 0 downstream tasks scheduled from follow-on schedule check
[2025-02-25T15:53:47.024+0000] {taskinstance.py:1159} INFO - Dependencies all met for dep_context=non-requeueable deps ti=<TaskInstance: coingecko_ingestion_dag.fetch_data scheduled__2025-01-29T00:00:00+00:00 [queued]>
[2025-02-25T15:53:47.098+0000] {taskinstance.py:1159} INFO - Dependencies all met for dep_context=requeueable deps ti=<TaskInstance: coingecko_ingestion_dag.fetch_data scheduled__2025-01-29T00:00:00+00:00 [queued]>
[2025-02-25T15:53:47.104+0000] {taskinstance.py:1361} INFO - Starting attempt 1 of 2
[2025-02-25T15:53:47.205+0000] {taskinstance.py:1382} INFO - Executing <Task(PythonOperator): fetch_data> on 2025-01-29 00:00:00+00:00
[2025-02-25T15:53:47.237+0000] {standard_task_runner.py:57} INFO - Started process 387 to run task
[2025-02-25T15:53:47.252+0000] {standard_task_runner.py:84} INFO - Running: ['***', 'tasks', 'run', 'coingecko_ingestion_dag', 'fetch_data', 'scheduled__2025-01-29T00:00:00+00:00', '--job-id', '71', '--raw', '--subdir', 'DAGS_FOLDER/pipeline.py', '--cfg-path', '/tmp/tmpbkx5m_pe']
[2025-02-25T15:53:47.258+0000] {standard_task_runner.py:85} INFO - Job 71: Subtask fetch_data
[2025-02-25T15:53:47.454+0000] {task_command.py:415} INFO - Running <TaskInstance: coingecko_ingestion_dag.fetch_data scheduled__2025-01-29T00:00:00+00:00 [running]> on host af9744bbb9eb
[2025-02-25T15:53:47.861+0000] {taskinstance.py:1660} INFO - Exporting env vars: AIRFLOW_CTX_DAG_OWNER='etudiant' AIRFLOW_CTX_DAG_ID='coingecko_ingestion_dag' AIRFLOW_CTX_TASK_ID='fetch_data' AIRFLOW_CTX_EXECUTION_DATE='2025-01-29T00:00:00+00:00' AIRFLOW_CTX_TRY_NUMBER='1' AIRFLOW_CTX_DAG_RUN_ID='scheduled__2025-01-29T00:00:00+00:00'
[2025-02-25T15:53:48.170+0000] {python.py:194} INFO - Done. Returned value was: None
[2025-02-25T15:53:48.199+0000] {taskinstance.py:1400} INFO - Marking task as SUCCESS. dag_id=coingecko_ingestion_dag, task_id=fetch_data, execution_date=20250129T000000, start_date=20250225T155347, end_date=20250225T155348
[2025-02-25T15:53:48.305+0000] {local_task_job_runner.py:228} INFO - Task exited with return code 0
[2025-02-25T15:53:48.402+0000] {taskinstance.py:2784} INFO - 1 downstream tasks scheduled from follow-on schedule check
