[2025-02-24T17:25:35.422+0000] {taskinstance.py:1159} INFO - Dependencies all met for dep_context=non-requeueable deps ti=<TaskInstance: coingecko_ingestion_dag.fetch_data scheduled__2025-02-04T00:00:00+00:00 [queued]>
[2025-02-24T17:25:35.441+0000] {taskinstance.py:1159} INFO - Dependencies all met for dep_context=requeueable deps ti=<TaskInstance: coingecko_ingestion_dag.fetch_data scheduled__2025-02-04T00:00:00+00:00 [queued]>
[2025-02-24T17:25:35.443+0000] {taskinstance.py:1361} INFO - Starting attempt 1 of 2
[2025-02-24T17:25:35.478+0000] {taskinstance.py:1382} INFO - Executing <Task(PythonOperator): fetch_data> on 2025-02-04 00:00:00+00:00
[2025-02-24T17:25:35.489+0000] {standard_task_runner.py:57} INFO - Started process 858 to run task
[2025-02-24T17:25:35.500+0000] {standard_task_runner.py:84} INFO - Running: ['***', 'tasks', 'run', 'coingecko_ingestion_dag', 'fetch_data', 'scheduled__2025-02-04T00:00:00+00:00', '--job-id', '100', '--raw', '--subdir', 'DAGS_FOLDER/test.py', '--cfg-path', '/tmp/tmpxi58hjs0']
[2025-02-24T17:25:35.509+0000] {standard_task_runner.py:85} INFO - Job 100: Subtask fetch_data
[2025-02-24T17:25:35.630+0000] {task_command.py:415} INFO - Running <TaskInstance: coingecko_ingestion_dag.fetch_data scheduled__2025-02-04T00:00:00+00:00 [running]> on host 85b967fd3989
[2025-02-24T17:25:35.765+0000] {taskinstance.py:1660} INFO - Exporting env vars: AIRFLOW_CTX_DAG_OWNER='etudiant' AIRFLOW_CTX_DAG_ID='coingecko_ingestion_dag' AIRFLOW_CTX_TASK_ID='fetch_data' AIRFLOW_CTX_EXECUTION_DATE='2025-02-04T00:00:00+00:00' AIRFLOW_CTX_TRY_NUMBER='1' AIRFLOW_CTX_DAG_RUN_ID='scheduled__2025-02-04T00:00:00+00:00'
[2025-02-24T17:25:36.361+0000] {python.py:194} INFO - Done. Returned value was: None
[2025-02-24T17:25:36.391+0000] {taskinstance.py:1400} INFO - Marking task as SUCCESS. dag_id=coingecko_ingestion_dag, task_id=fetch_data, execution_date=20250204T000000, start_date=20250224T172535, end_date=20250224T172536
[2025-02-24T17:25:36.554+0000] {local_task_job_runner.py:228} INFO - Task exited with return code 0
[2025-02-24T17:25:36.676+0000] {taskinstance.py:2784} INFO - 1 downstream tasks scheduled from follow-on schedule check
[2025-02-25T15:59:00.014+0000] {taskinstance.py:1159} INFO - Dependencies all met for dep_context=non-requeueable deps ti=<TaskInstance: coingecko_ingestion_dag.fetch_data scheduled__2025-02-04T00:00:00+00:00 [queued]>
[2025-02-25T15:59:00.032+0000] {taskinstance.py:1159} INFO - Dependencies all met for dep_context=requeueable deps ti=<TaskInstance: coingecko_ingestion_dag.fetch_data scheduled__2025-02-04T00:00:00+00:00 [queued]>
[2025-02-25T15:59:00.033+0000] {taskinstance.py:1361} INFO - Starting attempt 1 of 2
[2025-02-25T15:59:00.163+0000] {taskinstance.py:1382} INFO - Executing <Task(PythonOperator): fetch_data> on 2025-02-04 00:00:00+00:00
[2025-02-25T15:59:00.171+0000] {standard_task_runner.py:57} INFO - Started process 501 to run task
[2025-02-25T15:59:00.176+0000] {standard_task_runner.py:84} INFO - Running: ['***', 'tasks', 'run', 'coingecko_ingestion_dag', 'fetch_data', 'scheduled__2025-02-04T00:00:00+00:00', '--job-id', '102', '--raw', '--subdir', 'DAGS_FOLDER/pipeline.py', '--cfg-path', '/tmp/tmpx1v01tdd']
[2025-02-25T15:59:00.180+0000] {standard_task_runner.py:85} INFO - Job 102: Subtask fetch_data
[2025-02-25T15:59:00.279+0000] {task_command.py:415} INFO - Running <TaskInstance: coingecko_ingestion_dag.fetch_data scheduled__2025-02-04T00:00:00+00:00 [running]> on host af9744bbb9eb
[2025-02-25T15:59:00.421+0000] {taskinstance.py:1660} INFO - Exporting env vars: AIRFLOW_CTX_DAG_OWNER='etudiant' AIRFLOW_CTX_DAG_ID='coingecko_ingestion_dag' AIRFLOW_CTX_TASK_ID='fetch_data' AIRFLOW_CTX_EXECUTION_DATE='2025-02-04T00:00:00+00:00' AIRFLOW_CTX_TRY_NUMBER='1' AIRFLOW_CTX_DAG_RUN_ID='scheduled__2025-02-04T00:00:00+00:00'
[2025-02-25T15:59:00.680+0000] {python.py:194} INFO - Done. Returned value was: None
[2025-02-25T15:59:00.699+0000] {taskinstance.py:1400} INFO - Marking task as SUCCESS. dag_id=coingecko_ingestion_dag, task_id=fetch_data, execution_date=20250204T000000, start_date=20250225T155900, end_date=20250225T155900
[2025-02-25T15:59:00.820+0000] {local_task_job_runner.py:228} INFO - Task exited with return code 0
[2025-02-25T15:59:00.981+0000] {taskinstance.py:2784} INFO - 0 downstream tasks scheduled from follow-on schedule check
