[2025-02-24T17:30:49.878+0000] {taskinstance.py:1159} INFO - Dependencies all met for dep_context=non-requeueable deps ti=<TaskInstance: coingecko_ingestion_dag.fetch_data scheduled__2025-02-20T00:00:00+00:00 [queued]>
[2025-02-24T17:30:49.987+0000] {taskinstance.py:1159} INFO - Dependencies all met for dep_context=requeueable deps ti=<TaskInstance: coingecko_ingestion_dag.fetch_data scheduled__2025-02-20T00:00:00+00:00 [queued]>
[2025-02-24T17:30:49.992+0000] {taskinstance.py:1361} INFO - Starting attempt 1 of 2
[2025-02-24T17:30:50.107+0000] {taskinstance.py:1382} INFO - Executing <Task(PythonOperator): fetch_data> on 2025-02-20 00:00:00+00:00
[2025-02-24T17:30:50.126+0000] {standard_task_runner.py:57} INFO - Started process 1063 to run task
[2025-02-24T17:30:50.139+0000] {standard_task_runner.py:84} INFO - Running: ['***', 'tasks', 'run', 'coingecko_ingestion_dag', 'fetch_data', 'scheduled__2025-02-20T00:00:00+00:00', '--job-id', '148', '--raw', '--subdir', 'DAGS_FOLDER/pipeline.py', '--cfg-path', '/tmp/tmpajnlad1b']
[2025-02-24T17:30:50.159+0000] {standard_task_runner.py:85} INFO - Job 148: Subtask fetch_data
[2025-02-24T17:30:50.471+0000] {task_command.py:415} INFO - Running <TaskInstance: coingecko_ingestion_dag.fetch_data scheduled__2025-02-20T00:00:00+00:00 [running]> on host 85b967fd3989
[2025-02-24T17:30:50.937+0000] {taskinstance.py:1660} INFO - Exporting env vars: AIRFLOW_CTX_DAG_OWNER='etudiant' AIRFLOW_CTX_DAG_ID='coingecko_ingestion_dag' AIRFLOW_CTX_TASK_ID='fetch_data' AIRFLOW_CTX_EXECUTION_DATE='2025-02-20T00:00:00+00:00' AIRFLOW_CTX_TRY_NUMBER='1' AIRFLOW_CTX_DAG_RUN_ID='scheduled__2025-02-20T00:00:00+00:00'
[2025-02-24T17:30:51.260+0000] {python.py:194} INFO - Done. Returned value was: None
[2025-02-24T17:30:51.286+0000] {taskinstance.py:1400} INFO - Marking task as SUCCESS. dag_id=coingecko_ingestion_dag, task_id=fetch_data, execution_date=20250220T000000, start_date=20250224T173049, end_date=20250224T173051
[2025-02-24T17:30:51.326+0000] {local_task_job_runner.py:228} INFO - Task exited with return code 0
[2025-02-24T17:30:51.390+0000] {taskinstance.py:2784} INFO - 1 downstream tasks scheduled from follow-on schedule check
[2025-02-25T16:04:35.603+0000] {taskinstance.py:1159} INFO - Dependencies all met for dep_context=non-requeueable deps ti=<TaskInstance: coingecko_ingestion_dag.fetch_data scheduled__2025-02-20T00:00:00+00:00 [queued]>
[2025-02-25T16:04:35.617+0000] {taskinstance.py:1159} INFO - Dependencies all met for dep_context=requeueable deps ti=<TaskInstance: coingecko_ingestion_dag.fetch_data scheduled__2025-02-20T00:00:00+00:00 [queued]>
[2025-02-25T16:04:35.618+0000] {taskinstance.py:1361} INFO - Starting attempt 1 of 2
[2025-02-25T16:04:35.741+0000] {taskinstance.py:1382} INFO - Executing <Task(PythonOperator): fetch_data> on 2025-02-20 00:00:00+00:00
[2025-02-25T16:04:35.749+0000] {standard_task_runner.py:57} INFO - Started process 656 to run task
[2025-02-25T16:04:35.754+0000] {standard_task_runner.py:84} INFO - Running: ['***', 'tasks', 'run', 'coingecko_ingestion_dag', 'fetch_data', 'scheduled__2025-02-20T00:00:00+00:00', '--job-id', '152', '--raw', '--subdir', 'DAGS_FOLDER/pipeline.py', '--cfg-path', '/tmp/tmpz2tp5fcf']
[2025-02-25T16:04:35.759+0000] {standard_task_runner.py:85} INFO - Job 152: Subtask fetch_data
[2025-02-25T16:04:35.833+0000] {task_command.py:415} INFO - Running <TaskInstance: coingecko_ingestion_dag.fetch_data scheduled__2025-02-20T00:00:00+00:00 [running]> on host af9744bbb9eb
[2025-02-25T16:04:35.948+0000] {taskinstance.py:1660} INFO - Exporting env vars: AIRFLOW_CTX_DAG_OWNER='etudiant' AIRFLOW_CTX_DAG_ID='coingecko_ingestion_dag' AIRFLOW_CTX_TASK_ID='fetch_data' AIRFLOW_CTX_EXECUTION_DATE='2025-02-20T00:00:00+00:00' AIRFLOW_CTX_TRY_NUMBER='1' AIRFLOW_CTX_DAG_RUN_ID='scheduled__2025-02-20T00:00:00+00:00'
[2025-02-25T16:04:36.162+0000] {python.py:194} INFO - Done. Returned value was: None
[2025-02-25T16:04:36.175+0000] {taskinstance.py:1400} INFO - Marking task as SUCCESS. dag_id=coingecko_ingestion_dag, task_id=fetch_data, execution_date=20250220T000000, start_date=20250225T160435, end_date=20250225T160436
[2025-02-25T16:04:36.222+0000] {local_task_job_runner.py:228} INFO - Task exited with return code 0
[2025-02-25T16:04:36.255+0000] {taskinstance.py:2784} INFO - 1 downstream tasks scheduled from follow-on schedule check
