[2025-02-24T17:30:50.541+0000] {taskinstance.py:1159} INFO - Dependencies all met for dep_context=non-requeueable deps ti=<TaskInstance: coingecko_ingestion_dag.fetch_data scheduled__2025-02-22T00:00:00+00:00 [queued]>
[2025-02-24T17:30:50.599+0000] {taskinstance.py:1159} INFO - Dependencies all met for dep_context=requeueable deps ti=<TaskInstance: coingecko_ingestion_dag.fetch_data scheduled__2025-02-22T00:00:00+00:00 [queued]>
[2025-02-24T17:30:50.620+0000] {taskinstance.py:1361} INFO - Starting attempt 1 of 2
[2025-02-24T17:30:50.759+0000] {taskinstance.py:1382} INFO - Executing <Task(PythonOperator): fetch_data> on 2025-02-22 00:00:00+00:00
[2025-02-24T17:30:50.777+0000] {standard_task_runner.py:57} INFO - Started process 1065 to run task
[2025-02-24T17:30:50.798+0000] {standard_task_runner.py:84} INFO - Running: ['***', 'tasks', 'run', 'coingecko_ingestion_dag', 'fetch_data', 'scheduled__2025-02-22T00:00:00+00:00', '--job-id', '150', '--raw', '--subdir', 'DAGS_FOLDER/pipeline.py', '--cfg-path', '/tmp/tmpn4owk0pc']
[2025-02-24T17:30:50.814+0000] {standard_task_runner.py:85} INFO - Job 150: Subtask fetch_data
[2025-02-24T17:30:51.045+0000] {task_command.py:415} INFO - Running <TaskInstance: coingecko_ingestion_dag.fetch_data scheduled__2025-02-22T00:00:00+00:00 [running]> on host 85b967fd3989
[2025-02-24T17:30:51.288+0000] {taskinstance.py:1660} INFO - Exporting env vars: AIRFLOW_CTX_DAG_OWNER='etudiant' AIRFLOW_CTX_DAG_ID='coingecko_ingestion_dag' AIRFLOW_CTX_TASK_ID='fetch_data' AIRFLOW_CTX_EXECUTION_DATE='2025-02-22T00:00:00+00:00' AIRFLOW_CTX_TRY_NUMBER='1' AIRFLOW_CTX_DAG_RUN_ID='scheduled__2025-02-22T00:00:00+00:00'
[2025-02-24T17:30:51.640+0000] {python.py:194} INFO - Done. Returned value was: None
[2025-02-24T17:30:51.695+0000] {taskinstance.py:1400} INFO - Marking task as SUCCESS. dag_id=coingecko_ingestion_dag, task_id=fetch_data, execution_date=20250222T000000, start_date=20250224T173050, end_date=20250224T173051
[2025-02-24T17:30:51.806+0000] {local_task_job_runner.py:228} INFO - Task exited with return code 0
[2025-02-24T17:30:51.901+0000] {taskinstance.py:2784} INFO - 0 downstream tasks scheduled from follow-on schedule check
[2025-02-25T16:04:35.974+0000] {taskinstance.py:1159} INFO - Dependencies all met for dep_context=non-requeueable deps ti=<TaskInstance: coingecko_ingestion_dag.fetch_data scheduled__2025-02-22T00:00:00+00:00 [queued]>
[2025-02-25T16:04:35.987+0000] {taskinstance.py:1159} INFO - Dependencies all met for dep_context=requeueable deps ti=<TaskInstance: coingecko_ingestion_dag.fetch_data scheduled__2025-02-22T00:00:00+00:00 [queued]>
[2025-02-25T16:04:35.988+0000] {taskinstance.py:1361} INFO - Starting attempt 1 of 2
[2025-02-25T16:04:36.011+0000] {taskinstance.py:1382} INFO - Executing <Task(PythonOperator): fetch_data> on 2025-02-22 00:00:00+00:00
[2025-02-25T16:04:36.018+0000] {standard_task_runner.py:57} INFO - Started process 658 to run task
[2025-02-25T16:04:36.023+0000] {standard_task_runner.py:84} INFO - Running: ['***', 'tasks', 'run', 'coingecko_ingestion_dag', 'fetch_data', 'scheduled__2025-02-22T00:00:00+00:00', '--job-id', '154', '--raw', '--subdir', 'DAGS_FOLDER/pipeline.py', '--cfg-path', '/tmp/tmp6hzscz2b']
[2025-02-25T16:04:36.028+0000] {standard_task_runner.py:85} INFO - Job 154: Subtask fetch_data
[2025-02-25T16:04:36.119+0000] {task_command.py:415} INFO - Running <TaskInstance: coingecko_ingestion_dag.fetch_data scheduled__2025-02-22T00:00:00+00:00 [running]> on host af9744bbb9eb
[2025-02-25T16:04:36.228+0000] {taskinstance.py:1660} INFO - Exporting env vars: AIRFLOW_CTX_DAG_OWNER='etudiant' AIRFLOW_CTX_DAG_ID='coingecko_ingestion_dag' AIRFLOW_CTX_TASK_ID='fetch_data' AIRFLOW_CTX_EXECUTION_DATE='2025-02-22T00:00:00+00:00' AIRFLOW_CTX_TRY_NUMBER='1' AIRFLOW_CTX_DAG_RUN_ID='scheduled__2025-02-22T00:00:00+00:00'
[2025-02-25T16:04:36.391+0000] {python.py:194} INFO - Done. Returned value was: None
[2025-02-25T16:04:36.404+0000] {taskinstance.py:1400} INFO - Marking task as SUCCESS. dag_id=coingecko_ingestion_dag, task_id=fetch_data, execution_date=20250222T000000, start_date=20250225T160435, end_date=20250225T160436
[2025-02-25T16:04:36.450+0000] {local_task_job_runner.py:228} INFO - Task exited with return code 0
[2025-02-25T16:04:36.474+0000] {taskinstance.py:2784} INFO - 1 downstream tasks scheduled from follow-on schedule check
