[2025-02-24T17:20:28.105+0000] {taskinstance.py:1159} INFO - Dependencies all met for dep_context=non-requeueable deps ti=<TaskInstance: coingecko_ingestion_dag.fetch_data scheduled__2025-01-30T00:00:00+00:00 [queued]>
[2025-02-24T17:20:28.130+0000] {taskinstance.py:1159} INFO - Dependencies all met for dep_context=requeueable deps ti=<TaskInstance: coingecko_ingestion_dag.fetch_data scheduled__2025-01-30T00:00:00+00:00 [queued]>
[2025-02-24T17:20:28.134+0000] {taskinstance.py:1361} INFO - Starting attempt 1 of 2
[2025-02-24T17:20:28.281+0000] {taskinstance.py:1382} INFO - Executing <Task(PythonOperator): fetch_data> on 2025-01-30 00:00:00+00:00
[2025-02-24T17:20:28.301+0000] {standard_task_runner.py:57} INFO - Started process 698 to run task
[2025-02-24T17:20:28.311+0000] {standard_task_runner.py:84} INFO - Running: ['***', 'tasks', 'run', 'coingecko_ingestion_dag', 'fetch_data', 'scheduled__2025-01-30T00:00:00+00:00', '--job-id', '69', '--raw', '--subdir', 'DAGS_FOLDER/test.py', '--cfg-path', '/tmp/tmpncebacnq']
[2025-02-24T17:20:28.322+0000] {standard_task_runner.py:85} INFO - Job 69: Subtask fetch_data
[2025-02-24T17:20:28.475+0000] {task_command.py:415} INFO - Running <TaskInstance: coingecko_ingestion_dag.fetch_data scheduled__2025-01-30T00:00:00+00:00 [running]> on host 85b967fd3989
[2025-02-24T17:20:28.603+0000] {taskinstance.py:1660} INFO - Exporting env vars: AIRFLOW_CTX_DAG_OWNER='etudiant' AIRFLOW_CTX_DAG_ID='coingecko_ingestion_dag' AIRFLOW_CTX_TASK_ID='fetch_data' AIRFLOW_CTX_EXECUTION_DATE='2025-01-30T00:00:00+00:00' AIRFLOW_CTX_TRY_NUMBER='1' AIRFLOW_CTX_DAG_RUN_ID='scheduled__2025-01-30T00:00:00+00:00'
[2025-02-24T17:20:28.807+0000] {python.py:194} INFO - Done. Returned value was: None
[2025-02-24T17:20:28.837+0000] {taskinstance.py:1400} INFO - Marking task as SUCCESS. dag_id=coingecko_ingestion_dag, task_id=fetch_data, execution_date=20250130T000000, start_date=20250224T172028, end_date=20250224T172028
[2025-02-24T17:20:29.079+0000] {local_task_job_runner.py:228} INFO - Task exited with return code 0
[2025-02-24T17:20:29.121+0000] {taskinstance.py:2784} INFO - 1 downstream tasks scheduled from follow-on schedule check
[2025-02-25T15:53:47.583+0000] {taskinstance.py:1159} INFO - Dependencies all met for dep_context=non-requeueable deps ti=<TaskInstance: coingecko_ingestion_dag.fetch_data scheduled__2025-01-30T00:00:00+00:00 [queued]>
[2025-02-25T15:53:47.643+0000] {taskinstance.py:1159} INFO - Dependencies all met for dep_context=requeueable deps ti=<TaskInstance: coingecko_ingestion_dag.fetch_data scheduled__2025-01-30T00:00:00+00:00 [queued]>
[2025-02-25T15:53:47.647+0000] {taskinstance.py:1361} INFO - Starting attempt 1 of 2
[2025-02-25T15:53:47.728+0000] {taskinstance.py:1382} INFO - Executing <Task(PythonOperator): fetch_data> on 2025-01-30 00:00:00+00:00
[2025-02-25T15:53:47.773+0000] {standard_task_runner.py:57} INFO - Started process 390 to run task
[2025-02-25T15:53:47.791+0000] {standard_task_runner.py:84} INFO - Running: ['***', 'tasks', 'run', 'coingecko_ingestion_dag', 'fetch_data', 'scheduled__2025-01-30T00:00:00+00:00', '--job-id', '72', '--raw', '--subdir', 'DAGS_FOLDER/pipeline.py', '--cfg-path', '/tmp/tmp9iu_w2kq']
[2025-02-25T15:53:47.813+0000] {standard_task_runner.py:85} INFO - Job 72: Subtask fetch_data
[2025-02-25T15:53:48.073+0000] {task_command.py:415} INFO - Running <TaskInstance: coingecko_ingestion_dag.fetch_data scheduled__2025-01-30T00:00:00+00:00 [running]> on host af9744bbb9eb
[2025-02-25T15:53:48.423+0000] {taskinstance.py:1660} INFO - Exporting env vars: AIRFLOW_CTX_DAG_OWNER='etudiant' AIRFLOW_CTX_DAG_ID='coingecko_ingestion_dag' AIRFLOW_CTX_TASK_ID='fetch_data' AIRFLOW_CTX_EXECUTION_DATE='2025-01-30T00:00:00+00:00' AIRFLOW_CTX_TRY_NUMBER='1' AIRFLOW_CTX_DAG_RUN_ID='scheduled__2025-01-30T00:00:00+00:00'
[2025-02-25T15:53:48.716+0000] {python.py:194} INFO - Done. Returned value was: None
[2025-02-25T15:53:48.748+0000] {taskinstance.py:1400} INFO - Marking task as SUCCESS. dag_id=coingecko_ingestion_dag, task_id=fetch_data, execution_date=20250130T000000, start_date=20250225T155347, end_date=20250225T155348
[2025-02-25T15:53:48.885+0000] {local_task_job_runner.py:228} INFO - Task exited with return code 0
[2025-02-25T15:53:48.937+0000] {taskinstance.py:2784} INFO - 1 downstream tasks scheduled from follow-on schedule check
