[2025-02-27T20:58:59.549+0000] {taskinstance.py:1159} INFO - Dependencies all met for dep_context=non-requeueable deps ti=<TaskInstance: coingecko_ingestion_dag.run_mapreduce_job manual__2025-02-27T20:58:49.003377+00:00 [queued]>
[2025-02-27T20:58:59.584+0000] {taskinstance.py:1159} INFO - Dependencies all met for dep_context=requeueable deps ti=<TaskInstance: coingecko_ingestion_dag.run_mapreduce_job manual__2025-02-27T20:58:49.003377+00:00 [queued]>
[2025-02-27T20:58:59.588+0000] {taskinstance.py:1361} INFO - Starting attempt 1 of 4
[2025-02-27T20:58:59.622+0000] {taskinstance.py:1382} INFO - Executing <Task(BashOperator): run_mapreduce_job> on 2025-02-27 20:58:49.003377+00:00
[2025-02-27T20:58:59.635+0000] {standard_task_runner.py:57} INFO - Started process 712 to run task
[2025-02-27T20:58:59.639+0000] {standard_task_runner.py:84} INFO - Running: ['***', 'tasks', 'run', 'coingecko_ingestion_dag', 'run_mapreduce_job', 'manual__2025-02-27T20:58:49.003377+00:00', '--job-id', '464', '--raw', '--subdir', 'DAGS_FOLDER/pipeline.py', '--cfg-path', '/tmp/tmplo2p5jsl']
[2025-02-27T20:58:59.650+0000] {standard_task_runner.py:85} INFO - Job 464: Subtask run_mapreduce_job
[2025-02-27T20:58:59.737+0000] {task_command.py:415} INFO - Running <TaskInstance: coingecko_ingestion_dag.run_mapreduce_job manual__2025-02-27T20:58:49.003377+00:00 [running]> on host b86b19d2f863
[2025-02-27T20:58:59.829+0000] {logging_mixin.py:151} WARNING - /home/***/.local/lib/python3.8/site-packages/***/utils/context.py:206 AirflowContextDeprecationWarning: Accessing 'execution_date' from the template is deprecated and will be removed in a future version. Please use 'data_interval_start' or 'logical_date' instead.
[2025-02-27T20:58:59.874+0000] {taskinstance.py:1660} INFO - Exporting env vars: AIRFLOW_CTX_DAG_OWNER='etudiant' AIRFLOW_CTX_DAG_ID='coingecko_ingestion_dag' AIRFLOW_CTX_TASK_ID='run_mapreduce_job' AIRFLOW_CTX_EXECUTION_DATE='2025-02-27T20:58:49.003377+00:00' AIRFLOW_CTX_TRY_NUMBER='1' AIRFLOW_CTX_DAG_RUN_ID='manual__2025-02-27T20:58:49.003377+00:00'
[2025-02-27T20:58:59.879+0000] {subprocess.py:63} INFO - Tmp dir root location: /tmp
[2025-02-27T20:58:59.881+0000] {subprocess.py:75} INFO - Running command: ['/bin/bash', '-c', '\n        # نفحصو إذا المجلد موجود ونمسحوه إذا كان موجود\n        OUTPUT_DIR="/user/etudiant/crypto/processed/YYYY=2025/MM=02/DD=27"\n        docker exec -i namenode bash -c "hdfs dfs -test -d $OUTPUT_DIR && hdfs dfs -rm -r $OUTPUT_DIR || echo \'Directory does not exist, proceeding...\'"\n\n        # نشغلو MapReduce\n        docker exec -i namenode         hadoop jar /opt/hadoop-3.2.1/share/hadoop/tools/lib/hadoop-streaming-3.2.1.jar         -input /user/etudiant/crypto/raw/YYYY=2025/MM=02/DD=27/coingecko_raw.json         -output $OUTPUT_DIR         -mapper "python3 /tmp/mapper.py"         -reducer "python3 /tmp/reducer.py"\n\n        # نفحصو إذا المخرجات تكتبات بنجاح\n        docker exec -i namenode hdfs dfs -test -e $OUTPUT_DIR/part-00000 || (echo "MapReduce failed to produce output" && exit 1)\n        ']
[2025-02-27T20:58:59.902+0000] {subprocess.py:86} INFO - Output:
[2025-02-27T20:59:03.934+0000] {subprocess.py:93} INFO - Deleted /user/etudiant/crypto/processed/YYYY=2025/MM=02/DD=27
[2025-02-27T20:59:06.122+0000] {subprocess.py:93} INFO - 2025-02-27 20:59:06,119 INFO impl.MetricsConfig: Loaded properties from hadoop-metrics2.properties
[2025-02-27T20:59:06.209+0000] {subprocess.py:93} INFO - 2025-02-27 20:59:06,207 INFO impl.MetricsSystemImpl: Scheduled Metric snapshot period at 10 second(s).
[2025-02-27T20:59:06.210+0000] {subprocess.py:93} INFO - 2025-02-27 20:59:06,207 INFO impl.MetricsSystemImpl: JobTracker metrics system started
[2025-02-27T20:59:06.233+0000] {subprocess.py:93} INFO - 2025-02-27 20:59:06,232 WARN impl.MetricsSystemImpl: JobTracker metrics system already initialized!
[2025-02-27T20:59:06.551+0000] {subprocess.py:93} INFO - 2025-02-27 20:59:06,550 INFO mapred.FileInputFormat: Total input files to process : 1
[2025-02-27T20:59:06.607+0000] {subprocess.py:93} INFO - 2025-02-27 20:59:06,604 INFO mapreduce.JobSubmitter: number of splits:1
[2025-02-27T20:59:06.735+0000] {subprocess.py:93} INFO - 2025-02-27 20:59:06,732 INFO mapreduce.JobSubmitter: Submitting tokens for job: job_local663474141_0001
[2025-02-27T20:59:06.738+0000] {subprocess.py:93} INFO - 2025-02-27 20:59:06,733 INFO mapreduce.JobSubmitter: Executing with tokens: []
[2025-02-27T20:59:06.880+0000] {subprocess.py:93} INFO - 2025-02-27 20:59:06,878 INFO mapreduce.Job: The url to track the job: http://localhost:8080/
[2025-02-27T20:59:06.881+0000] {subprocess.py:93} INFO - 2025-02-27 20:59:06,880 INFO mapred.LocalJobRunner: OutputCommitter set in config null
[2025-02-27T20:59:06.882+0000] {subprocess.py:93} INFO - 2025-02-27 20:59:06,881 INFO mapreduce.Job: Running job: job_local663474141_0001
[2025-02-27T20:59:06.882+0000] {subprocess.py:93} INFO - 2025-02-27 20:59:06,882 INFO mapred.LocalJobRunner: OutputCommitter is org.apache.hadoop.mapred.FileOutputCommitter
[2025-02-27T20:59:06.892+0000] {subprocess.py:93} INFO - 2025-02-27 20:59:06,891 INFO output.FileOutputCommitter: File Output Committer Algorithm version is 2
[2025-02-27T20:59:06.893+0000] {subprocess.py:93} INFO - 2025-02-27 20:59:06,891 INFO output.FileOutputCommitter: FileOutputCommitter skip cleanup _temporary folders under output directory:false, ignore cleanup failures: false
[2025-02-27T20:59:06.939+0000] {subprocess.py:93} INFO - 2025-02-27 20:59:06,937 INFO mapred.LocalJobRunner: Waiting for map tasks
[2025-02-27T20:59:06.946+0000] {subprocess.py:93} INFO - 2025-02-27 20:59:06,945 INFO mapred.LocalJobRunner: Starting task: attempt_local663474141_0001_m_000000_0
[2025-02-27T20:59:06.972+0000] {subprocess.py:93} INFO - 2025-02-27 20:59:06,968 INFO output.FileOutputCommitter: File Output Committer Algorithm version is 2
[2025-02-27T20:59:06.974+0000] {subprocess.py:93} INFO - 2025-02-27 20:59:06,968 INFO output.FileOutputCommitter: FileOutputCommitter skip cleanup _temporary folders under output directory:false, ignore cleanup failures: false
[2025-02-27T20:59:06.996+0000] {subprocess.py:93} INFO - 2025-02-27 20:59:06,995 INFO mapred.Task:  Using ResourceCalculatorProcessTree : [ ]
[2025-02-27T20:59:07.007+0000] {subprocess.py:93} INFO - 2025-02-27 20:59:07,005 INFO mapred.MapTask: Processing split: hdfs://namenode:9000/user/etudiant/crypto/raw/YYYY=2025/MM=02/DD=27/coingecko_raw.json:0+85190
[2025-02-27T20:59:07.032+0000] {subprocess.py:93} INFO - 2025-02-27 20:59:07,031 INFO mapred.MapTask: numReduceTasks: 1
[2025-02-27T20:59:07.089+0000] {subprocess.py:93} INFO - 2025-02-27 20:59:07,086 INFO mapred.MapTask: (EQUATOR) 0 kvi 26214396(104857584)
[2025-02-27T20:59:07.092+0000] {subprocess.py:93} INFO - 2025-02-27 20:59:07,086 INFO mapred.MapTask: mapreduce.task.io.sort.mb: 100
[2025-02-27T20:59:07.093+0000] {subprocess.py:93} INFO - 2025-02-27 20:59:07,087 INFO mapred.MapTask: soft limit at 83886080
[2025-02-27T20:59:07.094+0000] {subprocess.py:93} INFO - 2025-02-27 20:59:07,087 INFO mapred.MapTask: bufstart = 0; bufvoid = 104857600
[2025-02-27T20:59:07.095+0000] {subprocess.py:93} INFO - 2025-02-27 20:59:07,087 INFO mapred.MapTask: kvstart = 26214396; length = 6553600
[2025-02-27T20:59:07.096+0000] {subprocess.py:93} INFO - 2025-02-27 20:59:07,096 INFO mapred.MapTask: Map output collector class = org.apache.hadoop.mapred.MapTask$MapOutputBuffer
[2025-02-27T20:59:07.104+0000] {subprocess.py:93} INFO - 2025-02-27 20:59:07,101 INFO streaming.PipeMapRed: PipeMapRed exec [/usr/bin/python3, /tmp/mapper.py]
[2025-02-27T20:59:07.111+0000] {subprocess.py:93} INFO - 2025-02-27 20:59:07,111 INFO Configuration.deprecation: mapred.work.output.dir is deprecated. Instead, use mapreduce.task.output.dir
[2025-02-27T20:59:07.112+0000] {subprocess.py:93} INFO - 2025-02-27 20:59:07,111 INFO Configuration.deprecation: map.input.start is deprecated. Instead, use mapreduce.map.input.start
[2025-02-27T20:59:07.112+0000] {subprocess.py:93} INFO - 2025-02-27 20:59:07,111 INFO Configuration.deprecation: mapred.task.is.map is deprecated. Instead, use mapreduce.task.ismap
[2025-02-27T20:59:07.113+0000] {subprocess.py:93} INFO - 2025-02-27 20:59:07,112 INFO Configuration.deprecation: mapred.task.id is deprecated. Instead, use mapreduce.task.attempt.id
[2025-02-27T20:59:07.113+0000] {subprocess.py:93} INFO - 2025-02-27 20:59:07,112 INFO Configuration.deprecation: mapred.tip.id is deprecated. Instead, use mapreduce.task.id
[2025-02-27T20:59:07.113+0000] {subprocess.py:93} INFO - 2025-02-27 20:59:07,112 INFO Configuration.deprecation: mapred.local.dir is deprecated. Instead, use mapreduce.cluster.local.dir
[2025-02-27T20:59:07.113+0000] {subprocess.py:93} INFO - 2025-02-27 20:59:07,112 INFO Configuration.deprecation: map.input.file is deprecated. Instead, use mapreduce.map.input.file
[2025-02-27T20:59:07.114+0000] {subprocess.py:93} INFO - 2025-02-27 20:59:07,113 INFO Configuration.deprecation: mapred.skip.on is deprecated. Instead, use mapreduce.job.skiprecords
[2025-02-27T20:59:07.114+0000] {subprocess.py:93} INFO - 2025-02-27 20:59:07,113 INFO Configuration.deprecation: map.input.length is deprecated. Instead, use mapreduce.map.input.length
[2025-02-27T20:59:07.115+0000] {subprocess.py:93} INFO - 2025-02-27 20:59:07,113 INFO Configuration.deprecation: mapred.job.id is deprecated. Instead, use mapreduce.job.id
[2025-02-27T20:59:07.115+0000] {subprocess.py:93} INFO - 2025-02-27 20:59:07,114 INFO Configuration.deprecation: user.name is deprecated. Instead, use mapreduce.job.user.name
[2025-02-27T20:59:07.119+0000] {subprocess.py:93} INFO - 2025-02-27 20:59:07,114 INFO Configuration.deprecation: mapred.task.partition is deprecated. Instead, use mapreduce.task.partition
[2025-02-27T20:59:07.147+0000] {subprocess.py:93} INFO - 2025-02-27 20:59:07,146 INFO sasl.SaslDataTransferClient: SASL encryption trust check: localHostTrusted = false, remoteHostTrusted = false
[2025-02-27T20:59:07.215+0000] {subprocess.py:93} INFO - 2025-02-27 20:59:07,215 INFO streaming.PipeMapRed: R/W/S=1/0/0 in:NA [rec/s] out:NA [rec/s]
[2025-02-27T20:59:07.222+0000] {subprocess.py:93} INFO - 2025-02-27 20:59:07,219 INFO streaming.PipeMapRed: Records R/W=1/1
[2025-02-27T20:59:07.227+0000] {subprocess.py:93} INFO - 2025-02-27 20:59:07,226 INFO streaming.PipeMapRed: MRErrorThread done
[2025-02-27T20:59:07.228+0000] {subprocess.py:93} INFO - 2025-02-27 20:59:07,226 INFO streaming.PipeMapRed: mapRedFinished
[2025-02-27T20:59:07.231+0000] {subprocess.py:93} INFO - 2025-02-27 20:59:07,230 INFO mapred.LocalJobRunner:
[2025-02-27T20:59:07.231+0000] {subprocess.py:93} INFO - 2025-02-27 20:59:07,230 INFO mapred.MapTask: Starting flush of map output
[2025-02-27T20:59:07.232+0000] {subprocess.py:93} INFO - 2025-02-27 20:59:07,230 INFO mapred.MapTask: Spilling map output
[2025-02-27T20:59:07.232+0000] {subprocess.py:93} INFO - 2025-02-27 20:59:07,230 INFO mapred.MapTask: bufstart = 0; bufend = 4773; bufvoid = 104857600
[2025-02-27T20:59:07.232+0000] {subprocess.py:93} INFO - 2025-02-27 20:59:07,230 INFO mapred.MapTask: kvstart = 26214396(104857584); kvend = 26214000(104856000); length = 397/6553600
[2025-02-27T20:59:07.247+0000] {subprocess.py:93} INFO - 2025-02-27 20:59:07,246 INFO mapred.MapTask: Finished spill 0
[2025-02-27T20:59:07.264+0000] {subprocess.py:93} INFO - 2025-02-27 20:59:07,263 INFO mapred.Task: Task:attempt_local663474141_0001_m_000000_0 is done. And is in the process of committing
[2025-02-27T20:59:07.269+0000] {subprocess.py:93} INFO - 2025-02-27 20:59:07,266 INFO mapred.LocalJobRunner: Records R/W=1/1
[2025-02-27T20:59:07.271+0000] {subprocess.py:93} INFO - 2025-02-27 20:59:07,266 INFO mapred.Task: Task 'attempt_local663474141_0001_m_000000_0' done.
[2025-02-27T20:59:07.280+0000] {subprocess.py:93} INFO - 2025-02-27 20:59:07,279 INFO mapred.Task: Final Counters for attempt_local663474141_0001_m_000000_0: Counters: 23
[2025-02-27T20:59:07.281+0000] {subprocess.py:93} INFO - 	File System Counters
[2025-02-27T20:59:07.282+0000] {subprocess.py:93} INFO - 		FILE: Number of bytes read=176794
[2025-02-27T20:59:07.282+0000] {subprocess.py:93} INFO - 		FILE: Number of bytes written=708360
[2025-02-27T20:59:07.282+0000] {subprocess.py:93} INFO - 		FILE: Number of read operations=0
[2025-02-27T20:59:07.282+0000] {subprocess.py:93} INFO - 		FILE: Number of large read operations=0
[2025-02-27T20:59:07.283+0000] {subprocess.py:93} INFO - 		FILE: Number of write operations=0
[2025-02-27T20:59:07.283+0000] {subprocess.py:93} INFO - 		HDFS: Number of bytes read=85190
[2025-02-27T20:59:07.284+0000] {subprocess.py:93} INFO - 		HDFS: Number of bytes written=0
[2025-02-27T20:59:07.285+0000] {subprocess.py:93} INFO - 		HDFS: Number of read operations=5
[2025-02-27T20:59:07.286+0000] {subprocess.py:93} INFO - 		HDFS: Number of large read operations=0
[2025-02-27T20:59:07.287+0000] {subprocess.py:93} INFO - 		HDFS: Number of write operations=1
[2025-02-27T20:59:07.288+0000] {subprocess.py:93} INFO - 		HDFS: Number of bytes read erasure-coded=0
[2025-02-27T20:59:07.289+0000] {subprocess.py:93} INFO - 	Map-Reduce Framework
[2025-02-27T20:59:07.290+0000] {subprocess.py:93} INFO - 		Map input records=1
[2025-02-27T20:59:07.291+0000] {subprocess.py:93} INFO - 		Map output records=100
[2025-02-27T20:59:07.292+0000] {subprocess.py:93} INFO - 		Map output bytes=4773
[2025-02-27T20:59:07.292+0000] {subprocess.py:93} INFO - 		Map output materialized bytes=4979
[2025-02-27T20:59:07.293+0000] {subprocess.py:93} INFO - 		Input split bytes=138
[2025-02-27T20:59:07.293+0000] {subprocess.py:93} INFO - 		Combine input records=0
[2025-02-27T20:59:07.293+0000] {subprocess.py:93} INFO - 		Spilled Records=100
[2025-02-27T20:59:07.294+0000] {subprocess.py:93} INFO - 		Failed Shuffles=0
[2025-02-27T20:59:07.294+0000] {subprocess.py:93} INFO - 		Merged Map outputs=0
[2025-02-27T20:59:07.294+0000] {subprocess.py:93} INFO - 		GC time elapsed (ms)=0
[2025-02-27T20:59:07.295+0000] {subprocess.py:93} INFO - 		Total committed heap usage (bytes)=269484032
[2025-02-27T20:59:07.295+0000] {subprocess.py:93} INFO - 	File Input Format Counters
[2025-02-27T20:59:07.295+0000] {subprocess.py:93} INFO - 		Bytes Read=85190
[2025-02-27T20:59:07.295+0000] {subprocess.py:93} INFO - 2025-02-27 20:59:07,280 INFO mapred.LocalJobRunner: Finishing task: attempt_local663474141_0001_m_000000_0
[2025-02-27T20:59:07.295+0000] {subprocess.py:93} INFO - 2025-02-27 20:59:07,280 INFO mapred.LocalJobRunner: map task executor complete.
[2025-02-27T20:59:07.295+0000] {subprocess.py:93} INFO - 2025-02-27 20:59:07,283 INFO mapred.LocalJobRunner: Waiting for reduce tasks
[2025-02-27T20:59:07.296+0000] {subprocess.py:93} INFO - 2025-02-27 20:59:07,284 INFO mapred.LocalJobRunner: Starting task: attempt_local663474141_0001_r_000000_0
[2025-02-27T20:59:07.301+0000] {subprocess.py:93} INFO - 2025-02-27 20:59:07,299 INFO output.FileOutputCommitter: File Output Committer Algorithm version is 2
[2025-02-27T20:59:07.304+0000] {subprocess.py:93} INFO - 2025-02-27 20:59:07,299 INFO output.FileOutputCommitter: FileOutputCommitter skip cleanup _temporary folders under output directory:false, ignore cleanup failures: false
[2025-02-27T20:59:07.306+0000] {subprocess.py:93} INFO - 2025-02-27 20:59:07,300 INFO mapred.Task:  Using ResourceCalculatorProcessTree : [ ]
[2025-02-27T20:59:07.312+0000] {subprocess.py:93} INFO - 2025-02-27 20:59:07,310 INFO mapred.ReduceTask: Using ShuffleConsumerPlugin: org.apache.hadoop.mapreduce.task.reduce.Shuffle@17e1fdde
[2025-02-27T20:59:07.314+0000] {subprocess.py:93} INFO - 2025-02-27 20:59:07,314 WARN impl.MetricsSystemImpl: JobTracker metrics system already initialized!
[2025-02-27T20:59:07.340+0000] {subprocess.py:93} INFO - 2025-02-27 20:59:07,336 INFO reduce.MergeManagerImpl: MergerManager: memoryLimit=614727680, maxSingleShuffleLimit=153681920, mergeThreshold=405720288, ioSortFactor=10, memToMemMergeOutputsThreshold=10
[2025-02-27T20:59:07.346+0000] {subprocess.py:93} INFO - 2025-02-27 20:59:07,344 INFO reduce.EventFetcher: attempt_local663474141_0001_r_000000_0 Thread started: EventFetcher for fetching Map Completion Events
[2025-02-27T20:59:07.389+0000] {subprocess.py:93} INFO - 2025-02-27 20:59:07,386 INFO reduce.LocalFetcher: localfetcher#1 about to shuffle output of map attempt_local663474141_0001_m_000000_0 decomp: 4975 len: 4979 to MEMORY
[2025-02-27T20:59:07.397+0000] {subprocess.py:93} INFO - 2025-02-27 20:59:07,396 INFO reduce.InMemoryMapOutput: Read 4975 bytes from map-output for attempt_local663474141_0001_m_000000_0
[2025-02-27T20:59:07.399+0000] {subprocess.py:93} INFO - 2025-02-27 20:59:07,398 INFO reduce.MergeManagerImpl: closeInMemoryFile -> map-output of size: 4975, inMemoryMapOutputs.size() -> 1, commitMemory -> 0, usedMemory ->4975
[2025-02-27T20:59:07.400+0000] {subprocess.py:93} INFO - 2025-02-27 20:59:07,400 INFO reduce.EventFetcher: EventFetcher is interrupted.. Returning
[2025-02-27T20:59:07.404+0000] {subprocess.py:93} INFO - 2025-02-27 20:59:07,401 INFO mapred.LocalJobRunner: 1 / 1 copied.
[2025-02-27T20:59:07.408+0000] {subprocess.py:93} INFO - 2025-02-27 20:59:07,401 INFO reduce.MergeManagerImpl: finalMerge called with 1 in-memory map-outputs and 0 on-disk map-outputs
[2025-02-27T20:59:07.432+0000] {subprocess.py:93} INFO - 2025-02-27 20:59:07,432 INFO mapred.Merger: Merging 1 sorted segments
[2025-02-27T20:59:07.433+0000] {subprocess.py:93} INFO - 2025-02-27 20:59:07,432 INFO mapred.Merger: Down to the last merge-pass, with 1 segments left of total size: 4968 bytes
[2025-02-27T20:59:07.439+0000] {subprocess.py:93} INFO - 2025-02-27 20:59:07,437 INFO reduce.MergeManagerImpl: Merged 1 segments, 4975 bytes to disk to satisfy reduce memory limit
[2025-02-27T20:59:07.447+0000] {subprocess.py:93} INFO - 2025-02-27 20:59:07,446 INFO reduce.MergeManagerImpl: Merging 1 files, 4979 bytes from disk
[2025-02-27T20:59:07.448+0000] {subprocess.py:93} INFO - 2025-02-27 20:59:07,447 INFO reduce.MergeManagerImpl: Merging 0 segments, 0 bytes from memory into reduce
[2025-02-27T20:59:07.448+0000] {subprocess.py:93} INFO - 2025-02-27 20:59:07,447 INFO mapred.Merger: Merging 1 sorted segments
[2025-02-27T20:59:07.452+0000] {subprocess.py:93} INFO - 2025-02-27 20:59:07,449 INFO mapred.Merger: Down to the last merge-pass, with 1 segments left of total size: 4968 bytes
[2025-02-27T20:59:07.454+0000] {subprocess.py:93} INFO - 2025-02-27 20:59:07,449 INFO mapred.LocalJobRunner: 1 / 1 copied.
[2025-02-27T20:59:07.459+0000] {subprocess.py:93} INFO - 2025-02-27 20:59:07,458 INFO streaming.PipeMapRed: PipeMapRed exec [/usr/bin/python3, /tmp/reducer.py]
[2025-02-27T20:59:07.462+0000] {subprocess.py:93} INFO - 2025-02-27 20:59:07,461 INFO Configuration.deprecation: mapred.job.tracker is deprecated. Instead, use mapreduce.jobtracker.address
[2025-02-27T20:59:07.464+0000] {subprocess.py:93} INFO - 2025-02-27 20:59:07,462 INFO Configuration.deprecation: mapred.map.tasks is deprecated. Instead, use mapreduce.job.maps
[2025-02-27T20:59:07.533+0000] {subprocess.py:93} INFO - 2025-02-27 20:59:07,532 INFO streaming.PipeMapRed: R/W/S=1/0/0 in:NA [rec/s] out:NA [rec/s]
[2025-02-27T20:59:07.535+0000] {subprocess.py:93} INFO - 2025-02-27 20:59:07,532 INFO streaming.PipeMapRed: R/W/S=10/0/0 in:NA [rec/s] out:NA [rec/s]
[2025-02-27T20:59:07.542+0000] {subprocess.py:93} INFO - 2025-02-27 20:59:07,539 INFO streaming.PipeMapRed: R/W/S=100/0/0 in:NA [rec/s] out:NA [rec/s]
[2025-02-27T20:59:07.545+0000] {subprocess.py:93} INFO - 2025-02-27 20:59:07,543 INFO streaming.PipeMapRed: Records R/W=100/1
[2025-02-27T20:59:07.549+0000] {subprocess.py:93} INFO - 2025-02-27 20:59:07,548 INFO streaming.PipeMapRed: MRErrorThread done
[2025-02-27T20:59:07.550+0000] {subprocess.py:93} INFO - 2025-02-27 20:59:07,548 INFO streaming.PipeMapRed: mapRedFinished
[2025-02-27T20:59:07.577+0000] {subprocess.py:93} INFO - 2025-02-27 20:59:07,575 INFO sasl.SaslDataTransferClient: SASL encryption trust check: localHostTrusted = false, remoteHostTrusted = false
[2025-02-27T20:59:07.609+0000] {subprocess.py:93} INFO - 2025-02-27 20:59:07,607 INFO mapred.Task: Task:attempt_local663474141_0001_r_000000_0 is done. And is in the process of committing
[2025-02-27T20:59:07.613+0000] {subprocess.py:93} INFO - 2025-02-27 20:59:07,612 INFO mapred.LocalJobRunner: 1 / 1 copied.
[2025-02-27T20:59:07.613+0000] {subprocess.py:93} INFO - 2025-02-27 20:59:07,612 INFO mapred.Task: Task attempt_local663474141_0001_r_000000_0 is allowed to commit now
[2025-02-27T20:59:07.643+0000] {subprocess.py:93} INFO - 2025-02-27 20:59:07,640 INFO output.FileOutputCommitter: Saved output of task 'attempt_local663474141_0001_r_000000_0' to hdfs://namenode:9000/user/etudiant/crypto/processed/YYYY=2025/MM=02/DD=27
[2025-02-27T20:59:07.644+0000] {subprocess.py:93} INFO - 2025-02-27 20:59:07,642 INFO mapred.LocalJobRunner: Records R/W=100/1 > reduce
[2025-02-27T20:59:07.645+0000] {subprocess.py:93} INFO - 2025-02-27 20:59:07,642 INFO mapred.Task: Task 'attempt_local663474141_0001_r_000000_0' done.
[2025-02-27T20:59:07.645+0000] {subprocess.py:93} INFO - 2025-02-27 20:59:07,643 INFO mapred.Task: Final Counters for attempt_local663474141_0001_r_000000_0: Counters: 30
[2025-02-27T20:59:07.645+0000] {subprocess.py:93} INFO - 	File System Counters
[2025-02-27T20:59:07.645+0000] {subprocess.py:93} INFO - 		FILE: Number of bytes read=186784
[2025-02-27T20:59:07.646+0000] {subprocess.py:93} INFO - 		FILE: Number of bytes written=713339
[2025-02-27T20:59:07.646+0000] {subprocess.py:93} INFO - 		FILE: Number of read operations=0
[2025-02-27T20:59:07.646+0000] {subprocess.py:93} INFO - 		FILE: Number of large read operations=0
[2025-02-27T20:59:07.646+0000] {subprocess.py:93} INFO - 		FILE: Number of write operations=0
[2025-02-27T20:59:07.646+0000] {subprocess.py:93} INFO - 		HDFS: Number of bytes read=85190
[2025-02-27T20:59:07.646+0000] {subprocess.py:93} INFO - 		HDFS: Number of bytes written=5072
[2025-02-27T20:59:07.647+0000] {subprocess.py:93} INFO - 		HDFS: Number of read operations=10
[2025-02-27T20:59:07.647+0000] {subprocess.py:93} INFO - 		HDFS: Number of large read operations=0
[2025-02-27T20:59:07.647+0000] {subprocess.py:93} INFO - 		HDFS: Number of write operations=3
[2025-02-27T20:59:07.647+0000] {subprocess.py:93} INFO - 		HDFS: Number of bytes read erasure-coded=0
[2025-02-27T20:59:07.647+0000] {subprocess.py:93} INFO - 	Map-Reduce Framework
[2025-02-27T20:59:07.648+0000] {subprocess.py:93} INFO - 		Combine input records=0
[2025-02-27T20:59:07.648+0000] {subprocess.py:93} INFO - 		Combine output records=0
[2025-02-27T20:59:07.649+0000] {subprocess.py:93} INFO - 		Reduce input groups=100
[2025-02-27T20:59:07.650+0000] {subprocess.py:93} INFO - 		Reduce shuffle bytes=4979
[2025-02-27T20:59:07.650+0000] {subprocess.py:93} INFO - 		Reduce input records=100
[2025-02-27T20:59:07.652+0000] {subprocess.py:93} INFO - 		Reduce output records=100
[2025-02-27T20:59:07.653+0000] {subprocess.py:93} INFO - 		Spilled Records=100
[2025-02-27T20:59:07.654+0000] {subprocess.py:93} INFO - 		Shuffled Maps =1
[2025-02-27T20:59:07.655+0000] {subprocess.py:93} INFO - 		Failed Shuffles=0
[2025-02-27T20:59:07.655+0000] {subprocess.py:93} INFO - 		Merged Map outputs=1
[2025-02-27T20:59:07.656+0000] {subprocess.py:93} INFO - 		GC time elapsed (ms)=12
[2025-02-27T20:59:07.657+0000] {subprocess.py:93} INFO - 		Total committed heap usage (bytes)=270532608
[2025-02-27T20:59:07.658+0000] {subprocess.py:93} INFO - 	Shuffle Errors
[2025-02-27T20:59:07.660+0000] {subprocess.py:93} INFO - 		BAD_ID=0
[2025-02-27T20:59:07.661+0000] {subprocess.py:93} INFO - 		CONNECTION=0
[2025-02-27T20:59:07.661+0000] {subprocess.py:93} INFO - 		IO_ERROR=0
[2025-02-27T20:59:07.662+0000] {subprocess.py:93} INFO - 		WRONG_LENGTH=0
[2025-02-27T20:59:07.662+0000] {subprocess.py:93} INFO - 		WRONG_MAP=0
[2025-02-27T20:59:07.663+0000] {subprocess.py:93} INFO - 		WRONG_REDUCE=0
[2025-02-27T20:59:07.663+0000] {subprocess.py:93} INFO - 	File Output Format Counters
[2025-02-27T20:59:07.663+0000] {subprocess.py:93} INFO - 		Bytes Written=5072
[2025-02-27T20:59:07.663+0000] {subprocess.py:93} INFO - 2025-02-27 20:59:07,643 INFO mapred.LocalJobRunner: Finishing task: attempt_local663474141_0001_r_000000_0
[2025-02-27T20:59:07.664+0000] {subprocess.py:93} INFO - 2025-02-27 20:59:07,644 INFO mapred.LocalJobRunner: reduce task executor complete.
[2025-02-27T20:59:07.892+0000] {subprocess.py:93} INFO - 2025-02-27 20:59:07,891 INFO mapreduce.Job: Job job_local663474141_0001 running in uber mode : false
[2025-02-27T20:59:07.894+0000] {subprocess.py:93} INFO - 2025-02-27 20:59:07,892 INFO mapreduce.Job:  map 100% reduce 100%
[2025-02-27T20:59:07.895+0000] {subprocess.py:93} INFO - 2025-02-27 20:59:07,894 INFO mapreduce.Job: Job job_local663474141_0001 completed successfully
[2025-02-27T20:59:07.903+0000] {subprocess.py:93} INFO - 2025-02-27 20:59:07,900 INFO mapreduce.Job: Counters: 36
[2025-02-27T20:59:07.905+0000] {subprocess.py:93} INFO - 	File System Counters
[2025-02-27T20:59:07.906+0000] {subprocess.py:93} INFO - 		FILE: Number of bytes read=363578
[2025-02-27T20:59:07.907+0000] {subprocess.py:93} INFO - 		FILE: Number of bytes written=1421699
[2025-02-27T20:59:07.908+0000] {subprocess.py:93} INFO - 		FILE: Number of read operations=0
[2025-02-27T20:59:07.908+0000] {subprocess.py:93} INFO - 		FILE: Number of large read operations=0
[2025-02-27T20:59:07.908+0000] {subprocess.py:93} INFO - 		FILE: Number of write operations=0
[2025-02-27T20:59:07.909+0000] {subprocess.py:93} INFO - 		HDFS: Number of bytes read=170380
[2025-02-27T20:59:07.909+0000] {subprocess.py:93} INFO - 		HDFS: Number of bytes written=5072
[2025-02-27T20:59:07.909+0000] {subprocess.py:93} INFO - 		HDFS: Number of read operations=15
[2025-02-27T20:59:07.909+0000] {subprocess.py:93} INFO - 		HDFS: Number of large read operations=0
[2025-02-27T20:59:07.910+0000] {subprocess.py:93} INFO - 		HDFS: Number of write operations=4
[2025-02-27T20:59:07.910+0000] {subprocess.py:93} INFO - 		HDFS: Number of bytes read erasure-coded=0
[2025-02-27T20:59:07.910+0000] {subprocess.py:93} INFO - 	Map-Reduce Framework
[2025-02-27T20:59:07.910+0000] {subprocess.py:93} INFO - 		Map input records=1
[2025-02-27T20:59:07.911+0000] {subprocess.py:93} INFO - 		Map output records=100
[2025-02-27T20:59:07.911+0000] {subprocess.py:93} INFO - 		Map output bytes=4773
[2025-02-27T20:59:07.911+0000] {subprocess.py:93} INFO - 		Map output materialized bytes=4979
[2025-02-27T20:59:07.912+0000] {subprocess.py:93} INFO - 		Input split bytes=138
[2025-02-27T20:59:07.912+0000] {subprocess.py:93} INFO - 		Combine input records=0
[2025-02-27T20:59:07.912+0000] {subprocess.py:93} INFO - 		Combine output records=0
[2025-02-27T20:59:07.912+0000] {subprocess.py:93} INFO - 		Reduce input groups=100
[2025-02-27T20:59:07.913+0000] {subprocess.py:93} INFO - 		Reduce shuffle bytes=4979
[2025-02-27T20:59:07.913+0000] {subprocess.py:93} INFO - 		Reduce input records=100
[2025-02-27T20:59:07.913+0000] {subprocess.py:93} INFO - 		Reduce output records=100
[2025-02-27T20:59:07.913+0000] {subprocess.py:93} INFO - 		Spilled Records=200
[2025-02-27T20:59:07.913+0000] {subprocess.py:93} INFO - 		Shuffled Maps =1
[2025-02-27T20:59:07.913+0000] {subprocess.py:93} INFO - 		Failed Shuffles=0
[2025-02-27T20:59:07.914+0000] {subprocess.py:93} INFO - 		Merged Map outputs=1
[2025-02-27T20:59:07.914+0000] {subprocess.py:93} INFO - 		GC time elapsed (ms)=12
[2025-02-27T20:59:07.914+0000] {subprocess.py:93} INFO - 		Total committed heap usage (bytes)=540016640
[2025-02-27T20:59:07.914+0000] {subprocess.py:93} INFO - 	Shuffle Errors
[2025-02-27T20:59:07.914+0000] {subprocess.py:93} INFO - 		BAD_ID=0
[2025-02-27T20:59:07.914+0000] {subprocess.py:93} INFO - 		CONNECTION=0
[2025-02-27T20:59:07.915+0000] {subprocess.py:93} INFO - 		IO_ERROR=0
[2025-02-27T20:59:07.915+0000] {subprocess.py:93} INFO - 		WRONG_LENGTH=0
[2025-02-27T20:59:07.915+0000] {subprocess.py:93} INFO - 		WRONG_MAP=0
[2025-02-27T20:59:07.915+0000] {subprocess.py:93} INFO - 		WRONG_REDUCE=0
[2025-02-27T20:59:07.915+0000] {subprocess.py:93} INFO - 	File Input Format Counters
[2025-02-27T20:59:07.915+0000] {subprocess.py:93} INFO - 		Bytes Read=85190
[2025-02-27T20:59:07.915+0000] {subprocess.py:93} INFO - 	File Output Format Counters
[2025-02-27T20:59:07.916+0000] {subprocess.py:93} INFO - 		Bytes Written=5072
[2025-02-27T20:59:07.916+0000] {subprocess.py:93} INFO - 2025-02-27 20:59:07,900 INFO streaming.StreamJob: Output directory: /user/etudiant/crypto/processed/YYYY=2025/MM=02/DD=27
[2025-02-27T20:59:10.639+0000] {subprocess.py:97} INFO - Command exited with return code 0
[2025-02-27T20:59:10.674+0000] {taskinstance.py:1400} INFO - Marking task as SUCCESS. dag_id=coingecko_ingestion_dag, task_id=run_mapreduce_job, execution_date=20250227T205849, start_date=20250227T205859, end_date=20250227T205910
[2025-02-27T20:59:10.714+0000] {local_task_job_runner.py:228} INFO - Task exited with return code 0
[2025-02-27T20:59:10.743+0000] {taskinstance.py:2784} INFO - 1 downstream tasks scheduled from follow-on schedule check
