[2025-02-24T17:20:25.773+0000] {taskinstance.py:1159} INFO - Dependencies all met for dep_context=non-requeueable deps ti=<TaskInstance: coingecko_ingestion_dag.fetch_data scheduled__2025-01-23T00:00:00+00:00 [queued]>
[2025-02-24T17:20:25.787+0000] {taskinstance.py:1159} INFO - Dependencies all met for dep_context=requeueable deps ti=<TaskInstance: coingecko_ingestion_dag.fetch_data scheduled__2025-01-23T00:00:00+00:00 [queued]>
[2025-02-24T17:20:25.789+0000] {taskinstance.py:1361} INFO - Starting attempt 1 of 2
[2025-02-24T17:20:25.926+0000] {taskinstance.py:1382} INFO - Executing <Task(PythonOperator): fetch_data> on 2025-01-23 00:00:00+00:00
[2025-02-24T17:20:25.936+0000] {standard_task_runner.py:57} INFO - Started process 669 to run task
[2025-02-24T17:20:25.943+0000] {standard_task_runner.py:84} INFO - Running: ['***', 'tasks', 'run', 'coingecko_ingestion_dag', 'fetch_data', 'scheduled__2025-01-23T00:00:00+00:00', '--job-id', '56', '--raw', '--subdir', 'DAGS_FOLDER/test.py', '--cfg-path', '/tmp/tmpuv72yed1']
[2025-02-24T17:20:25.948+0000] {standard_task_runner.py:85} INFO - Job 56: Subtask fetch_data
[2025-02-24T17:20:26.045+0000] {task_command.py:415} INFO - Running <TaskInstance: coingecko_ingestion_dag.fetch_data scheduled__2025-01-23T00:00:00+00:00 [running]> on host 85b967fd3989
[2025-02-24T17:20:26.191+0000] {taskinstance.py:1660} INFO - Exporting env vars: AIRFLOW_CTX_DAG_OWNER='etudiant' AIRFLOW_CTX_DAG_ID='coingecko_ingestion_dag' AIRFLOW_CTX_TASK_ID='fetch_data' AIRFLOW_CTX_EXECUTION_DATE='2025-01-23T00:00:00+00:00' AIRFLOW_CTX_TRY_NUMBER='1' AIRFLOW_CTX_DAG_RUN_ID='scheduled__2025-01-23T00:00:00+00:00'
[2025-02-24T17:20:26.435+0000] {python.py:194} INFO - Done. Returned value was: None
[2025-02-24T17:20:26.466+0000] {taskinstance.py:1400} INFO - Marking task as SUCCESS. dag_id=coingecko_ingestion_dag, task_id=fetch_data, execution_date=20250123T000000, start_date=20250224T172025, end_date=20250224T172026
[2025-02-24T17:20:26.560+0000] {local_task_job_runner.py:228} INFO - Task exited with return code 0
[2025-02-24T17:20:26.661+0000] {taskinstance.py:2784} INFO - 1 downstream tasks scheduled from follow-on schedule check
[2025-02-25T15:53:03.219+0000] {taskinstance.py:1159} INFO - Dependencies all met for dep_context=non-requeueable deps ti=<TaskInstance: coingecko_ingestion_dag.fetch_data scheduled__2025-01-23T00:00:00+00:00 [queued]>
[2025-02-25T15:53:03.248+0000] {taskinstance.py:1159} INFO - Dependencies all met for dep_context=requeueable deps ti=<TaskInstance: coingecko_ingestion_dag.fetch_data scheduled__2025-01-23T00:00:00+00:00 [queued]>
[2025-02-25T15:53:03.249+0000] {taskinstance.py:1361} INFO - Starting attempt 1 of 2
[2025-02-25T15:53:03.432+0000] {taskinstance.py:1382} INFO - Executing <Task(PythonOperator): fetch_data> on 2025-01-23 00:00:00+00:00
[2025-02-25T15:53:03.442+0000] {standard_task_runner.py:57} INFO - Started process 355 to run task
[2025-02-25T15:53:03.461+0000] {standard_task_runner.py:84} INFO - Running: ['***', 'tasks', 'run', 'coingecko_ingestion_dag', 'fetch_data', 'scheduled__2025-01-23T00:00:00+00:00', '--job-id', '57', '--raw', '--subdir', 'DAGS_FOLDER/pipeline.py', '--cfg-path', '/tmp/tmpktj6x6jg']
[2025-02-25T15:53:03.484+0000] {standard_task_runner.py:85} INFO - Job 57: Subtask fetch_data
[2025-02-25T15:53:04.034+0000] {task_command.py:415} INFO - Running <TaskInstance: coingecko_ingestion_dag.fetch_data scheduled__2025-01-23T00:00:00+00:00 [running]> on host af9744bbb9eb
[2025-02-25T15:53:04.518+0000] {taskinstance.py:1660} INFO - Exporting env vars: AIRFLOW_CTX_DAG_OWNER='etudiant' AIRFLOW_CTX_DAG_ID='coingecko_ingestion_dag' AIRFLOW_CTX_TASK_ID='fetch_data' AIRFLOW_CTX_EXECUTION_DATE='2025-01-23T00:00:00+00:00' AIRFLOW_CTX_TRY_NUMBER='1' AIRFLOW_CTX_DAG_RUN_ID='scheduled__2025-01-23T00:00:00+00:00'
[2025-02-25T15:53:04.981+0000] {python.py:194} INFO - Done. Returned value was: None
[2025-02-25T15:53:05.055+0000] {taskinstance.py:1400} INFO - Marking task as SUCCESS. dag_id=coingecko_ingestion_dag, task_id=fetch_data, execution_date=20250123T000000, start_date=20250225T155303, end_date=20250225T155305
[2025-02-25T15:53:05.254+0000] {local_task_job_runner.py:228} INFO - Task exited with return code 0
[2025-02-25T15:53:05.601+0000] {taskinstance.py:2784} INFO - 0 downstream tasks scheduled from follow-on schedule check
