[2025-02-25T22:36:27.729+0000] {taskinstance.py:1159} INFO - Dependencies all met for dep_context=non-requeueable deps ti=<TaskInstance: coingecko_ingestion_dag.run_mapreduce_job manual__2025-02-25T22:31:15.598259+00:00 [queued]>
[2025-02-25T22:36:27.740+0000] {taskinstance.py:1159} INFO - Dependencies all met for dep_context=requeueable deps ti=<TaskInstance: coingecko_ingestion_dag.run_mapreduce_job manual__2025-02-25T22:31:15.598259+00:00 [queued]>
[2025-02-25T22:36:27.741+0000] {taskinstance.py:1361} INFO - Starting attempt 2 of 2
[2025-02-25T22:36:27.757+0000] {taskinstance.py:1382} INFO - Executing <Task(BashOperator): run_mapreduce_job> on 2025-02-25 22:31:15.598259+00:00
[2025-02-25T22:36:27.760+0000] {standard_task_runner.py:57} INFO - Started process 449 to run task
[2025-02-25T22:36:27.764+0000] {standard_task_runner.py:84} INFO - Running: ['***', 'tasks', 'run', 'coingecko_ingestion_dag', 'run_mapreduce_job', 'manual__2025-02-25T22:31:15.598259+00:00', '--job-id', '218', '--raw', '--subdir', 'DAGS_FOLDER/pipeline.py', '--cfg-path', '/tmp/tmpfvnld6z2']
[2025-02-25T22:36:27.767+0000] {standard_task_runner.py:85} INFO - Job 218: Subtask run_mapreduce_job
[2025-02-25T22:36:27.809+0000] {task_command.py:415} INFO - Running <TaskInstance: coingecko_ingestion_dag.run_mapreduce_job manual__2025-02-25T22:31:15.598259+00:00 [running]> on host 45411848f345
[2025-02-25T22:36:27.865+0000] {logging_mixin.py:151} WARNING - /home/***/.local/lib/python3.8/site-packages/***/utils/context.py:206 AirflowContextDeprecationWarning: Accessing 'execution_date' from the template is deprecated and will be removed in a future version. Please use 'data_interval_start' or 'logical_date' instead.
[2025-02-25T22:36:27.897+0000] {taskinstance.py:1660} INFO - Exporting env vars: AIRFLOW_CTX_DAG_OWNER='etudiant' AIRFLOW_CTX_DAG_ID='coingecko_ingestion_dag' AIRFLOW_CTX_TASK_ID='run_mapreduce_job' AIRFLOW_CTX_EXECUTION_DATE='2025-02-25T22:31:15.598259+00:00' AIRFLOW_CTX_TRY_NUMBER='2' AIRFLOW_CTX_DAG_RUN_ID='manual__2025-02-25T22:31:15.598259+00:00'
[2025-02-25T22:36:27.899+0000] {subprocess.py:63} INFO - Tmp dir root location: /tmp
[2025-02-25T22:36:27.900+0000] {subprocess.py:75} INFO - Running command: ['/bin/bash', '-c', '\n        docker exec -i namenode         hadoop jar /opt/hadoop-3.2.1/share/hadoop/tools/lib/hadoop-streaming-3.2.1.jar           -input /user/etudiant/crypto/raw/YYYY=2025/MM=02/DD=25/coingecko_raw.json           -output /user/etudiant/crypto/processed/YYYY=2025/MM=02/DD=25           -mapper hdfs://namenode:9000/user/etudiant/scripts/mapper.py           -reducer hdfs://namenode:9000/user/etudiant/scripts/reducer.py           -file hdfs://namenode:9000/user/etudiant/scripts/mapper.py           -file hdfs://namenode:9000/user/etudiant/scripts/reducer.py\n        ']
[2025-02-25T22:36:27.909+0000] {subprocess.py:86} INFO - Output:
[2025-02-25T22:36:28.390+0000] {subprocess.py:93} INFO - 2025-02-25 22:36:28,389 WARN streaming.StreamJob: -file option is deprecated, please use generic option -files instead.
[2025-02-25T22:36:28.911+0000] {subprocess.py:93} INFO - packageJobJar: [hdfs://namenode:9000/user/etudiant/scripts/mapper.py, hdfs://namenode:9000/user/etudiant/scripts/reducer.py] [] /tmp/streamjob6165580834381261644.jar tmpDir=null
[2025-02-25T22:36:28.913+0000] {subprocess.py:93} INFO - Exception in thread "main" java.io.FileNotFoundException: /hdfs:/namenode:9000/user/etudiant/scripts/mapper.py
[2025-02-25T22:36:28.914+0000] {subprocess.py:93} INFO - 	at org.apache.hadoop.streaming.JarBuilder.merge(JarBuilder.java:58)
[2025-02-25T22:36:28.915+0000] {subprocess.py:93} INFO - 	at org.apache.hadoop.streaming.StreamJob.packageJobJar(StreamJob.java:719)
[2025-02-25T22:36:28.915+0000] {subprocess.py:93} INFO - 	at org.apache.hadoop.streaming.StreamJob.setJobConf(StreamJob.java:960)
[2025-02-25T22:36:28.915+0000] {subprocess.py:93} INFO - 	at org.apache.hadoop.streaming.StreamJob.run(StreamJob.java:128)
[2025-02-25T22:36:28.916+0000] {subprocess.py:93} INFO - 	at org.apache.hadoop.util.ToolRunner.run(ToolRunner.java:76)
[2025-02-25T22:36:28.916+0000] {subprocess.py:93} INFO - 	at org.apache.hadoop.util.ToolRunner.run(ToolRunner.java:90)
[2025-02-25T22:36:28.916+0000] {subprocess.py:93} INFO - 	at org.apache.hadoop.streaming.HadoopStreaming.main(HadoopStreaming.java:50)
[2025-02-25T22:36:28.917+0000] {subprocess.py:93} INFO - 	at sun.reflect.NativeMethodAccessorImpl.invoke0(Native Method)
[2025-02-25T22:36:28.917+0000] {subprocess.py:93} INFO - 	at sun.reflect.NativeMethodAccessorImpl.invoke(NativeMethodAccessorImpl.java:62)
[2025-02-25T22:36:28.917+0000] {subprocess.py:93} INFO - 	at sun.reflect.DelegatingMethodAccessorImpl.invoke(DelegatingMethodAccessorImpl.java:43)
[2025-02-25T22:36:28.917+0000] {subprocess.py:93} INFO - 	at java.lang.reflect.Method.invoke(Method.java:498)
[2025-02-25T22:36:28.917+0000] {subprocess.py:93} INFO - 	at org.apache.hadoop.util.RunJar.run(RunJar.java:323)
[2025-02-25T22:36:28.918+0000] {subprocess.py:93} INFO - 	at org.apache.hadoop.util.RunJar.main(RunJar.java:236)
[2025-02-25T22:36:29.406+0000] {subprocess.py:97} INFO - Command exited with return code 1
[2025-02-25T22:36:29.435+0000] {taskinstance.py:1943} ERROR - Task failed with exception
Traceback (most recent call last):
  File "/home/airflow/.local/lib/python3.8/site-packages/airflow/operators/bash.py", line 210, in execute
    raise AirflowException(
airflow.exceptions.AirflowException: Bash command failed. The command returned a non-zero exit code 1.
[2025-02-25T22:36:29.442+0000] {taskinstance.py:1400} INFO - Marking task as FAILED. dag_id=coingecko_ingestion_dag, task_id=run_mapreduce_job, execution_date=20250225T223115, start_date=20250225T223627, end_date=20250225T223629
[2025-02-25T22:36:29.469+0000] {standard_task_runner.py:104} ERROR - Failed to execute job 218 for task run_mapreduce_job (Bash command failed. The command returned a non-zero exit code 1.; 449)
[2025-02-25T22:36:29.503+0000] {local_task_job_runner.py:228} INFO - Task exited with return code 1
[2025-02-25T22:36:29.527+0000] {taskinstance.py:2784} INFO - 0 downstream tasks scheduled from follow-on schedule check
