[2025-02-24T17:25:40.328+0000] {taskinstance.py:1159} INFO - Dependencies all met for dep_context=non-requeueable deps ti=<TaskInstance: coingecko_ingestion_dag.store_raw_data_in_hdfs scheduled__2025-02-10T00:00:00+00:00 [queued]>
[2025-02-24T17:25:40.385+0000] {taskinstance.py:1159} INFO - Dependencies all met for dep_context=requeueable deps ti=<TaskInstance: coingecko_ingestion_dag.store_raw_data_in_hdfs scheduled__2025-02-10T00:00:00+00:00 [queued]>
[2025-02-24T17:25:40.392+0000] {taskinstance.py:1361} INFO - Starting attempt 1 of 2
[2025-02-24T17:25:40.449+0000] {taskinstance.py:1382} INFO - Executing <Task(PythonOperator): store_raw_data_in_hdfs> on 2025-02-10 00:00:00+00:00
[2025-02-24T17:25:40.465+0000] {standard_task_runner.py:57} INFO - Started process 901 to run task
[2025-02-24T17:25:40.474+0000] {standard_task_runner.py:84} INFO - Running: ['***', 'tasks', 'run', 'coingecko_ingestion_dag', 'store_raw_data_in_hdfs', 'scheduled__2025-02-10T00:00:00+00:00', '--job-id', '120', '--raw', '--subdir', 'DAGS_FOLDER/test.py', '--cfg-path', '/tmp/tmp9kvog139']
[2025-02-24T17:25:40.481+0000] {standard_task_runner.py:85} INFO - Job 120: Subtask store_raw_data_in_hdfs
[2025-02-24T17:25:40.595+0000] {task_command.py:415} INFO - Running <TaskInstance: coingecko_ingestion_dag.store_raw_data_in_hdfs scheduled__2025-02-10T00:00:00+00:00 [running]> on host 85b967fd3989
[2025-02-24T17:25:40.843+0000] {taskinstance.py:1660} INFO - Exporting env vars: AIRFLOW_CTX_DAG_OWNER='etudiant' AIRFLOW_CTX_DAG_ID='coingecko_ingestion_dag' AIRFLOW_CTX_TASK_ID='store_raw_data_in_hdfs' AIRFLOW_CTX_EXECUTION_DATE='2025-02-10T00:00:00+00:00' AIRFLOW_CTX_TRY_NUMBER='1' AIRFLOW_CTX_DAG_RUN_ID='scheduled__2025-02-10T00:00:00+00:00'
[2025-02-24T17:25:40.888+0000] {taskinstance.py:1943} ERROR - Task failed with exception
Traceback (most recent call last):
  File "/home/airflow/.local/lib/python3.8/site-packages/airflow/operators/python.py", line 192, in execute
    return_value = self.execute_callable()
  File "/home/airflow/.local/lib/python3.8/site-packages/airflow/operators/python.py", line 209, in execute_callable
    return self.python_callable(*self.op_args, **self.op_kwargs)
  File "/opt/airflow/dags/test.py", line 38, in store_raw_data_in_hdfs
    with open(local_file, 'w') as f:
PermissionError: [Errno 13] Permission denied: '/mnt/hadoop_data/coingecko_raw.json'
[2025-02-24T17:25:40.922+0000] {taskinstance.py:1400} INFO - Marking task as UP_FOR_RETRY. dag_id=coingecko_ingestion_dag, task_id=store_raw_data_in_hdfs, execution_date=20250210T000000, start_date=20250224T172540, end_date=20250224T172540
[2025-02-24T17:25:40.952+0000] {standard_task_runner.py:104} ERROR - Failed to execute job 120 for task store_raw_data_in_hdfs ([Errno 13] Permission denied: '/mnt/hadoop_data/coingecko_raw.json'; 901)
[2025-02-24T17:25:40.989+0000] {local_task_job_runner.py:228} INFO - Task exited with return code 1
[2025-02-24T17:25:41.095+0000] {taskinstance.py:2784} INFO - 0 downstream tasks scheduled from follow-on schedule check
[2025-02-25T15:59:26.939+0000] {taskinstance.py:1159} INFO - Dependencies all met for dep_context=non-requeueable deps ti=<TaskInstance: coingecko_ingestion_dag.store_raw_data_in_hdfs scheduled__2025-02-10T00:00:00+00:00 [queued]>
[2025-02-25T15:59:26.957+0000] {taskinstance.py:1159} INFO - Dependencies all met for dep_context=requeueable deps ti=<TaskInstance: coingecko_ingestion_dag.store_raw_data_in_hdfs scheduled__2025-02-10T00:00:00+00:00 [queued]>
[2025-02-25T15:59:26.959+0000] {taskinstance.py:1361} INFO - Starting attempt 1 of 2
[2025-02-25T15:59:26.992+0000] {taskinstance.py:1382} INFO - Executing <Task(PythonOperator): store_raw_data_in_hdfs> on 2025-02-10 00:00:00+00:00
[2025-02-25T15:59:27.003+0000] {standard_task_runner.py:57} INFO - Started process 543 to run task
[2025-02-25T15:59:27.009+0000] {standard_task_runner.py:84} INFO - Running: ['***', 'tasks', 'run', 'coingecko_ingestion_dag', 'store_raw_data_in_hdfs', 'scheduled__2025-02-10T00:00:00+00:00', '--job-id', '122', '--raw', '--subdir', 'DAGS_FOLDER/pipeline.py', '--cfg-path', '/tmp/tmpvi6eiger']
[2025-02-25T15:59:27.015+0000] {standard_task_runner.py:85} INFO - Job 122: Subtask store_raw_data_in_hdfs
[2025-02-25T15:59:27.092+0000] {task_command.py:415} INFO - Running <TaskInstance: coingecko_ingestion_dag.store_raw_data_in_hdfs scheduled__2025-02-10T00:00:00+00:00 [running]> on host af9744bbb9eb
[2025-02-25T15:59:27.204+0000] {taskinstance.py:1660} INFO - Exporting env vars: AIRFLOW_CTX_DAG_OWNER='etudiant' AIRFLOW_CTX_DAG_ID='coingecko_ingestion_dag' AIRFLOW_CTX_TASK_ID='store_raw_data_in_hdfs' AIRFLOW_CTX_EXECUTION_DATE='2025-02-10T00:00:00+00:00' AIRFLOW_CTX_TRY_NUMBER='1' AIRFLOW_CTX_DAG_RUN_ID='scheduled__2025-02-10T00:00:00+00:00'
[2025-02-25T15:59:27.222+0000] {taskinstance.py:1943} ERROR - Task failed with exception
Traceback (most recent call last):
  File "/home/airflow/.local/lib/python3.8/site-packages/airflow/operators/python.py", line 192, in execute
    return_value = self.execute_callable()
  File "/home/airflow/.local/lib/python3.8/site-packages/airflow/operators/python.py", line 209, in execute_callable
    return self.python_callable(*self.op_args, **self.op_kwargs)
  File "/opt/airflow/dags/pipeline.py", line 39, in store_raw_data_in_hdfs
    with open(local_file, 'w') as f:
PermissionError: [Errno 13] Permission denied: '/mnt/hadoop_data/coingecko_raw.json'
[2025-02-25T15:59:27.237+0000] {taskinstance.py:1400} INFO - Marking task as UP_FOR_RETRY. dag_id=coingecko_ingestion_dag, task_id=store_raw_data_in_hdfs, execution_date=20250210T000000, start_date=20250225T155926, end_date=20250225T155927
[2025-02-25T15:59:27.252+0000] {standard_task_runner.py:104} ERROR - Failed to execute job 122 for task store_raw_data_in_hdfs ([Errno 13] Permission denied: '/mnt/hadoop_data/coingecko_raw.json'; 543)
[2025-02-25T15:59:27.273+0000] {local_task_job_runner.py:228} INFO - Task exited with return code 1
[2025-02-25T15:59:27.299+0000] {taskinstance.py:2784} INFO - 0 downstream tasks scheduled from follow-on schedule check
