[2025-02-24T17:30:53.255+0000] {taskinstance.py:1159} INFO - Dependencies all met for dep_context=non-requeueable deps ti=<TaskInstance: coingecko_ingestion_dag.store_raw_data_in_hdfs scheduled__2025-02-22T00:00:00+00:00 [queued]>
[2025-02-24T17:30:53.270+0000] {taskinstance.py:1159} INFO - Dependencies all met for dep_context=requeueable deps ti=<TaskInstance: coingecko_ingestion_dag.store_raw_data_in_hdfs scheduled__2025-02-22T00:00:00+00:00 [queued]>
[2025-02-24T17:30:53.271+0000] {taskinstance.py:1361} INFO - Starting attempt 1 of 2
[2025-02-24T17:30:53.310+0000] {taskinstance.py:1382} INFO - Executing <Task(PythonOperator): store_raw_data_in_hdfs> on 2025-02-22 00:00:00+00:00
[2025-02-24T17:30:53.320+0000] {standard_task_runner.py:57} INFO - Started process 1075 to run task
[2025-02-24T17:30:53.329+0000] {standard_task_runner.py:84} INFO - Running: ['***', 'tasks', 'run', 'coingecko_ingestion_dag', 'store_raw_data_in_hdfs', 'scheduled__2025-02-22T00:00:00+00:00', '--job-id', '152', '--raw', '--subdir', 'DAGS_FOLDER/pipeline.py', '--cfg-path', '/tmp/tmpdv6ul77i']
[2025-02-24T17:30:53.335+0000] {standard_task_runner.py:85} INFO - Job 152: Subtask store_raw_data_in_hdfs
[2025-02-24T17:30:53.427+0000] {task_command.py:415} INFO - Running <TaskInstance: coingecko_ingestion_dag.store_raw_data_in_hdfs scheduled__2025-02-22T00:00:00+00:00 [running]> on host 85b967fd3989
[2025-02-24T17:30:53.564+0000] {taskinstance.py:1660} INFO - Exporting env vars: AIRFLOW_CTX_DAG_OWNER='etudiant' AIRFLOW_CTX_DAG_ID='coingecko_ingestion_dag' AIRFLOW_CTX_TASK_ID='store_raw_data_in_hdfs' AIRFLOW_CTX_EXECUTION_DATE='2025-02-22T00:00:00+00:00' AIRFLOW_CTX_TRY_NUMBER='1' AIRFLOW_CTX_DAG_RUN_ID='scheduled__2025-02-22T00:00:00+00:00'
[2025-02-24T17:30:53.602+0000] {taskinstance.py:1943} ERROR - Task failed with exception
Traceback (most recent call last):
  File "/home/airflow/.local/lib/python3.8/site-packages/airflow/operators/python.py", line 192, in execute
    return_value = self.execute_callable()
  File "/home/airflow/.local/lib/python3.8/site-packages/airflow/operators/python.py", line 209, in execute_callable
    return self.python_callable(*self.op_args, **self.op_kwargs)
  File "/opt/airflow/dags/pipeline.py", line 38, in store_raw_data_in_hdfs
    with open(local_file, 'w') as f:
PermissionError: [Errno 13] Permission denied: '/mnt/hadoop_data/coingecko_raw.json'
[2025-02-24T17:30:53.618+0000] {taskinstance.py:1400} INFO - Marking task as UP_FOR_RETRY. dag_id=coingecko_ingestion_dag, task_id=store_raw_data_in_hdfs, execution_date=20250222T000000, start_date=20250224T173053, end_date=20250224T173053
[2025-02-24T17:30:53.639+0000] {standard_task_runner.py:104} ERROR - Failed to execute job 152 for task store_raw_data_in_hdfs ([Errno 13] Permission denied: '/mnt/hadoop_data/coingecko_raw.json'; 1075)
[2025-02-24T17:30:53.674+0000] {local_task_job_runner.py:228} INFO - Task exited with return code 1
[2025-02-24T17:30:53.702+0000] {taskinstance.py:2784} INFO - 0 downstream tasks scheduled from follow-on schedule check
[2025-02-25T16:04:37.637+0000] {taskinstance.py:1159} INFO - Dependencies all met for dep_context=non-requeueable deps ti=<TaskInstance: coingecko_ingestion_dag.store_raw_data_in_hdfs scheduled__2025-02-22T00:00:00+00:00 [queued]>
[2025-02-25T16:04:37.653+0000] {taskinstance.py:1159} INFO - Dependencies all met for dep_context=requeueable deps ti=<TaskInstance: coingecko_ingestion_dag.store_raw_data_in_hdfs scheduled__2025-02-22T00:00:00+00:00 [queued]>
[2025-02-25T16:04:37.657+0000] {taskinstance.py:1361} INFO - Starting attempt 1 of 2
[2025-02-25T16:04:37.679+0000] {taskinstance.py:1382} INFO - Executing <Task(PythonOperator): store_raw_data_in_hdfs> on 2025-02-22 00:00:00+00:00
[2025-02-25T16:04:37.688+0000] {standard_task_runner.py:57} INFO - Started process 669 to run task
[2025-02-25T16:04:37.693+0000] {standard_task_runner.py:84} INFO - Running: ['***', 'tasks', 'run', 'coingecko_ingestion_dag', 'store_raw_data_in_hdfs', 'scheduled__2025-02-22T00:00:00+00:00', '--job-id', '160', '--raw', '--subdir', 'DAGS_FOLDER/pipeline.py', '--cfg-path', '/tmp/tmpe179nsmp']
[2025-02-25T16:04:37.704+0000] {standard_task_runner.py:85} INFO - Job 160: Subtask store_raw_data_in_hdfs
[2025-02-25T16:04:37.781+0000] {task_command.py:415} INFO - Running <TaskInstance: coingecko_ingestion_dag.store_raw_data_in_hdfs scheduled__2025-02-22T00:00:00+00:00 [running]> on host af9744bbb9eb
[2025-02-25T16:04:37.901+0000] {taskinstance.py:1660} INFO - Exporting env vars: AIRFLOW_CTX_DAG_OWNER='etudiant' AIRFLOW_CTX_DAG_ID='coingecko_ingestion_dag' AIRFLOW_CTX_TASK_ID='store_raw_data_in_hdfs' AIRFLOW_CTX_EXECUTION_DATE='2025-02-22T00:00:00+00:00' AIRFLOW_CTX_TRY_NUMBER='1' AIRFLOW_CTX_DAG_RUN_ID='scheduled__2025-02-22T00:00:00+00:00'
[2025-02-25T16:04:37.917+0000] {taskinstance.py:1943} ERROR - Task failed with exception
Traceback (most recent call last):
  File "/home/airflow/.local/lib/python3.8/site-packages/airflow/operators/python.py", line 192, in execute
    return_value = self.execute_callable()
  File "/home/airflow/.local/lib/python3.8/site-packages/airflow/operators/python.py", line 209, in execute_callable
    return self.python_callable(*self.op_args, **self.op_kwargs)
  File "/opt/airflow/dags/pipeline.py", line 39, in store_raw_data_in_hdfs
    with open(local_file, 'w') as f:
PermissionError: [Errno 13] Permission denied: '/mnt/hadoop_data/coingecko_raw.json'
[2025-02-25T16:04:37.932+0000] {taskinstance.py:1400} INFO - Marking task as UP_FOR_RETRY. dag_id=coingecko_ingestion_dag, task_id=store_raw_data_in_hdfs, execution_date=20250222T000000, start_date=20250225T160437, end_date=20250225T160437
[2025-02-25T16:04:37.949+0000] {standard_task_runner.py:104} ERROR - Failed to execute job 160 for task store_raw_data_in_hdfs ([Errno 13] Permission denied: '/mnt/hadoop_data/coingecko_raw.json'; 669)
[2025-02-25T16:04:37.998+0000] {local_task_job_runner.py:228} INFO - Task exited with return code 1
[2025-02-25T16:04:38.024+0000] {taskinstance.py:2784} INFO - 0 downstream tasks scheduled from follow-on schedule check
