[2025-02-24T12:28:54.784+0000] {taskinstance.py:1159} INFO - Dependencies all met for dep_context=non-requeueable deps ti=<TaskInstance: coingecko_ingestion_dag.store_raw_data_in_hdfs scheduled__2025-01-01T00:00:00+00:00 [queued]>
[2025-02-24T12:28:54.797+0000] {taskinstance.py:1159} INFO - Dependencies all met for dep_context=requeueable deps ti=<TaskInstance: coingecko_ingestion_dag.store_raw_data_in_hdfs scheduled__2025-01-01T00:00:00+00:00 [queued]>
[2025-02-24T12:28:54.798+0000] {taskinstance.py:1361} INFO - Starting attempt 2 of 2
[2025-02-24T12:28:54.819+0000] {taskinstance.py:1382} INFO - Executing <Task(PythonOperator): store_raw_data_in_hdfs> on 2025-01-01 00:00:00+00:00
[2025-02-24T12:28:54.826+0000] {standard_task_runner.py:57} INFO - Started process 394 to run task
[2025-02-24T12:28:54.830+0000] {standard_task_runner.py:84} INFO - Running: ['***', 'tasks', 'run', 'coingecko_ingestion_dag', 'store_raw_data_in_hdfs', 'scheduled__2025-01-01T00:00:00+00:00', '--job-id', '10', '--raw', '--subdir', 'DAGS_FOLDER/pipeline.py', '--cfg-path', '/tmp/tmpjbyc1zkr']
[2025-02-24T12:28:54.836+0000] {standard_task_runner.py:85} INFO - Job 10: Subtask store_raw_data_in_hdfs
[2025-02-24T12:28:54.909+0000] {task_command.py:415} INFO - Running <TaskInstance: coingecko_ingestion_dag.store_raw_data_in_hdfs scheduled__2025-01-01T00:00:00+00:00 [running]> on host 94f70d9be3b1
[2025-02-24T12:28:55.009+0000] {taskinstance.py:1660} INFO - Exporting env vars: AIRFLOW_CTX_DAG_OWNER='etudiant' AIRFLOW_CTX_DAG_ID='coingecko_ingestion_dag' AIRFLOW_CTX_TASK_ID='store_raw_data_in_hdfs' AIRFLOW_CTX_EXECUTION_DATE='2025-01-01T00:00:00+00:00' AIRFLOW_CTX_TRY_NUMBER='2' AIRFLOW_CTX_DAG_RUN_ID='scheduled__2025-01-01T00:00:00+00:00'
[2025-02-24T12:29:02.013+0000] {python.py:194} INFO - Done. Returned value was: None
[2025-02-24T12:29:02.038+0000] {taskinstance.py:1400} INFO - Marking task as SUCCESS. dag_id=coingecko_ingestion_dag, task_id=store_raw_data_in_hdfs, execution_date=20250101T000000, start_date=20250224T122854, end_date=20250224T122902
[2025-02-24T12:29:02.099+0000] {local_task_job_runner.py:228} INFO - Task exited with return code 0
[2025-02-24T12:29:02.122+0000] {taskinstance.py:2784} INFO - 0 downstream tasks scheduled from follow-on schedule check
[2025-02-24T17:20:12.757+0000] {taskinstance.py:1159} INFO - Dependencies all met for dep_context=non-requeueable deps ti=<TaskInstance: coingecko_ingestion_dag.store_raw_data_in_hdfs scheduled__2025-01-01T00:00:00+00:00 [queued]>
[2025-02-24T17:20:12.773+0000] {taskinstance.py:1159} INFO - Dependencies all met for dep_context=requeueable deps ti=<TaskInstance: coingecko_ingestion_dag.store_raw_data_in_hdfs scheduled__2025-01-01T00:00:00+00:00 [queued]>
[2025-02-24T17:20:12.776+0000] {taskinstance.py:1361} INFO - Starting attempt 2 of 2
[2025-02-24T17:20:12.808+0000] {taskinstance.py:1382} INFO - Executing <Task(PythonOperator): store_raw_data_in_hdfs> on 2025-01-01 00:00:00+00:00
[2025-02-24T17:20:12.819+0000] {standard_task_runner.py:57} INFO - Started process 650 to run task
[2025-02-24T17:20:12.828+0000] {standard_task_runner.py:84} INFO - Running: ['***', 'tasks', 'run', 'coingecko_ingestion_dag', 'store_raw_data_in_hdfs', 'scheduled__2025-01-01T00:00:00+00:00', '--job-id', '47', '--raw', '--subdir', 'DAGS_FOLDER/test.py', '--cfg-path', '/tmp/tmp1anz41i9']
[2025-02-24T17:20:12.839+0000] {standard_task_runner.py:85} INFO - Job 47: Subtask store_raw_data_in_hdfs
[2025-02-24T17:20:12.939+0000] {task_command.py:415} INFO - Running <TaskInstance: coingecko_ingestion_dag.store_raw_data_in_hdfs scheduled__2025-01-01T00:00:00+00:00 [running]> on host 85b967fd3989
[2025-02-24T17:20:13.064+0000] {taskinstance.py:1660} INFO - Exporting env vars: AIRFLOW_CTX_DAG_OWNER='etudiant' AIRFLOW_CTX_DAG_ID='coingecko_ingestion_dag' AIRFLOW_CTX_TASK_ID='store_raw_data_in_hdfs' AIRFLOW_CTX_EXECUTION_DATE='2025-01-01T00:00:00+00:00' AIRFLOW_CTX_TRY_NUMBER='2' AIRFLOW_CTX_DAG_RUN_ID='scheduled__2025-01-01T00:00:00+00:00'
[2025-02-24T17:20:13.085+0000] {taskinstance.py:1943} ERROR - Task failed with exception
Traceback (most recent call last):
  File "/home/airflow/.local/lib/python3.8/site-packages/airflow/operators/python.py", line 192, in execute
    return_value = self.execute_callable()
  File "/home/airflow/.local/lib/python3.8/site-packages/airflow/operators/python.py", line 209, in execute_callable
    return self.python_callable(*self.op_args, **self.op_kwargs)
  File "/opt/airflow/dags/test.py", line 38, in store_raw_data_in_hdfs
    with open(local_file, 'w') as f:
PermissionError: [Errno 13] Permission denied: '/mnt/hadoop_data/coingecko_raw.json'
[2025-02-24T17:20:13.096+0000] {taskinstance.py:1400} INFO - Marking task as FAILED. dag_id=coingecko_ingestion_dag, task_id=store_raw_data_in_hdfs, execution_date=20250101T000000, start_date=20250224T172012, end_date=20250224T172013
[2025-02-24T17:20:13.112+0000] {standard_task_runner.py:104} ERROR - Failed to execute job 47 for task store_raw_data_in_hdfs ([Errno 13] Permission denied: '/mnt/hadoop_data/coingecko_raw.json'; 650)
[2025-02-24T17:20:13.142+0000] {local_task_job_runner.py:228} INFO - Task exited with return code 1
[2025-02-24T17:20:13.175+0000] {taskinstance.py:2784} INFO - 0 downstream tasks scheduled from follow-on schedule check
[2025-02-25T15:52:51.677+0000] {taskinstance.py:1159} INFO - Dependencies all met for dep_context=non-requeueable deps ti=<TaskInstance: coingecko_ingestion_dag.store_raw_data_in_hdfs scheduled__2025-01-01T00:00:00+00:00 [queued]>
[2025-02-25T15:52:51.715+0000] {taskinstance.py:1159} INFO - Dependencies all met for dep_context=requeueable deps ti=<TaskInstance: coingecko_ingestion_dag.store_raw_data_in_hdfs scheduled__2025-01-01T00:00:00+00:00 [queued]>
[2025-02-25T15:52:51.722+0000] {taskinstance.py:1361} INFO - Starting attempt 2 of 2
[2025-02-25T15:52:51.776+0000] {taskinstance.py:1382} INFO - Executing <Task(PythonOperator): store_raw_data_in_hdfs> on 2025-01-01 00:00:00+00:00
[2025-02-25T15:52:51.793+0000] {standard_task_runner.py:57} INFO - Started process 312 to run task
[2025-02-25T15:52:51.799+0000] {standard_task_runner.py:84} INFO - Running: ['***', 'tasks', 'run', 'coingecko_ingestion_dag', 'store_raw_data_in_hdfs', 'scheduled__2025-01-01T00:00:00+00:00', '--job-id', '35', '--raw', '--subdir', 'DAGS_FOLDER/pipeline.py', '--cfg-path', '/tmp/tmp__j7yqn5']
[2025-02-25T15:52:51.810+0000] {standard_task_runner.py:85} INFO - Job 35: Subtask store_raw_data_in_hdfs
[2025-02-25T15:52:51.979+0000] {task_command.py:415} INFO - Running <TaskInstance: coingecko_ingestion_dag.store_raw_data_in_hdfs scheduled__2025-01-01T00:00:00+00:00 [running]> on host af9744bbb9eb
[2025-02-25T15:52:52.197+0000] {taskinstance.py:1660} INFO - Exporting env vars: AIRFLOW_CTX_DAG_OWNER='etudiant' AIRFLOW_CTX_DAG_ID='coingecko_ingestion_dag' AIRFLOW_CTX_TASK_ID='store_raw_data_in_hdfs' AIRFLOW_CTX_EXECUTION_DATE='2025-01-01T00:00:00+00:00' AIRFLOW_CTX_TRY_NUMBER='2' AIRFLOW_CTX_DAG_RUN_ID='scheduled__2025-01-01T00:00:00+00:00'
[2025-02-25T15:52:52.258+0000] {taskinstance.py:1943} ERROR - Task failed with exception
Traceback (most recent call last):
  File "/home/airflow/.local/lib/python3.8/site-packages/airflow/operators/python.py", line 192, in execute
    return_value = self.execute_callable()
  File "/home/airflow/.local/lib/python3.8/site-packages/airflow/operators/python.py", line 209, in execute_callable
    return self.python_callable(*self.op_args, **self.op_kwargs)
  File "/opt/airflow/dags/pipeline.py", line 39, in store_raw_data_in_hdfs
    with open(local_file, 'w') as f:
PermissionError: [Errno 13] Permission denied: '/mnt/hadoop_data/coingecko_raw.json'
[2025-02-25T15:52:52.279+0000] {taskinstance.py:1400} INFO - Marking task as FAILED. dag_id=coingecko_ingestion_dag, task_id=store_raw_data_in_hdfs, execution_date=20250101T000000, start_date=20250225T155251, end_date=20250225T155252
[2025-02-25T15:52:52.311+0000] {standard_task_runner.py:104} ERROR - Failed to execute job 35 for task store_raw_data_in_hdfs ([Errno 13] Permission denied: '/mnt/hadoop_data/coingecko_raw.json'; 312)
[2025-02-25T15:52:52.356+0000] {local_task_job_runner.py:228} INFO - Task exited with return code 1
[2025-02-25T15:52:52.410+0000] {taskinstance.py:2784} INFO - 0 downstream tasks scheduled from follow-on schedule check
