[2025-02-24T17:20:25.157+0000] {taskinstance.py:1159} INFO - Dependencies all met for dep_context=non-requeueable deps ti=<TaskInstance: coingecko_ingestion_dag.fetch_data scheduled__2025-01-18T00:00:00+00:00 [queued]>
[2025-02-24T17:20:25.173+0000] {taskinstance.py:1159} INFO - Dependencies all met for dep_context=requeueable deps ti=<TaskInstance: coingecko_ingestion_dag.fetch_data scheduled__2025-01-18T00:00:00+00:00 [queued]>
[2025-02-24T17:20:25.178+0000] {taskinstance.py:1361} INFO - Starting attempt 1 of 2
[2025-02-24T17:20:25.227+0000] {taskinstance.py:1382} INFO - Executing <Task(PythonOperator): fetch_data> on 2025-01-18 00:00:00+00:00
[2025-02-24T17:20:25.235+0000] {standard_task_runner.py:57} INFO - Started process 661 to run task
[2025-02-24T17:20:25.240+0000] {standard_task_runner.py:84} INFO - Running: ['***', 'tasks', 'run', 'coingecko_ingestion_dag', 'fetch_data', 'scheduled__2025-01-18T00:00:00+00:00', '--job-id', '51', '--raw', '--subdir', 'DAGS_FOLDER/test.py', '--cfg-path', '/tmp/tmprvqpv6j6']
[2025-02-24T17:20:25.246+0000] {standard_task_runner.py:85} INFO - Job 51: Subtask fetch_data
[2025-02-24T17:20:25.354+0000] {task_command.py:415} INFO - Running <TaskInstance: coingecko_ingestion_dag.fetch_data scheduled__2025-01-18T00:00:00+00:00 [running]> on host 85b967fd3989
[2025-02-24T17:20:25.461+0000] {taskinstance.py:1660} INFO - Exporting env vars: AIRFLOW_CTX_DAG_OWNER='etudiant' AIRFLOW_CTX_DAG_ID='coingecko_ingestion_dag' AIRFLOW_CTX_TASK_ID='fetch_data' AIRFLOW_CTX_EXECUTION_DATE='2025-01-18T00:00:00+00:00' AIRFLOW_CTX_TRY_NUMBER='1' AIRFLOW_CTX_DAG_RUN_ID='scheduled__2025-01-18T00:00:00+00:00'
[2025-02-24T17:20:25.834+0000] {python.py:194} INFO - Done. Returned value was: None
[2025-02-24T17:20:25.849+0000] {taskinstance.py:1400} INFO - Marking task as SUCCESS. dag_id=coingecko_ingestion_dag, task_id=fetch_data, execution_date=20250118T000000, start_date=20250224T172025, end_date=20250224T172025
[2025-02-24T17:20:25.971+0000] {local_task_job_runner.py:228} INFO - Task exited with return code 0
[2025-02-24T17:20:26.024+0000] {taskinstance.py:2784} INFO - 1 downstream tasks scheduled from follow-on schedule check
[2025-02-25T15:53:01.105+0000] {taskinstance.py:1159} INFO - Dependencies all met for dep_context=non-requeueable deps ti=<TaskInstance: coingecko_ingestion_dag.fetch_data scheduled__2025-01-18T00:00:00+00:00 [queued]>
[2025-02-25T15:53:01.214+0000] {taskinstance.py:1159} INFO - Dependencies all met for dep_context=requeueable deps ti=<TaskInstance: coingecko_ingestion_dag.fetch_data scheduled__2025-01-18T00:00:00+00:00 [queued]>
[2025-02-25T15:53:01.219+0000] {taskinstance.py:1361} INFO - Starting attempt 1 of 2
[2025-02-25T15:53:01.534+0000] {taskinstance.py:1382} INFO - Executing <Task(PythonOperator): fetch_data> on 2025-01-18 00:00:00+00:00
[2025-02-25T15:53:01.570+0000] {standard_task_runner.py:57} INFO - Started process 348 to run task
[2025-02-25T15:53:01.647+0000] {standard_task_runner.py:84} INFO - Running: ['***', 'tasks', 'run', 'coingecko_ingestion_dag', 'fetch_data', 'scheduled__2025-01-18T00:00:00+00:00', '--job-id', '51', '--raw', '--subdir', 'DAGS_FOLDER/pipeline.py', '--cfg-path', '/tmp/tmp901qd4ax']
[2025-02-25T15:53:01.682+0000] {standard_task_runner.py:85} INFO - Job 51: Subtask fetch_data
[2025-02-25T15:53:01.897+0000] {task_command.py:415} INFO - Running <TaskInstance: coingecko_ingestion_dag.fetch_data scheduled__2025-01-18T00:00:00+00:00 [running]> on host af9744bbb9eb
[2025-02-25T15:53:02.354+0000] {taskinstance.py:1660} INFO - Exporting env vars: AIRFLOW_CTX_DAG_OWNER='etudiant' AIRFLOW_CTX_DAG_ID='coingecko_ingestion_dag' AIRFLOW_CTX_TASK_ID='fetch_data' AIRFLOW_CTX_EXECUTION_DATE='2025-01-18T00:00:00+00:00' AIRFLOW_CTX_TRY_NUMBER='1' AIRFLOW_CTX_DAG_RUN_ID='scheduled__2025-01-18T00:00:00+00:00'
[2025-02-25T15:53:02.933+0000] {python.py:194} INFO - Done. Returned value was: None
[2025-02-25T15:53:03.054+0000] {taskinstance.py:1400} INFO - Marking task as SUCCESS. dag_id=coingecko_ingestion_dag, task_id=fetch_data, execution_date=20250118T000000, start_date=20250225T155301, end_date=20250225T155303
[2025-02-25T15:53:03.514+0000] {local_task_job_runner.py:228} INFO - Task exited with return code 0
[2025-02-25T15:53:03.662+0000] {taskinstance.py:2784} INFO - 1 downstream tasks scheduled from follow-on schedule check
