[2025-02-24T17:15:03.846+0000] {taskinstance.py:1159} INFO - Dependencies all met for dep_context=non-requeueable deps ti=<TaskInstance: coingecko_ingestion_dag.fetch_data scheduled__2025-01-14T00:00:00+00:00 [queued]>
[2025-02-24T17:15:03.960+0000] {taskinstance.py:1159} INFO - Dependencies all met for dep_context=requeueable deps ti=<TaskInstance: coingecko_ingestion_dag.fetch_data scheduled__2025-01-14T00:00:00+00:00 [queued]>
[2025-02-24T17:15:03.961+0000] {taskinstance.py:1361} INFO - Starting attempt 1 of 2
[2025-02-24T17:15:04.237+0000] {taskinstance.py:1382} INFO - Executing <Task(PythonOperator): fetch_data> on 2025-01-14 00:00:00+00:00
[2025-02-24T17:15:04.324+0000] {standard_task_runner.py:57} INFO - Started process 481 to run task
[2025-02-24T17:15:04.365+0000] {standard_task_runner.py:84} INFO - Running: ['***', 'tasks', 'run', 'coingecko_ingestion_dag', 'fetch_data', 'scheduled__2025-01-14T00:00:00+00:00', '--job-id', '14', '--raw', '--subdir', 'DAGS_FOLDER/pipeline.py', '--cfg-path', '/tmp/tmp9liz0fb5']
[2025-02-24T17:15:04.385+0000] {standard_task_runner.py:85} INFO - Job 14: Subtask fetch_data
[2025-02-24T17:15:04.592+0000] {task_command.py:415} INFO - Running <TaskInstance: coingecko_ingestion_dag.fetch_data scheduled__2025-01-14T00:00:00+00:00 [running]> on host 85b967fd3989
[2025-02-24T17:15:04.787+0000] {taskinstance.py:1660} INFO - Exporting env vars: AIRFLOW_CTX_DAG_OWNER='etudiant' AIRFLOW_CTX_DAG_ID='coingecko_ingestion_dag' AIRFLOW_CTX_TASK_ID='fetch_data' AIRFLOW_CTX_EXECUTION_DATE='2025-01-14T00:00:00+00:00' AIRFLOW_CTX_TRY_NUMBER='1' AIRFLOW_CTX_DAG_RUN_ID='scheduled__2025-01-14T00:00:00+00:00'
[2025-02-24T17:15:05.033+0000] {python.py:194} INFO - Done. Returned value was: None
[2025-02-24T17:15:05.086+0000] {taskinstance.py:1400} INFO - Marking task as SUCCESS. dag_id=coingecko_ingestion_dag, task_id=fetch_data, execution_date=20250114T000000, start_date=20250224T171503, end_date=20250224T171505
[2025-02-24T17:15:05.599+0000] {local_task_job_runner.py:228} INFO - Task exited with return code 0
[2025-02-24T17:15:05.694+0000] {taskinstance.py:2784} INFO - 1 downstream tasks scheduled from follow-on schedule check
[2025-02-25T15:47:42.429+0000] {taskinstance.py:1159} INFO - Dependencies all met for dep_context=non-requeueable deps ti=<TaskInstance: coingecko_ingestion_dag.fetch_data scheduled__2025-01-14T00:00:00+00:00 [queued]>
[2025-02-25T15:47:42.457+0000] {taskinstance.py:1159} INFO - Dependencies all met for dep_context=requeueable deps ti=<TaskInstance: coingecko_ingestion_dag.fetch_data scheduled__2025-01-14T00:00:00+00:00 [queued]>
[2025-02-25T15:47:42.460+0000] {taskinstance.py:1361} INFO - Starting attempt 1 of 2
[2025-02-25T15:47:42.491+0000] {taskinstance.py:1382} INFO - Executing <Task(PythonOperator): fetch_data> on 2025-01-14 00:00:00+00:00
[2025-02-25T15:47:42.503+0000] {standard_task_runner.py:57} INFO - Started process 214 to run task
[2025-02-25T15:47:42.511+0000] {standard_task_runner.py:84} INFO - Running: ['***', 'tasks', 'run', 'coingecko_ingestion_dag', 'fetch_data', 'scheduled__2025-01-14T00:00:00+00:00', '--job-id', '16', '--raw', '--subdir', 'DAGS_FOLDER/pipeline.py', '--cfg-path', '/tmp/tmphyw52cdm']
[2025-02-25T15:47:42.519+0000] {standard_task_runner.py:85} INFO - Job 16: Subtask fetch_data
[2025-02-25T15:47:42.759+0000] {task_command.py:415} INFO - Running <TaskInstance: coingecko_ingestion_dag.fetch_data scheduled__2025-01-14T00:00:00+00:00 [running]> on host af9744bbb9eb
[2025-02-25T15:47:43.316+0000] {taskinstance.py:1660} INFO - Exporting env vars: AIRFLOW_CTX_DAG_OWNER='etudiant' AIRFLOW_CTX_DAG_ID='coingecko_ingestion_dag' AIRFLOW_CTX_TASK_ID='fetch_data' AIRFLOW_CTX_EXECUTION_DATE='2025-01-14T00:00:00+00:00' AIRFLOW_CTX_TRY_NUMBER='1' AIRFLOW_CTX_DAG_RUN_ID='scheduled__2025-01-14T00:00:00+00:00'
[2025-02-25T15:47:43.784+0000] {python.py:194} INFO - Done. Returned value was: None
[2025-02-25T15:47:43.857+0000] {taskinstance.py:1400} INFO - Marking task as SUCCESS. dag_id=coingecko_ingestion_dag, task_id=fetch_data, execution_date=20250114T000000, start_date=20250225T154742, end_date=20250225T154743
[2025-02-25T15:47:44.411+0000] {local_task_job_runner.py:228} INFO - Task exited with return code 0
[2025-02-25T15:47:44.557+0000] {taskinstance.py:2784} INFO - 1 downstream tasks scheduled from follow-on schedule check
