[2025-02-27T22:19:15.797+0000] {taskinstance.py:1149} INFO - Dependencies not met for <TaskInstance: coingecko_ingestion_dag.run_mapreduce_job manual__2025-02-27T21:09:57.462541+00:00 [up_for_retry]>, dependency 'Not In Retry Period' FAILED: Task is not ready for retry yet but will be retried automatically. Current date is 2025-02-27T22:19:15.797418+00:00 and task will be retried at 2025-02-27T22:24:10.855713+00:00.
[2025-02-27T22:19:15.804+0000] {local_task_job_runner.py:154} INFO - Task is not able to be run
[2025-02-28T10:10:58.900+0000] {taskinstance.py:1159} INFO - Dependencies all met for dep_context=non-requeueable deps ti=<TaskInstance: coingecko_ingestion_dag.run_mapreduce_job manual__2025-02-27T21:09:57.462541+00:00 [queued]>
[2025-02-28T10:10:58.916+0000] {taskinstance.py:1159} INFO - Dependencies all met for dep_context=requeueable deps ti=<TaskInstance: coingecko_ingestion_dag.run_mapreduce_job manual__2025-02-27T21:09:57.462541+00:00 [queued]>
[2025-02-28T10:10:58.917+0000] {taskinstance.py:1361} INFO - Starting attempt 3 of 4
[2025-02-28T10:10:58.953+0000] {taskinstance.py:1382} INFO - Executing <Task(BashOperator): run_mapreduce_job> on 2025-02-27 21:09:57.462541+00:00
[2025-02-28T10:10:58.959+0000] {standard_task_runner.py:57} INFO - Started process 179 to run task
[2025-02-28T10:10:58.966+0000] {standard_task_runner.py:84} INFO - Running: ['***', 'tasks', 'run', 'coingecko_ingestion_dag', 'run_mapreduce_job', 'manual__2025-02-27T21:09:57.462541+00:00', '--job-id', '540', '--raw', '--subdir', 'DAGS_FOLDER/pipeline.py', '--cfg-path', '/tmp/tmpno8b6jmf']
[2025-02-28T10:10:58.968+0000] {standard_task_runner.py:85} INFO - Job 540: Subtask run_mapreduce_job
[2025-02-28T10:10:59.060+0000] {task_command.py:415} INFO - Running <TaskInstance: coingecko_ingestion_dag.run_mapreduce_job manual__2025-02-27T21:09:57.462541+00:00 [running]> on host b86b19d2f863
[2025-02-28T10:10:59.166+0000] {logging_mixin.py:151} WARNING - /home/***/.local/lib/python3.8/site-packages/***/utils/context.py:206 AirflowContextDeprecationWarning: Accessing 'execution_date' from the template is deprecated and will be removed in a future version. Please use 'data_interval_start' or 'logical_date' instead.
[2025-02-28T10:10:59.206+0000] {taskinstance.py:1660} INFO - Exporting env vars: AIRFLOW_CTX_DAG_OWNER='etudiant' AIRFLOW_CTX_DAG_ID='coingecko_ingestion_dag' AIRFLOW_CTX_TASK_ID='run_mapreduce_job' AIRFLOW_CTX_EXECUTION_DATE='2025-02-27T21:09:57.462541+00:00' AIRFLOW_CTX_TRY_NUMBER='3' AIRFLOW_CTX_DAG_RUN_ID='manual__2025-02-27T21:09:57.462541+00:00'
[2025-02-28T10:10:59.208+0000] {subprocess.py:63} INFO - Tmp dir root location: /tmp
[2025-02-28T10:10:59.209+0000] {subprocess.py:75} INFO - Running command: ['/bin/bash', '-c', '\n        # نفحصو إذا المجلد موجود ونمسحوه إذا كان موجود\n        OUTPUT_DIR="/user/etudiant/crypto/processed/YYYY=2025/MM=02/DD=27"\n        docker exec -i namenode bash -c "hdfs dfs -test -d $OUTPUT_DIR && hdfs dfs -rm -r $OUTPUT_DIR || echo \'Directory does not exist, proceeding...\'"\n\n        # نشغلو MapReduce\n        docker exec -i namenode         hadoop jar /opt/hadoop-3.2.1/share/hadoop/tools/lib/hadoop-streaming-3.2.1.jar         -input /user/etudiant/crypto/raw/YYYY=2025/MM=02/DD=27/coingecko_raw.json         -output $OUTPUT_DIR         -mapper "python3 /tmp/mapper.py"         -reducer "python3 /tmp/reducer.py" 2>/tmp/mapreduce.log\n\n        # نفحصو إذا المخرجات تكتبات بنجاح\n        docker exec -i namenode hdfs dfs -test -e $OUTPUT_DIR/part-00000 || (echo "MapReduce failed to produce output. Check /tmp/mapreduce.log for details" && exit 1)\n        ']
[2025-02-28T10:10:59.224+0000] {subprocess.py:86} INFO - Output:
[2025-02-28T10:11:04.651+0000] {subprocess.py:93} INFO - rm: Cannot delete /user/etudiant/crypto/processed/YYYY=2025/MM=02/DD=27. Name node is in safe mode.
[2025-02-28T10:11:05.129+0000] {subprocess.py:93} INFO - Directory does not exist, proceeding...
[2025-02-28T10:11:09.555+0000] {subprocess.py:97} INFO - Command exited with return code 0
[2025-02-28T10:11:09.591+0000] {taskinstance.py:1400} INFO - Marking task as SUCCESS. dag_id=coingecko_ingestion_dag, task_id=run_mapreduce_job, execution_date=20250227T210957, start_date=20250228T101058, end_date=20250228T101109
[2025-02-28T10:11:09.637+0000] {local_task_job_runner.py:228} INFO - Task exited with return code 0
[2025-02-28T10:11:09.659+0000] {taskinstance.py:2784} INFO - 1 downstream tasks scheduled from follow-on schedule check
