[2025-02-27T22:19:02.931+0000] {taskinstance.py:1159} INFO - Dependencies all met for dep_context=non-requeueable deps ti=<TaskInstance: coingecko_ingestion_dag.run_mapreduce_job manual__2025-02-27T21:09:57.462541+00:00 [queued]>
[2025-02-27T22:19:02.963+0000] {taskinstance.py:1159} INFO - Dependencies all met for dep_context=requeueable deps ti=<TaskInstance: coingecko_ingestion_dag.run_mapreduce_job manual__2025-02-27T21:09:57.462541+00:00 [queued]>
[2025-02-27T22:19:02.964+0000] {taskinstance.py:1361} INFO - Starting attempt 2 of 4
[2025-02-27T22:19:02.996+0000] {taskinstance.py:1382} INFO - Executing <Task(BashOperator): run_mapreduce_job> on 2025-02-27 21:09:57.462541+00:00
[2025-02-27T22:19:03.005+0000] {standard_task_runner.py:57} INFO - Started process 1486 to run task
[2025-02-27T22:19:03.012+0000] {standard_task_runner.py:84} INFO - Running: ['***', 'tasks', 'run', 'coingecko_ingestion_dag', 'run_mapreduce_job', 'manual__2025-02-27T21:09:57.462541+00:00', '--job-id', '508', '--raw', '--subdir', 'DAGS_FOLDER/pipeline.py', '--cfg-path', '/tmp/tmpn3xfzof9']
[2025-02-27T22:19:03.016+0000] {standard_task_runner.py:85} INFO - Job 508: Subtask run_mapreduce_job
[2025-02-27T22:19:03.146+0000] {task_command.py:415} INFO - Running <TaskInstance: coingecko_ingestion_dag.run_mapreduce_job manual__2025-02-27T21:09:57.462541+00:00 [running]> on host b86b19d2f863
[2025-02-27T22:19:03.266+0000] {logging_mixin.py:151} WARNING - /home/***/.local/lib/python3.8/site-packages/***/utils/context.py:206 AirflowContextDeprecationWarning: Accessing 'execution_date' from the template is deprecated and will be removed in a future version. Please use 'data_interval_start' or 'logical_date' instead.
[2025-02-27T22:19:03.335+0000] {taskinstance.py:1660} INFO - Exporting env vars: AIRFLOW_CTX_DAG_OWNER='etudiant' AIRFLOW_CTX_DAG_ID='coingecko_ingestion_dag' AIRFLOW_CTX_TASK_ID='run_mapreduce_job' AIRFLOW_CTX_EXECUTION_DATE='2025-02-27T21:09:57.462541+00:00' AIRFLOW_CTX_TRY_NUMBER='2' AIRFLOW_CTX_DAG_RUN_ID='manual__2025-02-27T21:09:57.462541+00:00'
[2025-02-27T22:19:03.339+0000] {subprocess.py:63} INFO - Tmp dir root location: /tmp
[2025-02-27T22:19:03.348+0000] {subprocess.py:75} INFO - Running command: ['/bin/bash', '-c', '\n        # نفحصو إذا المجلد موجود ونمسحوه إذا كان موجود\n        OUTPUT_DIR="/user/etudiant/crypto/processed/YYYY=2025/MM=02/DD=27"\n        docker exec -i namenode bash -c "hdfs dfs -test -d $OUTPUT_DIR && hdfs dfs -rm -r $OUTPUT_DIR || echo \'Directory does not exist, proceeding...\'"\n\n        # نشغلو MapReduce\n        docker exec -i namenode         hadoop jar /opt/hadoop-3.2.1/share/hadoop/tools/lib/hadoop-streaming-3.2.1.jar         -input /user/etudiant/crypto/raw/YYYY=2025/MM=02/DD=27/coingecko_raw.json         -output $OUTPUT_DIR         -mapper "python3 /tmp/mapper.py"         -reducer "python3 /tmp/reducer.py" 2>/tmp/mapreduce.log\n\n        # نفحصو إذا المخرجات تكتبات بنجاح\n        docker exec -i namenode hdfs dfs -test -e $OUTPUT_DIR/part-00000 || (echo "MapReduce failed to produce output. Check /tmp/mapreduce.log for details" && exit 1)\n        ']
[2025-02-27T22:19:03.369+0000] {subprocess.py:86} INFO - Output:
[2025-02-27T22:19:10.786+0000] {subprocess.py:93} INFO - Error response from daemon: container 461fffecdd154f9ce01f1c304d688b4ad07917755db140b02b635e0025479f6f is not running
[2025-02-27T22:19:10.796+0000] {subprocess.py:93} INFO - MapReduce failed to produce output. Check /tmp/mapreduce.log for details
[2025-02-27T22:19:10.804+0000] {subprocess.py:97} INFO - Command exited with return code 1
[2025-02-27T22:19:10.847+0000] {taskinstance.py:1943} ERROR - Task failed with exception
Traceback (most recent call last):
  File "/home/airflow/.local/lib/python3.8/site-packages/airflow/operators/bash.py", line 210, in execute
    raise AirflowException(
airflow.exceptions.AirflowException: Bash command failed. The command returned a non-zero exit code 1.
[2025-02-27T22:19:10.856+0000] {taskinstance.py:1400} INFO - Marking task as UP_FOR_RETRY. dag_id=coingecko_ingestion_dag, task_id=run_mapreduce_job, execution_date=20250227T210957, start_date=20250227T221902, end_date=20250227T221910
[2025-02-27T22:19:10.913+0000] {standard_task_runner.py:104} ERROR - Failed to execute job 508 for task run_mapreduce_job (Bash command failed. The command returned a non-zero exit code 1.; 1486)
[2025-02-27T22:19:10.963+0000] {local_task_job_runner.py:228} INFO - Task exited with return code 1
[2025-02-27T22:19:11.066+0000] {taskinstance.py:2784} INFO - 0 downstream tasks scheduled from follow-on schedule check
