[2025-02-24T17:25:31.477+0000] {taskinstance.py:1159} INFO - Dependencies all met for dep_context=non-requeueable deps ti=<TaskInstance: coingecko_ingestion_dag.store_raw_data_in_hdfs scheduled__2025-01-25T00:00:00+00:00 [queued]>
[2025-02-24T17:25:31.519+0000] {taskinstance.py:1159} INFO - Dependencies all met for dep_context=requeueable deps ti=<TaskInstance: coingecko_ingestion_dag.store_raw_data_in_hdfs scheduled__2025-01-25T00:00:00+00:00 [queued]>
[2025-02-24T17:25:31.539+0000] {taskinstance.py:1361} INFO - Starting attempt 2 of 2
[2025-02-24T17:25:31.595+0000] {taskinstance.py:1382} INFO - Executing <Task(PythonOperator): store_raw_data_in_hdfs> on 2025-01-25 00:00:00+00:00
[2025-02-24T17:25:31.639+0000] {standard_task_runner.py:57} INFO - Started process 839 to run task
[2025-02-24T17:25:31.648+0000] {standard_task_runner.py:84} INFO - Running: ['***', 'tasks', 'run', 'coingecko_ingestion_dag', 'store_raw_data_in_hdfs', 'scheduled__2025-01-25T00:00:00+00:00', '--job-id', '90', '--raw', '--subdir', 'DAGS_FOLDER/test.py', '--cfg-path', '/tmp/tmpnbgd2xli']
[2025-02-24T17:25:31.660+0000] {standard_task_runner.py:85} INFO - Job 90: Subtask store_raw_data_in_hdfs
[2025-02-24T17:25:31.858+0000] {task_command.py:415} INFO - Running <TaskInstance: coingecko_ingestion_dag.store_raw_data_in_hdfs scheduled__2025-01-25T00:00:00+00:00 [running]> on host 85b967fd3989
[2025-02-24T17:25:32.151+0000] {taskinstance.py:1660} INFO - Exporting env vars: AIRFLOW_CTX_DAG_OWNER='etudiant' AIRFLOW_CTX_DAG_ID='coingecko_ingestion_dag' AIRFLOW_CTX_TASK_ID='store_raw_data_in_hdfs' AIRFLOW_CTX_EXECUTION_DATE='2025-01-25T00:00:00+00:00' AIRFLOW_CTX_TRY_NUMBER='2' AIRFLOW_CTX_DAG_RUN_ID='scheduled__2025-01-25T00:00:00+00:00'
[2025-02-24T17:25:32.223+0000] {taskinstance.py:1943} ERROR - Task failed with exception
Traceback (most recent call last):
  File "/home/airflow/.local/lib/python3.8/site-packages/airflow/operators/python.py", line 192, in execute
    return_value = self.execute_callable()
  File "/home/airflow/.local/lib/python3.8/site-packages/airflow/operators/python.py", line 209, in execute_callable
    return self.python_callable(*self.op_args, **self.op_kwargs)
  File "/opt/airflow/dags/test.py", line 38, in store_raw_data_in_hdfs
    with open(local_file, 'w') as f:
PermissionError: [Errno 13] Permission denied: '/mnt/hadoop_data/coingecko_raw.json'
[2025-02-24T17:25:32.250+0000] {taskinstance.py:1400} INFO - Marking task as FAILED. dag_id=coingecko_ingestion_dag, task_id=store_raw_data_in_hdfs, execution_date=20250125T000000, start_date=20250224T172531, end_date=20250224T172532
[2025-02-24T17:25:32.297+0000] {standard_task_runner.py:104} ERROR - Failed to execute job 90 for task store_raw_data_in_hdfs ([Errno 13] Permission denied: '/mnt/hadoop_data/coingecko_raw.json'; 839)
[2025-02-24T17:25:32.342+0000] {local_task_job_runner.py:228} INFO - Task exited with return code 1
[2025-02-24T17:25:32.418+0000] {taskinstance.py:2784} INFO - 0 downstream tasks scheduled from follow-on schedule check
[2025-02-25T15:58:50.158+0000] {taskinstance.py:1159} INFO - Dependencies all met for dep_context=non-requeueable deps ti=<TaskInstance: coingecko_ingestion_dag.store_raw_data_in_hdfs scheduled__2025-01-25T00:00:00+00:00 [queued]>
[2025-02-25T15:58:50.168+0000] {taskinstance.py:1159} INFO - Dependencies all met for dep_context=requeueable deps ti=<TaskInstance: coingecko_ingestion_dag.store_raw_data_in_hdfs scheduled__2025-01-25T00:00:00+00:00 [queued]>
[2025-02-25T15:58:50.169+0000] {taskinstance.py:1361} INFO - Starting attempt 2 of 2
[2025-02-25T15:58:50.183+0000] {taskinstance.py:1382} INFO - Executing <Task(PythonOperator): store_raw_data_in_hdfs> on 2025-01-25 00:00:00+00:00
[2025-02-25T15:58:50.187+0000] {standard_task_runner.py:57} INFO - Started process 479 to run task
[2025-02-25T15:58:50.191+0000] {standard_task_runner.py:84} INFO - Running: ['***', 'tasks', 'run', 'coingecko_ingestion_dag', 'store_raw_data_in_hdfs', 'scheduled__2025-01-25T00:00:00+00:00', '--job-id', '93', '--raw', '--subdir', 'DAGS_FOLDER/pipeline.py', '--cfg-path', '/tmp/tmpkfo80yt6']
[2025-02-25T15:58:50.198+0000] {standard_task_runner.py:85} INFO - Job 93: Subtask store_raw_data_in_hdfs
[2025-02-25T15:58:50.248+0000] {task_command.py:415} INFO - Running <TaskInstance: coingecko_ingestion_dag.store_raw_data_in_hdfs scheduled__2025-01-25T00:00:00+00:00 [running]> on host af9744bbb9eb
[2025-02-25T15:58:50.317+0000] {taskinstance.py:1660} INFO - Exporting env vars: AIRFLOW_CTX_DAG_OWNER='etudiant' AIRFLOW_CTX_DAG_ID='coingecko_ingestion_dag' AIRFLOW_CTX_TASK_ID='store_raw_data_in_hdfs' AIRFLOW_CTX_EXECUTION_DATE='2025-01-25T00:00:00+00:00' AIRFLOW_CTX_TRY_NUMBER='2' AIRFLOW_CTX_DAG_RUN_ID='scheduled__2025-01-25T00:00:00+00:00'
[2025-02-25T15:58:50.328+0000] {taskinstance.py:1943} ERROR - Task failed with exception
Traceback (most recent call last):
  File "/home/airflow/.local/lib/python3.8/site-packages/airflow/operators/python.py", line 192, in execute
    return_value = self.execute_callable()
  File "/home/airflow/.local/lib/python3.8/site-packages/airflow/operators/python.py", line 209, in execute_callable
    return self.python_callable(*self.op_args, **self.op_kwargs)
  File "/opt/airflow/dags/pipeline.py", line 39, in store_raw_data_in_hdfs
    with open(local_file, 'w') as f:
PermissionError: [Errno 13] Permission denied: '/mnt/hadoop_data/coingecko_raw.json'
[2025-02-25T15:58:50.336+0000] {taskinstance.py:1400} INFO - Marking task as FAILED. dag_id=coingecko_ingestion_dag, task_id=store_raw_data_in_hdfs, execution_date=20250125T000000, start_date=20250225T155850, end_date=20250225T155850
[2025-02-25T15:58:50.345+0000] {standard_task_runner.py:104} ERROR - Failed to execute job 93 for task store_raw_data_in_hdfs ([Errno 13] Permission denied: '/mnt/hadoop_data/coingecko_raw.json'; 479)
[2025-02-25T15:58:50.370+0000] {local_task_job_runner.py:228} INFO - Task exited with return code 1
[2025-02-25T15:58:50.383+0000] {taskinstance.py:2784} INFO - 0 downstream tasks scheduled from follow-on schedule check
