[2025-02-24T17:15:05.290+0000] {taskinstance.py:1159} INFO - Dependencies all met for dep_context=non-requeueable deps ti=<TaskInstance: coingecko_ingestion_dag.fetch_data scheduled__2025-01-16T00:00:00+00:00 [queued]>
[2025-02-24T17:15:05.310+0000] {taskinstance.py:1159} INFO - Dependencies all met for dep_context=requeueable deps ti=<TaskInstance: coingecko_ingestion_dag.fetch_data scheduled__2025-01-16T00:00:00+00:00 [queued]>
[2025-02-24T17:15:05.312+0000] {taskinstance.py:1361} INFO - Starting attempt 1 of 2
[2025-02-24T17:15:05.339+0000] {taskinstance.py:1382} INFO - Executing <Task(PythonOperator): fetch_data> on 2025-01-16 00:00:00+00:00
[2025-02-24T17:15:05.357+0000] {standard_task_runner.py:57} INFO - Started process 500 to run task
[2025-02-24T17:15:05.363+0000] {standard_task_runner.py:84} INFO - Running: ['***', 'tasks', 'run', 'coingecko_ingestion_dag', 'fetch_data', 'scheduled__2025-01-16T00:00:00+00:00', '--job-id', '17', '--raw', '--subdir', 'DAGS_FOLDER/pipeline.py', '--cfg-path', '/tmp/tmpqqnj3pks']
[2025-02-24T17:15:05.369+0000] {standard_task_runner.py:85} INFO - Job 17: Subtask fetch_data
[2025-02-24T17:15:05.569+0000] {task_command.py:415} INFO - Running <TaskInstance: coingecko_ingestion_dag.fetch_data scheduled__2025-01-16T00:00:00+00:00 [running]> on host 85b967fd3989
[2025-02-24T17:15:05.870+0000] {taskinstance.py:1660} INFO - Exporting env vars: AIRFLOW_CTX_DAG_OWNER='etudiant' AIRFLOW_CTX_DAG_ID='coingecko_ingestion_dag' AIRFLOW_CTX_TASK_ID='fetch_data' AIRFLOW_CTX_EXECUTION_DATE='2025-01-16T00:00:00+00:00' AIRFLOW_CTX_TRY_NUMBER='1' AIRFLOW_CTX_DAG_RUN_ID='scheduled__2025-01-16T00:00:00+00:00'
[2025-02-24T17:15:06.225+0000] {python.py:194} INFO - Done. Returned value was: None
[2025-02-24T17:15:06.274+0000] {taskinstance.py:1400} INFO - Marking task as SUCCESS. dag_id=coingecko_ingestion_dag, task_id=fetch_data, execution_date=20250116T000000, start_date=20250224T171505, end_date=20250224T171506
[2025-02-24T17:15:06.385+0000] {local_task_job_runner.py:228} INFO - Task exited with return code 0
[2025-02-24T17:15:06.479+0000] {taskinstance.py:2784} INFO - 1 downstream tasks scheduled from follow-on schedule check
[2025-02-25T15:53:01.159+0000] {taskinstance.py:1159} INFO - Dependencies all met for dep_context=non-requeueable deps ti=<TaskInstance: coingecko_ingestion_dag.fetch_data scheduled__2025-01-16T00:00:00+00:00 [queued]>
[2025-02-25T15:53:01.241+0000] {taskinstance.py:1159} INFO - Dependencies all met for dep_context=requeueable deps ti=<TaskInstance: coingecko_ingestion_dag.fetch_data scheduled__2025-01-16T00:00:00+00:00 [queued]>
[2025-02-25T15:53:01.248+0000] {taskinstance.py:1361} INFO - Starting attempt 1 of 2
[2025-02-25T15:53:01.523+0000] {taskinstance.py:1382} INFO - Executing <Task(PythonOperator): fetch_data> on 2025-01-16 00:00:00+00:00
[2025-02-25T15:53:01.585+0000] {standard_task_runner.py:57} INFO - Started process 350 to run task
[2025-02-25T15:53:01.617+0000] {standard_task_runner.py:84} INFO - Running: ['***', 'tasks', 'run', 'coingecko_ingestion_dag', 'fetch_data', 'scheduled__2025-01-16T00:00:00+00:00', '--job-id', '52', '--raw', '--subdir', 'DAGS_FOLDER/pipeline.py', '--cfg-path', '/tmp/tmpcvq19elz']
[2025-02-25T15:53:01.633+0000] {standard_task_runner.py:85} INFO - Job 52: Subtask fetch_data
[2025-02-25T15:53:01.826+0000] {task_command.py:415} INFO - Running <TaskInstance: coingecko_ingestion_dag.fetch_data scheduled__2025-01-16T00:00:00+00:00 [running]> on host af9744bbb9eb
[2025-02-25T15:53:02.259+0000] {taskinstance.py:1660} INFO - Exporting env vars: AIRFLOW_CTX_DAG_OWNER='etudiant' AIRFLOW_CTX_DAG_ID='coingecko_ingestion_dag' AIRFLOW_CTX_TASK_ID='fetch_data' AIRFLOW_CTX_EXECUTION_DATE='2025-01-16T00:00:00+00:00' AIRFLOW_CTX_TRY_NUMBER='1' AIRFLOW_CTX_DAG_RUN_ID='scheduled__2025-01-16T00:00:00+00:00'
[2025-02-25T15:53:02.720+0000] {python.py:194} INFO - Done. Returned value was: None
[2025-02-25T15:53:02.818+0000] {taskinstance.py:1400} INFO - Marking task as SUCCESS. dag_id=coingecko_ingestion_dag, task_id=fetch_data, execution_date=20250116T000000, start_date=20250225T155301, end_date=20250225T155302
[2025-02-25T15:53:02.979+0000] {local_task_job_runner.py:228} INFO - Task exited with return code 0
[2025-02-25T15:53:03.457+0000] {taskinstance.py:2784} INFO - 0 downstream tasks scheduled from follow-on schedule check
