[2025-02-24T17:30:49.263+0000] {taskinstance.py:1159} INFO - Dependencies all met for dep_context=non-requeueable deps ti=<TaskInstance: coingecko_ingestion_dag.fetch_data scheduled__2025-02-19T00:00:00+00:00 [queued]>
[2025-02-24T17:30:49.321+0000] {taskinstance.py:1159} INFO - Dependencies all met for dep_context=requeueable deps ti=<TaskInstance: coingecko_ingestion_dag.fetch_data scheduled__2025-02-19T00:00:00+00:00 [queued]>
[2025-02-24T17:30:49.322+0000] {taskinstance.py:1361} INFO - Starting attempt 1 of 2
[2025-02-24T17:30:49.383+0000] {taskinstance.py:1382} INFO - Executing <Task(PythonOperator): fetch_data> on 2025-02-19 00:00:00+00:00
[2025-02-24T17:30:49.404+0000] {standard_task_runner.py:57} INFO - Started process 1062 to run task
[2025-02-24T17:30:49.413+0000] {standard_task_runner.py:84} INFO - Running: ['***', 'tasks', 'run', 'coingecko_ingestion_dag', 'fetch_data', 'scheduled__2025-02-19T00:00:00+00:00', '--job-id', '147', '--raw', '--subdir', 'DAGS_FOLDER/pipeline.py', '--cfg-path', '/tmp/tmp2b0dl9p7']
[2025-02-24T17:30:49.435+0000] {standard_task_runner.py:85} INFO - Job 147: Subtask fetch_data
[2025-02-24T17:30:49.894+0000] {task_command.py:415} INFO - Running <TaskInstance: coingecko_ingestion_dag.fetch_data scheduled__2025-02-19T00:00:00+00:00 [running]> on host 85b967fd3989
[2025-02-24T17:30:50.380+0000] {taskinstance.py:1660} INFO - Exporting env vars: AIRFLOW_CTX_DAG_OWNER='etudiant' AIRFLOW_CTX_DAG_ID='coingecko_ingestion_dag' AIRFLOW_CTX_TASK_ID='fetch_data' AIRFLOW_CTX_EXECUTION_DATE='2025-02-19T00:00:00+00:00' AIRFLOW_CTX_TRY_NUMBER='1' AIRFLOW_CTX_DAG_RUN_ID='scheduled__2025-02-19T00:00:00+00:00'
[2025-02-24T17:30:51.020+0000] {python.py:194} INFO - Done. Returned value was: None
[2025-02-24T17:30:51.060+0000] {taskinstance.py:1400} INFO - Marking task as SUCCESS. dag_id=coingecko_ingestion_dag, task_id=fetch_data, execution_date=20250219T000000, start_date=20250224T173049, end_date=20250224T173051
[2025-02-24T17:30:51.122+0000] {local_task_job_runner.py:228} INFO - Task exited with return code 0
[2025-02-24T17:30:51.170+0000] {taskinstance.py:2784} INFO - 1 downstream tasks scheduled from follow-on schedule check
[2025-02-25T16:04:29.672+0000] {taskinstance.py:1159} INFO - Dependencies all met for dep_context=non-requeueable deps ti=<TaskInstance: coingecko_ingestion_dag.fetch_data scheduled__2025-02-19T00:00:00+00:00 [queued]>
[2025-02-25T16:04:29.691+0000] {taskinstance.py:1159} INFO - Dependencies all met for dep_context=requeueable deps ti=<TaskInstance: coingecko_ingestion_dag.fetch_data scheduled__2025-02-19T00:00:00+00:00 [queued]>
[2025-02-25T16:04:29.694+0000] {taskinstance.py:1361} INFO - Starting attempt 1 of 2
[2025-02-25T16:04:29.712+0000] {taskinstance.py:1382} INFO - Executing <Task(PythonOperator): fetch_data> on 2025-02-19 00:00:00+00:00
[2025-02-25T16:04:29.719+0000] {standard_task_runner.py:57} INFO - Started process 644 to run task
[2025-02-25T16:04:29.724+0000] {standard_task_runner.py:84} INFO - Running: ['***', 'tasks', 'run', 'coingecko_ingestion_dag', 'fetch_data', 'scheduled__2025-02-19T00:00:00+00:00', '--job-id', '146', '--raw', '--subdir', 'DAGS_FOLDER/pipeline.py', '--cfg-path', '/tmp/tmplzll5krj']
[2025-02-25T16:04:29.730+0000] {standard_task_runner.py:85} INFO - Job 146: Subtask fetch_data
[2025-02-25T16:04:29.808+0000] {task_command.py:415} INFO - Running <TaskInstance: coingecko_ingestion_dag.fetch_data scheduled__2025-02-19T00:00:00+00:00 [running]> on host af9744bbb9eb
[2025-02-25T16:04:29.928+0000] {taskinstance.py:1660} INFO - Exporting env vars: AIRFLOW_CTX_DAG_OWNER='etudiant' AIRFLOW_CTX_DAG_ID='coingecko_ingestion_dag' AIRFLOW_CTX_TASK_ID='fetch_data' AIRFLOW_CTX_EXECUTION_DATE='2025-02-19T00:00:00+00:00' AIRFLOW_CTX_TRY_NUMBER='1' AIRFLOW_CTX_DAG_RUN_ID='scheduled__2025-02-19T00:00:00+00:00'
[2025-02-25T16:04:30.155+0000] {python.py:194} INFO - Done. Returned value was: None
[2025-02-25T16:04:30.165+0000] {taskinstance.py:1400} INFO - Marking task as SUCCESS. dag_id=coingecko_ingestion_dag, task_id=fetch_data, execution_date=20250219T000000, start_date=20250225T160429, end_date=20250225T160430
[2025-02-25T16:04:30.193+0000] {local_task_job_runner.py:228} INFO - Task exited with return code 0
[2025-02-25T16:04:30.217+0000] {taskinstance.py:2784} INFO - 1 downstream tasks scheduled from follow-on schedule check
