[2025-02-27T15:07:54.133+0000] {taskinstance.py:1159} INFO - Dependencies all met for dep_context=non-requeueable deps ti=<TaskInstance: coingecko_ingestion_dag.run_mapreduce_job manual__2025-02-27T15:02:40.260906+00:00 [queued]>
[2025-02-27T15:07:54.146+0000] {taskinstance.py:1159} INFO - Dependencies all met for dep_context=requeueable deps ti=<TaskInstance: coingecko_ingestion_dag.run_mapreduce_job manual__2025-02-27T15:02:40.260906+00:00 [queued]>
[2025-02-27T15:07:54.147+0000] {taskinstance.py:1361} INFO - Starting attempt 2 of 4
[2025-02-27T15:07:54.169+0000] {taskinstance.py:1382} INFO - Executing <Task(BashOperator): run_mapreduce_job> on 2025-02-27 15:02:40.260906+00:00
[2025-02-27T15:07:54.174+0000] {standard_task_runner.py:57} INFO - Started process 329 to run task
[2025-02-27T15:07:54.181+0000] {standard_task_runner.py:84} INFO - Running: ['***', 'tasks', 'run', 'coingecko_ingestion_dag', 'run_mapreduce_job', 'manual__2025-02-27T15:02:40.260906+00:00', '--job-id', '347', '--raw', '--subdir', 'DAGS_FOLDER/pipeline.py', '--cfg-path', '/tmp/tmpfvb1dxuo']
[2025-02-27T15:07:54.186+0000] {standard_task_runner.py:85} INFO - Job 347: Subtask run_mapreduce_job
[2025-02-27T15:07:54.240+0000] {task_command.py:415} INFO - Running <TaskInstance: coingecko_ingestion_dag.run_mapreduce_job manual__2025-02-27T15:02:40.260906+00:00 [running]> on host d3f9e45e912b
[2025-02-27T15:07:54.311+0000] {logging_mixin.py:151} WARNING - /home/***/.local/lib/python3.8/site-packages/***/utils/context.py:206 AirflowContextDeprecationWarning: Accessing 'execution_date' from the template is deprecated and will be removed in a future version. Please use 'data_interval_start' or 'logical_date' instead.
[2025-02-27T15:07:54.351+0000] {taskinstance.py:1660} INFO - Exporting env vars: AIRFLOW_CTX_DAG_OWNER='etudiant' AIRFLOW_CTX_DAG_ID='coingecko_ingestion_dag' AIRFLOW_CTX_TASK_ID='run_mapreduce_job' AIRFLOW_CTX_EXECUTION_DATE='2025-02-27T15:02:40.260906+00:00' AIRFLOW_CTX_TRY_NUMBER='2' AIRFLOW_CTX_DAG_RUN_ID='manual__2025-02-27T15:02:40.260906+00:00'
[2025-02-27T15:07:54.357+0000] {subprocess.py:63} INFO - Tmp dir root location: /tmp
[2025-02-27T15:07:54.358+0000] {subprocess.py:75} INFO - Running command: ['/bin/bash', '-c', '\n        docker exec -i namenode         hadoop jar /opt/hadoop-3.2.1/share/hadoop/tools/lib/hadoop-streaming-3.2.1.jar         -input /user/etudiant/crypto/raw/YYYY=2025/MM=02/DD=27/coingecko_raw.json         -output /user/etudiant/crypto/processed/YYYY=2025/MM=02/DD=27         -mapper "python3 /tmp/mapper.py"         -reducer "python3 /tmp/reducer.py"\n        ']
[2025-02-27T15:07:54.374+0000] {subprocess.py:86} INFO - Output:
[2025-02-27T15:07:56.003+0000] {subprocess.py:93} INFO - 2025-02-27 15:07:56,002 INFO impl.MetricsConfig: Loaded properties from hadoop-metrics2.properties
[2025-02-27T15:07:56.068+0000] {subprocess.py:93} INFO - 2025-02-27 15:07:56,067 INFO impl.MetricsSystemImpl: Scheduled Metric snapshot period at 10 second(s).
[2025-02-27T15:07:56.068+0000] {subprocess.py:93} INFO - 2025-02-27 15:07:56,067 INFO impl.MetricsSystemImpl: JobTracker metrics system started
[2025-02-27T15:07:56.089+0000] {subprocess.py:93} INFO - 2025-02-27 15:07:56,088 WARN impl.MetricsSystemImpl: JobTracker metrics system already initialized!
[2025-02-27T15:07:56.295+0000] {subprocess.py:93} INFO - 2025-02-27 15:07:56,290 ERROR streaming.StreamJob: Error Launching job : Output directory hdfs://namenode:9000/user/etudiant/crypto/processed/YYYY=2025/MM=02/DD=27 already exists
[2025-02-27T15:07:56.298+0000] {subprocess.py:93} INFO - Streaming Command Failed!
[2025-02-27T15:07:56.832+0000] {subprocess.py:97} INFO - Command exited with return code 5
[2025-02-27T15:07:56.847+0000] {taskinstance.py:1943} ERROR - Task failed with exception
Traceback (most recent call last):
  File "/home/airflow/.local/lib/python3.8/site-packages/airflow/operators/bash.py", line 210, in execute
    raise AirflowException(
airflow.exceptions.AirflowException: Bash command failed. The command returned a non-zero exit code 5.
[2025-02-27T15:07:56.852+0000] {taskinstance.py:1400} INFO - Marking task as UP_FOR_RETRY. dag_id=coingecko_ingestion_dag, task_id=run_mapreduce_job, execution_date=20250227T150240, start_date=20250227T150754, end_date=20250227T150756
[2025-02-27T15:07:56.868+0000] {standard_task_runner.py:104} ERROR - Failed to execute job 347 for task run_mapreduce_job (Bash command failed. The command returned a non-zero exit code 5.; 329)
[2025-02-27T15:07:56.905+0000] {local_task_job_runner.py:228} INFO - Task exited with return code 1
[2025-02-27T15:07:56.937+0000] {taskinstance.py:2784} INFO - 0 downstream tasks scheduled from follow-on schedule check
