[2025-02-24T17:25:41.539+0000] {taskinstance.py:1159} INFO - Dependencies all met for dep_context=non-requeueable deps ti=<TaskInstance: coingecko_ingestion_dag.store_raw_data_in_hdfs scheduled__2025-02-15T00:00:00+00:00 [queued]>
[2025-02-24T17:25:41.549+0000] {taskinstance.py:1159} INFO - Dependencies all met for dep_context=requeueable deps ti=<TaskInstance: coingecko_ingestion_dag.store_raw_data_in_hdfs scheduled__2025-02-15T00:00:00+00:00 [queued]>
[2025-02-24T17:25:41.550+0000] {taskinstance.py:1361} INFO - Starting attempt 1 of 2
[2025-02-24T17:25:41.567+0000] {taskinstance.py:1382} INFO - Executing <Task(PythonOperator): store_raw_data_in_hdfs> on 2025-02-15 00:00:00+00:00
[2025-02-24T17:25:41.574+0000] {standard_task_runner.py:57} INFO - Started process 908 to run task
[2025-02-24T17:25:41.578+0000] {standard_task_runner.py:84} INFO - Running: ['***', 'tasks', 'run', 'coingecko_ingestion_dag', 'store_raw_data_in_hdfs', 'scheduled__2025-02-15T00:00:00+00:00', '--job-id', '127', '--raw', '--subdir', 'DAGS_FOLDER/test.py', '--cfg-path', '/tmp/tmpzu3t4vwd']
[2025-02-24T17:25:41.581+0000] {standard_task_runner.py:85} INFO - Job 127: Subtask store_raw_data_in_hdfs
[2025-02-24T17:25:41.631+0000] {task_command.py:415} INFO - Running <TaskInstance: coingecko_ingestion_dag.store_raw_data_in_hdfs scheduled__2025-02-15T00:00:00+00:00 [running]> on host 85b967fd3989
[2025-02-24T17:25:41.707+0000] {taskinstance.py:1660} INFO - Exporting env vars: AIRFLOW_CTX_DAG_OWNER='etudiant' AIRFLOW_CTX_DAG_ID='coingecko_ingestion_dag' AIRFLOW_CTX_TASK_ID='store_raw_data_in_hdfs' AIRFLOW_CTX_EXECUTION_DATE='2025-02-15T00:00:00+00:00' AIRFLOW_CTX_TRY_NUMBER='1' AIRFLOW_CTX_DAG_RUN_ID='scheduled__2025-02-15T00:00:00+00:00'
[2025-02-24T17:25:41.717+0000] {taskinstance.py:1943} ERROR - Task failed with exception
Traceback (most recent call last):
  File "/home/airflow/.local/lib/python3.8/site-packages/airflow/operators/python.py", line 192, in execute
    return_value = self.execute_callable()
  File "/home/airflow/.local/lib/python3.8/site-packages/airflow/operators/python.py", line 209, in execute_callable
    return self.python_callable(*self.op_args, **self.op_kwargs)
  File "/opt/airflow/dags/test.py", line 38, in store_raw_data_in_hdfs
    with open(local_file, 'w') as f:
PermissionError: [Errno 13] Permission denied: '/mnt/hadoop_data/coingecko_raw.json'
[2025-02-24T17:25:41.725+0000] {taskinstance.py:1400} INFO - Marking task as UP_FOR_RETRY. dag_id=coingecko_ingestion_dag, task_id=store_raw_data_in_hdfs, execution_date=20250215T000000, start_date=20250224T172541, end_date=20250224T172541
[2025-02-24T17:25:41.736+0000] {standard_task_runner.py:104} ERROR - Failed to execute job 127 for task store_raw_data_in_hdfs ([Errno 13] Permission denied: '/mnt/hadoop_data/coingecko_raw.json'; 908)
[2025-02-24T17:25:41.757+0000] {local_task_job_runner.py:228} INFO - Task exited with return code 1
[2025-02-24T17:25:41.782+0000] {taskinstance.py:2784} INFO - 0 downstream tasks scheduled from follow-on schedule check
[2025-02-25T15:59:28.214+0000] {taskinstance.py:1159} INFO - Dependencies all met for dep_context=non-requeueable deps ti=<TaskInstance: coingecko_ingestion_dag.store_raw_data_in_hdfs scheduled__2025-02-15T00:00:00+00:00 [queued]>
[2025-02-25T15:59:28.229+0000] {taskinstance.py:1159} INFO - Dependencies all met for dep_context=requeueable deps ti=<TaskInstance: coingecko_ingestion_dag.store_raw_data_in_hdfs scheduled__2025-02-15T00:00:00+00:00 [queued]>
[2025-02-25T15:59:28.232+0000] {taskinstance.py:1361} INFO - Starting attempt 1 of 2
[2025-02-25T15:59:28.251+0000] {taskinstance.py:1382} INFO - Executing <Task(PythonOperator): store_raw_data_in_hdfs> on 2025-02-15 00:00:00+00:00
[2025-02-25T15:59:28.257+0000] {standard_task_runner.py:57} INFO - Started process 550 to run task
[2025-02-25T15:59:28.262+0000] {standard_task_runner.py:84} INFO - Running: ['***', 'tasks', 'run', 'coingecko_ingestion_dag', 'store_raw_data_in_hdfs', 'scheduled__2025-02-15T00:00:00+00:00', '--job-id', '125', '--raw', '--subdir', 'DAGS_FOLDER/pipeline.py', '--cfg-path', '/tmp/tmpc6w8p86k']
[2025-02-25T15:59:28.270+0000] {standard_task_runner.py:85} INFO - Job 125: Subtask store_raw_data_in_hdfs
[2025-02-25T15:59:28.329+0000] {task_command.py:415} INFO - Running <TaskInstance: coingecko_ingestion_dag.store_raw_data_in_hdfs scheduled__2025-02-15T00:00:00+00:00 [running]> on host af9744bbb9eb
[2025-02-25T15:59:28.421+0000] {taskinstance.py:1660} INFO - Exporting env vars: AIRFLOW_CTX_DAG_OWNER='etudiant' AIRFLOW_CTX_DAG_ID='coingecko_ingestion_dag' AIRFLOW_CTX_TASK_ID='store_raw_data_in_hdfs' AIRFLOW_CTX_EXECUTION_DATE='2025-02-15T00:00:00+00:00' AIRFLOW_CTX_TRY_NUMBER='1' AIRFLOW_CTX_DAG_RUN_ID='scheduled__2025-02-15T00:00:00+00:00'
[2025-02-25T15:59:28.437+0000] {taskinstance.py:1943} ERROR - Task failed with exception
Traceback (most recent call last):
  File "/home/airflow/.local/lib/python3.8/site-packages/airflow/operators/python.py", line 192, in execute
    return_value = self.execute_callable()
  File "/home/airflow/.local/lib/python3.8/site-packages/airflow/operators/python.py", line 209, in execute_callable
    return self.python_callable(*self.op_args, **self.op_kwargs)
  File "/opt/airflow/dags/pipeline.py", line 39, in store_raw_data_in_hdfs
    with open(local_file, 'w') as f:
PermissionError: [Errno 13] Permission denied: '/mnt/hadoop_data/coingecko_raw.json'
[2025-02-25T15:59:28.446+0000] {taskinstance.py:1400} INFO - Marking task as UP_FOR_RETRY. dag_id=coingecko_ingestion_dag, task_id=store_raw_data_in_hdfs, execution_date=20250215T000000, start_date=20250225T155928, end_date=20250225T155928
[2025-02-25T15:59:28.460+0000] {standard_task_runner.py:104} ERROR - Failed to execute job 125 for task store_raw_data_in_hdfs ([Errno 13] Permission denied: '/mnt/hadoop_data/coingecko_raw.json'; 550)
[2025-02-25T15:59:28.486+0000] {local_task_job_runner.py:228} INFO - Task exited with return code 1
[2025-02-25T15:59:28.514+0000] {taskinstance.py:2784} INFO - 0 downstream tasks scheduled from follow-on schedule check
