[2025-02-24T17:15:09.589+0000] {taskinstance.py:1159} INFO - Dependencies all met for dep_context=non-requeueable deps ti=<TaskInstance: coingecko_ingestion_dag.store_raw_data_in_hdfs scheduled__2025-01-04T00:00:00+00:00 [queued]>
[2025-02-24T17:15:09.628+0000] {taskinstance.py:1159} INFO - Dependencies all met for dep_context=requeueable deps ti=<TaskInstance: coingecko_ingestion_dag.store_raw_data_in_hdfs scheduled__2025-01-04T00:00:00+00:00 [queued]>
[2025-02-24T17:15:09.632+0000] {taskinstance.py:1361} INFO - Starting attempt 1 of 2
[2025-02-24T17:15:09.677+0000] {taskinstance.py:1382} INFO - Executing <Task(PythonOperator): store_raw_data_in_hdfs> on 2025-01-04 00:00:00+00:00
[2025-02-24T17:15:09.702+0000] {standard_task_runner.py:57} INFO - Started process 513 to run task
[2025-02-24T17:15:09.715+0000] {standard_task_runner.py:84} INFO - Running: ['***', 'tasks', 'run', 'coingecko_ingestion_dag', 'store_raw_data_in_hdfs', 'scheduled__2025-01-04T00:00:00+00:00', '--job-id', '28', '--raw', '--subdir', 'DAGS_FOLDER/pipeline.py', '--cfg-path', '/tmp/tmpvz9j44zx']
[2025-02-24T17:15:09.731+0000] {standard_task_runner.py:85} INFO - Job 28: Subtask store_raw_data_in_hdfs
[2025-02-24T17:15:10.003+0000] {task_command.py:415} INFO - Running <TaskInstance: coingecko_ingestion_dag.store_raw_data_in_hdfs scheduled__2025-01-04T00:00:00+00:00 [running]> on host 85b967fd3989
[2025-02-24T17:15:10.564+0000] {taskinstance.py:1660} INFO - Exporting env vars: AIRFLOW_CTX_DAG_OWNER='etudiant' AIRFLOW_CTX_DAG_ID='coingecko_ingestion_dag' AIRFLOW_CTX_TASK_ID='store_raw_data_in_hdfs' AIRFLOW_CTX_EXECUTION_DATE='2025-01-04T00:00:00+00:00' AIRFLOW_CTX_TRY_NUMBER='1' AIRFLOW_CTX_DAG_RUN_ID='scheduled__2025-01-04T00:00:00+00:00'
[2025-02-24T17:15:10.616+0000] {taskinstance.py:1943} ERROR - Task failed with exception
Traceback (most recent call last):
  File "/home/airflow/.local/lib/python3.8/site-packages/airflow/operators/python.py", line 192, in execute
    return_value = self.execute_callable()
  File "/home/airflow/.local/lib/python3.8/site-packages/airflow/operators/python.py", line 209, in execute_callable
    return self.python_callable(*self.op_args, **self.op_kwargs)
  File "/opt/airflow/dags/pipeline.py", line 38, in store_raw_data_in_hdfs
    with open(local_file, 'w') as f:
PermissionError: [Errno 13] Permission denied: '/mnt/hadoop_data/coingecko_raw.json'
[2025-02-24T17:15:10.653+0000] {taskinstance.py:1400} INFO - Marking task as UP_FOR_RETRY. dag_id=coingecko_ingestion_dag, task_id=store_raw_data_in_hdfs, execution_date=20250104T000000, start_date=20250224T171509, end_date=20250224T171510
[2025-02-24T17:15:10.752+0000] {standard_task_runner.py:104} ERROR - Failed to execute job 28 for task store_raw_data_in_hdfs ([Errno 13] Permission denied: '/mnt/hadoop_data/coingecko_raw.json'; 513)
[2025-02-24T17:15:10.803+0000] {local_task_job_runner.py:228} INFO - Task exited with return code 1
[2025-02-24T17:15:10.880+0000] {taskinstance.py:2784} INFO - 0 downstream tasks scheduled from follow-on schedule check
[2025-02-25T15:47:48.626+0000] {taskinstance.py:1159} INFO - Dependencies all met for dep_context=non-requeueable deps ti=<TaskInstance: coingecko_ingestion_dag.store_raw_data_in_hdfs scheduled__2025-01-04T00:00:00+00:00 [queued]>
[2025-02-25T15:47:48.833+0000] {taskinstance.py:1159} INFO - Dependencies all met for dep_context=requeueable deps ti=<TaskInstance: coingecko_ingestion_dag.store_raw_data_in_hdfs scheduled__2025-01-04T00:00:00+00:00 [queued]>
[2025-02-25T15:47:48.838+0000] {taskinstance.py:1361} INFO - Starting attempt 1 of 2
[2025-02-25T15:47:48.984+0000] {taskinstance.py:1382} INFO - Executing <Task(PythonOperator): store_raw_data_in_hdfs> on 2025-01-04 00:00:00+00:00
[2025-02-25T15:47:49.005+0000] {standard_task_runner.py:57} INFO - Started process 239 to run task
[2025-02-25T15:47:49.039+0000] {standard_task_runner.py:84} INFO - Running: ['***', 'tasks', 'run', 'coingecko_ingestion_dag', 'store_raw_data_in_hdfs', 'scheduled__2025-01-04T00:00:00+00:00', '--job-id', '19', '--raw', '--subdir', 'DAGS_FOLDER/pipeline.py', '--cfg-path', '/tmp/tmptrpl30jp']
[2025-02-25T15:47:49.069+0000] {standard_task_runner.py:85} INFO - Job 19: Subtask store_raw_data_in_hdfs
[2025-02-25T15:47:49.551+0000] {task_command.py:415} INFO - Running <TaskInstance: coingecko_ingestion_dag.store_raw_data_in_hdfs scheduled__2025-01-04T00:00:00+00:00 [running]> on host af9744bbb9eb
[2025-02-25T15:47:50.389+0000] {taskinstance.py:1660} INFO - Exporting env vars: AIRFLOW_CTX_DAG_OWNER='etudiant' AIRFLOW_CTX_DAG_ID='coingecko_ingestion_dag' AIRFLOW_CTX_TASK_ID='store_raw_data_in_hdfs' AIRFLOW_CTX_EXECUTION_DATE='2025-01-04T00:00:00+00:00' AIRFLOW_CTX_TRY_NUMBER='1' AIRFLOW_CTX_DAG_RUN_ID='scheduled__2025-01-04T00:00:00+00:00'
[2025-02-25T15:47:50.550+0000] {taskinstance.py:1943} ERROR - Task failed with exception
Traceback (most recent call last):
  File "/home/airflow/.local/lib/python3.8/site-packages/airflow/operators/python.py", line 192, in execute
    return_value = self.execute_callable()
  File "/home/airflow/.local/lib/python3.8/site-packages/airflow/operators/python.py", line 209, in execute_callable
    return self.python_callable(*self.op_args, **self.op_kwargs)
  File "/opt/airflow/dags/pipeline.py", line 39, in store_raw_data_in_hdfs
    with open(local_file, 'w') as f:
PermissionError: [Errno 13] Permission denied: '/mnt/hadoop_data/coingecko_raw.json'
[2025-02-25T15:47:50.647+0000] {taskinstance.py:1400} INFO - Marking task as UP_FOR_RETRY. dag_id=coingecko_ingestion_dag, task_id=store_raw_data_in_hdfs, execution_date=20250104T000000, start_date=20250225T154748, end_date=20250225T154750
[2025-02-25T15:47:50.854+0000] {standard_task_runner.py:104} ERROR - Failed to execute job 19 for task store_raw_data_in_hdfs ([Errno 13] Permission denied: '/mnt/hadoop_data/coingecko_raw.json'; 239)
[2025-02-25T15:47:50.947+0000] {local_task_job_runner.py:228} INFO - Task exited with return code 1
[2025-02-25T15:47:51.119+0000] {taskinstance.py:2784} INFO - 0 downstream tasks scheduled from follow-on schedule check
