[2025-02-24T17:30:50.174+0000] {taskinstance.py:1159} INFO - Dependencies all met for dep_context=non-requeueable deps ti=<TaskInstance: coingecko_ingestion_dag.fetch_data scheduled__2025-02-21T00:00:00+00:00 [queued]>
[2025-02-24T17:30:50.239+0000] {taskinstance.py:1159} INFO - Dependencies all met for dep_context=requeueable deps ti=<TaskInstance: coingecko_ingestion_dag.fetch_data scheduled__2025-02-21T00:00:00+00:00 [queued]>
[2025-02-24T17:30:50.240+0000] {taskinstance.py:1361} INFO - Starting attempt 1 of 2
[2025-02-24T17:30:50.310+0000] {taskinstance.py:1382} INFO - Executing <Task(PythonOperator): fetch_data> on 2025-02-21 00:00:00+00:00
[2025-02-24T17:30:50.325+0000] {standard_task_runner.py:57} INFO - Started process 1064 to run task
[2025-02-24T17:30:50.341+0000] {standard_task_runner.py:84} INFO - Running: ['***', 'tasks', 'run', 'coingecko_ingestion_dag', 'fetch_data', 'scheduled__2025-02-21T00:00:00+00:00', '--job-id', '149', '--raw', '--subdir', 'DAGS_FOLDER/pipeline.py', '--cfg-path', '/tmp/tmppbsbcycd']
[2025-02-24T17:30:50.365+0000] {standard_task_runner.py:85} INFO - Job 149: Subtask fetch_data
[2025-02-24T17:30:50.715+0000] {task_command.py:415} INFO - Running <TaskInstance: coingecko_ingestion_dag.fetch_data scheduled__2025-02-21T00:00:00+00:00 [running]> on host 85b967fd3989
[2025-02-24T17:30:51.125+0000] {taskinstance.py:1660} INFO - Exporting env vars: AIRFLOW_CTX_DAG_OWNER='etudiant' AIRFLOW_CTX_DAG_ID='coingecko_ingestion_dag' AIRFLOW_CTX_TASK_ID='fetch_data' AIRFLOW_CTX_EXECUTION_DATE='2025-02-21T00:00:00+00:00' AIRFLOW_CTX_TRY_NUMBER='1' AIRFLOW_CTX_DAG_RUN_ID='scheduled__2025-02-21T00:00:00+00:00'
[2025-02-24T17:30:51.476+0000] {python.py:194} INFO - Done. Returned value was: None
[2025-02-24T17:30:51.497+0000] {taskinstance.py:1400} INFO - Marking task as SUCCESS. dag_id=coingecko_ingestion_dag, task_id=fetch_data, execution_date=20250221T000000, start_date=20250224T173050, end_date=20250224T173051
[2025-02-24T17:30:51.637+0000] {local_task_job_runner.py:228} INFO - Task exited with return code 0
[2025-02-24T17:30:51.751+0000] {taskinstance.py:2784} INFO - 1 downstream tasks scheduled from follow-on schedule check
[2025-02-25T16:04:35.772+0000] {taskinstance.py:1159} INFO - Dependencies all met for dep_context=non-requeueable deps ti=<TaskInstance: coingecko_ingestion_dag.fetch_data scheduled__2025-02-21T00:00:00+00:00 [queued]>
[2025-02-25T16:04:35.786+0000] {taskinstance.py:1159} INFO - Dependencies all met for dep_context=requeueable deps ti=<TaskInstance: coingecko_ingestion_dag.fetch_data scheduled__2025-02-21T00:00:00+00:00 [queued]>
[2025-02-25T16:04:35.786+0000] {taskinstance.py:1361} INFO - Starting attempt 1 of 2
[2025-02-25T16:04:35.811+0000] {taskinstance.py:1382} INFO - Executing <Task(PythonOperator): fetch_data> on 2025-02-21 00:00:00+00:00
[2025-02-25T16:04:35.819+0000] {standard_task_runner.py:57} INFO - Started process 657 to run task
[2025-02-25T16:04:35.823+0000] {standard_task_runner.py:84} INFO - Running: ['***', 'tasks', 'run', 'coingecko_ingestion_dag', 'fetch_data', 'scheduled__2025-02-21T00:00:00+00:00', '--job-id', '153', '--raw', '--subdir', 'DAGS_FOLDER/pipeline.py', '--cfg-path', '/tmp/tmpqvt9zhc8']
[2025-02-25T16:04:35.828+0000] {standard_task_runner.py:85} INFO - Job 153: Subtask fetch_data
[2025-02-25T16:04:35.900+0000] {task_command.py:415} INFO - Running <TaskInstance: coingecko_ingestion_dag.fetch_data scheduled__2025-02-21T00:00:00+00:00 [running]> on host af9744bbb9eb
[2025-02-25T16:04:36.015+0000] {taskinstance.py:1660} INFO - Exporting env vars: AIRFLOW_CTX_DAG_OWNER='etudiant' AIRFLOW_CTX_DAG_ID='coingecko_ingestion_dag' AIRFLOW_CTX_TASK_ID='fetch_data' AIRFLOW_CTX_EXECUTION_DATE='2025-02-21T00:00:00+00:00' AIRFLOW_CTX_TRY_NUMBER='1' AIRFLOW_CTX_DAG_RUN_ID='scheduled__2025-02-21T00:00:00+00:00'
[2025-02-25T16:04:36.238+0000] {python.py:194} INFO - Done. Returned value was: None
[2025-02-25T16:04:36.251+0000] {taskinstance.py:1400} INFO - Marking task as SUCCESS. dag_id=coingecko_ingestion_dag, task_id=fetch_data, execution_date=20250221T000000, start_date=20250225T160435, end_date=20250225T160436
[2025-02-25T16:04:36.291+0000] {local_task_job_runner.py:228} INFO - Task exited with return code 0
[2025-02-25T16:04:36.321+0000] {taskinstance.py:2784} INFO - 1 downstream tasks scheduled from follow-on schedule check
