[2025-02-25T09:23:36.977+0000] {taskinstance.py:1159} INFO - Dependencies all met for dep_context=non-requeueable deps ti=<TaskInstance: coingecko_ingestion_dag.fetch_data scheduled__2025-02-24T00:00:00+00:00 [queued]>
[2025-02-25T09:23:36.997+0000] {taskinstance.py:1159} INFO - Dependencies all met for dep_context=requeueable deps ti=<TaskInstance: coingecko_ingestion_dag.fetch_data scheduled__2025-02-24T00:00:00+00:00 [queued]>
[2025-02-25T09:23:36.998+0000] {taskinstance.py:1361} INFO - Starting attempt 1 of 2
[2025-02-25T09:23:37.034+0000] {taskinstance.py:1382} INFO - Executing <Task(PythonOperator): fetch_data> on 2025-02-24 00:00:00+00:00
[2025-02-25T09:23:37.060+0000] {standard_task_runner.py:57} INFO - Started process 178 to run task
[2025-02-25T09:23:37.068+0000] {standard_task_runner.py:84} INFO - Running: ['***', 'tasks', 'run', 'coingecko_ingestion_dag', 'fetch_data', 'scheduled__2025-02-24T00:00:00+00:00', '--job-id', '171', '--raw', '--subdir', 'DAGS_FOLDER/test.py', '--cfg-path', '/tmp/tmpzh3k7q5t']
[2025-02-25T09:23:37.078+0000] {standard_task_runner.py:85} INFO - Job 171: Subtask fetch_data
[2025-02-25T09:23:37.129+0000] {task_command.py:415} INFO - Running <TaskInstance: coingecko_ingestion_dag.fetch_data scheduled__2025-02-24T00:00:00+00:00 [running]> on host 85b967fd3989
[2025-02-25T09:23:37.209+0000] {taskinstance.py:1660} INFO - Exporting env vars: AIRFLOW_CTX_DAG_OWNER='etudiant' AIRFLOW_CTX_DAG_ID='coingecko_ingestion_dag' AIRFLOW_CTX_TASK_ID='fetch_data' AIRFLOW_CTX_EXECUTION_DATE='2025-02-24T00:00:00+00:00' AIRFLOW_CTX_TRY_NUMBER='1' AIRFLOW_CTX_DAG_RUN_ID='scheduled__2025-02-24T00:00:00+00:00'
[2025-02-25T09:23:41.309+0000] {python.py:194} INFO - Done. Returned value was: None
[2025-02-25T09:23:41.320+0000] {taskinstance.py:1400} INFO - Marking task as SUCCESS. dag_id=coingecko_ingestion_dag, task_id=fetch_data, execution_date=20250224T000000, start_date=20250225T092336, end_date=20250225T092341
[2025-02-25T09:23:41.360+0000] {local_task_job_runner.py:228} INFO - Task exited with return code 0
[2025-02-25T09:23:41.386+0000] {taskinstance.py:2784} INFO - 1 downstream tasks scheduled from follow-on schedule check
[2025-02-25T16:04:36.304+0000] {taskinstance.py:1159} INFO - Dependencies all met for dep_context=non-requeueable deps ti=<TaskInstance: coingecko_ingestion_dag.fetch_data scheduled__2025-02-24T00:00:00+00:00 [queued]>
[2025-02-25T16:04:36.315+0000] {taskinstance.py:1159} INFO - Dependencies all met for dep_context=requeueable deps ti=<TaskInstance: coingecko_ingestion_dag.fetch_data scheduled__2025-02-24T00:00:00+00:00 [queued]>
[2025-02-25T16:04:36.316+0000] {taskinstance.py:1361} INFO - Starting attempt 1 of 2
[2025-02-25T16:04:36.336+0000] {taskinstance.py:1382} INFO - Executing <Task(PythonOperator): fetch_data> on 2025-02-24 00:00:00+00:00
[2025-02-25T16:04:36.343+0000] {standard_task_runner.py:57} INFO - Started process 660 to run task
[2025-02-25T16:04:36.347+0000] {standard_task_runner.py:84} INFO - Running: ['***', 'tasks', 'run', 'coingecko_ingestion_dag', 'fetch_data', 'scheduled__2025-02-24T00:00:00+00:00', '--job-id', '156', '--raw', '--subdir', 'DAGS_FOLDER/pipeline.py', '--cfg-path', '/tmp/tmpfuc4z8sh']
[2025-02-25T16:04:36.351+0000] {standard_task_runner.py:85} INFO - Job 156: Subtask fetch_data
[2025-02-25T16:04:36.410+0000] {task_command.py:415} INFO - Running <TaskInstance: coingecko_ingestion_dag.fetch_data scheduled__2025-02-24T00:00:00+00:00 [running]> on host af9744bbb9eb
[2025-02-25T16:04:36.512+0000] {taskinstance.py:1660} INFO - Exporting env vars: AIRFLOW_CTX_DAG_OWNER='etudiant' AIRFLOW_CTX_DAG_ID='coingecko_ingestion_dag' AIRFLOW_CTX_TASK_ID='fetch_data' AIRFLOW_CTX_EXECUTION_DATE='2025-02-24T00:00:00+00:00' AIRFLOW_CTX_TRY_NUMBER='1' AIRFLOW_CTX_DAG_RUN_ID='scheduled__2025-02-24T00:00:00+00:00'
[2025-02-25T16:04:36.676+0000] {python.py:194} INFO - Done. Returned value was: None
[2025-02-25T16:04:36.687+0000] {taskinstance.py:1400} INFO - Marking task as SUCCESS. dag_id=coingecko_ingestion_dag, task_id=fetch_data, execution_date=20250224T000000, start_date=20250225T160436, end_date=20250225T160436
[2025-02-25T16:04:36.730+0000] {local_task_job_runner.py:228} INFO - Task exited with return code 0
[2025-02-25T16:04:36.750+0000] {taskinstance.py:2784} INFO - 1 downstream tasks scheduled from follow-on schedule check
