[2025-02-24T17:25:35.427+0000] {taskinstance.py:1159} INFO - Dependencies all met for dep_context=non-requeueable deps ti=<TaskInstance: coingecko_ingestion_dag.fetch_data scheduled__2025-02-05T00:00:00+00:00 [queued]>
[2025-02-24T17:25:35.441+0000] {taskinstance.py:1159} INFO - Dependencies all met for dep_context=requeueable deps ti=<TaskInstance: coingecko_ingestion_dag.fetch_data scheduled__2025-02-05T00:00:00+00:00 [queued]>
[2025-02-24T17:25:35.443+0000] {taskinstance.py:1361} INFO - Starting attempt 1 of 2
[2025-02-24T17:25:35.487+0000] {taskinstance.py:1382} INFO - Executing <Task(PythonOperator): fetch_data> on 2025-02-05 00:00:00+00:00
[2025-02-24T17:25:35.501+0000] {standard_task_runner.py:57} INFO - Started process 859 to run task
[2025-02-24T17:25:35.508+0000] {standard_task_runner.py:84} INFO - Running: ['***', 'tasks', 'run', 'coingecko_ingestion_dag', 'fetch_data', 'scheduled__2025-02-05T00:00:00+00:00', '--job-id', '101', '--raw', '--subdir', 'DAGS_FOLDER/test.py', '--cfg-path', '/tmp/tmp4rmtx0kc']
[2025-02-24T17:25:35.513+0000] {standard_task_runner.py:85} INFO - Job 101: Subtask fetch_data
[2025-02-24T17:25:35.640+0000] {task_command.py:415} INFO - Running <TaskInstance: coingecko_ingestion_dag.fetch_data scheduled__2025-02-05T00:00:00+00:00 [running]> on host 85b967fd3989
[2025-02-24T17:25:35.799+0000] {taskinstance.py:1660} INFO - Exporting env vars: AIRFLOW_CTX_DAG_OWNER='etudiant' AIRFLOW_CTX_DAG_ID='coingecko_ingestion_dag' AIRFLOW_CTX_TASK_ID='fetch_data' AIRFLOW_CTX_EXECUTION_DATE='2025-02-05T00:00:00+00:00' AIRFLOW_CTX_TRY_NUMBER='1' AIRFLOW_CTX_DAG_RUN_ID='scheduled__2025-02-05T00:00:00+00:00'
[2025-02-24T17:25:36.134+0000] {python.py:194} INFO - Done. Returned value was: None
[2025-02-24T17:25:36.158+0000] {taskinstance.py:1400} INFO - Marking task as SUCCESS. dag_id=coingecko_ingestion_dag, task_id=fetch_data, execution_date=20250205T000000, start_date=20250224T172535, end_date=20250224T172536
[2025-02-24T17:25:36.236+0000] {local_task_job_runner.py:228} INFO - Task exited with return code 0
[2025-02-24T17:25:36.307+0000] {taskinstance.py:2784} INFO - 1 downstream tasks scheduled from follow-on schedule check
[2025-02-25T15:59:00.192+0000] {taskinstance.py:1159} INFO - Dependencies all met for dep_context=non-requeueable deps ti=<TaskInstance: coingecko_ingestion_dag.fetch_data scheduled__2025-02-05T00:00:00+00:00 [queued]>
[2025-02-25T15:59:00.209+0000] {taskinstance.py:1159} INFO - Dependencies all met for dep_context=requeueable deps ti=<TaskInstance: coingecko_ingestion_dag.fetch_data scheduled__2025-02-05T00:00:00+00:00 [queued]>
[2025-02-25T15:59:00.210+0000] {taskinstance.py:1361} INFO - Starting attempt 1 of 2
[2025-02-25T15:59:00.235+0000] {taskinstance.py:1382} INFO - Executing <Task(PythonOperator): fetch_data> on 2025-02-05 00:00:00+00:00
[2025-02-25T15:59:00.250+0000] {standard_task_runner.py:57} INFO - Started process 503 to run task
[2025-02-25T15:59:00.260+0000] {standard_task_runner.py:84} INFO - Running: ['***', 'tasks', 'run', 'coingecko_ingestion_dag', 'fetch_data', 'scheduled__2025-02-05T00:00:00+00:00', '--job-id', '103', '--raw', '--subdir', 'DAGS_FOLDER/pipeline.py', '--cfg-path', '/tmp/tmp1o1dgp1h']
[2025-02-25T15:59:00.266+0000] {standard_task_runner.py:85} INFO - Job 103: Subtask fetch_data
[2025-02-25T15:59:00.340+0000] {task_command.py:415} INFO - Running <TaskInstance: coingecko_ingestion_dag.fetch_data scheduled__2025-02-05T00:00:00+00:00 [running]> on host af9744bbb9eb
[2025-02-25T15:59:00.496+0000] {taskinstance.py:1660} INFO - Exporting env vars: AIRFLOW_CTX_DAG_OWNER='etudiant' AIRFLOW_CTX_DAG_ID='coingecko_ingestion_dag' AIRFLOW_CTX_TASK_ID='fetch_data' AIRFLOW_CTX_EXECUTION_DATE='2025-02-05T00:00:00+00:00' AIRFLOW_CTX_TRY_NUMBER='1' AIRFLOW_CTX_DAG_RUN_ID='scheduled__2025-02-05T00:00:00+00:00'
[2025-02-25T15:59:00.729+0000] {python.py:194} INFO - Done. Returned value was: None
[2025-02-25T15:59:00.786+0000] {taskinstance.py:1400} INFO - Marking task as SUCCESS. dag_id=coingecko_ingestion_dag, task_id=fetch_data, execution_date=20250205T000000, start_date=20250225T155900, end_date=20250225T155900
[2025-02-25T15:59:00.861+0000] {local_task_job_runner.py:228} INFO - Task exited with return code 0
[2025-02-25T15:59:00.890+0000] {taskinstance.py:2784} INFO - 1 downstream tasks scheduled from follow-on schedule check
