[2025-02-24T17:20:25.449+0000] {taskinstance.py:1159} INFO - Dependencies all met for dep_context=non-requeueable deps ti=<TaskInstance: coingecko_ingestion_dag.fetch_data scheduled__2025-01-21T00:00:00+00:00 [queued]>
[2025-02-24T17:20:25.463+0000] {taskinstance.py:1159} INFO - Dependencies all met for dep_context=requeueable deps ti=<TaskInstance: coingecko_ingestion_dag.fetch_data scheduled__2025-01-21T00:00:00+00:00 [queued]>
[2025-02-24T17:20:25.466+0000] {taskinstance.py:1361} INFO - Starting attempt 1 of 2
[2025-02-24T17:20:25.491+0000] {taskinstance.py:1382} INFO - Executing <Task(PythonOperator): fetch_data> on 2025-01-21 00:00:00+00:00
[2025-02-24T17:20:25.501+0000] {standard_task_runner.py:57} INFO - Started process 666 to run task
[2025-02-24T17:20:25.516+0000] {standard_task_runner.py:84} INFO - Running: ['***', 'tasks', 'run', 'coingecko_ingestion_dag', 'fetch_data', 'scheduled__2025-01-21T00:00:00+00:00', '--job-id', '54', '--raw', '--subdir', 'DAGS_FOLDER/test.py', '--cfg-path', '/tmp/tmp0mii_00j']
[2025-02-24T17:20:25.530+0000] {standard_task_runner.py:85} INFO - Job 54: Subtask fetch_data
[2025-02-24T17:20:25.631+0000] {task_command.py:415} INFO - Running <TaskInstance: coingecko_ingestion_dag.fetch_data scheduled__2025-01-21T00:00:00+00:00 [running]> on host 85b967fd3989
[2025-02-24T17:20:25.743+0000] {taskinstance.py:1660} INFO - Exporting env vars: AIRFLOW_CTX_DAG_OWNER='etudiant' AIRFLOW_CTX_DAG_ID='coingecko_ingestion_dag' AIRFLOW_CTX_TASK_ID='fetch_data' AIRFLOW_CTX_EXECUTION_DATE='2025-01-21T00:00:00+00:00' AIRFLOW_CTX_TRY_NUMBER='1' AIRFLOW_CTX_DAG_RUN_ID='scheduled__2025-01-21T00:00:00+00:00'
[2025-02-24T17:20:25.951+0000] {python.py:194} INFO - Done. Returned value was: None
[2025-02-24T17:20:26.007+0000] {taskinstance.py:1400} INFO - Marking task as SUCCESS. dag_id=coingecko_ingestion_dag, task_id=fetch_data, execution_date=20250121T000000, start_date=20250224T172025, end_date=20250224T172026
[2025-02-24T17:20:26.076+0000] {local_task_job_runner.py:228} INFO - Task exited with return code 0
[2025-02-24T17:20:26.104+0000] {taskinstance.py:2784} INFO - 1 downstream tasks scheduled from follow-on schedule check
[2025-02-25T15:53:01.781+0000] {taskinstance.py:1159} INFO - Dependencies all met for dep_context=non-requeueable deps ti=<TaskInstance: coingecko_ingestion_dag.fetch_data scheduled__2025-01-21T00:00:00+00:00 [queued]>
[2025-02-25T15:53:01.818+0000] {taskinstance.py:1159} INFO - Dependencies all met for dep_context=requeueable deps ti=<TaskInstance: coingecko_ingestion_dag.fetch_data scheduled__2025-01-21T00:00:00+00:00 [queued]>
[2025-02-25T15:53:01.820+0000] {taskinstance.py:1361} INFO - Starting attempt 1 of 2
[2025-02-25T15:53:02.138+0000] {taskinstance.py:1382} INFO - Executing <Task(PythonOperator): fetch_data> on 2025-01-21 00:00:00+00:00
[2025-02-25T15:53:02.165+0000] {standard_task_runner.py:57} INFO - Started process 352 to run task
[2025-02-25T15:53:02.186+0000] {standard_task_runner.py:84} INFO - Running: ['***', 'tasks', 'run', 'coingecko_ingestion_dag', 'fetch_data', 'scheduled__2025-01-21T00:00:00+00:00', '--job-id', '55', '--raw', '--subdir', 'DAGS_FOLDER/pipeline.py', '--cfg-path', '/tmp/tmp3cofk8hd']
[2025-02-25T15:53:02.207+0000] {standard_task_runner.py:85} INFO - Job 55: Subtask fetch_data
[2025-02-25T15:53:02.476+0000] {task_command.py:415} INFO - Running <TaskInstance: coingecko_ingestion_dag.fetch_data scheduled__2025-01-21T00:00:00+00:00 [running]> on host af9744bbb9eb
[2025-02-25T15:53:03.074+0000] {taskinstance.py:1660} INFO - Exporting env vars: AIRFLOW_CTX_DAG_OWNER='etudiant' AIRFLOW_CTX_DAG_ID='coingecko_ingestion_dag' AIRFLOW_CTX_TASK_ID='fetch_data' AIRFLOW_CTX_EXECUTION_DATE='2025-01-21T00:00:00+00:00' AIRFLOW_CTX_TRY_NUMBER='1' AIRFLOW_CTX_DAG_RUN_ID='scheduled__2025-01-21T00:00:00+00:00'
[2025-02-25T15:53:03.365+0000] {python.py:194} INFO - Done. Returned value was: None
[2025-02-25T15:53:03.407+0000] {taskinstance.py:1400} INFO - Marking task as SUCCESS. dag_id=coingecko_ingestion_dag, task_id=fetch_data, execution_date=20250121T000000, start_date=20250225T155301, end_date=20250225T155303
[2025-02-25T15:53:03.550+0000] {local_task_job_runner.py:228} INFO - Task exited with return code 0
[2025-02-25T15:53:03.842+0000] {taskinstance.py:2784} INFO - 1 downstream tasks scheduled from follow-on schedule check
