[2025-02-24T17:30:42.595+0000] {taskinstance.py:1159} INFO - Dependencies all met for dep_context=non-requeueable deps ti=<TaskInstance: coingecko_ingestion_dag.store_raw_data_in_hdfs scheduled__2025-02-12T00:00:00+00:00 [queued]>
[2025-02-24T17:30:42.623+0000] {taskinstance.py:1159} INFO - Dependencies all met for dep_context=requeueable deps ti=<TaskInstance: coingecko_ingestion_dag.store_raw_data_in_hdfs scheduled__2025-02-12T00:00:00+00:00 [queued]>
[2025-02-24T17:30:42.624+0000] {taskinstance.py:1361} INFO - Starting attempt 2 of 2
[2025-02-24T17:30:42.649+0000] {taskinstance.py:1382} INFO - Executing <Task(PythonOperator): store_raw_data_in_hdfs> on 2025-02-12 00:00:00+00:00
[2025-02-24T17:30:42.662+0000] {standard_task_runner.py:57} INFO - Started process 1036 to run task
[2025-02-24T17:30:42.676+0000] {standard_task_runner.py:84} INFO - Running: ['***', 'tasks', 'run', 'coingecko_ingestion_dag', 'store_raw_data_in_hdfs', 'scheduled__2025-02-12T00:00:00+00:00', '--job-id', '139', '--raw', '--subdir', 'DAGS_FOLDER/test.py', '--cfg-path', '/tmp/tmp7mvmer0v']
[2025-02-24T17:30:42.683+0000] {standard_task_runner.py:85} INFO - Job 139: Subtask store_raw_data_in_hdfs
[2025-02-24T17:30:42.803+0000] {task_command.py:415} INFO - Running <TaskInstance: coingecko_ingestion_dag.store_raw_data_in_hdfs scheduled__2025-02-12T00:00:00+00:00 [running]> on host 85b967fd3989
[2025-02-24T17:30:42.961+0000] {taskinstance.py:1660} INFO - Exporting env vars: AIRFLOW_CTX_DAG_OWNER='etudiant' AIRFLOW_CTX_DAG_ID='coingecko_ingestion_dag' AIRFLOW_CTX_TASK_ID='store_raw_data_in_hdfs' AIRFLOW_CTX_EXECUTION_DATE='2025-02-12T00:00:00+00:00' AIRFLOW_CTX_TRY_NUMBER='2' AIRFLOW_CTX_DAG_RUN_ID='scheduled__2025-02-12T00:00:00+00:00'
[2025-02-24T17:30:42.999+0000] {taskinstance.py:1943} ERROR - Task failed with exception
Traceback (most recent call last):
  File "/home/airflow/.local/lib/python3.8/site-packages/airflow/operators/python.py", line 192, in execute
    return_value = self.execute_callable()
  File "/home/airflow/.local/lib/python3.8/site-packages/airflow/operators/python.py", line 209, in execute_callable
    return self.python_callable(*self.op_args, **self.op_kwargs)
  File "/opt/airflow/dags/test.py", line 38, in store_raw_data_in_hdfs
    with open(local_file, 'w') as f:
PermissionError: [Errno 13] Permission denied: '/mnt/hadoop_data/coingecko_raw.json'
[2025-02-24T17:30:43.022+0000] {taskinstance.py:1400} INFO - Marking task as FAILED. dag_id=coingecko_ingestion_dag, task_id=store_raw_data_in_hdfs, execution_date=20250212T000000, start_date=20250224T173042, end_date=20250224T173043
[2025-02-24T17:30:43.053+0000] {standard_task_runner.py:104} ERROR - Failed to execute job 139 for task store_raw_data_in_hdfs ([Errno 13] Permission denied: '/mnt/hadoop_data/coingecko_raw.json'; 1036)
[2025-02-24T17:30:43.108+0000] {local_task_job_runner.py:228} INFO - Task exited with return code 1
[2025-02-24T17:30:43.131+0000] {taskinstance.py:2784} INFO - 0 downstream tasks scheduled from follow-on schedule check
[2025-02-25T16:04:29.686+0000] {taskinstance.py:1159} INFO - Dependencies all met for dep_context=non-requeueable deps ti=<TaskInstance: coingecko_ingestion_dag.store_raw_data_in_hdfs scheduled__2025-02-12T00:00:00+00:00 [queued]>
[2025-02-25T16:04:29.702+0000] {taskinstance.py:1159} INFO - Dependencies all met for dep_context=requeueable deps ti=<TaskInstance: coingecko_ingestion_dag.store_raw_data_in_hdfs scheduled__2025-02-12T00:00:00+00:00 [queued]>
[2025-02-25T16:04:29.703+0000] {taskinstance.py:1361} INFO - Starting attempt 2 of 2
[2025-02-25T16:04:29.724+0000] {taskinstance.py:1382} INFO - Executing <Task(PythonOperator): store_raw_data_in_hdfs> on 2025-02-12 00:00:00+00:00
[2025-02-25T16:04:29.731+0000] {standard_task_runner.py:57} INFO - Started process 646 to run task
[2025-02-25T16:04:29.737+0000] {standard_task_runner.py:84} INFO - Running: ['***', 'tasks', 'run', 'coingecko_ingestion_dag', 'store_raw_data_in_hdfs', 'scheduled__2025-02-12T00:00:00+00:00', '--job-id', '148', '--raw', '--subdir', 'DAGS_FOLDER/pipeline.py', '--cfg-path', '/tmp/tmpjdyam3fw']
[2025-02-25T16:04:29.743+0000] {standard_task_runner.py:85} INFO - Job 148: Subtask store_raw_data_in_hdfs
[2025-02-25T16:04:29.821+0000] {task_command.py:415} INFO - Running <TaskInstance: coingecko_ingestion_dag.store_raw_data_in_hdfs scheduled__2025-02-12T00:00:00+00:00 [running]> on host af9744bbb9eb
[2025-02-25T16:04:29.933+0000] {taskinstance.py:1660} INFO - Exporting env vars: AIRFLOW_CTX_DAG_OWNER='etudiant' AIRFLOW_CTX_DAG_ID='coingecko_ingestion_dag' AIRFLOW_CTX_TASK_ID='store_raw_data_in_hdfs' AIRFLOW_CTX_EXECUTION_DATE='2025-02-12T00:00:00+00:00' AIRFLOW_CTX_TRY_NUMBER='2' AIRFLOW_CTX_DAG_RUN_ID='scheduled__2025-02-12T00:00:00+00:00'
[2025-02-25T16:04:29.952+0000] {taskinstance.py:1943} ERROR - Task failed with exception
Traceback (most recent call last):
  File "/home/airflow/.local/lib/python3.8/site-packages/airflow/operators/python.py", line 192, in execute
    return_value = self.execute_callable()
  File "/home/airflow/.local/lib/python3.8/site-packages/airflow/operators/python.py", line 209, in execute_callable
    return self.python_callable(*self.op_args, **self.op_kwargs)
  File "/opt/airflow/dags/pipeline.py", line 39, in store_raw_data_in_hdfs
    with open(local_file, 'w') as f:
PermissionError: [Errno 13] Permission denied: '/mnt/hadoop_data/coingecko_raw.json'
[2025-02-25T16:04:29.964+0000] {taskinstance.py:1400} INFO - Marking task as FAILED. dag_id=coingecko_ingestion_dag, task_id=store_raw_data_in_hdfs, execution_date=20250212T000000, start_date=20250225T160429, end_date=20250225T160429
[2025-02-25T16:04:29.979+0000] {standard_task_runner.py:104} ERROR - Failed to execute job 148 for task store_raw_data_in_hdfs ([Errno 13] Permission denied: '/mnt/hadoop_data/coingecko_raw.json'; 646)
[2025-02-25T16:04:29.998+0000] {local_task_job_runner.py:228} INFO - Task exited with return code 1
[2025-02-25T16:04:30.025+0000] {taskinstance.py:2784} INFO - 0 downstream tasks scheduled from follow-on schedule check
