[2025-02-25T15:47:48.799+0000] {taskinstance.py:1159} INFO - Dependencies all met for dep_context=non-requeueable deps ti=<TaskInstance: coingecko_ingestion_dag.store_raw_data_in_hdfs manual__2025-02-25T15:46:55.562215+00:00 [queued]>
[2025-02-25T15:47:49.004+0000] {taskinstance.py:1159} INFO - Dependencies all met for dep_context=requeueable deps ti=<TaskInstance: coingecko_ingestion_dag.store_raw_data_in_hdfs manual__2025-02-25T15:46:55.562215+00:00 [queued]>
[2025-02-25T15:47:49.011+0000] {taskinstance.py:1361} INFO - Starting attempt 1 of 2
[2025-02-25T15:47:49.114+0000] {taskinstance.py:1382} INFO - Executing <Task(PythonOperator): store_raw_data_in_hdfs> on 2025-02-25 15:46:55.562215+00:00
[2025-02-25T15:47:49.154+0000] {standard_task_runner.py:57} INFO - Started process 240 to run task
[2025-02-25T15:47:49.205+0000] {standard_task_runner.py:84} INFO - Running: ['***', 'tasks', 'run', 'coingecko_ingestion_dag', 'store_raw_data_in_hdfs', 'manual__2025-02-25T15:46:55.562215+00:00', '--job-id', '20', '--raw', '--subdir', 'DAGS_FOLDER/pipeline.py', '--cfg-path', '/tmp/tmp4ktfvari']
[2025-02-25T15:47:49.253+0000] {standard_task_runner.py:85} INFO - Job 20: Subtask store_raw_data_in_hdfs
[2025-02-25T15:47:49.548+0000] {task_command.py:415} INFO - Running <TaskInstance: coingecko_ingestion_dag.store_raw_data_in_hdfs manual__2025-02-25T15:46:55.562215+00:00 [running]> on host af9744bbb9eb
[2025-02-25T15:47:50.321+0000] {taskinstance.py:1660} INFO - Exporting env vars: AIRFLOW_CTX_DAG_OWNER='etudiant' AIRFLOW_CTX_DAG_ID='coingecko_ingestion_dag' AIRFLOW_CTX_TASK_ID='store_raw_data_in_hdfs' AIRFLOW_CTX_EXECUTION_DATE='2025-02-25T15:46:55.562215+00:00' AIRFLOW_CTX_TRY_NUMBER='1' AIRFLOW_CTX_DAG_RUN_ID='manual__2025-02-25T15:46:55.562215+00:00'
[2025-02-25T15:47:50.394+0000] {taskinstance.py:1943} ERROR - Task failed with exception
Traceback (most recent call last):
  File "/home/airflow/.local/lib/python3.8/site-packages/airflow/operators/python.py", line 192, in execute
    return_value = self.execute_callable()
  File "/home/airflow/.local/lib/python3.8/site-packages/airflow/operators/python.py", line 209, in execute_callable
    return self.python_callable(*self.op_args, **self.op_kwargs)
  File "/opt/airflow/dags/pipeline.py", line 39, in store_raw_data_in_hdfs
    with open(local_file, 'w') as f:
PermissionError: [Errno 13] Permission denied: '/mnt/hadoop_data/coingecko_raw.json'
[2025-02-25T15:47:50.536+0000] {taskinstance.py:1400} INFO - Marking task as UP_FOR_RETRY. dag_id=coingecko_ingestion_dag, task_id=store_raw_data_in_hdfs, execution_date=20250225T154655, start_date=20250225T154748, end_date=20250225T154750
[2025-02-25T15:47:50.649+0000] {standard_task_runner.py:104} ERROR - Failed to execute job 20 for task store_raw_data_in_hdfs ([Errno 13] Permission denied: '/mnt/hadoop_data/coingecko_raw.json'; 240)
[2025-02-25T15:47:50.763+0000] {local_task_job_runner.py:228} INFO - Task exited with return code 1
[2025-02-25T15:47:50.876+0000] {taskinstance.py:2784} INFO - 0 downstream tasks scheduled from follow-on schedule check
