[2025-02-24T17:25:38.818+0000] {taskinstance.py:1159} INFO - Dependencies all met for dep_context=non-requeueable deps ti=<TaskInstance: coingecko_ingestion_dag.fetch_data scheduled__2025-02-14T00:00:00+00:00 [queued]>
[2025-02-24T17:25:38.869+0000] {taskinstance.py:1159} INFO - Dependencies all met for dep_context=requeueable deps ti=<TaskInstance: coingecko_ingestion_dag.fetch_data scheduled__2025-02-14T00:00:00+00:00 [queued]>
[2025-02-24T17:25:38.871+0000] {taskinstance.py:1361} INFO - Starting attempt 1 of 2
[2025-02-24T17:25:38.938+0000] {taskinstance.py:1382} INFO - Executing <Task(PythonOperator): fetch_data> on 2025-02-14 00:00:00+00:00
[2025-02-24T17:25:38.950+0000] {standard_task_runner.py:57} INFO - Started process 892 to run task
[2025-02-24T17:25:38.959+0000] {standard_task_runner.py:84} INFO - Running: ['***', 'tasks', 'run', 'coingecko_ingestion_dag', 'fetch_data', 'scheduled__2025-02-14T00:00:00+00:00', '--job-id', '115', '--raw', '--subdir', 'DAGS_FOLDER/test.py', '--cfg-path', '/tmp/tmp6251xpi0']
[2025-02-24T17:25:38.971+0000] {standard_task_runner.py:85} INFO - Job 115: Subtask fetch_data
[2025-02-24T17:25:39.198+0000] {task_command.py:415} INFO - Running <TaskInstance: coingecko_ingestion_dag.fetch_data scheduled__2025-02-14T00:00:00+00:00 [running]> on host 85b967fd3989
[2025-02-24T17:25:39.530+0000] {taskinstance.py:1660} INFO - Exporting env vars: AIRFLOW_CTX_DAG_OWNER='etudiant' AIRFLOW_CTX_DAG_ID='coingecko_ingestion_dag' AIRFLOW_CTX_TASK_ID='fetch_data' AIRFLOW_CTX_EXECUTION_DATE='2025-02-14T00:00:00+00:00' AIRFLOW_CTX_TRY_NUMBER='1' AIRFLOW_CTX_DAG_RUN_ID='scheduled__2025-02-14T00:00:00+00:00'
[2025-02-24T17:25:39.841+0000] {python.py:194} INFO - Done. Returned value was: None
[2025-02-24T17:25:39.954+0000] {taskinstance.py:1400} INFO - Marking task as SUCCESS. dag_id=coingecko_ingestion_dag, task_id=fetch_data, execution_date=20250214T000000, start_date=20250224T172538, end_date=20250224T172539
[2025-02-24T17:25:40.088+0000] {local_task_job_runner.py:228} INFO - Task exited with return code 0
[2025-02-24T17:25:40.347+0000] {taskinstance.py:2784} INFO - 0 downstream tasks scheduled from follow-on schedule check
[2025-02-25T15:59:26.625+0000] {taskinstance.py:1159} INFO - Dependencies all met for dep_context=non-requeueable deps ti=<TaskInstance: coingecko_ingestion_dag.fetch_data scheduled__2025-02-14T00:00:00+00:00 [queued]>
[2025-02-25T15:59:26.650+0000] {taskinstance.py:1159} INFO - Dependencies all met for dep_context=requeueable deps ti=<TaskInstance: coingecko_ingestion_dag.fetch_data scheduled__2025-02-14T00:00:00+00:00 [queued]>
[2025-02-25T15:59:26.652+0000] {taskinstance.py:1361} INFO - Starting attempt 1 of 2
[2025-02-25T15:59:26.694+0000] {taskinstance.py:1382} INFO - Executing <Task(PythonOperator): fetch_data> on 2025-02-14 00:00:00+00:00
[2025-02-25T15:59:26.710+0000] {standard_task_runner.py:57} INFO - Started process 539 to run task
[2025-02-25T15:59:26.717+0000] {standard_task_runner.py:84} INFO - Running: ['***', 'tasks', 'run', 'coingecko_ingestion_dag', 'fetch_data', 'scheduled__2025-02-14T00:00:00+00:00', '--job-id', '119', '--raw', '--subdir', 'DAGS_FOLDER/pipeline.py', '--cfg-path', '/tmp/tmp2e75kd0n']
[2025-02-25T15:59:26.722+0000] {standard_task_runner.py:85} INFO - Job 119: Subtask fetch_data
[2025-02-25T15:59:26.819+0000] {task_command.py:415} INFO - Running <TaskInstance: coingecko_ingestion_dag.fetch_data scheduled__2025-02-14T00:00:00+00:00 [running]> on host af9744bbb9eb
[2025-02-25T15:59:26.970+0000] {taskinstance.py:1660} INFO - Exporting env vars: AIRFLOW_CTX_DAG_OWNER='etudiant' AIRFLOW_CTX_DAG_ID='coingecko_ingestion_dag' AIRFLOW_CTX_TASK_ID='fetch_data' AIRFLOW_CTX_EXECUTION_DATE='2025-02-14T00:00:00+00:00' AIRFLOW_CTX_TRY_NUMBER='1' AIRFLOW_CTX_DAG_RUN_ID='scheduled__2025-02-14T00:00:00+00:00'
[2025-02-25T15:59:27.181+0000] {python.py:194} INFO - Done. Returned value was: None
[2025-02-25T15:59:27.195+0000] {taskinstance.py:1400} INFO - Marking task as SUCCESS. dag_id=coingecko_ingestion_dag, task_id=fetch_data, execution_date=20250214T000000, start_date=20250225T155926, end_date=20250225T155927
[2025-02-25T15:59:27.234+0000] {local_task_job_runner.py:228} INFO - Task exited with return code 0
[2025-02-25T15:59:27.265+0000] {taskinstance.py:2784} INFO - 1 downstream tasks scheduled from follow-on schedule check
