[2025-02-24T17:25:35.847+0000] {taskinstance.py:1159} INFO - Dependencies all met for dep_context=non-requeueable deps ti=<TaskInstance: coingecko_ingestion_dag.fetch_data scheduled__2025-02-07T00:00:00+00:00 [queued]>
[2025-02-24T17:25:35.870+0000] {taskinstance.py:1159} INFO - Dependencies all met for dep_context=requeueable deps ti=<TaskInstance: coingecko_ingestion_dag.fetch_data scheduled__2025-02-07T00:00:00+00:00 [queued]>
[2025-02-24T17:25:35.871+0000] {taskinstance.py:1361} INFO - Starting attempt 1 of 2
[2025-02-24T17:25:35.946+0000] {taskinstance.py:1382} INFO - Executing <Task(PythonOperator): fetch_data> on 2025-02-07 00:00:00+00:00
[2025-02-24T17:25:35.955+0000] {standard_task_runner.py:57} INFO - Started process 863 to run task
[2025-02-24T17:25:35.959+0000] {standard_task_runner.py:84} INFO - Running: ['***', 'tasks', 'run', 'coingecko_ingestion_dag', 'fetch_data', 'scheduled__2025-02-07T00:00:00+00:00', '--job-id', '103', '--raw', '--subdir', 'DAGS_FOLDER/test.py', '--cfg-path', '/tmp/tmpaen2s0_z']
[2025-02-24T17:25:35.962+0000] {standard_task_runner.py:85} INFO - Job 103: Subtask fetch_data
[2025-02-24T17:25:36.042+0000] {task_command.py:415} INFO - Running <TaskInstance: coingecko_ingestion_dag.fetch_data scheduled__2025-02-07T00:00:00+00:00 [running]> on host 85b967fd3989
[2025-02-24T17:25:36.185+0000] {taskinstance.py:1660} INFO - Exporting env vars: AIRFLOW_CTX_DAG_OWNER='etudiant' AIRFLOW_CTX_DAG_ID='coingecko_ingestion_dag' AIRFLOW_CTX_TASK_ID='fetch_data' AIRFLOW_CTX_EXECUTION_DATE='2025-02-07T00:00:00+00:00' AIRFLOW_CTX_TRY_NUMBER='1' AIRFLOW_CTX_DAG_RUN_ID='scheduled__2025-02-07T00:00:00+00:00'
[2025-02-24T17:25:36.443+0000] {python.py:194} INFO - Done. Returned value was: None
[2025-02-24T17:25:36.464+0000] {taskinstance.py:1400} INFO - Marking task as SUCCESS. dag_id=coingecko_ingestion_dag, task_id=fetch_data, execution_date=20250207T000000, start_date=20250224T172535, end_date=20250224T172536
[2025-02-24T17:25:36.553+0000] {local_task_job_runner.py:228} INFO - Task exited with return code 0
[2025-02-24T17:25:36.652+0000] {taskinstance.py:2784} INFO - 1 downstream tasks scheduled from follow-on schedule check
[2025-02-25T15:59:00.525+0000] {taskinstance.py:1159} INFO - Dependencies all met for dep_context=non-requeueable deps ti=<TaskInstance: coingecko_ingestion_dag.fetch_data scheduled__2025-02-07T00:00:00+00:00 [queued]>
[2025-02-25T15:59:00.550+0000] {taskinstance.py:1159} INFO - Dependencies all met for dep_context=requeueable deps ti=<TaskInstance: coingecko_ingestion_dag.fetch_data scheduled__2025-02-07T00:00:00+00:00 [queued]>
[2025-02-25T15:59:00.551+0000] {taskinstance.py:1361} INFO - Starting attempt 1 of 2
[2025-02-25T15:59:00.608+0000] {taskinstance.py:1382} INFO - Executing <Task(PythonOperator): fetch_data> on 2025-02-07 00:00:00+00:00
[2025-02-25T15:59:00.630+0000] {standard_task_runner.py:57} INFO - Started process 506 to run task
[2025-02-25T15:59:00.642+0000] {standard_task_runner.py:84} INFO - Running: ['***', 'tasks', 'run', 'coingecko_ingestion_dag', 'fetch_data', 'scheduled__2025-02-07T00:00:00+00:00', '--job-id', '105', '--raw', '--subdir', 'DAGS_FOLDER/pipeline.py', '--cfg-path', '/tmp/tmpnasygb73']
[2025-02-25T15:59:00.646+0000] {standard_task_runner.py:85} INFO - Job 105: Subtask fetch_data
[2025-02-25T15:59:00.797+0000] {task_command.py:415} INFO - Running <TaskInstance: coingecko_ingestion_dag.fetch_data scheduled__2025-02-07T00:00:00+00:00 [running]> on host af9744bbb9eb
[2025-02-25T15:59:00.990+0000] {taskinstance.py:1660} INFO - Exporting env vars: AIRFLOW_CTX_DAG_OWNER='etudiant' AIRFLOW_CTX_DAG_ID='coingecko_ingestion_dag' AIRFLOW_CTX_TASK_ID='fetch_data' AIRFLOW_CTX_EXECUTION_DATE='2025-02-07T00:00:00+00:00' AIRFLOW_CTX_TRY_NUMBER='1' AIRFLOW_CTX_DAG_RUN_ID='scheduled__2025-02-07T00:00:00+00:00'
[2025-02-25T15:59:01.303+0000] {python.py:194} INFO - Done. Returned value was: None
[2025-02-25T15:59:01.353+0000] {taskinstance.py:1400} INFO - Marking task as SUCCESS. dag_id=coingecko_ingestion_dag, task_id=fetch_data, execution_date=20250207T000000, start_date=20250225T155900, end_date=20250225T155901
[2025-02-25T15:59:01.794+0000] {local_task_job_runner.py:228} INFO - Task exited with return code 0
[2025-02-25T15:59:01.837+0000] {taskinstance.py:2784} INFO - 1 downstream tasks scheduled from follow-on schedule check
