[2025-02-24T17:25:39.346+0000] {taskinstance.py:1159} INFO - Dependencies all met for dep_context=non-requeueable deps ti=<TaskInstance: coingecko_ingestion_dag.fetch_data scheduled__2025-02-15T00:00:00+00:00 [queued]>
[2025-02-24T17:25:39.373+0000] {taskinstance.py:1159} INFO - Dependencies all met for dep_context=requeueable deps ti=<TaskInstance: coingecko_ingestion_dag.fetch_data scheduled__2025-02-15T00:00:00+00:00 [queued]>
[2025-02-24T17:25:39.373+0000] {taskinstance.py:1361} INFO - Starting attempt 1 of 2
[2025-02-24T17:25:39.419+0000] {taskinstance.py:1382} INFO - Executing <Task(PythonOperator): fetch_data> on 2025-02-15 00:00:00+00:00
[2025-02-24T17:25:39.432+0000] {standard_task_runner.py:57} INFO - Started process 894 to run task
[2025-02-24T17:25:39.452+0000] {standard_task_runner.py:84} INFO - Running: ['***', 'tasks', 'run', 'coingecko_ingestion_dag', 'fetch_data', 'scheduled__2025-02-15T00:00:00+00:00', '--job-id', '117', '--raw', '--subdir', 'DAGS_FOLDER/test.py', '--cfg-path', '/tmp/tmpuj6w5jn9']
[2025-02-24T17:25:39.468+0000] {standard_task_runner.py:85} INFO - Job 117: Subtask fetch_data
[2025-02-24T17:25:39.698+0000] {task_command.py:415} INFO - Running <TaskInstance: coingecko_ingestion_dag.fetch_data scheduled__2025-02-15T00:00:00+00:00 [running]> on host 85b967fd3989
[2025-02-24T17:25:39.954+0000] {taskinstance.py:1660} INFO - Exporting env vars: AIRFLOW_CTX_DAG_OWNER='etudiant' AIRFLOW_CTX_DAG_ID='coingecko_ingestion_dag' AIRFLOW_CTX_TASK_ID='fetch_data' AIRFLOW_CTX_EXECUTION_DATE='2025-02-15T00:00:00+00:00' AIRFLOW_CTX_TRY_NUMBER='1' AIRFLOW_CTX_DAG_RUN_ID='scheduled__2025-02-15T00:00:00+00:00'
[2025-02-24T17:25:40.260+0000] {python.py:194} INFO - Done. Returned value was: None
[2025-02-24T17:25:40.295+0000] {taskinstance.py:1400} INFO - Marking task as SUCCESS. dag_id=coingecko_ingestion_dag, task_id=fetch_data, execution_date=20250215T000000, start_date=20250224T172539, end_date=20250224T172540
[2025-02-24T17:25:40.415+0000] {local_task_job_runner.py:228} INFO - Task exited with return code 0
[2025-02-24T17:25:40.669+0000] {taskinstance.py:2784} INFO - 0 downstream tasks scheduled from follow-on schedule check
[2025-02-25T15:59:26.653+0000] {taskinstance.py:1159} INFO - Dependencies all met for dep_context=non-requeueable deps ti=<TaskInstance: coingecko_ingestion_dag.fetch_data scheduled__2025-02-15T00:00:00+00:00 [queued]>
[2025-02-25T15:59:26.666+0000] {taskinstance.py:1159} INFO - Dependencies all met for dep_context=requeueable deps ti=<TaskInstance: coingecko_ingestion_dag.fetch_data scheduled__2025-02-15T00:00:00+00:00 [queued]>
[2025-02-25T15:59:26.668+0000] {taskinstance.py:1361} INFO - Starting attempt 1 of 2
[2025-02-25T15:59:26.701+0000] {taskinstance.py:1382} INFO - Executing <Task(PythonOperator): fetch_data> on 2025-02-15 00:00:00+00:00
[2025-02-25T15:59:26.719+0000] {standard_task_runner.py:57} INFO - Started process 540 to run task
[2025-02-25T15:59:26.726+0000] {standard_task_runner.py:84} INFO - Running: ['***', 'tasks', 'run', 'coingecko_ingestion_dag', 'fetch_data', 'scheduled__2025-02-15T00:00:00+00:00', '--job-id', '118', '--raw', '--subdir', 'DAGS_FOLDER/pipeline.py', '--cfg-path', '/tmp/tmpqzlqelve']
[2025-02-25T15:59:26.730+0000] {standard_task_runner.py:85} INFO - Job 118: Subtask fetch_data
[2025-02-25T15:59:26.822+0000] {task_command.py:415} INFO - Running <TaskInstance: coingecko_ingestion_dag.fetch_data scheduled__2025-02-15T00:00:00+00:00 [running]> on host af9744bbb9eb
[2025-02-25T15:59:26.980+0000] {taskinstance.py:1660} INFO - Exporting env vars: AIRFLOW_CTX_DAG_OWNER='etudiant' AIRFLOW_CTX_DAG_ID='coingecko_ingestion_dag' AIRFLOW_CTX_TASK_ID='fetch_data' AIRFLOW_CTX_EXECUTION_DATE='2025-02-15T00:00:00+00:00' AIRFLOW_CTX_TRY_NUMBER='1' AIRFLOW_CTX_DAG_RUN_ID='scheduled__2025-02-15T00:00:00+00:00'
[2025-02-25T15:59:27.149+0000] {python.py:194} INFO - Done. Returned value was: None
[2025-02-25T15:59:27.164+0000] {taskinstance.py:1400} INFO - Marking task as SUCCESS. dag_id=coingecko_ingestion_dag, task_id=fetch_data, execution_date=20250215T000000, start_date=20250225T155926, end_date=20250225T155927
[2025-02-25T15:59:27.208+0000] {local_task_job_runner.py:228} INFO - Task exited with return code 0
[2025-02-25T15:59:27.236+0000] {taskinstance.py:2784} INFO - 1 downstream tasks scheduled from follow-on schedule check
