[2025-02-26T10:29:32.925+0000] {taskinstance.py:1159} INFO - Dependencies all met for dep_context=non-requeueable deps ti=<TaskInstance: coingecko_ingestion_dag.run_mapreduce_job manual__2025-02-26T10:29:28.368355+00:00 [queued]>
[2025-02-26T10:29:32.936+0000] {taskinstance.py:1159} INFO - Dependencies all met for dep_context=requeueable deps ti=<TaskInstance: coingecko_ingestion_dag.run_mapreduce_job manual__2025-02-26T10:29:28.368355+00:00 [queued]>
[2025-02-26T10:29:32.937+0000] {taskinstance.py:1361} INFO - Starting attempt 1 of 2
[2025-02-26T10:29:32.949+0000] {taskinstance.py:1382} INFO - Executing <Task(BashOperator): run_mapreduce_job> on 2025-02-26 10:29:28.368355+00:00
[2025-02-26T10:29:32.954+0000] {standard_task_runner.py:57} INFO - Started process 309 to run task
[2025-02-26T10:29:32.956+0000] {standard_task_runner.py:84} INFO - Running: ['***', 'tasks', 'run', 'coingecko_ingestion_dag', 'run_mapreduce_job', 'manual__2025-02-26T10:29:28.368355+00:00', '--job-id', '233', '--raw', '--subdir', 'DAGS_FOLDER/pipeline.py', '--cfg-path', '/tmp/tmpuf81s6kn']
[2025-02-26T10:29:32.959+0000] {standard_task_runner.py:85} INFO - Job 233: Subtask run_mapreduce_job
[2025-02-26T10:29:33.005+0000] {task_command.py:415} INFO - Running <TaskInstance: coingecko_ingestion_dag.run_mapreduce_job manual__2025-02-26T10:29:28.368355+00:00 [running]> on host 6f87cfe8926b
[2025-02-26T10:29:33.059+0000] {logging_mixin.py:151} WARNING - /home/***/.local/lib/python3.8/site-packages/***/utils/context.py:206 AirflowContextDeprecationWarning: Accessing 'execution_date' from the template is deprecated and will be removed in a future version. Please use 'data_interval_start' or 'logical_date' instead.
[2025-02-26T10:29:33.096+0000] {taskinstance.py:1660} INFO - Exporting env vars: AIRFLOW_CTX_DAG_OWNER='etudiant' AIRFLOW_CTX_DAG_ID='coingecko_ingestion_dag' AIRFLOW_CTX_TASK_ID='run_mapreduce_job' AIRFLOW_CTX_EXECUTION_DATE='2025-02-26T10:29:28.368355+00:00' AIRFLOW_CTX_TRY_NUMBER='1' AIRFLOW_CTX_DAG_RUN_ID='manual__2025-02-26T10:29:28.368355+00:00'
[2025-02-26T10:29:33.098+0000] {subprocess.py:63} INFO - Tmp dir root location: /tmp
[2025-02-26T10:29:33.099+0000] {subprocess.py:75} INFO - Running command: ['/bin/bash', '-c', '\n        docker exec -i namenode         hadoop jar /opt/hadoop-3.2.1/share/hadoop/tools/lib/hadoop-streaming-3.2.1.jar           -input /user/etudiant/crypto/raw/YYYY=2025/MM=02/DD=26/coingecko_raw.json           -output /user/etudiant/crypto/processed/YYYY=2025/MM=02/DD=26           -mapper hdfs://namenode:9000/user/etudiant/scripts/mapper.py           -reducer hdfs://namenode:9000/user/etudiant/scripts/reducer.py           -file hdfs://namenode:9000/user/etudiant/scripts/mapper.py           -file hdfs://namenode:9000/user/etudiant/scripts/reducer.py\n        ']
[2025-02-26T10:29:33.107+0000] {subprocess.py:86} INFO - Output:
[2025-02-26T10:29:33.138+0000] {subprocess.py:93} INFO - Error response from daemon: container 81b3b2313c3186b3efe89c6e4acbea5025f22d7e8d0ef7dee57e6d220986f0f9 is not running
[2025-02-26T10:29:33.140+0000] {subprocess.py:97} INFO - Command exited with return code 1
[2025-02-26T10:29:33.150+0000] {taskinstance.py:1943} ERROR - Task failed with exception
Traceback (most recent call last):
  File "/home/airflow/.local/lib/python3.8/site-packages/airflow/operators/bash.py", line 210, in execute
    raise AirflowException(
airflow.exceptions.AirflowException: Bash command failed. The command returned a non-zero exit code 1.
[2025-02-26T10:29:33.153+0000] {taskinstance.py:1400} INFO - Marking task as UP_FOR_RETRY. dag_id=coingecko_ingestion_dag, task_id=run_mapreduce_job, execution_date=20250226T102928, start_date=20250226T102932, end_date=20250226T102933
[2025-02-26T10:29:33.164+0000] {standard_task_runner.py:104} ERROR - Failed to execute job 233 for task run_mapreduce_job (Bash command failed. The command returned a non-zero exit code 1.; 309)
[2025-02-26T10:29:33.177+0000] {local_task_job_runner.py:228} INFO - Task exited with return code 1
[2025-02-26T10:29:33.190+0000] {taskinstance.py:2784} INFO - 0 downstream tasks scheduled from follow-on schedule check
