[2025-02-27T20:45:10.816+0000] {taskinstance.py:1159} INFO - Dependencies all met for dep_context=non-requeueable deps ti=<TaskInstance: coingecko_ingestion_dag.run_mapreduce_job manual__2025-02-27T20:45:01.175058+00:00 [queued]>
[2025-02-27T20:45:10.837+0000] {taskinstance.py:1159} INFO - Dependencies all met for dep_context=requeueable deps ti=<TaskInstance: coingecko_ingestion_dag.run_mapreduce_job manual__2025-02-27T20:45:01.175058+00:00 [queued]>
[2025-02-27T20:45:10.838+0000] {taskinstance.py:1361} INFO - Starting attempt 1 of 4
[2025-02-27T20:45:10.856+0000] {taskinstance.py:1382} INFO - Executing <Task(BashOperator): run_mapreduce_job> on 2025-02-27 20:45:01.175058+00:00
[2025-02-27T20:45:10.865+0000] {standard_task_runner.py:57} INFO - Started process 394 to run task
[2025-02-27T20:45:10.869+0000] {standard_task_runner.py:84} INFO - Running: ['***', 'tasks', 'run', 'coingecko_ingestion_dag', 'run_mapreduce_job', 'manual__2025-02-27T20:45:01.175058+00:00', '--job-id', '431', '--raw', '--subdir', 'DAGS_FOLDER/pipeline.py', '--cfg-path', '/tmp/tmpszb6dx_n']
[2025-02-27T20:45:10.873+0000] {standard_task_runner.py:85} INFO - Job 431: Subtask run_mapreduce_job
[2025-02-27T20:45:10.970+0000] {task_command.py:415} INFO - Running <TaskInstance: coingecko_ingestion_dag.run_mapreduce_job manual__2025-02-27T20:45:01.175058+00:00 [running]> on host 5ac55183c16c
[2025-02-27T20:45:11.106+0000] {logging_mixin.py:151} WARNING - /home/***/.local/lib/python3.8/site-packages/***/utils/context.py:206 AirflowContextDeprecationWarning: Accessing 'execution_date' from the template is deprecated and will be removed in a future version. Please use 'data_interval_start' or 'logical_date' instead.
[2025-02-27T20:45:11.182+0000] {taskinstance.py:1660} INFO - Exporting env vars: AIRFLOW_CTX_DAG_OWNER='etudiant' AIRFLOW_CTX_DAG_ID='coingecko_ingestion_dag' AIRFLOW_CTX_TASK_ID='run_mapreduce_job' AIRFLOW_CTX_EXECUTION_DATE='2025-02-27T20:45:01.175058+00:00' AIRFLOW_CTX_TRY_NUMBER='1' AIRFLOW_CTX_DAG_RUN_ID='manual__2025-02-27T20:45:01.175058+00:00'
[2025-02-27T20:45:11.189+0000] {subprocess.py:63} INFO - Tmp dir root location: /tmp
[2025-02-27T20:45:11.192+0000] {subprocess.py:75} INFO - Running command: ['/bin/bash', '-c', '\n        # نفحصو إذا المجلد موجود ونمسحوه إذا كان موجود\n        OUTPUT_DIR="/user/etudiant/crypto/processed/YYYY=2025/MM=02/DD=27"\n        docker exec -i namenode bash -c "hdfs dfs -test -d $OUTPUT_DIR && hdfs dfs -rm -r $OUTPUT_DIR || echo \'Directory does not exist, proceeding...\'"\n\n        # نشغلو MapReduce\n        docker exec -i namenode         hadoop jar /opt/hadoop-3.2.1/share/hadoop/tools/lib/hadoop-streaming-3.2.1.jar         -input /user/etudiant/crypto/raw/YYYY=2025/MM=02/DD=27/coingecko_raw.json         -output $OUTPUT_DIR         -mapper "python3 /tmp/mapper.py"         -reducer "python3 /tmp/reducer.py"\n\n        # نفحصو إذا المخرجات تكتبات بنجاح\n        docker exec -i namenode hdfs dfs -test -e $OUTPUT_DIR/part-00000 || (echo "MapReduce failed to produce output" && exit 1)\n        ']
[2025-02-27T20:45:11.228+0000] {subprocess.py:86} INFO - Output:
[2025-02-27T20:45:14.066+0000] {subprocess.py:93} INFO - Directory does not exist, proceeding...
[2025-02-27T20:45:16.576+0000] {subprocess.py:93} INFO - 2025-02-27 20:45:16,574 INFO impl.MetricsConfig: Loaded properties from hadoop-metrics2.properties
[2025-02-27T20:45:16.647+0000] {subprocess.py:93} INFO - 2025-02-27 20:45:16,645 INFO impl.MetricsSystemImpl: Scheduled Metric snapshot period at 10 second(s).
[2025-02-27T20:45:16.647+0000] {subprocess.py:93} INFO - 2025-02-27 20:45:16,646 INFO impl.MetricsSystemImpl: JobTracker metrics system started
[2025-02-27T20:45:16.665+0000] {subprocess.py:93} INFO - 2025-02-27 20:45:16,662 WARN impl.MetricsSystemImpl: JobTracker metrics system already initialized!
[2025-02-27T20:45:16.830+0000] {subprocess.py:93} INFO - 2025-02-27 20:45:16,829 ERROR streaming.StreamJob: Error Launching job : Output directory hdfs://namenode:9000/user/etudiant/crypto/processed/YYYY=2025/MM=02/DD=27 already exists
[2025-02-27T20:45:16.831+0000] {subprocess.py:93} INFO - Streaming Command Failed!
[2025-02-27T20:45:20.096+0000] {subprocess.py:97} INFO - Command exited with return code 0
[2025-02-27T20:45:20.152+0000] {taskinstance.py:1400} INFO - Marking task as SUCCESS. dag_id=coingecko_ingestion_dag, task_id=run_mapreduce_job, execution_date=20250227T204501, start_date=20250227T204510, end_date=20250227T204520
[2025-02-27T20:45:20.233+0000] {local_task_job_runner.py:228} INFO - Task exited with return code 0
[2025-02-27T20:45:20.282+0000] {taskinstance.py:2784} INFO - 1 downstream tasks scheduled from follow-on schedule check
