[2025-02-27T12:15:33.866+0000] {taskinstance.py:1159} INFO - Dependencies all met for dep_context=non-requeueable deps ti=<TaskInstance: coingecko_ingestion_dag.run_mapreduce_job manual__2025-02-27T12:15:24.062936+00:00 [queued]>
[2025-02-27T12:15:33.880+0000] {taskinstance.py:1159} INFO - Dependencies all met for dep_context=requeueable deps ti=<TaskInstance: coingecko_ingestion_dag.run_mapreduce_job manual__2025-02-27T12:15:24.062936+00:00 [queued]>
[2025-02-27T12:15:33.883+0000] {taskinstance.py:1361} INFO - Starting attempt 1 of 4
[2025-02-27T12:15:33.906+0000] {taskinstance.py:1382} INFO - Executing <Task(BashOperator): run_mapreduce_job> on 2025-02-27 12:15:24.062936+00:00
[2025-02-27T12:15:33.912+0000] {standard_task_runner.py:57} INFO - Started process 1514 to run task
[2025-02-27T12:15:33.920+0000] {standard_task_runner.py:84} INFO - Running: ['***', 'tasks', 'run', 'coingecko_ingestion_dag', 'run_mapreduce_job', 'manual__2025-02-27T12:15:24.062936+00:00', '--job-id', '310', '--raw', '--subdir', 'DAGS_FOLDER/pipeline.py', '--cfg-path', '/tmp/tmp75wndrgc']
[2025-02-27T12:15:33.924+0000] {standard_task_runner.py:85} INFO - Job 310: Subtask run_mapreduce_job
[2025-02-27T12:15:33.976+0000] {task_command.py:415} INFO - Running <TaskInstance: coingecko_ingestion_dag.run_mapreduce_job manual__2025-02-27T12:15:24.062936+00:00 [running]> on host 6fa12894bc34
[2025-02-27T12:15:34.044+0000] {logging_mixin.py:151} WARNING - /home/***/.local/lib/python3.8/site-packages/***/utils/context.py:206 AirflowContextDeprecationWarning: Accessing 'execution_date' from the template is deprecated and will be removed in a future version. Please use 'data_interval_start' or 'logical_date' instead.
[2025-02-27T12:15:34.089+0000] {taskinstance.py:1660} INFO - Exporting env vars: AIRFLOW_CTX_DAG_OWNER='etudiant' AIRFLOW_CTX_DAG_ID='coingecko_ingestion_dag' AIRFLOW_CTX_TASK_ID='run_mapreduce_job' AIRFLOW_CTX_EXECUTION_DATE='2025-02-27T12:15:24.062936+00:00' AIRFLOW_CTX_TRY_NUMBER='1' AIRFLOW_CTX_DAG_RUN_ID='manual__2025-02-27T12:15:24.062936+00:00'
[2025-02-27T12:15:34.091+0000] {subprocess.py:63} INFO - Tmp dir root location: /tmp
[2025-02-27T12:15:34.091+0000] {subprocess.py:75} INFO - Running command: ['/bin/bash', '-c', '\n        docker exec -i namenode         hadoop jar /opt/hadoop-3.2.1/share/hadoop/tools/lib/hadoop-streaming-3.2.1.jar         -input /user/etudiant/crypto/raw/YYYY=2025/MM=02/DD=27/coingecko_raw.json         -output /user/etudiant/crypto/processed/YYYY=2025/MM=02/DD=27         -mapper "python3 /tmp/mapper.py"         -reducer "python3 /tmp/reducer.py"         -files /tmp/mapper.py,/tmp/reducer.py\n        ']
[2025-02-27T12:15:34.106+0000] {subprocess.py:86} INFO - Output:
[2025-02-27T12:15:35.016+0000] {subprocess.py:93} INFO - 2025-02-27 12:15:35,010 ERROR streaming.StreamJob: Unrecognized option: -files
[2025-02-27T12:15:35.023+0000] {subprocess.py:93} INFO - Usage: $HADOOP_HOME/bin/hadoop jar hadoop-streaming.jar [options]
[2025-02-27T12:15:35.026+0000] {subprocess.py:93} INFO - Options:
[2025-02-27T12:15:35.026+0000] {subprocess.py:93} INFO -   -input          <path> DFS input file(s) for the Map step.
[2025-02-27T12:15:35.027+0000] {subprocess.py:93} INFO -   -output         <path> DFS output directory for the Reduce step.
[2025-02-27T12:15:35.029+0000] {subprocess.py:93} INFO -   -mapper         <cmd|JavaClassName> Optional. Command to be run as mapper.
[2025-02-27T12:15:35.035+0000] {subprocess.py:93} INFO -   -combiner       <cmd|JavaClassName> Optional. Command to be run as combiner.
[2025-02-27T12:15:35.038+0000] {subprocess.py:93} INFO -   -reducer        <cmd|JavaClassName> Optional. Command to be run as reducer.
[2025-02-27T12:15:35.039+0000] {subprocess.py:93} INFO -   -file           <file> Optional. File/dir to be shipped in the Job jar file.
[2025-02-27T12:15:35.040+0000] {subprocess.py:93} INFO -                   Deprecated. Use generic option "-files" instead.
[2025-02-27T12:15:35.043+0000] {subprocess.py:93} INFO -   -inputformat    <TextInputFormat(default)|SequenceFileAsTextInputFormat|JavaClassName>
[2025-02-27T12:15:35.050+0000] {subprocess.py:93} INFO -                   Optional. The input format class.
[2025-02-27T12:15:35.056+0000] {subprocess.py:93} INFO -   -outputformat   <TextOutputFormat(default)|JavaClassName>
[2025-02-27T12:15:35.058+0000] {subprocess.py:93} INFO -                   Optional. The output format class.
[2025-02-27T12:15:35.059+0000] {subprocess.py:93} INFO -   -partitioner    <JavaClassName>  Optional. The partitioner class.
[2025-02-27T12:15:35.060+0000] {subprocess.py:93} INFO -   -numReduceTasks <num> Optional. Number of reduce tasks.
[2025-02-27T12:15:35.065+0000] {subprocess.py:93} INFO -   -inputreader    <spec> Optional. Input recordreader spec.
[2025-02-27T12:15:35.067+0000] {subprocess.py:93} INFO -   -cmdenv         <n>=<v> Optional. Pass env.var to streaming commands.
[2025-02-27T12:15:35.070+0000] {subprocess.py:93} INFO -   -mapdebug       <cmd> Optional. To run this script when a map task fails.
[2025-02-27T12:15:35.073+0000] {subprocess.py:93} INFO -   -reducedebug    <cmd> Optional. To run this script when a reduce task fails.
[2025-02-27T12:15:35.075+0000] {subprocess.py:93} INFO -   -io             <identifier> Optional. Format to use for input to and output
[2025-02-27T12:15:35.078+0000] {subprocess.py:93} INFO -                   from mapper/reducer commands
[2025-02-27T12:15:35.088+0000] {subprocess.py:93} INFO -   -lazyOutput     Optional. Lazily create Output.
[2025-02-27T12:15:35.090+0000] {subprocess.py:93} INFO -   -background     Optional. Submit the job and don't wait till it completes.
[2025-02-27T12:15:35.093+0000] {subprocess.py:93} INFO -   -verbose        Optional. Print verbose output.
[2025-02-27T12:15:35.094+0000] {subprocess.py:93} INFO -   -info           Optional. Print detailed usage.
[2025-02-27T12:15:35.103+0000] {subprocess.py:93} INFO -   -help           Optional. Print help message.
[2025-02-27T12:15:35.105+0000] {subprocess.py:93} INFO - 
[2025-02-27T12:15:35.108+0000] {subprocess.py:93} INFO - Generic options supported are:
[2025-02-27T12:15:35.108+0000] {subprocess.py:93} INFO - -conf <configuration file>        specify an application configuration file
[2025-02-27T12:15:35.109+0000] {subprocess.py:93} INFO - -D <property=value>               define a value for a given property
[2025-02-27T12:15:35.109+0000] {subprocess.py:93} INFO - -fs <file:///|hdfs://namenode:port> specify default filesystem URL to use, overrides 'fs.defaultFS' property from configurations.
[2025-02-27T12:15:35.110+0000] {subprocess.py:93} INFO - -jt <local|resourcemanager:port>  specify a ResourceManager
[2025-02-27T12:15:35.111+0000] {subprocess.py:93} INFO - -files <file1,...>                specify a comma-separated list of files to be copied to the map reduce cluster
[2025-02-27T12:15:35.112+0000] {subprocess.py:93} INFO - 
[2025-02-27T12:15:35.113+0000] {subprocess.py:93} INFO - Try -help for more information
[2025-02-27T12:15:35.114+0000] {subprocess.py:93} INFO - Streaming Command Failed!
[2025-02-27T12:15:35.115+0000] {subprocess.py:93} INFO - -libjars <jar1,...>               specify a comma-separated list of jar files to be included in the classpath
[2025-02-27T12:15:35.116+0000] {subprocess.py:93} INFO - -archives <archive1,...>          specify a comma-separated list of archives to be unarchived on the compute machines
[2025-02-27T12:15:35.116+0000] {subprocess.py:93} INFO - 
[2025-02-27T12:15:35.117+0000] {subprocess.py:93} INFO - The general command line syntax is:
[2025-02-27T12:15:35.118+0000] {subprocess.py:93} INFO - command [genericOptions] [commandOptions]
[2025-02-27T12:15:35.118+0000] {subprocess.py:93} INFO - 
[2025-02-27T12:15:35.119+0000] {subprocess.py:93} INFO - 
[2025-02-27T12:15:35.119+0000] {subprocess.py:93} INFO - For more details about these options:
[2025-02-27T12:15:35.120+0000] {subprocess.py:93} INFO - Use $HADOOP_HOME/bin/hadoop jar hadoop-streaming.jar -info
[2025-02-27T12:15:35.198+0000] {subprocess.py:97} INFO - Command exited with return code 1
[2025-02-27T12:15:35.217+0000] {taskinstance.py:1943} ERROR - Task failed with exception
Traceback (most recent call last):
  File "/home/airflow/.local/lib/python3.8/site-packages/airflow/operators/bash.py", line 210, in execute
    raise AirflowException(
airflow.exceptions.AirflowException: Bash command failed. The command returned a non-zero exit code 1.
[2025-02-27T12:15:35.223+0000] {taskinstance.py:1400} INFO - Marking task as UP_FOR_RETRY. dag_id=coingecko_ingestion_dag, task_id=run_mapreduce_job, execution_date=20250227T121524, start_date=20250227T121533, end_date=20250227T121535
[2025-02-27T12:15:35.266+0000] {standard_task_runner.py:104} ERROR - Failed to execute job 310 for task run_mapreduce_job (Bash command failed. The command returned a non-zero exit code 1.; 1514)
[2025-02-27T12:15:35.298+0000] {local_task_job_runner.py:228} INFO - Task exited with return code 1
[2025-02-27T12:15:35.319+0000] {taskinstance.py:2784} INFO - 0 downstream tasks scheduled from follow-on schedule check
