[2025-02-24T17:20:26.585+0000] {taskinstance.py:1159} INFO - Dependencies all met for dep_context=non-requeueable deps ti=<TaskInstance: coingecko_ingestion_dag.fetch_data scheduled__2025-01-26T00:00:00+00:00 [queued]>
[2025-02-24T17:20:26.617+0000] {taskinstance.py:1159} INFO - Dependencies all met for dep_context=requeueable deps ti=<TaskInstance: coingecko_ingestion_dag.fetch_data scheduled__2025-01-26T00:00:00+00:00 [queued]>
[2025-02-24T17:20:26.620+0000] {taskinstance.py:1361} INFO - Starting attempt 1 of 2
[2025-02-24T17:20:26.877+0000] {taskinstance.py:1382} INFO - Executing <Task(PythonOperator): fetch_data> on 2025-01-26 00:00:00+00:00
[2025-02-24T17:20:26.888+0000] {standard_task_runner.py:57} INFO - Started process 681 to run task
[2025-02-24T17:20:26.903+0000] {standard_task_runner.py:84} INFO - Running: ['***', 'tasks', 'run', 'coingecko_ingestion_dag', 'fetch_data', 'scheduled__2025-01-26T00:00:00+00:00', '--job-id', '59', '--raw', '--subdir', 'DAGS_FOLDER/test.py', '--cfg-path', '/tmp/tmpgayzjl6u']
[2025-02-24T17:20:26.917+0000] {standard_task_runner.py:85} INFO - Job 59: Subtask fetch_data
[2025-02-24T17:20:27.065+0000] {task_command.py:415} INFO - Running <TaskInstance: coingecko_ingestion_dag.fetch_data scheduled__2025-01-26T00:00:00+00:00 [running]> on host 85b967fd3989
[2025-02-24T17:20:27.291+0000] {taskinstance.py:1660} INFO - Exporting env vars: AIRFLOW_CTX_DAG_OWNER='etudiant' AIRFLOW_CTX_DAG_ID='coingecko_ingestion_dag' AIRFLOW_CTX_TASK_ID='fetch_data' AIRFLOW_CTX_EXECUTION_DATE='2025-01-26T00:00:00+00:00' AIRFLOW_CTX_TRY_NUMBER='1' AIRFLOW_CTX_DAG_RUN_ID='scheduled__2025-01-26T00:00:00+00:00'
[2025-02-24T17:20:27.535+0000] {python.py:194} INFO - Done. Returned value was: None
[2025-02-24T17:20:27.565+0000] {taskinstance.py:1400} INFO - Marking task as SUCCESS. dag_id=coingecko_ingestion_dag, task_id=fetch_data, execution_date=20250126T000000, start_date=20250224T172026, end_date=20250224T172027
[2025-02-24T17:20:27.652+0000] {local_task_job_runner.py:228} INFO - Task exited with return code 0
[2025-02-24T17:20:27.727+0000] {taskinstance.py:2784} INFO - 1 downstream tasks scheduled from follow-on schedule check
[2025-02-25T15:53:06.484+0000] {taskinstance.py:1159} INFO - Dependencies all met for dep_context=non-requeueable deps ti=<TaskInstance: coingecko_ingestion_dag.fetch_data scheduled__2025-01-26T00:00:00+00:00 [queued]>
[2025-02-25T15:53:06.534+0000] {taskinstance.py:1159} INFO - Dependencies all met for dep_context=requeueable deps ti=<TaskInstance: coingecko_ingestion_dag.fetch_data scheduled__2025-01-26T00:00:00+00:00 [queued]>
[2025-02-25T15:53:06.543+0000] {taskinstance.py:1361} INFO - Starting attempt 1 of 2
[2025-02-25T15:53:06.609+0000] {taskinstance.py:1382} INFO - Executing <Task(PythonOperator): fetch_data> on 2025-01-26 00:00:00+00:00
[2025-02-25T15:53:06.634+0000] {standard_task_runner.py:57} INFO - Started process 370 to run task
[2025-02-25T15:53:06.658+0000] {standard_task_runner.py:84} INFO - Running: ['***', 'tasks', 'run', 'coingecko_ingestion_dag', 'fetch_data', 'scheduled__2025-01-26T00:00:00+00:00', '--job-id', '63', '--raw', '--subdir', 'DAGS_FOLDER/pipeline.py', '--cfg-path', '/tmp/tmpojk1f_he']
[2025-02-25T15:53:06.677+0000] {standard_task_runner.py:85} INFO - Job 63: Subtask fetch_data
[2025-02-25T15:53:07.176+0000] {task_command.py:415} INFO - Running <TaskInstance: coingecko_ingestion_dag.fetch_data scheduled__2025-01-26T00:00:00+00:00 [running]> on host af9744bbb9eb
[2025-02-25T15:53:33.554+0000] {taskinstance.py:1660} INFO - Exporting env vars: AIRFLOW_CTX_DAG_OWNER='etudiant' AIRFLOW_CTX_DAG_ID='coingecko_ingestion_dag' AIRFLOW_CTX_TASK_ID='fetch_data' AIRFLOW_CTX_EXECUTION_DATE='2025-01-26T00:00:00+00:00' AIRFLOW_CTX_TRY_NUMBER='1' AIRFLOW_CTX_DAG_RUN_ID='scheduled__2025-01-26T00:00:00+00:00'
[2025-02-25T15:53:45.484+0000] {python.py:194} INFO - Done. Returned value was: None
[2025-02-25T15:53:45.576+0000] {taskinstance.py:1400} INFO - Marking task as SUCCESS. dag_id=coingecko_ingestion_dag, task_id=fetch_data, execution_date=20250126T000000, start_date=20250225T155306, end_date=20250225T155345
[2025-02-25T15:53:45.853+0000] {local_task_job_runner.py:228} INFO - Task exited with return code 0
[2025-02-25T15:53:46.004+0000] {taskinstance.py:2784} INFO - 1 downstream tasks scheduled from follow-on schedule check
