[2025-02-27T12:19:53.613+0000] {taskinstance.py:1159} INFO - Dependencies all met for dep_context=non-requeueable deps ti=<TaskInstance: coingecko_ingestion_dag.run_mapreduce_job manual__2025-02-27T12:19:44.714610+00:00 [queued]>
[2025-02-27T12:19:53.630+0000] {taskinstance.py:1159} INFO - Dependencies all met for dep_context=requeueable deps ti=<TaskInstance: coingecko_ingestion_dag.run_mapreduce_job manual__2025-02-27T12:19:44.714610+00:00 [queued]>
[2025-02-27T12:19:53.630+0000] {taskinstance.py:1361} INFO - Starting attempt 1 of 4
[2025-02-27T12:19:53.654+0000] {taskinstance.py:1382} INFO - Executing <Task(BashOperator): run_mapreduce_job> on 2025-02-27 12:19:44.714610+00:00
[2025-02-27T12:19:53.663+0000] {standard_task_runner.py:57} INFO - Started process 1625 to run task
[2025-02-27T12:19:53.668+0000] {standard_task_runner.py:84} INFO - Running: ['***', 'tasks', 'run', 'coingecko_ingestion_dag', 'run_mapreduce_job', 'manual__2025-02-27T12:19:44.714610+00:00', '--job-id', '315', '--raw', '--subdir', 'DAGS_FOLDER/pipeline.py', '--cfg-path', '/tmp/tmpnjzpil69']
[2025-02-27T12:19:53.675+0000] {standard_task_runner.py:85} INFO - Job 315: Subtask run_mapreduce_job
[2025-02-27T12:19:53.740+0000] {task_command.py:415} INFO - Running <TaskInstance: coingecko_ingestion_dag.run_mapreduce_job manual__2025-02-27T12:19:44.714610+00:00 [running]> on host 6fa12894bc34
[2025-02-27T12:19:53.819+0000] {logging_mixin.py:151} WARNING - /home/***/.local/lib/python3.8/site-packages/***/utils/context.py:206 AirflowContextDeprecationWarning: Accessing 'execution_date' from the template is deprecated and will be removed in a future version. Please use 'data_interval_start' or 'logical_date' instead.
[2025-02-27T12:19:53.863+0000] {taskinstance.py:1660} INFO - Exporting env vars: AIRFLOW_CTX_DAG_OWNER='etudiant' AIRFLOW_CTX_DAG_ID='coingecko_ingestion_dag' AIRFLOW_CTX_TASK_ID='run_mapreduce_job' AIRFLOW_CTX_EXECUTION_DATE='2025-02-27T12:19:44.714610+00:00' AIRFLOW_CTX_TRY_NUMBER='1' AIRFLOW_CTX_DAG_RUN_ID='manual__2025-02-27T12:19:44.714610+00:00'
[2025-02-27T12:19:53.867+0000] {subprocess.py:63} INFO - Tmp dir root location: /tmp
[2025-02-27T12:19:53.870+0000] {subprocess.py:75} INFO - Running command: ['/bin/bash', '-c', '\n        docker exec -i namenode         hadoop jar /opt/hadoop-3.2.1/share/hadoop/tools/lib/hadoop-streaming-3.2.1.jar         -input /user/etudiant/crypto/raw/YYYY=2025/MM=02/DD=27/coingecko_raw.json         -output /user/etudiant/crypto/processed/YYYY=2025/MM=02/DD=27         -mapper "python3 /tmp/mapper.py"         -reducer "python3 /tmp/reducer.py"\n        ']
[2025-02-27T12:19:53.881+0000] {subprocess.py:86} INFO - Output:
[2025-02-27T12:19:56.035+0000] {subprocess.py:93} INFO - 2025-02-27 12:19:56,031 INFO impl.MetricsConfig: Loaded properties from hadoop-metrics2.properties
[2025-02-27T12:19:56.094+0000] {subprocess.py:93} INFO - 2025-02-27 12:19:56,093 INFO impl.MetricsSystemImpl: Scheduled Metric snapshot period at 10 second(s).
[2025-02-27T12:19:56.094+0000] {subprocess.py:93} INFO - 2025-02-27 12:19:56,093 INFO impl.MetricsSystemImpl: JobTracker metrics system started
[2025-02-27T12:19:56.112+0000] {subprocess.py:93} INFO - 2025-02-27 12:19:56,111 WARN impl.MetricsSystemImpl: JobTracker metrics system already initialized!
[2025-02-27T12:19:56.412+0000] {subprocess.py:93} INFO - 2025-02-27 12:19:56,411 INFO mapred.FileInputFormat: Total input files to process : 1
[2025-02-27T12:19:56.510+0000] {subprocess.py:93} INFO - 2025-02-27 12:19:56,507 INFO mapreduce.JobSubmitter: number of splits:1
[2025-02-27T12:19:56.659+0000] {subprocess.py:93} INFO - 2025-02-27 12:19:56,658 INFO mapreduce.JobSubmitter: Submitting tokens for job: job_local130104549_0001
[2025-02-27T12:19:56.660+0000] {subprocess.py:93} INFO - 2025-02-27 12:19:56,659 INFO mapreduce.JobSubmitter: Executing with tokens: []
[2025-02-27T12:19:56.814+0000] {subprocess.py:93} INFO - 2025-02-27 12:19:56,811 INFO mapreduce.Job: The url to track the job: http://localhost:8080/
[2025-02-27T12:19:56.821+0000] {subprocess.py:93} INFO - 2025-02-27 12:19:56,813 INFO mapred.LocalJobRunner: OutputCommitter set in config null
[2025-02-27T12:19:56.823+0000] {subprocess.py:93} INFO - 2025-02-27 12:19:56,813 INFO mapreduce.Job: Running job: job_local130104549_0001
[2025-02-27T12:19:56.824+0000] {subprocess.py:93} INFO - 2025-02-27 12:19:56,818 INFO mapred.LocalJobRunner: OutputCommitter is org.apache.hadoop.mapred.FileOutputCommitter
[2025-02-27T12:19:56.827+0000] {subprocess.py:93} INFO - 2025-02-27 12:19:56,827 INFO output.FileOutputCommitter: File Output Committer Algorithm version is 2
[2025-02-27T12:19:56.828+0000] {subprocess.py:93} INFO - 2025-02-27 12:19:56,827 INFO output.FileOutputCommitter: FileOutputCommitter skip cleanup _temporary folders under output directory:false, ignore cleanup failures: false
[2025-02-27T12:19:56.879+0000] {subprocess.py:93} INFO - 2025-02-27 12:19:56,878 INFO mapred.LocalJobRunner: Waiting for map tasks
[2025-02-27T12:19:56.886+0000] {subprocess.py:93} INFO - 2025-02-27 12:19:56,884 INFO mapred.LocalJobRunner: Starting task: attempt_local130104549_0001_m_000000_0
[2025-02-27T12:19:56.911+0000] {subprocess.py:93} INFO - 2025-02-27 12:19:56,910 INFO output.FileOutputCommitter: File Output Committer Algorithm version is 2
[2025-02-27T12:19:56.912+0000] {subprocess.py:93} INFO - 2025-02-27 12:19:56,910 INFO output.FileOutputCommitter: FileOutputCommitter skip cleanup _temporary folders under output directory:false, ignore cleanup failures: false
[2025-02-27T12:19:56.934+0000] {subprocess.py:93} INFO - 2025-02-27 12:19:56,930 INFO mapred.Task:  Using ResourceCalculatorProcessTree : [ ]
[2025-02-27T12:19:56.948+0000] {subprocess.py:93} INFO - 2025-02-27 12:19:56,945 INFO mapred.MapTask: Processing split: hdfs://namenode:9000/user/etudiant/crypto/raw/YYYY=2025/MM=02/DD=27/coingecko_raw.json:0+84841
[2025-02-27T12:19:56.974+0000] {subprocess.py:93} INFO - 2025-02-27 12:19:56,973 INFO mapred.MapTask: numReduceTasks: 1
[2025-02-27T12:19:57.046+0000] {subprocess.py:93} INFO - 2025-02-27 12:19:57,043 INFO mapred.MapTask: (EQUATOR) 0 kvi 26214396(104857584)
[2025-02-27T12:19:57.053+0000] {subprocess.py:93} INFO - 2025-02-27 12:19:57,043 INFO mapred.MapTask: mapreduce.task.io.sort.mb: 100
[2025-02-27T12:19:57.057+0000] {subprocess.py:93} INFO - 2025-02-27 12:19:57,043 INFO mapred.MapTask: soft limit at 83886080
[2025-02-27T12:19:57.058+0000] {subprocess.py:93} INFO - 2025-02-27 12:19:57,043 INFO mapred.MapTask: bufstart = 0; bufvoid = 104857600
[2025-02-27T12:19:57.060+0000] {subprocess.py:93} INFO - 2025-02-27 12:19:57,043 INFO mapred.MapTask: kvstart = 26214396; length = 6553600
[2025-02-27T12:19:57.060+0000] {subprocess.py:93} INFO - 2025-02-27 12:19:57,049 INFO mapred.MapTask: Map output collector class = org.apache.hadoop.mapred.MapTask$MapOutputBuffer
[2025-02-27T12:19:57.068+0000] {subprocess.py:93} INFO - 2025-02-27 12:19:57,062 INFO streaming.PipeMapRed: PipeMapRed exec [/usr/bin/python3, /tmp/mapper.py]
[2025-02-27T12:19:57.076+0000] {subprocess.py:93} INFO - 2025-02-27 12:19:57,074 INFO Configuration.deprecation: mapred.work.output.dir is deprecated. Instead, use mapreduce.task.output.dir
[2025-02-27T12:19:57.084+0000] {subprocess.py:93} INFO - 2025-02-27 12:19:57,075 INFO Configuration.deprecation: map.input.start is deprecated. Instead, use mapreduce.map.input.start
[2025-02-27T12:19:57.085+0000] {subprocess.py:93} INFO - 2025-02-27 12:19:57,075 INFO Configuration.deprecation: mapred.task.is.map is deprecated. Instead, use mapreduce.task.ismap
[2025-02-27T12:19:57.087+0000] {subprocess.py:93} INFO - 2025-02-27 12:19:57,075 INFO Configuration.deprecation: mapred.task.id is deprecated. Instead, use mapreduce.task.attempt.id
[2025-02-27T12:19:57.087+0000] {subprocess.py:93} INFO - 2025-02-27 12:19:57,076 INFO Configuration.deprecation: mapred.tip.id is deprecated. Instead, use mapreduce.task.id
[2025-02-27T12:19:57.088+0000] {subprocess.py:93} INFO - 2025-02-27 12:19:57,076 INFO Configuration.deprecation: mapred.local.dir is deprecated. Instead, use mapreduce.cluster.local.dir
[2025-02-27T12:19:57.089+0000] {subprocess.py:93} INFO - 2025-02-27 12:19:57,076 INFO Configuration.deprecation: map.input.file is deprecated. Instead, use mapreduce.map.input.file
[2025-02-27T12:19:57.090+0000] {subprocess.py:93} INFO - 2025-02-27 12:19:57,077 INFO Configuration.deprecation: mapred.skip.on is deprecated. Instead, use mapreduce.job.skiprecords
[2025-02-27T12:19:57.090+0000] {subprocess.py:93} INFO - 2025-02-27 12:19:57,077 INFO Configuration.deprecation: map.input.length is deprecated. Instead, use mapreduce.map.input.length
[2025-02-27T12:19:57.091+0000] {subprocess.py:93} INFO - 2025-02-27 12:19:57,078 INFO Configuration.deprecation: mapred.job.id is deprecated. Instead, use mapreduce.job.id
[2025-02-27T12:19:57.091+0000] {subprocess.py:93} INFO - 2025-02-27 12:19:57,078 INFO Configuration.deprecation: user.name is deprecated. Instead, use mapreduce.job.user.name
[2025-02-27T12:19:57.091+0000] {subprocess.py:93} INFO - 2025-02-27 12:19:57,078 INFO Configuration.deprecation: mapred.task.partition is deprecated. Instead, use mapreduce.task.partition
[2025-02-27T12:19:57.123+0000] {subprocess.py:93} INFO - 2025-02-27 12:19:57,121 INFO sasl.SaslDataTransferClient: SASL encryption trust check: localHostTrusted = false, remoteHostTrusted = false
[2025-02-27T12:19:57.208+0000] {subprocess.py:93} INFO - 2025-02-27 12:19:57,207 INFO streaming.PipeMapRed: R/W/S=1/0/0 in:NA [rec/s] out:NA [rec/s]
[2025-02-27T12:19:57.211+0000] {subprocess.py:93} INFO - 2025-02-27 12:19:57,211 INFO streaming.PipeMapRed: Records R/W=1/1
[2025-02-27T12:19:57.217+0000] {subprocess.py:93} INFO - 2025-02-27 12:19:57,212 INFO streaming.PipeMapRed: MRErrorThread done
[2025-02-27T12:19:57.219+0000] {subprocess.py:93} INFO - 2025-02-27 12:19:57,213 INFO streaming.PipeMapRed: mapRedFinished
[2025-02-27T12:19:57.224+0000] {subprocess.py:93} INFO - 2025-02-27 12:19:57,223 INFO mapred.LocalJobRunner:
[2025-02-27T12:19:57.225+0000] {subprocess.py:93} INFO - 2025-02-27 12:19:57,223 INFO mapred.MapTask: Starting flush of map output
[2025-02-27T12:19:57.225+0000] {subprocess.py:93} INFO - 2025-02-27 12:19:57,223 INFO mapred.MapTask: Spilling map output
[2025-02-27T12:19:57.226+0000] {subprocess.py:93} INFO - 2025-02-27 12:19:57,223 INFO mapred.MapTask: bufstart = 0; bufend = 4684; bufvoid = 104857600
[2025-02-27T12:19:57.226+0000] {subprocess.py:93} INFO - 2025-02-27 12:19:57,223 INFO mapred.MapTask: kvstart = 26214396(104857584); kvend = 26214000(104856000); length = 397/6553600
[2025-02-27T12:19:57.241+0000] {subprocess.py:93} INFO - 2025-02-27 12:19:57,240 INFO mapred.MapTask: Finished spill 0
[2025-02-27T12:19:57.264+0000] {subprocess.py:93} INFO - 2025-02-27 12:19:57,261 INFO mapred.Task: Task:attempt_local130104549_0001_m_000000_0 is done. And is in the process of committing
[2025-02-27T12:19:57.273+0000] {subprocess.py:93} INFO - 2025-02-27 12:19:57,272 INFO mapred.LocalJobRunner: Records R/W=1/1
[2025-02-27T12:19:57.274+0000] {subprocess.py:93} INFO - 2025-02-27 12:19:57,273 INFO mapred.Task: Task 'attempt_local130104549_0001_m_000000_0' done.
[2025-02-27T12:19:57.284+0000] {subprocess.py:93} INFO - 2025-02-27 12:19:57,281 INFO mapred.Task: Final Counters for attempt_local130104549_0001_m_000000_0: Counters: 23
[2025-02-27T12:19:57.286+0000] {subprocess.py:93} INFO - 	File System Counters
[2025-02-27T12:19:57.288+0000] {subprocess.py:93} INFO - 		FILE: Number of bytes read=176794
[2025-02-27T12:19:57.289+0000] {subprocess.py:93} INFO - 		FILE: Number of bytes written=708271
[2025-02-27T12:19:57.290+0000] {subprocess.py:93} INFO - 		FILE: Number of read operations=0
[2025-02-27T12:19:57.290+0000] {subprocess.py:93} INFO - 		FILE: Number of large read operations=0
[2025-02-27T12:19:57.290+0000] {subprocess.py:93} INFO - 		FILE: Number of write operations=0
[2025-02-27T12:19:57.291+0000] {subprocess.py:93} INFO - 		HDFS: Number of bytes read=84841
[2025-02-27T12:19:57.291+0000] {subprocess.py:93} INFO - 		HDFS: Number of bytes written=0
[2025-02-27T12:19:57.291+0000] {subprocess.py:93} INFO - 		HDFS: Number of read operations=5
[2025-02-27T12:19:57.292+0000] {subprocess.py:93} INFO - 		HDFS: Number of large read operations=0
[2025-02-27T12:19:57.292+0000] {subprocess.py:93} INFO - 		HDFS: Number of write operations=1
[2025-02-27T12:19:57.293+0000] {subprocess.py:93} INFO - 		HDFS: Number of bytes read erasure-coded=0
[2025-02-27T12:19:57.294+0000] {subprocess.py:93} INFO - 	Map-Reduce Framework
[2025-02-27T12:19:57.294+0000] {subprocess.py:93} INFO - 		Map input records=1
[2025-02-27T12:19:57.295+0000] {subprocess.py:93} INFO - 		Map output records=100
[2025-02-27T12:19:57.295+0000] {subprocess.py:93} INFO - 		Map output bytes=4684
[2025-02-27T12:19:57.296+0000] {subprocess.py:93} INFO - 		Map output materialized bytes=4890
[2025-02-27T12:19:57.296+0000] {subprocess.py:93} INFO - 		Input split bytes=138
[2025-02-27T12:19:57.297+0000] {subprocess.py:93} INFO - 		Combine input records=0
[2025-02-27T12:19:57.297+0000] {subprocess.py:93} INFO - 		Spilled Records=100
[2025-02-27T12:19:57.298+0000] {subprocess.py:93} INFO - 		Failed Shuffles=0
[2025-02-27T12:19:57.298+0000] {subprocess.py:93} INFO - 		Merged Map outputs=0
[2025-02-27T12:19:57.299+0000] {subprocess.py:93} INFO - 		GC time elapsed (ms)=0
[2025-02-27T12:19:57.299+0000] {subprocess.py:93} INFO - 		Total committed heap usage (bytes)=268435456
[2025-02-27T12:19:57.300+0000] {subprocess.py:93} INFO - 	File Input Format Counters
[2025-02-27T12:19:57.301+0000] {subprocess.py:93} INFO - 		Bytes Read=84841
[2025-02-27T12:19:57.301+0000] {subprocess.py:93} INFO - 2025-02-27 12:19:57,282 INFO mapred.LocalJobRunner: Finishing task: attempt_local130104549_0001_m_000000_0
[2025-02-27T12:19:57.303+0000] {subprocess.py:93} INFO - 2025-02-27 12:19:57,283 INFO mapred.LocalJobRunner: map task executor complete.
[2025-02-27T12:19:57.304+0000] {subprocess.py:93} INFO - 2025-02-27 12:19:57,291 INFO mapred.LocalJobRunner: Starting task: attempt_local130104549_0001_r_000000_0
[2025-02-27T12:19:57.305+0000] {subprocess.py:93} INFO - 2025-02-27 12:19:57,294 INFO mapred.LocalJobRunner: Waiting for reduce tasks
[2025-02-27T12:19:57.311+0000] {subprocess.py:93} INFO - 2025-02-27 12:19:57,309 INFO output.FileOutputCommitter: File Output Committer Algorithm version is 2
[2025-02-27T12:19:57.312+0000] {subprocess.py:93} INFO - 2025-02-27 12:19:57,309 INFO output.FileOutputCommitter: FileOutputCommitter skip cleanup _temporary folders under output directory:false, ignore cleanup failures: false
[2025-02-27T12:19:57.315+0000] {subprocess.py:93} INFO - 2025-02-27 12:19:57,310 INFO mapred.Task:  Using ResourceCalculatorProcessTree : [ ]
[2025-02-27T12:19:57.321+0000] {subprocess.py:93} INFO - 2025-02-27 12:19:57,314 INFO mapred.ReduceTask: Using ShuffleConsumerPlugin: org.apache.hadoop.mapreduce.task.reduce.Shuffle@5eb7f5ac
[2025-02-27T12:19:57.326+0000] {subprocess.py:93} INFO - 2025-02-27 12:19:57,324 WARN impl.MetricsSystemImpl: JobTracker metrics system already initialized!
[2025-02-27T12:19:57.353+0000] {subprocess.py:93} INFO - 2025-02-27 12:19:57,350 INFO reduce.MergeManagerImpl: MergerManager: memoryLimit=614727680, maxSingleShuffleLimit=153681920, mergeThreshold=405720288, ioSortFactor=10, memToMemMergeOutputsThreshold=10
[2025-02-27T12:19:57.357+0000] {subprocess.py:93} INFO - 2025-02-27 12:19:57,356 INFO reduce.EventFetcher: attempt_local130104549_0001_r_000000_0 Thread started: EventFetcher for fetching Map Completion Events
[2025-02-27T12:19:57.393+0000] {subprocess.py:93} INFO - 2025-02-27 12:19:57,392 INFO reduce.LocalFetcher: localfetcher#1 about to shuffle output of map attempt_local130104549_0001_m_000000_0 decomp: 4886 len: 4890 to MEMORY
[2025-02-27T12:19:57.403+0000] {subprocess.py:93} INFO - 2025-02-27 12:19:57,401 INFO reduce.InMemoryMapOutput: Read 4886 bytes from map-output for attempt_local130104549_0001_m_000000_0
[2025-02-27T12:19:57.406+0000] {subprocess.py:93} INFO - 2025-02-27 12:19:57,406 INFO reduce.MergeManagerImpl: closeInMemoryFile -> map-output of size: 4886, inMemoryMapOutputs.size() -> 1, commitMemory -> 0, usedMemory ->4886
[2025-02-27T12:19:57.408+0000] {subprocess.py:93} INFO - 2025-02-27 12:19:57,407 INFO reduce.EventFetcher: EventFetcher is interrupted.. Returning
[2025-02-27T12:19:57.411+0000] {subprocess.py:93} INFO - 2025-02-27 12:19:57,408 INFO mapred.LocalJobRunner: 1 / 1 copied.
[2025-02-27T12:19:57.423+0000] {subprocess.py:93} INFO - 2025-02-27 12:19:57,422 INFO reduce.MergeManagerImpl: finalMerge called with 1 in-memory map-outputs and 0 on-disk map-outputs
[2025-02-27T12:19:57.442+0000] {subprocess.py:93} INFO - 2025-02-27 12:19:57,441 INFO mapred.Merger: Merging 1 sorted segments
[2025-02-27T12:19:57.443+0000] {subprocess.py:93} INFO - 2025-02-27 12:19:57,441 INFO mapred.Merger: Down to the last merge-pass, with 1 segments left of total size: 4879 bytes
[2025-02-27T12:19:57.453+0000] {subprocess.py:93} INFO - 2025-02-27 12:19:57,450 INFO reduce.MergeManagerImpl: Merged 1 segments, 4886 bytes to disk to satisfy reduce memory limit
[2025-02-27T12:19:57.456+0000] {subprocess.py:93} INFO - 2025-02-27 12:19:57,454 INFO reduce.MergeManagerImpl: Merging 1 files, 4890 bytes from disk
[2025-02-27T12:19:57.459+0000] {subprocess.py:93} INFO - 2025-02-27 12:19:57,457 INFO reduce.MergeManagerImpl: Merging 0 segments, 0 bytes from memory into reduce
[2025-02-27T12:19:57.459+0000] {subprocess.py:93} INFO - 2025-02-27 12:19:57,457 INFO mapred.Merger: Merging 1 sorted segments
[2025-02-27T12:19:57.460+0000] {subprocess.py:93} INFO - 2025-02-27 12:19:57,459 INFO mapred.Merger: Down to the last merge-pass, with 1 segments left of total size: 4879 bytes
[2025-02-27T12:19:57.460+0000] {subprocess.py:93} INFO - 2025-02-27 12:19:57,459 INFO mapred.LocalJobRunner: 1 / 1 copied.
[2025-02-27T12:19:57.468+0000] {subprocess.py:93} INFO - 2025-02-27 12:19:57,464 INFO streaming.PipeMapRed: PipeMapRed exec [/usr/bin/python3, /tmp/reducer.py]
[2025-02-27T12:19:57.471+0000] {subprocess.py:93} INFO - 2025-02-27 12:19:57,468 INFO Configuration.deprecation: mapred.job.tracker is deprecated. Instead, use mapreduce.jobtracker.address
[2025-02-27T12:19:57.473+0000] {subprocess.py:93} INFO - 2025-02-27 12:19:57,469 INFO Configuration.deprecation: mapred.map.tasks is deprecated. Instead, use mapreduce.job.maps
[2025-02-27T12:19:57.524+0000] {subprocess.py:93} INFO - 2025-02-27 12:19:57,522 INFO streaming.PipeMapRed: R/W/S=1/0/0 in:NA [rec/s] out:NA [rec/s]
[2025-02-27T12:19:57.524+0000] {subprocess.py:93} INFO - 2025-02-27 12:19:57,523 INFO streaming.PipeMapRed: R/W/S=10/0/0 in:NA [rec/s] out:NA [rec/s]
[2025-02-27T12:19:57.526+0000] {subprocess.py:93} INFO - 2025-02-27 12:19:57,525 INFO streaming.PipeMapRed: R/W/S=100/0/0 in:NA [rec/s] out:NA [rec/s]
[2025-02-27T12:19:57.527+0000] {subprocess.py:93} INFO - 2025-02-27 12:19:57,527 INFO streaming.PipeMapRed: Records R/W=100/1
[2025-02-27T12:19:57.531+0000] {subprocess.py:93} INFO - 2025-02-27 12:19:57,528 INFO streaming.PipeMapRed: MRErrorThread done
[2025-02-27T12:19:57.535+0000] {subprocess.py:93} INFO - 2025-02-27 12:19:57,533 INFO streaming.PipeMapRed: mapRedFinished
[2025-02-27T12:19:57.571+0000] {subprocess.py:93} INFO - 2025-02-27 12:19:57,567 INFO sasl.SaslDataTransferClient: SASL encryption trust check: localHostTrusted = false, remoteHostTrusted = false
[2025-02-27T12:19:57.606+0000] {subprocess.py:93} INFO - 2025-02-27 12:19:57,606 INFO mapred.Task: Task:attempt_local130104549_0001_r_000000_0 is done. And is in the process of committing
[2025-02-27T12:19:57.609+0000] {subprocess.py:93} INFO - 2025-02-27 12:19:57,609 INFO mapred.LocalJobRunner: 1 / 1 copied.
[2025-02-27T12:19:57.610+0000] {subprocess.py:93} INFO - 2025-02-27 12:19:57,609 INFO mapred.Task: Task attempt_local130104549_0001_r_000000_0 is allowed to commit now
[2025-02-27T12:19:57.641+0000] {subprocess.py:93} INFO - 2025-02-27 12:19:57,639 INFO output.FileOutputCommitter: Saved output of task 'attempt_local130104549_0001_r_000000_0' to hdfs://namenode:9000/user/etudiant/crypto/processed/YYYY=2025/MM=02/DD=27
[2025-02-27T12:19:57.642+0000] {subprocess.py:93} INFO - 2025-02-27 12:19:57,640 INFO mapred.LocalJobRunner: Records R/W=100/1 > reduce
[2025-02-27T12:19:57.642+0000] {subprocess.py:93} INFO - 2025-02-27 12:19:57,640 INFO mapred.Task: Task 'attempt_local130104549_0001_r_000000_0' done.
[2025-02-27T12:19:57.643+0000] {subprocess.py:93} INFO - 2025-02-27 12:19:57,641 INFO mapred.Task: Final Counters for attempt_local130104549_0001_r_000000_0: Counters: 30
[2025-02-27T12:19:57.643+0000] {subprocess.py:93} INFO - 	File System Counters
[2025-02-27T12:19:57.643+0000] {subprocess.py:93} INFO - 		FILE: Number of bytes read=186606
[2025-02-27T12:19:57.644+0000] {subprocess.py:93} INFO - 		FILE: Number of bytes written=713161
[2025-02-27T12:19:57.644+0000] {subprocess.py:93} INFO - 		FILE: Number of read operations=0
[2025-02-27T12:19:57.644+0000] {subprocess.py:93} INFO - 		FILE: Number of large read operations=0
[2025-02-27T12:19:57.644+0000] {subprocess.py:93} INFO - 		FILE: Number of write operations=0
[2025-02-27T12:19:57.645+0000] {subprocess.py:93} INFO - 		HDFS: Number of bytes read=84841
[2025-02-27T12:19:57.645+0000] {subprocess.py:93} INFO - 		HDFS: Number of bytes written=5068
[2025-02-27T12:19:57.646+0000] {subprocess.py:93} INFO - 		HDFS: Number of read operations=10
[2025-02-27T12:19:57.647+0000] {subprocess.py:93} INFO - 		HDFS: Number of large read operations=0
[2025-02-27T12:19:57.648+0000] {subprocess.py:93} INFO - 		HDFS: Number of write operations=3
[2025-02-27T12:19:57.649+0000] {subprocess.py:93} INFO - 		HDFS: Number of bytes read erasure-coded=0
[2025-02-27T12:19:57.649+0000] {subprocess.py:93} INFO - 	Map-Reduce Framework
[2025-02-27T12:19:57.650+0000] {subprocess.py:93} INFO - 		Combine input records=0
[2025-02-27T12:19:57.651+0000] {subprocess.py:93} INFO - 		Combine output records=0
[2025-02-27T12:19:57.651+0000] {subprocess.py:93} INFO - 		Reduce input groups=100
[2025-02-27T12:19:57.652+0000] {subprocess.py:93} INFO - 		Reduce shuffle bytes=4890
[2025-02-27T12:19:57.652+0000] {subprocess.py:93} INFO - 		Reduce input records=100
[2025-02-27T12:19:57.653+0000] {subprocess.py:93} INFO - 		Reduce output records=100
[2025-02-27T12:19:57.653+0000] {subprocess.py:93} INFO - 		Spilled Records=100
[2025-02-27T12:19:57.654+0000] {subprocess.py:93} INFO - 		Shuffled Maps =1
[2025-02-27T12:19:57.654+0000] {subprocess.py:93} INFO - 		Failed Shuffles=0
[2025-02-27T12:19:57.654+0000] {subprocess.py:93} INFO - 		Merged Map outputs=1
[2025-02-27T12:19:57.654+0000] {subprocess.py:93} INFO - 		GC time elapsed (ms)=14
[2025-02-27T12:19:57.655+0000] {subprocess.py:93} INFO - 		Total committed heap usage (bytes)=269484032
[2025-02-27T12:19:57.655+0000] {subprocess.py:93} INFO - 	Shuffle Errors
[2025-02-27T12:19:57.656+0000] {subprocess.py:93} INFO - 		BAD_ID=0
[2025-02-27T12:19:57.657+0000] {subprocess.py:93} INFO - 		CONNECTION=0
[2025-02-27T12:19:57.658+0000] {subprocess.py:93} INFO - 		IO_ERROR=0
[2025-02-27T12:19:57.659+0000] {subprocess.py:93} INFO - 		WRONG_LENGTH=0
[2025-02-27T12:19:57.659+0000] {subprocess.py:93} INFO - 		WRONG_MAP=0
[2025-02-27T12:19:57.660+0000] {subprocess.py:93} INFO - 		WRONG_REDUCE=0
[2025-02-27T12:19:57.660+0000] {subprocess.py:93} INFO - 	File Output Format Counters
[2025-02-27T12:19:57.660+0000] {subprocess.py:93} INFO - 		Bytes Written=5068
[2025-02-27T12:19:57.661+0000] {subprocess.py:93} INFO - 2025-02-27 12:19:57,641 INFO mapred.LocalJobRunner: Finishing task: attempt_local130104549_0001_r_000000_0
[2025-02-27T12:19:57.661+0000] {subprocess.py:93} INFO - 2025-02-27 12:19:57,641 INFO mapred.LocalJobRunner: reduce task executor complete.
[2025-02-27T12:19:57.828+0000] {subprocess.py:93} INFO - 2025-02-27 12:19:57,826 INFO mapreduce.Job: Job job_local130104549_0001 running in uber mode : false
[2025-02-27T12:19:57.831+0000] {subprocess.py:93} INFO - 2025-02-27 12:19:57,828 INFO mapreduce.Job:  map 100% reduce 100%
[2025-02-27T12:19:57.837+0000] {subprocess.py:93} INFO - 2025-02-27 12:19:57,833 INFO mapreduce.Job: Job job_local130104549_0001 completed successfully
[2025-02-27T12:19:57.851+0000] {subprocess.py:93} INFO - 2025-02-27 12:19:57,849 INFO mapreduce.Job: Counters: 36
[2025-02-27T12:19:57.854+0000] {subprocess.py:93} INFO - 	File System Counters
[2025-02-27T12:19:57.855+0000] {subprocess.py:93} INFO - 		FILE: Number of bytes read=363400
[2025-02-27T12:19:57.857+0000] {subprocess.py:93} INFO - 		FILE: Number of bytes written=1421432
[2025-02-27T12:19:57.858+0000] {subprocess.py:93} INFO - 		FILE: Number of read operations=0
[2025-02-27T12:19:57.859+0000] {subprocess.py:93} INFO - 		FILE: Number of large read operations=0
[2025-02-27T12:19:57.860+0000] {subprocess.py:93} INFO - 		FILE: Number of write operations=0
[2025-02-27T12:19:57.861+0000] {subprocess.py:93} INFO - 		HDFS: Number of bytes read=169682
[2025-02-27T12:19:57.862+0000] {subprocess.py:93} INFO - 		HDFS: Number of bytes written=5068
[2025-02-27T12:19:57.863+0000] {subprocess.py:93} INFO - 		HDFS: Number of read operations=15
[2025-02-27T12:19:57.865+0000] {subprocess.py:93} INFO - 		HDFS: Number of large read operations=0
[2025-02-27T12:19:57.865+0000] {subprocess.py:93} INFO - 		HDFS: Number of write operations=4
[2025-02-27T12:19:57.866+0000] {subprocess.py:93} INFO - 		HDFS: Number of bytes read erasure-coded=0
[2025-02-27T12:19:57.867+0000] {subprocess.py:93} INFO - 	Map-Reduce Framework
[2025-02-27T12:19:57.868+0000] {subprocess.py:93} INFO - 		Map input records=1
[2025-02-27T12:19:57.869+0000] {subprocess.py:93} INFO - 		Map output records=100
[2025-02-27T12:19:57.869+0000] {subprocess.py:93} INFO - 		Map output bytes=4684
[2025-02-27T12:19:57.870+0000] {subprocess.py:93} INFO - 		Map output materialized bytes=4890
[2025-02-27T12:19:57.871+0000] {subprocess.py:93} INFO - 		Input split bytes=138
[2025-02-27T12:19:57.871+0000] {subprocess.py:93} INFO - 		Combine input records=0
[2025-02-27T12:19:57.872+0000] {subprocess.py:93} INFO - 		Combine output records=0
[2025-02-27T12:19:57.872+0000] {subprocess.py:93} INFO - 		Reduce input groups=100
[2025-02-27T12:19:57.873+0000] {subprocess.py:93} INFO - 		Reduce shuffle bytes=4890
[2025-02-27T12:19:57.874+0000] {subprocess.py:93} INFO - 		Reduce input records=100
[2025-02-27T12:19:57.875+0000] {subprocess.py:93} INFO - 		Reduce output records=100
[2025-02-27T12:19:57.875+0000] {subprocess.py:93} INFO - 		Spilled Records=200
[2025-02-27T12:19:57.876+0000] {subprocess.py:93} INFO - 		Shuffled Maps =1
[2025-02-27T12:19:57.876+0000] {subprocess.py:93} INFO - 		Failed Shuffles=0
[2025-02-27T12:19:57.877+0000] {subprocess.py:93} INFO - 		Merged Map outputs=1
[2025-02-27T12:19:57.877+0000] {subprocess.py:93} INFO - 		GC time elapsed (ms)=14
[2025-02-27T12:19:57.878+0000] {subprocess.py:93} INFO - 		Total committed heap usage (bytes)=537919488
[2025-02-27T12:19:57.879+0000] {subprocess.py:93} INFO - 	Shuffle Errors
[2025-02-27T12:19:57.880+0000] {subprocess.py:93} INFO - 		BAD_ID=0
[2025-02-27T12:19:57.881+0000] {subprocess.py:93} INFO - 		CONNECTION=0
[2025-02-27T12:19:57.882+0000] {subprocess.py:93} INFO - 		IO_ERROR=0
[2025-02-27T12:19:57.883+0000] {subprocess.py:93} INFO - 		WRONG_LENGTH=0
[2025-02-27T12:19:57.884+0000] {subprocess.py:93} INFO - 		WRONG_MAP=0
[2025-02-27T12:19:57.884+0000] {subprocess.py:93} INFO - 		WRONG_REDUCE=0
[2025-02-27T12:19:57.885+0000] {subprocess.py:93} INFO - 	File Input Format Counters
[2025-02-27T12:19:57.886+0000] {subprocess.py:93} INFO - 		Bytes Read=84841
[2025-02-27T12:19:57.886+0000] {subprocess.py:93} INFO - 	File Output Format Counters
[2025-02-27T12:19:57.887+0000] {subprocess.py:93} INFO - 		Bytes Written=5068
[2025-02-27T12:19:57.887+0000] {subprocess.py:93} INFO - 2025-02-27 12:19:57,849 INFO streaming.StreamJob: Output directory: /user/etudiant/crypto/processed/YYYY=2025/MM=02/DD=27
[2025-02-27T12:19:58.477+0000] {subprocess.py:97} INFO - Command exited with return code 0
[2025-02-27T12:19:58.540+0000] {taskinstance.py:1400} INFO - Marking task as SUCCESS. dag_id=coingecko_ingestion_dag, task_id=run_mapreduce_job, execution_date=20250227T121944, start_date=20250227T121953, end_date=20250227T121958
[2025-02-27T12:19:58.577+0000] {local_task_job_runner.py:228} INFO - Task exited with return code 0
[2025-02-27T12:19:58.602+0000] {taskinstance.py:2784} INFO - 0 downstream tasks scheduled from follow-on schedule check
