[2025-02-24T17:20:27.409+0000] {taskinstance.py:1159} INFO - Dependencies all met for dep_context=non-requeueable deps ti=<TaskInstance: coingecko_ingestion_dag.fetch_data scheduled__2025-01-28T00:00:00+00:00 [queued]>
[2025-02-24T17:20:27.432+0000] {taskinstance.py:1159} INFO - Dependencies all met for dep_context=requeueable deps ti=<TaskInstance: coingecko_ingestion_dag.fetch_data scheduled__2025-01-28T00:00:00+00:00 [queued]>
[2025-02-24T17:20:27.433+0000] {taskinstance.py:1361} INFO - Starting attempt 1 of 2
[2025-02-24T17:20:27.452+0000] {taskinstance.py:1382} INFO - Executing <Task(PythonOperator): fetch_data> on 2025-01-28 00:00:00+00:00
[2025-02-24T17:20:27.473+0000] {standard_task_runner.py:57} INFO - Started process 686 to run task
[2025-02-24T17:20:27.492+0000] {standard_task_runner.py:84} INFO - Running: ['***', 'tasks', 'run', 'coingecko_ingestion_dag', 'fetch_data', 'scheduled__2025-01-28T00:00:00+00:00', '--job-id', '63', '--raw', '--subdir', 'DAGS_FOLDER/test.py', '--cfg-path', '/tmp/tmpkxhzeurt']
[2025-02-24T17:20:27.501+0000] {standard_task_runner.py:85} INFO - Job 63: Subtask fetch_data
[2025-02-24T17:20:27.667+0000] {task_command.py:415} INFO - Running <TaskInstance: coingecko_ingestion_dag.fetch_data scheduled__2025-01-28T00:00:00+00:00 [running]> on host 85b967fd3989
[2025-02-24T17:20:27.866+0000] {taskinstance.py:1660} INFO - Exporting env vars: AIRFLOW_CTX_DAG_OWNER='etudiant' AIRFLOW_CTX_DAG_ID='coingecko_ingestion_dag' AIRFLOW_CTX_TASK_ID='fetch_data' AIRFLOW_CTX_EXECUTION_DATE='2025-01-28T00:00:00+00:00' AIRFLOW_CTX_TRY_NUMBER='1' AIRFLOW_CTX_DAG_RUN_ID='scheduled__2025-01-28T00:00:00+00:00'
[2025-02-24T17:20:28.123+0000] {python.py:194} INFO - Done. Returned value was: None
[2025-02-24T17:20:28.153+0000] {taskinstance.py:1400} INFO - Marking task as SUCCESS. dag_id=coingecko_ingestion_dag, task_id=fetch_data, execution_date=20250128T000000, start_date=20250224T172027, end_date=20250224T172028
[2025-02-24T17:20:28.314+0000] {local_task_job_runner.py:228} INFO - Task exited with return code 0
[2025-02-24T17:20:28.379+0000] {taskinstance.py:2784} INFO - 1 downstream tasks scheduled from follow-on schedule check
[2025-02-25T15:53:46.411+0000] {taskinstance.py:1159} INFO - Dependencies all met for dep_context=non-requeueable deps ti=<TaskInstance: coingecko_ingestion_dag.fetch_data scheduled__2025-01-28T00:00:00+00:00 [queued]>
[2025-02-25T15:53:46.467+0000] {taskinstance.py:1159} INFO - Dependencies all met for dep_context=requeueable deps ti=<TaskInstance: coingecko_ingestion_dag.fetch_data scheduled__2025-01-28T00:00:00+00:00 [queued]>
[2025-02-25T15:53:46.469+0000] {taskinstance.py:1361} INFO - Starting attempt 1 of 2
[2025-02-25T15:53:46.541+0000] {taskinstance.py:1382} INFO - Executing <Task(PythonOperator): fetch_data> on 2025-01-28 00:00:00+00:00
[2025-02-25T15:53:46.558+0000] {standard_task_runner.py:57} INFO - Started process 385 to run task
[2025-02-25T15:53:46.579+0000] {standard_task_runner.py:84} INFO - Running: ['***', 'tasks', 'run', 'coingecko_ingestion_dag', 'fetch_data', 'scheduled__2025-01-28T00:00:00+00:00', '--job-id', '67', '--raw', '--subdir', 'DAGS_FOLDER/pipeline.py', '--cfg-path', '/tmp/tmpnz_nkf_b']
[2025-02-25T15:53:46.592+0000] {standard_task_runner.py:85} INFO - Job 67: Subtask fetch_data
[2025-02-25T15:53:46.812+0000] {task_command.py:415} INFO - Running <TaskInstance: coingecko_ingestion_dag.fetch_data scheduled__2025-01-28T00:00:00+00:00 [running]> on host af9744bbb9eb
[2025-02-25T15:53:47.153+0000] {taskinstance.py:1660} INFO - Exporting env vars: AIRFLOW_CTX_DAG_OWNER='etudiant' AIRFLOW_CTX_DAG_ID='coingecko_ingestion_dag' AIRFLOW_CTX_TASK_ID='fetch_data' AIRFLOW_CTX_EXECUTION_DATE='2025-01-28T00:00:00+00:00' AIRFLOW_CTX_TRY_NUMBER='1' AIRFLOW_CTX_DAG_RUN_ID='scheduled__2025-01-28T00:00:00+00:00'
[2025-02-25T15:53:47.597+0000] {python.py:194} INFO - Done. Returned value was: None
[2025-02-25T15:53:47.634+0000] {taskinstance.py:1400} INFO - Marking task as SUCCESS. dag_id=coingecko_ingestion_dag, task_id=fetch_data, execution_date=20250128T000000, start_date=20250225T155346, end_date=20250225T155347
[2025-02-25T15:53:47.824+0000] {local_task_job_runner.py:228} INFO - Task exited with return code 0
[2025-02-25T15:53:48.219+0000] {taskinstance.py:2784} INFO - 0 downstream tasks scheduled from follow-on schedule check
