[2025-02-24T17:20:29.549+0000] {taskinstance.py:1159} INFO - Dependencies all met for dep_context=non-requeueable deps ti=<TaskInstance: coingecko_ingestion_dag.store_raw_data_in_hdfs scheduled__2025-01-27T00:00:00+00:00 [queued]>
[2025-02-24T17:20:29.566+0000] {taskinstance.py:1159} INFO - Dependencies all met for dep_context=requeueable deps ti=<TaskInstance: coingecko_ingestion_dag.store_raw_data_in_hdfs scheduled__2025-01-27T00:00:00+00:00 [queued]>
[2025-02-24T17:20:29.569+0000] {taskinstance.py:1361} INFO - Starting attempt 1 of 2
[2025-02-24T17:20:29.591+0000] {taskinstance.py:1382} INFO - Executing <Task(PythonOperator): store_raw_data_in_hdfs> on 2025-01-27 00:00:00+00:00
[2025-02-24T17:20:29.600+0000] {standard_task_runner.py:57} INFO - Started process 709 to run task
[2025-02-24T17:20:29.606+0000] {standard_task_runner.py:84} INFO - Running: ['***', 'tasks', 'run', 'coingecko_ingestion_dag', 'store_raw_data_in_hdfs', 'scheduled__2025-01-27T00:00:00+00:00', '--job-id', '76', '--raw', '--subdir', 'DAGS_FOLDER/test.py', '--cfg-path', '/tmp/tmpr790v59w']
[2025-02-24T17:20:29.610+0000] {standard_task_runner.py:85} INFO - Job 76: Subtask store_raw_data_in_hdfs
[2025-02-24T17:20:29.680+0000] {task_command.py:415} INFO - Running <TaskInstance: coingecko_ingestion_dag.store_raw_data_in_hdfs scheduled__2025-01-27T00:00:00+00:00 [running]> on host 85b967fd3989
[2025-02-24T17:20:29.773+0000] {taskinstance.py:1660} INFO - Exporting env vars: AIRFLOW_CTX_DAG_OWNER='etudiant' AIRFLOW_CTX_DAG_ID='coingecko_ingestion_dag' AIRFLOW_CTX_TASK_ID='store_raw_data_in_hdfs' AIRFLOW_CTX_EXECUTION_DATE='2025-01-27T00:00:00+00:00' AIRFLOW_CTX_TRY_NUMBER='1' AIRFLOW_CTX_DAG_RUN_ID='scheduled__2025-01-27T00:00:00+00:00'
[2025-02-24T17:20:29.788+0000] {taskinstance.py:1943} ERROR - Task failed with exception
Traceback (most recent call last):
  File "/home/airflow/.local/lib/python3.8/site-packages/airflow/operators/python.py", line 192, in execute
    return_value = self.execute_callable()
  File "/home/airflow/.local/lib/python3.8/site-packages/airflow/operators/python.py", line 209, in execute_callable
    return self.python_callable(*self.op_args, **self.op_kwargs)
  File "/opt/airflow/dags/test.py", line 38, in store_raw_data_in_hdfs
    with open(local_file, 'w') as f:
PermissionError: [Errno 13] Permission denied: '/mnt/hadoop_data/coingecko_raw.json'
[2025-02-24T17:20:29.802+0000] {taskinstance.py:1400} INFO - Marking task as UP_FOR_RETRY. dag_id=coingecko_ingestion_dag, task_id=store_raw_data_in_hdfs, execution_date=20250127T000000, start_date=20250224T172029, end_date=20250224T172029
[2025-02-24T17:20:29.817+0000] {standard_task_runner.py:104} ERROR - Failed to execute job 76 for task store_raw_data_in_hdfs ([Errno 13] Permission denied: '/mnt/hadoop_data/coingecko_raw.json'; 709)
[2025-02-24T17:20:29.835+0000] {local_task_job_runner.py:228} INFO - Task exited with return code 1
[2025-02-24T17:20:29.856+0000] {taskinstance.py:2784} INFO - 0 downstream tasks scheduled from follow-on schedule check
[2025-02-25T15:53:49.733+0000] {taskinstance.py:1159} INFO - Dependencies all met for dep_context=non-requeueable deps ti=<TaskInstance: coingecko_ingestion_dag.store_raw_data_in_hdfs scheduled__2025-01-27T00:00:00+00:00 [queued]>
[2025-02-25T15:53:49.772+0000] {taskinstance.py:1159} INFO - Dependencies all met for dep_context=requeueable deps ti=<TaskInstance: coingecko_ingestion_dag.store_raw_data_in_hdfs scheduled__2025-01-27T00:00:00+00:00 [queued]>
[2025-02-25T15:53:49.778+0000] {taskinstance.py:1361} INFO - Starting attempt 1 of 2
[2025-02-25T15:53:49.959+0000] {taskinstance.py:1382} INFO - Executing <Task(PythonOperator): store_raw_data_in_hdfs> on 2025-01-27 00:00:00+00:00
[2025-02-25T15:53:49.977+0000] {standard_task_runner.py:57} INFO - Started process 398 to run task
[2025-02-25T15:53:49.988+0000] {standard_task_runner.py:84} INFO - Running: ['***', 'tasks', 'run', 'coingecko_ingestion_dag', 'store_raw_data_in_hdfs', 'scheduled__2025-01-27T00:00:00+00:00', '--job-id', '75', '--raw', '--subdir', 'DAGS_FOLDER/pipeline.py', '--cfg-path', '/tmp/tmpk9wbfrbk']
[2025-02-25T15:53:50.004+0000] {standard_task_runner.py:85} INFO - Job 75: Subtask store_raw_data_in_hdfs
[2025-02-25T15:53:50.172+0000] {task_command.py:415} INFO - Running <TaskInstance: coingecko_ingestion_dag.store_raw_data_in_hdfs scheduled__2025-01-27T00:00:00+00:00 [running]> on host af9744bbb9eb
[2025-02-25T15:53:50.419+0000] {taskinstance.py:1660} INFO - Exporting env vars: AIRFLOW_CTX_DAG_OWNER='etudiant' AIRFLOW_CTX_DAG_ID='coingecko_ingestion_dag' AIRFLOW_CTX_TASK_ID='store_raw_data_in_hdfs' AIRFLOW_CTX_EXECUTION_DATE='2025-01-27T00:00:00+00:00' AIRFLOW_CTX_TRY_NUMBER='1' AIRFLOW_CTX_DAG_RUN_ID='scheduled__2025-01-27T00:00:00+00:00'
[2025-02-25T15:53:50.461+0000] {taskinstance.py:1943} ERROR - Task failed with exception
Traceback (most recent call last):
  File "/home/airflow/.local/lib/python3.8/site-packages/airflow/operators/python.py", line 192, in execute
    return_value = self.execute_callable()
  File "/home/airflow/.local/lib/python3.8/site-packages/airflow/operators/python.py", line 209, in execute_callable
    return self.python_callable(*self.op_args, **self.op_kwargs)
  File "/opt/airflow/dags/pipeline.py", line 39, in store_raw_data_in_hdfs
    with open(local_file, 'w') as f:
PermissionError: [Errno 13] Permission denied: '/mnt/hadoop_data/coingecko_raw.json'
[2025-02-25T15:53:50.487+0000] {taskinstance.py:1400} INFO - Marking task as UP_FOR_RETRY. dag_id=coingecko_ingestion_dag, task_id=store_raw_data_in_hdfs, execution_date=20250127T000000, start_date=20250225T155349, end_date=20250225T155350
[2025-02-25T15:53:50.528+0000] {standard_task_runner.py:104} ERROR - Failed to execute job 75 for task store_raw_data_in_hdfs ([Errno 13] Permission denied: '/mnt/hadoop_data/coingecko_raw.json'; 398)
[2025-02-25T15:53:50.587+0000] {local_task_job_runner.py:228} INFO - Task exited with return code 1
[2025-02-25T15:53:50.638+0000] {taskinstance.py:2784} INFO - 0 downstream tasks scheduled from follow-on schedule check
