[2025-02-24T17:25:32.216+0000] {taskinstance.py:1159} INFO - Dependencies all met for dep_context=non-requeueable deps ti=<TaskInstance: coingecko_ingestion_dag.store_raw_data_in_hdfs scheduled__2025-01-27T00:00:00+00:00 [queued]>
[2025-02-24T17:25:32.237+0000] {taskinstance.py:1159} INFO - Dependencies all met for dep_context=requeueable deps ti=<TaskInstance: coingecko_ingestion_dag.store_raw_data_in_hdfs scheduled__2025-01-27T00:00:00+00:00 [queued]>
[2025-02-24T17:25:32.243+0000] {taskinstance.py:1361} INFO - Starting attempt 2 of 2
[2025-02-24T17:25:32.299+0000] {taskinstance.py:1382} INFO - Executing <Task(PythonOperator): store_raw_data_in_hdfs> on 2025-01-27 00:00:00+00:00
[2025-02-24T17:25:32.318+0000] {standard_task_runner.py:57} INFO - Started process 846 to run task
[2025-02-24T17:25:32.329+0000] {standard_task_runner.py:84} INFO - Running: ['***', 'tasks', 'run', 'coingecko_ingestion_dag', 'store_raw_data_in_hdfs', 'scheduled__2025-01-27T00:00:00+00:00', '--job-id', '94', '--raw', '--subdir', 'DAGS_FOLDER/test.py', '--cfg-path', '/tmp/tmp5ie2rhvz']
[2025-02-24T17:25:32.338+0000] {standard_task_runner.py:85} INFO - Job 94: Subtask store_raw_data_in_hdfs
[2025-02-24T17:25:32.561+0000] {task_command.py:415} INFO - Running <TaskInstance: coingecko_ingestion_dag.store_raw_data_in_hdfs scheduled__2025-01-27T00:00:00+00:00 [running]> on host 85b967fd3989
[2025-02-24T17:25:32.691+0000] {taskinstance.py:1660} INFO - Exporting env vars: AIRFLOW_CTX_DAG_OWNER='etudiant' AIRFLOW_CTX_DAG_ID='coingecko_ingestion_dag' AIRFLOW_CTX_TASK_ID='store_raw_data_in_hdfs' AIRFLOW_CTX_EXECUTION_DATE='2025-01-27T00:00:00+00:00' AIRFLOW_CTX_TRY_NUMBER='2' AIRFLOW_CTX_DAG_RUN_ID='scheduled__2025-01-27T00:00:00+00:00'
[2025-02-24T17:25:32.714+0000] {taskinstance.py:1943} ERROR - Task failed with exception
Traceback (most recent call last):
  File "/home/airflow/.local/lib/python3.8/site-packages/airflow/operators/python.py", line 192, in execute
    return_value = self.execute_callable()
  File "/home/airflow/.local/lib/python3.8/site-packages/airflow/operators/python.py", line 209, in execute_callable
    return self.python_callable(*self.op_args, **self.op_kwargs)
  File "/opt/airflow/dags/test.py", line 38, in store_raw_data_in_hdfs
    with open(local_file, 'w') as f:
PermissionError: [Errno 13] Permission denied: '/mnt/hadoop_data/coingecko_raw.json'
[2025-02-24T17:25:32.731+0000] {taskinstance.py:1400} INFO - Marking task as FAILED. dag_id=coingecko_ingestion_dag, task_id=store_raw_data_in_hdfs, execution_date=20250127T000000, start_date=20250224T172532, end_date=20250224T172532
[2025-02-24T17:25:32.747+0000] {standard_task_runner.py:104} ERROR - Failed to execute job 94 for task store_raw_data_in_hdfs ([Errno 13] Permission denied: '/mnt/hadoop_data/coingecko_raw.json'; 846)
[2025-02-24T17:25:32.770+0000] {local_task_job_runner.py:228} INFO - Task exited with return code 1
[2025-02-24T17:25:32.801+0000] {taskinstance.py:2784} INFO - 0 downstream tasks scheduled from follow-on schedule check
[2025-02-25T15:58:51.444+0000] {taskinstance.py:1159} INFO - Dependencies all met for dep_context=non-requeueable deps ti=<TaskInstance: coingecko_ingestion_dag.store_raw_data_in_hdfs scheduled__2025-01-27T00:00:00+00:00 [queued]>
[2025-02-25T15:58:51.463+0000] {taskinstance.py:1159} INFO - Dependencies all met for dep_context=requeueable deps ti=<TaskInstance: coingecko_ingestion_dag.store_raw_data_in_hdfs scheduled__2025-01-27T00:00:00+00:00 [queued]>
[2025-02-25T15:58:51.464+0000] {taskinstance.py:1361} INFO - Starting attempt 2 of 2
[2025-02-25T15:58:51.487+0000] {taskinstance.py:1382} INFO - Executing <Task(PythonOperator): store_raw_data_in_hdfs> on 2025-01-27 00:00:00+00:00
[2025-02-25T15:58:51.494+0000] {standard_task_runner.py:57} INFO - Started process 486 to run task
[2025-02-25T15:58:51.500+0000] {standard_task_runner.py:84} INFO - Running: ['***', 'tasks', 'run', 'coingecko_ingestion_dag', 'store_raw_data_in_hdfs', 'scheduled__2025-01-27T00:00:00+00:00', '--job-id', '94', '--raw', '--subdir', 'DAGS_FOLDER/pipeline.py', '--cfg-path', '/tmp/tmpmx7vzhas']
[2025-02-25T15:58:51.505+0000] {standard_task_runner.py:85} INFO - Job 94: Subtask store_raw_data_in_hdfs
[2025-02-25T15:58:51.580+0000] {task_command.py:415} INFO - Running <TaskInstance: coingecko_ingestion_dag.store_raw_data_in_hdfs scheduled__2025-01-27T00:00:00+00:00 [running]> on host af9744bbb9eb
[2025-02-25T15:58:51.697+0000] {taskinstance.py:1660} INFO - Exporting env vars: AIRFLOW_CTX_DAG_OWNER='etudiant' AIRFLOW_CTX_DAG_ID='coingecko_ingestion_dag' AIRFLOW_CTX_TASK_ID='store_raw_data_in_hdfs' AIRFLOW_CTX_EXECUTION_DATE='2025-01-27T00:00:00+00:00' AIRFLOW_CTX_TRY_NUMBER='2' AIRFLOW_CTX_DAG_RUN_ID='scheduled__2025-01-27T00:00:00+00:00'
[2025-02-25T15:58:51.712+0000] {taskinstance.py:1943} ERROR - Task failed with exception
Traceback (most recent call last):
  File "/home/airflow/.local/lib/python3.8/site-packages/airflow/operators/python.py", line 192, in execute
    return_value = self.execute_callable()
  File "/home/airflow/.local/lib/python3.8/site-packages/airflow/operators/python.py", line 209, in execute_callable
    return self.python_callable(*self.op_args, **self.op_kwargs)
  File "/opt/airflow/dags/pipeline.py", line 39, in store_raw_data_in_hdfs
    with open(local_file, 'w') as f:
PermissionError: [Errno 13] Permission denied: '/mnt/hadoop_data/coingecko_raw.json'
[2025-02-25T15:58:51.725+0000] {taskinstance.py:1400} INFO - Marking task as FAILED. dag_id=coingecko_ingestion_dag, task_id=store_raw_data_in_hdfs, execution_date=20250127T000000, start_date=20250225T155851, end_date=20250225T155851
[2025-02-25T15:58:51.740+0000] {standard_task_runner.py:104} ERROR - Failed to execute job 94 for task store_raw_data_in_hdfs ([Errno 13] Permission denied: '/mnt/hadoop_data/coingecko_raw.json'; 486)
[2025-02-25T15:58:51.761+0000] {local_task_job_runner.py:228} INFO - Task exited with return code 1
[2025-02-25T15:58:51.787+0000] {taskinstance.py:2784} INFO - 0 downstream tasks scheduled from follow-on schedule check
