[2025-02-24T17:25:36.271+0000] {taskinstance.py:1159} INFO - Dependencies all met for dep_context=non-requeueable deps ti=<TaskInstance: coingecko_ingestion_dag.fetch_data scheduled__2025-02-09T00:00:00+00:00 [queued]>
[2025-02-24T17:25:36.288+0000] {taskinstance.py:1159} INFO - Dependencies all met for dep_context=requeueable deps ti=<TaskInstance: coingecko_ingestion_dag.fetch_data scheduled__2025-02-09T00:00:00+00:00 [queued]>
[2025-02-24T17:25:36.289+0000] {taskinstance.py:1361} INFO - Starting attempt 1 of 2
[2025-02-24T17:25:36.492+0000] {taskinstance.py:1382} INFO - Executing <Task(PythonOperator): fetch_data> on 2025-02-09 00:00:00+00:00
[2025-02-24T17:25:36.500+0000] {standard_task_runner.py:57} INFO - Started process 867 to run task
[2025-02-24T17:25:36.511+0000] {standard_task_runner.py:84} INFO - Running: ['***', 'tasks', 'run', 'coingecko_ingestion_dag', 'fetch_data', 'scheduled__2025-02-09T00:00:00+00:00', '--job-id', '105', '--raw', '--subdir', 'DAGS_FOLDER/test.py', '--cfg-path', '/tmp/tmpy6s24i0m']
[2025-02-24T17:25:36.517+0000] {standard_task_runner.py:85} INFO - Job 105: Subtask fetch_data
[2025-02-24T17:25:36.670+0000] {task_command.py:415} INFO - Running <TaskInstance: coingecko_ingestion_dag.fetch_data scheduled__2025-02-09T00:00:00+00:00 [running]> on host 85b967fd3989
[2025-02-24T17:25:36.887+0000] {taskinstance.py:1660} INFO - Exporting env vars: AIRFLOW_CTX_DAG_OWNER='etudiant' AIRFLOW_CTX_DAG_ID='coingecko_ingestion_dag' AIRFLOW_CTX_TASK_ID='fetch_data' AIRFLOW_CTX_EXECUTION_DATE='2025-02-09T00:00:00+00:00' AIRFLOW_CTX_TRY_NUMBER='1' AIRFLOW_CTX_DAG_RUN_ID='scheduled__2025-02-09T00:00:00+00:00'
[2025-02-24T17:25:37.146+0000] {python.py:194} INFO - Done. Returned value was: None
[2025-02-24T17:25:37.167+0000] {taskinstance.py:1400} INFO - Marking task as SUCCESS. dag_id=coingecko_ingestion_dag, task_id=fetch_data, execution_date=20250209T000000, start_date=20250224T172536, end_date=20250224T172537
[2025-02-24T17:25:37.502+0000] {local_task_job_runner.py:228} INFO - Task exited with return code 0
[2025-02-24T17:25:37.568+0000] {taskinstance.py:2784} INFO - 1 downstream tasks scheduled from follow-on schedule check
[2025-02-25T15:59:01.159+0000] {taskinstance.py:1159} INFO - Dependencies all met for dep_context=non-requeueable deps ti=<TaskInstance: coingecko_ingestion_dag.fetch_data scheduled__2025-02-09T00:00:00+00:00 [queued]>
[2025-02-25T15:59:01.180+0000] {taskinstance.py:1159} INFO - Dependencies all met for dep_context=requeueable deps ti=<TaskInstance: coingecko_ingestion_dag.fetch_data scheduled__2025-02-09T00:00:00+00:00 [queued]>
[2025-02-25T15:59:01.185+0000] {taskinstance.py:1361} INFO - Starting attempt 1 of 2
[2025-02-25T15:59:01.228+0000] {taskinstance.py:1382} INFO - Executing <Task(PythonOperator): fetch_data> on 2025-02-09 00:00:00+00:00
[2025-02-25T15:59:01.241+0000] {standard_task_runner.py:57} INFO - Started process 514 to run task
[2025-02-25T15:59:01.263+0000] {standard_task_runner.py:84} INFO - Running: ['***', 'tasks', 'run', 'coingecko_ingestion_dag', 'fetch_data', 'scheduled__2025-02-09T00:00:00+00:00', '--job-id', '107', '--raw', '--subdir', 'DAGS_FOLDER/pipeline.py', '--cfg-path', '/tmp/tmpge9qtkvy']
[2025-02-25T15:59:01.273+0000] {standard_task_runner.py:85} INFO - Job 107: Subtask fetch_data
[2025-02-25T15:59:01.447+0000] {task_command.py:415} INFO - Running <TaskInstance: coingecko_ingestion_dag.fetch_data scheduled__2025-02-09T00:00:00+00:00 [running]> on host af9744bbb9eb
[2025-02-25T15:59:01.724+0000] {taskinstance.py:1660} INFO - Exporting env vars: AIRFLOW_CTX_DAG_OWNER='etudiant' AIRFLOW_CTX_DAG_ID='coingecko_ingestion_dag' AIRFLOW_CTX_TASK_ID='fetch_data' AIRFLOW_CTX_EXECUTION_DATE='2025-02-09T00:00:00+00:00' AIRFLOW_CTX_TRY_NUMBER='1' AIRFLOW_CTX_DAG_RUN_ID='scheduled__2025-02-09T00:00:00+00:00'
[2025-02-25T15:59:01.942+0000] {python.py:194} INFO - Done. Returned value was: None
[2025-02-25T15:59:01.966+0000] {taskinstance.py:1400} INFO - Marking task as SUCCESS. dag_id=coingecko_ingestion_dag, task_id=fetch_data, execution_date=20250209T000000, start_date=20250225T155901, end_date=20250225T155901
[2025-02-25T15:59:02.071+0000] {local_task_job_runner.py:228} INFO - Task exited with return code 0
[2025-02-25T15:59:02.130+0000] {taskinstance.py:2784} INFO - 1 downstream tasks scheduled from follow-on schedule check
