[2025-02-26T14:59:38.892+0000] {taskinstance.py:1159} INFO - Dependencies all met for dep_context=non-requeueable deps ti=<TaskInstance: coingecko_ingestion_dag.run_mapreduce_job manual__2025-02-26T14:54:25.546635+00:00 [queued]>
[2025-02-26T14:59:38.904+0000] {taskinstance.py:1159} INFO - Dependencies all met for dep_context=requeueable deps ti=<TaskInstance: coingecko_ingestion_dag.run_mapreduce_job manual__2025-02-26T14:54:25.546635+00:00 [queued]>
[2025-02-26T14:59:38.905+0000] {taskinstance.py:1361} INFO - Starting attempt 2 of 2
[2025-02-26T14:59:38.921+0000] {taskinstance.py:1382} INFO - Executing <Task(BashOperator): run_mapreduce_job> on 2025-02-26 14:54:25.546635+00:00
[2025-02-26T14:59:38.925+0000] {standard_task_runner.py:57} INFO - Started process 295 to run task
[2025-02-26T14:59:38.930+0000] {standard_task_runner.py:84} INFO - Running: ['***', 'tasks', 'run', 'coingecko_ingestion_dag', 'run_mapreduce_job', 'manual__2025-02-26T14:54:25.546635+00:00', '--job-id', '276', '--raw', '--subdir', 'DAGS_FOLDER/pipeline.py', '--cfg-path', '/tmp/tmps1sls1up']
[2025-02-26T14:59:38.934+0000] {standard_task_runner.py:85} INFO - Job 276: Subtask run_mapreduce_job
[2025-02-26T14:59:38.973+0000] {task_command.py:415} INFO - Running <TaskInstance: coingecko_ingestion_dag.run_mapreduce_job manual__2025-02-26T14:54:25.546635+00:00 [running]> on host 8693303dc43c
[2025-02-26T14:59:39.027+0000] {logging_mixin.py:151} WARNING - /home/***/.local/lib/python3.8/site-packages/***/utils/context.py:206 AirflowContextDeprecationWarning: Accessing 'execution_date' from the template is deprecated and will be removed in a future version. Please use 'data_interval_start' or 'logical_date' instead.
[2025-02-26T14:59:39.057+0000] {taskinstance.py:1660} INFO - Exporting env vars: AIRFLOW_CTX_DAG_OWNER='etudiant' AIRFLOW_CTX_DAG_ID='coingecko_ingestion_dag' AIRFLOW_CTX_TASK_ID='run_mapreduce_job' AIRFLOW_CTX_EXECUTION_DATE='2025-02-26T14:54:25.546635+00:00' AIRFLOW_CTX_TRY_NUMBER='2' AIRFLOW_CTX_DAG_RUN_ID='manual__2025-02-26T14:54:25.546635+00:00'
[2025-02-26T14:59:39.059+0000] {subprocess.py:63} INFO - Tmp dir root location: /tmp
[2025-02-26T14:59:39.059+0000] {subprocess.py:75} INFO - Running command: ['/bin/bash', '-c', '\n        docker exec -i namenode         hadoop jar /opt/hadoop-3.3.6/share/hadoop/tools/lib/hadoop-streaming-3.3.6.jar           -input /user/etudiant/crypto/raw/YYYY=2025/MM=02/DD=26/coingecko_raw.json           -output /user/etudiant/crypto/processed/YYYY=2025/MM=02/DD=26           -mapper /user/etudiant/scripts/mapper.py           -reducer /user/etudiant/scripts/reducer.py           -files hdfs://namenode:9000/user/etudiant/scripts/mapper.py,hdfs://namenode:9000/user/etudiant/scripts/reducer.py\n        ']
[2025-02-26T14:59:39.068+0000] {subprocess.py:86} INFO - Output:
[2025-02-26T14:59:39.348+0000] {subprocess.py:93} INFO - JAR does not exist or is not a normal file: /opt/hadoop-3.3.6/share/hadoop/tools/lib/hadoop-streaming-3.3.6.jar
[2025-02-26T14:59:39.371+0000] {subprocess.py:97} INFO - Command exited with return code 255
[2025-02-26T14:59:39.381+0000] {taskinstance.py:1943} ERROR - Task failed with exception
Traceback (most recent call last):
  File "/home/airflow/.local/lib/python3.8/site-packages/airflow/operators/bash.py", line 210, in execute
    raise AirflowException(
airflow.exceptions.AirflowException: Bash command failed. The command returned a non-zero exit code 255.
[2025-02-26T14:59:39.385+0000] {taskinstance.py:1400} INFO - Marking task as FAILED. dag_id=coingecko_ingestion_dag, task_id=run_mapreduce_job, execution_date=20250226T145425, start_date=20250226T145938, end_date=20250226T145939
[2025-02-26T14:59:39.402+0000] {standard_task_runner.py:104} ERROR - Failed to execute job 276 for task run_mapreduce_job (Bash command failed. The command returned a non-zero exit code 255.; 295)
[2025-02-26T14:59:39.436+0000] {local_task_job_runner.py:228} INFO - Task exited with return code 1
[2025-02-26T14:59:39.453+0000] {taskinstance.py:2784} INFO - 0 downstream tasks scheduled from follow-on schedule check
