[2025-02-24T17:20:26.274+0000] {taskinstance.py:1159} INFO - Dependencies all met for dep_context=non-requeueable deps ti=<TaskInstance: coingecko_ingestion_dag.fetch_data scheduled__2025-01-25T00:00:00+00:00 [queued]>
[2025-02-24T17:20:26.313+0000] {taskinstance.py:1159} INFO - Dependencies all met for dep_context=requeueable deps ti=<TaskInstance: coingecko_ingestion_dag.fetch_data scheduled__2025-01-25T00:00:00+00:00 [queued]>
[2025-02-24T17:20:26.338+0000] {taskinstance.py:1361} INFO - Starting attempt 1 of 2
[2025-02-24T17:20:26.468+0000] {taskinstance.py:1382} INFO - Executing <Task(PythonOperator): fetch_data> on 2025-01-25 00:00:00+00:00
[2025-02-24T17:20:26.487+0000] {standard_task_runner.py:57} INFO - Started process 676 to run task
[2025-02-24T17:20:26.498+0000] {standard_task_runner.py:84} INFO - Running: ['***', 'tasks', 'run', 'coingecko_ingestion_dag', 'fetch_data', 'scheduled__2025-01-25T00:00:00+00:00', '--job-id', '58', '--raw', '--subdir', 'DAGS_FOLDER/test.py', '--cfg-path', '/tmp/tmpvf5mifu7']
[2025-02-24T17:20:26.508+0000] {standard_task_runner.py:85} INFO - Job 58: Subtask fetch_data
[2025-02-24T17:20:26.678+0000] {task_command.py:415} INFO - Running <TaskInstance: coingecko_ingestion_dag.fetch_data scheduled__2025-01-25T00:00:00+00:00 [running]> on host 85b967fd3989
[2025-02-24T17:20:26.943+0000] {taskinstance.py:1660} INFO - Exporting env vars: AIRFLOW_CTX_DAG_OWNER='etudiant' AIRFLOW_CTX_DAG_ID='coingecko_ingestion_dag' AIRFLOW_CTX_TASK_ID='fetch_data' AIRFLOW_CTX_EXECUTION_DATE='2025-01-25T00:00:00+00:00' AIRFLOW_CTX_TRY_NUMBER='1' AIRFLOW_CTX_DAG_RUN_ID='scheduled__2025-01-25T00:00:00+00:00'
[2025-02-24T17:20:27.200+0000] {python.py:194} INFO - Done. Returned value was: None
[2025-02-24T17:20:27.227+0000] {taskinstance.py:1400} INFO - Marking task as SUCCESS. dag_id=coingecko_ingestion_dag, task_id=fetch_data, execution_date=20250125T000000, start_date=20250224T172026, end_date=20250224T172027
[2025-02-24T17:20:27.584+0000] {local_task_job_runner.py:228} INFO - Task exited with return code 0
[2025-02-24T17:20:27.645+0000] {taskinstance.py:2784} INFO - 1 downstream tasks scheduled from follow-on schedule check
[2025-02-25T15:53:04.592+0000] {taskinstance.py:1159} INFO - Dependencies all met for dep_context=non-requeueable deps ti=<TaskInstance: coingecko_ingestion_dag.fetch_data scheduled__2025-01-25T00:00:00+00:00 [queued]>
[2025-02-25T15:53:04.652+0000] {taskinstance.py:1159} INFO - Dependencies all met for dep_context=requeueable deps ti=<TaskInstance: coingecko_ingestion_dag.fetch_data scheduled__2025-01-25T00:00:00+00:00 [queued]>
[2025-02-25T15:53:04.667+0000] {taskinstance.py:1361} INFO - Starting attempt 1 of 2
[2025-02-25T15:53:04.747+0000] {taskinstance.py:1382} INFO - Executing <Task(PythonOperator): fetch_data> on 2025-01-25 00:00:00+00:00
[2025-02-25T15:53:04.767+0000] {standard_task_runner.py:57} INFO - Started process 361 to run task
[2025-02-25T15:53:04.820+0000] {standard_task_runner.py:84} INFO - Running: ['***', 'tasks', 'run', 'coingecko_ingestion_dag', 'fetch_data', 'scheduled__2025-01-25T00:00:00+00:00', '--job-id', '59', '--raw', '--subdir', 'DAGS_FOLDER/pipeline.py', '--cfg-path', '/tmp/tmp07h3kufd']
[2025-02-25T15:53:04.840+0000] {standard_task_runner.py:85} INFO - Job 59: Subtask fetch_data
[2025-02-25T15:53:05.064+0000] {task_command.py:415} INFO - Running <TaskInstance: coingecko_ingestion_dag.fetch_data scheduled__2025-01-25T00:00:00+00:00 [running]> on host af9744bbb9eb
[2025-02-25T15:53:05.666+0000] {taskinstance.py:1660} INFO - Exporting env vars: AIRFLOW_CTX_DAG_OWNER='etudiant' AIRFLOW_CTX_DAG_ID='coingecko_ingestion_dag' AIRFLOW_CTX_TASK_ID='fetch_data' AIRFLOW_CTX_EXECUTION_DATE='2025-01-25T00:00:00+00:00' AIRFLOW_CTX_TRY_NUMBER='1' AIRFLOW_CTX_DAG_RUN_ID='scheduled__2025-01-25T00:00:00+00:00'
[2025-02-25T15:53:06.221+0000] {python.py:194} INFO - Done. Returned value was: None
[2025-02-25T15:53:06.270+0000] {taskinstance.py:1400} INFO - Marking task as SUCCESS. dag_id=coingecko_ingestion_dag, task_id=fetch_data, execution_date=20250125T000000, start_date=20250225T155304, end_date=20250225T155306
[2025-02-25T15:53:06.647+0000] {local_task_job_runner.py:228} INFO - Task exited with return code 0
[2025-02-25T15:53:06.822+0000] {taskinstance.py:2784} INFO - 1 downstream tasks scheduled from follow-on schedule check
