[2025-02-24T17:20:27.065+0000] {taskinstance.py:1159} INFO - Dependencies all met for dep_context=non-requeueable deps ti=<TaskInstance: coingecko_ingestion_dag.fetch_data scheduled__2025-01-27T00:00:00+00:00 [queued]>
[2025-02-24T17:20:27.099+0000] {taskinstance.py:1159} INFO - Dependencies all met for dep_context=requeueable deps ti=<TaskInstance: coingecko_ingestion_dag.fetch_data scheduled__2025-01-27T00:00:00+00:00 [queued]>
[2025-02-24T17:20:27.101+0000] {taskinstance.py:1361} INFO - Starting attempt 1 of 2
[2025-02-24T17:20:27.546+0000] {taskinstance.py:1382} INFO - Executing <Task(PythonOperator): fetch_data> on 2025-01-27 00:00:00+00:00
[2025-02-24T17:20:27.576+0000] {standard_task_runner.py:57} INFO - Started process 690 to run task
[2025-02-24T17:20:27.587+0000] {standard_task_runner.py:84} INFO - Running: ['***', 'tasks', 'run', 'coingecko_ingestion_dag', 'fetch_data', 'scheduled__2025-01-27T00:00:00+00:00', '--job-id', '60', '--raw', '--subdir', 'DAGS_FOLDER/test.py', '--cfg-path', '/tmp/tmp23zugn9l']
[2025-02-24T17:20:27.597+0000] {standard_task_runner.py:85} INFO - Job 60: Subtask fetch_data
[2025-02-24T17:20:27.771+0000] {task_command.py:415} INFO - Running <TaskInstance: coingecko_ingestion_dag.fetch_data scheduled__2025-01-27T00:00:00+00:00 [running]> on host 85b967fd3989
[2025-02-24T17:20:28.021+0000] {taskinstance.py:1660} INFO - Exporting env vars: AIRFLOW_CTX_DAG_OWNER='etudiant' AIRFLOW_CTX_DAG_ID='coingecko_ingestion_dag' AIRFLOW_CTX_TASK_ID='fetch_data' AIRFLOW_CTX_EXECUTION_DATE='2025-01-27T00:00:00+00:00' AIRFLOW_CTX_TRY_NUMBER='1' AIRFLOW_CTX_DAG_RUN_ID='scheduled__2025-01-27T00:00:00+00:00'
[2025-02-24T17:20:28.324+0000] {python.py:194} INFO - Done. Returned value was: None
[2025-02-24T17:20:28.346+0000] {taskinstance.py:1400} INFO - Marking task as SUCCESS. dag_id=coingecko_ingestion_dag, task_id=fetch_data, execution_date=20250127T000000, start_date=20250224T172027, end_date=20250224T172028
[2025-02-24T17:20:28.442+0000] {local_task_job_runner.py:228} INFO - Task exited with return code 0
[2025-02-24T17:20:28.666+0000] {taskinstance.py:2784} INFO - 0 downstream tasks scheduled from follow-on schedule check
[2025-02-25T15:53:06.349+0000] {taskinstance.py:1159} INFO - Dependencies all met for dep_context=non-requeueable deps ti=<TaskInstance: coingecko_ingestion_dag.fetch_data scheduled__2025-01-27T00:00:00+00:00 [queued]>
[2025-02-25T15:53:06.396+0000] {taskinstance.py:1159} INFO - Dependencies all met for dep_context=requeueable deps ti=<TaskInstance: coingecko_ingestion_dag.fetch_data scheduled__2025-01-27T00:00:00+00:00 [queued]>
[2025-02-25T15:53:06.406+0000] {taskinstance.py:1361} INFO - Starting attempt 1 of 2
[2025-02-25T15:53:06.598+0000] {taskinstance.py:1382} INFO - Executing <Task(PythonOperator): fetch_data> on 2025-01-27 00:00:00+00:00
[2025-02-25T15:53:06.649+0000] {standard_task_runner.py:57} INFO - Started process 372 to run task
[2025-02-25T15:53:06.672+0000] {standard_task_runner.py:84} INFO - Running: ['***', 'tasks', 'run', 'coingecko_ingestion_dag', 'fetch_data', 'scheduled__2025-01-27T00:00:00+00:00', '--job-id', '60', '--raw', '--subdir', 'DAGS_FOLDER/pipeline.py', '--cfg-path', '/tmp/tmpoz2d1no_']
[2025-02-25T15:53:06.696+0000] {standard_task_runner.py:85} INFO - Job 60: Subtask fetch_data
[2025-02-25T15:53:07.122+0000] {task_command.py:415} INFO - Running <TaskInstance: coingecko_ingestion_dag.fetch_data scheduled__2025-01-27T00:00:00+00:00 [running]> on host af9744bbb9eb
[2025-02-25T15:53:33.702+0000] {taskinstance.py:1660} INFO - Exporting env vars: AIRFLOW_CTX_DAG_OWNER='etudiant' AIRFLOW_CTX_DAG_ID='coingecko_ingestion_dag' AIRFLOW_CTX_TASK_ID='fetch_data' AIRFLOW_CTX_EXECUTION_DATE='2025-01-27T00:00:00+00:00' AIRFLOW_CTX_TRY_NUMBER='1' AIRFLOW_CTX_DAG_RUN_ID='scheduled__2025-01-27T00:00:00+00:00'
[2025-02-25T15:53:45.490+0000] {python.py:194} INFO - Done. Returned value was: None
[2025-02-25T15:53:45.633+0000] {taskinstance.py:1400} INFO - Marking task as SUCCESS. dag_id=coingecko_ingestion_dag, task_id=fetch_data, execution_date=20250127T000000, start_date=20250225T155306, end_date=20250225T155345
[2025-02-25T15:53:45.838+0000] {local_task_job_runner.py:228} INFO - Task exited with return code 0
[2025-02-25T15:53:46.107+0000] {taskinstance.py:2784} INFO - 1 downstream tasks scheduled from follow-on schedule check
