[2025-02-27T20:19:00.661+0000] {taskinstance.py:1159} INFO - Dependencies all met for dep_context=non-requeueable deps ti=<TaskInstance: coingecko_ingestion_dag.run_mapreduce_job manual__2025-02-27T20:18:46.392295+00:00 [queued]>
[2025-02-27T20:19:00.682+0000] {taskinstance.py:1159} INFO - Dependencies all met for dep_context=requeueable deps ti=<TaskInstance: coingecko_ingestion_dag.run_mapreduce_job manual__2025-02-27T20:18:46.392295+00:00 [queued]>
[2025-02-27T20:19:00.682+0000] {taskinstance.py:1361} INFO - Starting attempt 1 of 4
[2025-02-27T20:19:00.716+0000] {taskinstance.py:1382} INFO - Executing <Task(BashOperator): run_mapreduce_job> on 2025-02-27 20:18:46.392295+00:00
[2025-02-27T20:19:00.730+0000] {standard_task_runner.py:57} INFO - Started process 708 to run task
[2025-02-27T20:19:00.739+0000] {standard_task_runner.py:84} INFO - Running: ['***', 'tasks', 'run', 'coingecko_ingestion_dag', 'run_mapreduce_job', 'manual__2025-02-27T20:18:46.392295+00:00', '--job-id', '389', '--raw', '--subdir', 'DAGS_FOLDER/pipeline.py', '--cfg-path', '/tmp/tmpctkrg3en']
[2025-02-27T20:19:00.745+0000] {standard_task_runner.py:85} INFO - Job 389: Subtask run_mapreduce_job
[2025-02-27T20:19:00.849+0000] {task_command.py:415} INFO - Running <TaskInstance: coingecko_ingestion_dag.run_mapreduce_job manual__2025-02-27T20:18:46.392295+00:00 [running]> on host 04b500935d21
[2025-02-27T20:19:00.971+0000] {logging_mixin.py:151} WARNING - /home/***/.local/lib/python3.8/site-packages/***/utils/context.py:206 AirflowContextDeprecationWarning: Accessing 'execution_date' from the template is deprecated and will be removed in a future version. Please use 'data_interval_start' or 'logical_date' instead.
[2025-02-27T20:19:01.042+0000] {taskinstance.py:1660} INFO - Exporting env vars: AIRFLOW_CTX_DAG_OWNER='etudiant' AIRFLOW_CTX_DAG_ID='coingecko_ingestion_dag' AIRFLOW_CTX_TASK_ID='run_mapreduce_job' AIRFLOW_CTX_EXECUTION_DATE='2025-02-27T20:18:46.392295+00:00' AIRFLOW_CTX_TRY_NUMBER='1' AIRFLOW_CTX_DAG_RUN_ID='manual__2025-02-27T20:18:46.392295+00:00'
[2025-02-27T20:19:01.045+0000] {subprocess.py:63} INFO - Tmp dir root location: /tmp
[2025-02-27T20:19:01.047+0000] {subprocess.py:75} INFO - Running command: ['/bin/bash', '-c', '\n        # نفحصو إذا المجلد موجود ونمسحوه إذا كان موجود\n        OUTPUT_DIR="/user/etudiant/crypto/processed/YYYY=2025/MM=02/DD=27"\n        docker exec -i namenode bash -c "hdfs dfs -test -d $OUTPUT_DIR && hdfs dfs -rm -r $OUTPUT_DIR || echo \'Directory does not exist, proceeding...\'"\n\n        # نشغلو MapReduce\n        docker exec -i namenode         hadoop jar /opt/hadoop-3.2.1/share/hadoop/tools/lib/hadoop-streaming-3.2.1.jar         -input /user/etudiant/crypto/raw/YYYY=2025/MM=02/DD=27/coingecko_raw.json         -output $OUTPUT_DIR         -mapper "python3 /tmp/mapper.py"         -reducer "python3 /tmp/reducer.py"\n\n        # نفحصو إذا المخرجات تكتبات بنجاح\n        docker exec -i namenode hdfs dfs -test -e $OUTPUT_DIR/part-00000 || (echo "MapReduce failed to produce output" && exit 1)\n        ']
[2025-02-27T20:19:01.072+0000] {subprocess.py:86} INFO - Output:
[2025-02-27T20:19:05.662+0000] {subprocess.py:93} INFO - Deleted /user/etudiant/crypto/processed/YYYY=2025/MM=02/DD=27
[2025-02-27T20:19:08.774+0000] {subprocess.py:93} INFO - 2025-02-27 20:19:08,772 INFO impl.MetricsConfig: Loaded properties from hadoop-metrics2.properties
[2025-02-27T20:19:08.857+0000] {subprocess.py:93} INFO - 2025-02-27 20:19:08,856 INFO impl.MetricsSystemImpl: Scheduled Metric snapshot period at 10 second(s).
[2025-02-27T20:19:08.857+0000] {subprocess.py:93} INFO - 2025-02-27 20:19:08,856 INFO impl.MetricsSystemImpl: JobTracker metrics system started
[2025-02-27T20:19:08.885+0000] {subprocess.py:93} INFO - 2025-02-27 20:19:08,882 WARN impl.MetricsSystemImpl: JobTracker metrics system already initialized!
[2025-02-27T20:19:09.338+0000] {subprocess.py:93} INFO - 2025-02-27 20:19:09,337 INFO mapred.FileInputFormat: Total input files to process : 1
[2025-02-27T20:19:09.406+0000] {subprocess.py:93} INFO - 2025-02-27 20:19:09,405 INFO mapreduce.JobSubmitter: number of splits:1
[2025-02-27T20:19:09.661+0000] {subprocess.py:93} INFO - 2025-02-27 20:19:09,657 INFO mapreduce.JobSubmitter: Submitting tokens for job: job_local1752591276_0001
[2025-02-27T20:19:09.664+0000] {subprocess.py:93} INFO - 2025-02-27 20:19:09,657 INFO mapreduce.JobSubmitter: Executing with tokens: []
[2025-02-27T20:19:09.874+0000] {subprocess.py:93} INFO - 2025-02-27 20:19:09,873 INFO mapreduce.Job: The url to track the job: http://localhost:8080/
[2025-02-27T20:19:09.879+0000] {subprocess.py:93} INFO - 2025-02-27 20:19:09,874 INFO mapred.LocalJobRunner: OutputCommitter set in config null
[2025-02-27T20:19:09.883+0000] {subprocess.py:93} INFO - 2025-02-27 20:19:09,877 INFO mapreduce.Job: Running job: job_local1752591276_0001
[2025-02-27T20:19:09.884+0000] {subprocess.py:93} INFO - 2025-02-27 20:19:09,877 INFO mapred.LocalJobRunner: OutputCommitter is org.apache.hadoop.mapred.FileOutputCommitter
[2025-02-27T20:19:09.891+0000] {subprocess.py:93} INFO - 2025-02-27 20:19:09,889 INFO output.FileOutputCommitter: File Output Committer Algorithm version is 2
[2025-02-27T20:19:09.891+0000] {subprocess.py:93} INFO - 2025-02-27 20:19:09,889 INFO output.FileOutputCommitter: FileOutputCommitter skip cleanup _temporary folders under output directory:false, ignore cleanup failures: false
[2025-02-27T20:19:09.955+0000] {subprocess.py:93} INFO - 2025-02-27 20:19:09,954 INFO mapred.LocalJobRunner: Waiting for map tasks
[2025-02-27T20:19:09.960+0000] {subprocess.py:93} INFO - 2025-02-27 20:19:09,958 INFO mapred.LocalJobRunner: Starting task: attempt_local1752591276_0001_m_000000_0
[2025-02-27T20:19:09.996+0000] {subprocess.py:93} INFO - 2025-02-27 20:19:09,992 INFO output.FileOutputCommitter: File Output Committer Algorithm version is 2
[2025-02-27T20:19:09.999+0000] {subprocess.py:93} INFO - 2025-02-27 20:19:09,992 INFO output.FileOutputCommitter: FileOutputCommitter skip cleanup _temporary folders under output directory:false, ignore cleanup failures: false
[2025-02-27T20:19:10.022+0000] {subprocess.py:93} INFO - 2025-02-27 20:19:10,021 INFO mapred.Task:  Using ResourceCalculatorProcessTree : [ ]
[2025-02-27T20:19:10.036+0000] {subprocess.py:93} INFO - 2025-02-27 20:19:10,035 INFO mapred.MapTask: Processing split: hdfs://namenode:9000/user/etudiant/crypto/raw/YYYY=2025/MM=02/DD=27/coingecko_raw.json:0+84454
[2025-02-27T20:19:10.072+0000] {subprocess.py:93} INFO - 2025-02-27 20:19:10,070 INFO mapred.MapTask: numReduceTasks: 1
[2025-02-27T20:19:10.170+0000] {subprocess.py:93} INFO - 2025-02-27 20:19:10,169 INFO mapred.MapTask: (EQUATOR) 0 kvi 26214396(104857584)
[2025-02-27T20:19:10.171+0000] {subprocess.py:93} INFO - 2025-02-27 20:19:10,169 INFO mapred.MapTask: mapreduce.task.io.sort.mb: 100
[2025-02-27T20:19:10.172+0000] {subprocess.py:93} INFO - 2025-02-27 20:19:10,169 INFO mapred.MapTask: soft limit at 83886080
[2025-02-27T20:19:10.172+0000] {subprocess.py:93} INFO - 2025-02-27 20:19:10,169 INFO mapred.MapTask: bufstart = 0; bufvoid = 104857600
[2025-02-27T20:19:10.173+0000] {subprocess.py:93} INFO - 2025-02-27 20:19:10,169 INFO mapred.MapTask: kvstart = 26214396; length = 6553600
[2025-02-27T20:19:10.182+0000] {subprocess.py:93} INFO - 2025-02-27 20:19:10,177 INFO mapred.MapTask: Map output collector class = org.apache.hadoop.mapred.MapTask$MapOutputBuffer
[2025-02-27T20:19:10.191+0000] {subprocess.py:93} INFO - 2025-02-27 20:19:10,190 INFO streaming.PipeMapRed: PipeMapRed exec [/usr/bin/python3, /tmp/mapper.py]
[2025-02-27T20:19:10.205+0000] {subprocess.py:93} INFO - 2025-02-27 20:19:10,202 INFO Configuration.deprecation: mapred.work.output.dir is deprecated. Instead, use mapreduce.task.output.dir
[2025-02-27T20:19:10.208+0000] {subprocess.py:93} INFO - 2025-02-27 20:19:10,203 INFO Configuration.deprecation: map.input.start is deprecated. Instead, use mapreduce.map.input.start
[2025-02-27T20:19:10.220+0000] {subprocess.py:93} INFO - 2025-02-27 20:19:10,203 INFO Configuration.deprecation: mapred.task.is.map is deprecated. Instead, use mapreduce.task.ismap
[2025-02-27T20:19:10.222+0000] {subprocess.py:93} INFO - 2025-02-27 20:19:10,203 INFO Configuration.deprecation: mapred.task.id is deprecated. Instead, use mapreduce.task.attempt.id
[2025-02-27T20:19:10.223+0000] {subprocess.py:93} INFO - 2025-02-27 20:19:10,204 INFO Configuration.deprecation: mapred.tip.id is deprecated. Instead, use mapreduce.task.id
[2025-02-27T20:19:10.223+0000] {subprocess.py:93} INFO - 2025-02-27 20:19:10,204 INFO Configuration.deprecation: mapred.local.dir is deprecated. Instead, use mapreduce.cluster.local.dir
[2025-02-27T20:19:10.224+0000] {subprocess.py:93} INFO - 2025-02-27 20:19:10,204 INFO Configuration.deprecation: map.input.file is deprecated. Instead, use mapreduce.map.input.file
[2025-02-27T20:19:10.225+0000] {subprocess.py:93} INFO - 2025-02-27 20:19:10,205 INFO Configuration.deprecation: mapred.skip.on is deprecated. Instead, use mapreduce.job.skiprecords
[2025-02-27T20:19:10.225+0000] {subprocess.py:93} INFO - 2025-02-27 20:19:10,205 INFO Configuration.deprecation: map.input.length is deprecated. Instead, use mapreduce.map.input.length
[2025-02-27T20:19:10.226+0000] {subprocess.py:93} INFO - 2025-02-27 20:19:10,206 INFO Configuration.deprecation: mapred.job.id is deprecated. Instead, use mapreduce.job.id
[2025-02-27T20:19:10.230+0000] {subprocess.py:93} INFO - 2025-02-27 20:19:10,206 INFO Configuration.deprecation: user.name is deprecated. Instead, use mapreduce.job.user.name
[2025-02-27T20:19:10.231+0000] {subprocess.py:93} INFO - 2025-02-27 20:19:10,207 INFO Configuration.deprecation: mapred.task.partition is deprecated. Instead, use mapreduce.task.partition
[2025-02-27T20:19:10.270+0000] {subprocess.py:93} INFO - 2025-02-27 20:19:10,269 INFO sasl.SaslDataTransferClient: SASL encryption trust check: localHostTrusted = false, remoteHostTrusted = false
[2025-02-27T20:19:10.398+0000] {subprocess.py:93} INFO - 2025-02-27 20:19:10,393 INFO streaming.PipeMapRed: R/W/S=1/0/0 in:NA [rec/s] out:NA [rec/s]
[2025-02-27T20:19:10.417+0000] {subprocess.py:93} INFO - 2025-02-27 20:19:10,409 INFO streaming.PipeMapRed: MRErrorThread done
[2025-02-27T20:19:10.419+0000] {subprocess.py:93} INFO - 2025-02-27 20:19:10,410 INFO streaming.PipeMapRed: Records R/W=1/1
[2025-02-27T20:19:10.420+0000] {subprocess.py:93} INFO - 2025-02-27 20:19:10,413 INFO streaming.PipeMapRed: mapRedFinished
[2025-02-27T20:19:10.422+0000] {subprocess.py:93} INFO - 2025-02-27 20:19:10,421 INFO mapred.LocalJobRunner:
[2025-02-27T20:19:10.423+0000] {subprocess.py:93} INFO - 2025-02-27 20:19:10,421 INFO mapred.MapTask: Starting flush of map output
[2025-02-27T20:19:10.423+0000] {subprocess.py:93} INFO - 2025-02-27 20:19:10,421 INFO mapred.MapTask: Spilling map output
[2025-02-27T20:19:10.424+0000] {subprocess.py:93} INFO - 2025-02-27 20:19:10,421 INFO mapred.MapTask: bufstart = 0; bufend = 4775; bufvoid = 104857600
[2025-02-27T20:19:10.424+0000] {subprocess.py:93} INFO - 2025-02-27 20:19:10,421 INFO mapred.MapTask: kvstart = 26214396(104857584); kvend = 26214000(104856000); length = 397/6553600
[2025-02-27T20:19:10.449+0000] {subprocess.py:93} INFO - 2025-02-27 20:19:10,448 INFO mapred.MapTask: Finished spill 0
[2025-02-27T20:19:10.476+0000] {subprocess.py:93} INFO - 2025-02-27 20:19:10,474 INFO mapred.Task: Task:attempt_local1752591276_0001_m_000000_0 is done. And is in the process of committing
[2025-02-27T20:19:10.486+0000] {subprocess.py:93} INFO - 2025-02-27 20:19:10,485 INFO mapred.LocalJobRunner: Records R/W=1/1
[2025-02-27T20:19:10.487+0000] {subprocess.py:93} INFO - 2025-02-27 20:19:10,486 INFO mapred.Task: Task 'attempt_local1752591276_0001_m_000000_0' done.
[2025-02-27T20:19:10.499+0000] {subprocess.py:93} INFO - 2025-02-27 20:19:10,497 INFO mapred.Task: Final Counters for attempt_local1752591276_0001_m_000000_0: Counters: 23
[2025-02-27T20:19:10.501+0000] {subprocess.py:93} INFO - 	File System Counters
[2025-02-27T20:19:10.502+0000] {subprocess.py:93} INFO - 		FILE: Number of bytes read=176794
[2025-02-27T20:19:10.502+0000] {subprocess.py:93} INFO - 		FILE: Number of bytes written=710932
[2025-02-27T20:19:10.503+0000] {subprocess.py:93} INFO - 		FILE: Number of read operations=0
[2025-02-27T20:19:10.503+0000] {subprocess.py:93} INFO - 		FILE: Number of large read operations=0
[2025-02-27T20:19:10.503+0000] {subprocess.py:93} INFO - 		FILE: Number of write operations=0
[2025-02-27T20:19:10.504+0000] {subprocess.py:93} INFO - 		HDFS: Number of bytes read=84454
[2025-02-27T20:19:10.504+0000] {subprocess.py:93} INFO - 		HDFS: Number of bytes written=0
[2025-02-27T20:19:10.504+0000] {subprocess.py:93} INFO - 		HDFS: Number of read operations=5
[2025-02-27T20:19:10.504+0000] {subprocess.py:93} INFO - 		HDFS: Number of large read operations=0
[2025-02-27T20:19:10.505+0000] {subprocess.py:93} INFO - 		HDFS: Number of write operations=1
[2025-02-27T20:19:10.505+0000] {subprocess.py:93} INFO - 		HDFS: Number of bytes read erasure-coded=0
[2025-02-27T20:19:10.505+0000] {subprocess.py:93} INFO - 	Map-Reduce Framework
[2025-02-27T20:19:10.506+0000] {subprocess.py:93} INFO - 		Map input records=1
[2025-02-27T20:19:10.506+0000] {subprocess.py:93} INFO - 		Map output records=100
[2025-02-27T20:19:10.506+0000] {subprocess.py:93} INFO - 		Map output bytes=4775
[2025-02-27T20:19:10.506+0000] {subprocess.py:93} INFO - 		Map output materialized bytes=4981
[2025-02-27T20:19:10.507+0000] {subprocess.py:93} INFO - 		Input split bytes=138
[2025-02-27T20:19:10.507+0000] {subprocess.py:93} INFO - 		Combine input records=0
[2025-02-27T20:19:10.507+0000] {subprocess.py:93} INFO - 		Spilled Records=100
[2025-02-27T20:19:10.508+0000] {subprocess.py:93} INFO - 		Failed Shuffles=0
[2025-02-27T20:19:10.508+0000] {subprocess.py:93} INFO - 		Merged Map outputs=0
[2025-02-27T20:19:10.508+0000] {subprocess.py:93} INFO - 		GC time elapsed (ms)=0
[2025-02-27T20:19:10.509+0000] {subprocess.py:93} INFO - 		Total committed heap usage (bytes)=268435456
[2025-02-27T20:19:10.511+0000] {subprocess.py:93} INFO - 	File Input Format Counters
[2025-02-27T20:19:10.512+0000] {subprocess.py:93} INFO - 		Bytes Read=84454
[2025-02-27T20:19:10.513+0000] {subprocess.py:93} INFO - 2025-02-27 20:19:10,497 INFO mapred.LocalJobRunner: Finishing task: attempt_local1752591276_0001_m_000000_0
[2025-02-27T20:19:10.514+0000] {subprocess.py:93} INFO - 2025-02-27 20:19:10,500 INFO mapred.LocalJobRunner: map task executor complete.
[2025-02-27T20:19:10.515+0000] {subprocess.py:93} INFO - 2025-02-27 20:19:10,505 INFO mapred.LocalJobRunner: Waiting for reduce tasks
[2025-02-27T20:19:10.515+0000] {subprocess.py:93} INFO - 2025-02-27 20:19:10,505 INFO mapred.LocalJobRunner: Starting task: attempt_local1752591276_0001_r_000000_0
[2025-02-27T20:19:10.529+0000] {subprocess.py:93} INFO - 2025-02-27 20:19:10,524 INFO output.FileOutputCommitter: File Output Committer Algorithm version is 2
[2025-02-27T20:19:10.532+0000] {subprocess.py:93} INFO - 2025-02-27 20:19:10,524 INFO output.FileOutputCommitter: FileOutputCommitter skip cleanup _temporary folders under output directory:false, ignore cleanup failures: false
[2025-02-27T20:19:10.534+0000] {subprocess.py:93} INFO - 2025-02-27 20:19:10,525 INFO mapred.Task:  Using ResourceCalculatorProcessTree : [ ]
[2025-02-27T20:19:10.538+0000] {subprocess.py:93} INFO - 2025-02-27 20:19:10,537 INFO mapred.ReduceTask: Using ShuffleConsumerPlugin: org.apache.hadoop.mapreduce.task.reduce.Shuffle@693d9afe
[2025-02-27T20:19:10.540+0000] {subprocess.py:93} INFO - 2025-02-27 20:19:10,540 WARN impl.MetricsSystemImpl: JobTracker metrics system already initialized!
[2025-02-27T20:19:10.574+0000] {subprocess.py:93} INFO - 2025-02-27 20:19:10,572 INFO reduce.MergeManagerImpl: MergerManager: memoryLimit=614727680, maxSingleShuffleLimit=153681920, mergeThreshold=405720288, ioSortFactor=10, memToMemMergeOutputsThreshold=10
[2025-02-27T20:19:10.587+0000] {subprocess.py:93} INFO - 2025-02-27 20:19:10,578 INFO reduce.EventFetcher: attempt_local1752591276_0001_r_000000_0 Thread started: EventFetcher for fetching Map Completion Events
[2025-02-27T20:19:10.628+0000] {subprocess.py:93} INFO - 2025-02-27 20:19:10,623 INFO reduce.LocalFetcher: localfetcher#1 about to shuffle output of map attempt_local1752591276_0001_m_000000_0 decomp: 4977 len: 4981 to MEMORY
[2025-02-27T20:19:10.637+0000] {subprocess.py:93} INFO - 2025-02-27 20:19:10,635 INFO reduce.InMemoryMapOutput: Read 4977 bytes from map-output for attempt_local1752591276_0001_m_000000_0
[2025-02-27T20:19:10.638+0000] {subprocess.py:93} INFO - 2025-02-27 20:19:10,637 INFO reduce.MergeManagerImpl: closeInMemoryFile -> map-output of size: 4977, inMemoryMapOutputs.size() -> 1, commitMemory -> 0, usedMemory ->4977
[2025-02-27T20:19:10.641+0000] {subprocess.py:93} INFO - 2025-02-27 20:19:10,639 INFO reduce.EventFetcher: EventFetcher is interrupted.. Returning
[2025-02-27T20:19:10.645+0000] {subprocess.py:93} INFO - 2025-02-27 20:19:10,640 INFO mapred.LocalJobRunner: 1 / 1 copied.
[2025-02-27T20:19:10.652+0000] {subprocess.py:93} INFO - 2025-02-27 20:19:10,640 INFO reduce.MergeManagerImpl: finalMerge called with 1 in-memory map-outputs and 0 on-disk map-outputs
[2025-02-27T20:19:10.685+0000] {subprocess.py:93} INFO - 2025-02-27 20:19:10,684 INFO mapred.Merger: Merging 1 sorted segments
[2025-02-27T20:19:10.685+0000] {subprocess.py:93} INFO - 2025-02-27 20:19:10,684 INFO mapred.Merger: Down to the last merge-pass, with 1 segments left of total size: 4970 bytes
[2025-02-27T20:19:10.690+0000] {subprocess.py:93} INFO - 2025-02-27 20:19:10,689 INFO reduce.MergeManagerImpl: Merged 1 segments, 4977 bytes to disk to satisfy reduce memory limit
[2025-02-27T20:19:10.698+0000] {subprocess.py:93} INFO - 2025-02-27 20:19:10,694 INFO reduce.MergeManagerImpl: Merging 1 files, 4981 bytes from disk
[2025-02-27T20:19:10.699+0000] {subprocess.py:93} INFO - 2025-02-27 20:19:10,696 INFO reduce.MergeManagerImpl: Merging 0 segments, 0 bytes from memory into reduce
[2025-02-27T20:19:10.702+0000] {subprocess.py:93} INFO - 2025-02-27 20:19:10,697 INFO mapred.Merger: Merging 1 sorted segments
[2025-02-27T20:19:10.703+0000] {subprocess.py:93} INFO - 2025-02-27 20:19:10,702 INFO mapred.Merger: Down to the last merge-pass, with 1 segments left of total size: 4970 bytes
[2025-02-27T20:19:10.705+0000] {subprocess.py:93} INFO - 2025-02-27 20:19:10,703 INFO mapred.LocalJobRunner: 1 / 1 copied.
[2025-02-27T20:19:10.711+0000] {subprocess.py:93} INFO - 2025-02-27 20:19:10,708 INFO streaming.PipeMapRed: PipeMapRed exec [/usr/bin/python3, /tmp/reducer.py]
[2025-02-27T20:19:10.716+0000] {subprocess.py:93} INFO - 2025-02-27 20:19:10,714 INFO Configuration.deprecation: mapred.job.tracker is deprecated. Instead, use mapreduce.jobtracker.address
[2025-02-27T20:19:10.719+0000] {subprocess.py:93} INFO - 2025-02-27 20:19:10,715 INFO Configuration.deprecation: mapred.map.tasks is deprecated. Instead, use mapreduce.job.maps
[2025-02-27T20:19:10.787+0000] {subprocess.py:93} INFO - 2025-02-27 20:19:10,785 INFO streaming.PipeMapRed: R/W/S=1/0/0 in:NA [rec/s] out:NA [rec/s]
[2025-02-27T20:19:10.788+0000] {subprocess.py:93} INFO - 2025-02-27 20:19:10,785 INFO streaming.PipeMapRed: R/W/S=10/0/0 in:NA [rec/s] out:NA [rec/s]
[2025-02-27T20:19:10.790+0000] {subprocess.py:93} INFO - 2025-02-27 20:19:10,788 INFO streaming.PipeMapRed: R/W/S=100/0/0 in:NA [rec/s] out:NA [rec/s]
[2025-02-27T20:19:10.798+0000] {subprocess.py:93} INFO - 2025-02-27 20:19:10,794 INFO streaming.PipeMapRed: Records R/W=100/1
[2025-02-27T20:19:10.802+0000] {subprocess.py:93} INFO - 2025-02-27 20:19:10,798 INFO streaming.PipeMapRed: MRErrorThread done
[2025-02-27T20:19:10.806+0000] {subprocess.py:93} INFO - 2025-02-27 20:19:10,805 INFO streaming.PipeMapRed: mapRedFinished
[2025-02-27T20:19:10.848+0000] {subprocess.py:93} INFO - 2025-02-27 20:19:10,845 INFO sasl.SaslDataTransferClient: SASL encryption trust check: localHostTrusted = false, remoteHostTrusted = false
[2025-02-27T20:19:10.890+0000] {subprocess.py:93} INFO - 2025-02-27 20:19:10,889 INFO mapreduce.Job: Job job_local1752591276_0001 running in uber mode : false
[2025-02-27T20:19:10.890+0000] {subprocess.py:93} INFO - 2025-02-27 20:19:10,890 INFO mapreduce.Job:  map 100% reduce 0%
[2025-02-27T20:19:10.904+0000] {subprocess.py:93} INFO - 2025-02-27 20:19:10,903 INFO mapred.Task: Task:attempt_local1752591276_0001_r_000000_0 is done. And is in the process of committing
[2025-02-27T20:19:10.909+0000] {subprocess.py:93} INFO - 2025-02-27 20:19:10,907 INFO mapred.LocalJobRunner: 1 / 1 copied.
[2025-02-27T20:19:10.912+0000] {subprocess.py:93} INFO - 2025-02-27 20:19:10,907 INFO mapred.Task: Task attempt_local1752591276_0001_r_000000_0 is allowed to commit now
[2025-02-27T20:19:10.948+0000] {subprocess.py:93} INFO - 2025-02-27 20:19:10,945 INFO output.FileOutputCommitter: Saved output of task 'attempt_local1752591276_0001_r_000000_0' to hdfs://namenode:9000/user/etudiant/crypto/processed/YYYY=2025/MM=02/DD=27
[2025-02-27T20:19:10.951+0000] {subprocess.py:93} INFO - 2025-02-27 20:19:10,948 INFO mapred.LocalJobRunner: Records R/W=100/1 > reduce
[2025-02-27T20:19:10.952+0000] {subprocess.py:93} INFO - 2025-02-27 20:19:10,948 INFO mapred.Task: Task 'attempt_local1752591276_0001_r_000000_0' done.
[2025-02-27T20:19:10.953+0000] {subprocess.py:93} INFO - 2025-02-27 20:19:10,950 INFO mapred.Task: Final Counters for attempt_local1752591276_0001_r_000000_0: Counters: 30
[2025-02-27T20:19:10.955+0000] {subprocess.py:93} INFO - 	File System Counters
[2025-02-27T20:19:10.956+0000] {subprocess.py:93} INFO - 		FILE: Number of bytes read=186788
[2025-02-27T20:19:10.957+0000] {subprocess.py:93} INFO - 		FILE: Number of bytes written=715913
[2025-02-27T20:19:10.958+0000] {subprocess.py:93} INFO - 		FILE: Number of read operations=0
[2025-02-27T20:19:10.960+0000] {subprocess.py:93} INFO - 		FILE: Number of large read operations=0
[2025-02-27T20:19:10.962+0000] {subprocess.py:93} INFO - 		FILE: Number of write operations=0
[2025-02-27T20:19:10.964+0000] {subprocess.py:93} INFO - 		HDFS: Number of bytes read=84454
[2025-02-27T20:19:10.966+0000] {subprocess.py:93} INFO - 		HDFS: Number of bytes written=5082
[2025-02-27T20:19:10.967+0000] {subprocess.py:93} INFO - 		HDFS: Number of read operations=10
[2025-02-27T20:19:10.968+0000] {subprocess.py:93} INFO - 		HDFS: Number of large read operations=0
[2025-02-27T20:19:10.969+0000] {subprocess.py:93} INFO - 		HDFS: Number of write operations=3
[2025-02-27T20:19:10.970+0000] {subprocess.py:93} INFO - 		HDFS: Number of bytes read erasure-coded=0
[2025-02-27T20:19:10.971+0000] {subprocess.py:93} INFO - 	Map-Reduce Framework
[2025-02-27T20:19:10.971+0000] {subprocess.py:93} INFO - 		Combine input records=0
[2025-02-27T20:19:10.972+0000] {subprocess.py:93} INFO - 		Combine output records=0
[2025-02-27T20:19:10.973+0000] {subprocess.py:93} INFO - 		Reduce input groups=100
[2025-02-27T20:19:10.974+0000] {subprocess.py:93} INFO - 		Reduce shuffle bytes=4981
[2025-02-27T20:19:10.976+0000] {subprocess.py:93} INFO - 		Reduce input records=100
[2025-02-27T20:19:10.977+0000] {subprocess.py:93} INFO - 		Reduce output records=100
[2025-02-27T20:19:10.978+0000] {subprocess.py:93} INFO - 		Spilled Records=100
[2025-02-27T20:19:10.978+0000] {subprocess.py:93} INFO - 		Shuffled Maps =1
[2025-02-27T20:19:10.979+0000] {subprocess.py:93} INFO - 		Failed Shuffles=0
[2025-02-27T20:19:10.980+0000] {subprocess.py:93} INFO - 		Merged Map outputs=1
[2025-02-27T20:19:10.981+0000] {subprocess.py:93} INFO - 		GC time elapsed (ms)=23
[2025-02-27T20:19:10.982+0000] {subprocess.py:93} INFO - 		Total committed heap usage (bytes)=269484032
[2025-02-27T20:19:10.983+0000] {subprocess.py:93} INFO - 	Shuffle Errors
[2025-02-27T20:19:10.984+0000] {subprocess.py:93} INFO - 		BAD_ID=0
[2025-02-27T20:19:10.984+0000] {subprocess.py:93} INFO - 		CONNECTION=0
[2025-02-27T20:19:10.985+0000] {subprocess.py:93} INFO - 		IO_ERROR=0
[2025-02-27T20:19:10.985+0000] {subprocess.py:93} INFO - 		WRONG_LENGTH=0
[2025-02-27T20:19:10.986+0000] {subprocess.py:93} INFO - 		WRONG_MAP=0
[2025-02-27T20:19:10.987+0000] {subprocess.py:93} INFO - 		WRONG_REDUCE=0
[2025-02-27T20:19:10.988+0000] {subprocess.py:93} INFO - 	File Output Format Counters
[2025-02-27T20:19:10.988+0000] {subprocess.py:93} INFO - 		Bytes Written=5082
[2025-02-27T20:19:10.989+0000] {subprocess.py:93} INFO - 2025-02-27 20:19:10,950 INFO mapred.LocalJobRunner: Finishing task: attempt_local1752591276_0001_r_000000_0
[2025-02-27T20:19:10.990+0000] {subprocess.py:93} INFO - 2025-02-27 20:19:10,950 INFO mapred.LocalJobRunner: reduce task executor complete.
[2025-02-27T20:19:11.897+0000] {subprocess.py:93} INFO - 2025-02-27 20:19:11,893 INFO mapreduce.Job:  map 100% reduce 100%
[2025-02-27T20:19:11.899+0000] {subprocess.py:93} INFO - 2025-02-27 20:19:11,894 INFO mapreduce.Job: Job job_local1752591276_0001 completed successfully
[2025-02-27T20:19:11.920+0000] {subprocess.py:93} INFO - 2025-02-27 20:19:11,918 INFO mapreduce.Job: Counters: 36
[2025-02-27T20:19:11.921+0000] {subprocess.py:93} INFO - 	File System Counters
[2025-02-27T20:19:11.924+0000] {subprocess.py:93} INFO - 		FILE: Number of bytes read=363582
[2025-02-27T20:19:11.927+0000] {subprocess.py:93} INFO - 		FILE: Number of bytes written=1426845
[2025-02-27T20:19:11.929+0000] {subprocess.py:93} INFO - 		FILE: Number of read operations=0
[2025-02-27T20:19:11.934+0000] {subprocess.py:93} INFO - 		FILE: Number of large read operations=0
[2025-02-27T20:19:11.935+0000] {subprocess.py:93} INFO - 		FILE: Number of write operations=0
[2025-02-27T20:19:11.936+0000] {subprocess.py:93} INFO - 		HDFS: Number of bytes read=168908
[2025-02-27T20:19:11.937+0000] {subprocess.py:93} INFO - 		HDFS: Number of bytes written=5082
[2025-02-27T20:19:11.938+0000] {subprocess.py:93} INFO - 		HDFS: Number of read operations=15
[2025-02-27T20:19:11.939+0000] {subprocess.py:93} INFO - 		HDFS: Number of large read operations=0
[2025-02-27T20:19:11.940+0000] {subprocess.py:93} INFO - 		HDFS: Number of write operations=4
[2025-02-27T20:19:11.941+0000] {subprocess.py:93} INFO - 		HDFS: Number of bytes read erasure-coded=0
[2025-02-27T20:19:11.943+0000] {subprocess.py:93} INFO - 	Map-Reduce Framework
[2025-02-27T20:19:11.945+0000] {subprocess.py:93} INFO - 		Map input records=1
[2025-02-27T20:19:11.946+0000] {subprocess.py:93} INFO - 		Map output records=100
[2025-02-27T20:19:11.947+0000] {subprocess.py:93} INFO - 		Map output bytes=4775
[2025-02-27T20:19:11.948+0000] {subprocess.py:93} INFO - 		Map output materialized bytes=4981
[2025-02-27T20:19:11.949+0000] {subprocess.py:93} INFO - 		Input split bytes=138
[2025-02-27T20:19:11.949+0000] {subprocess.py:93} INFO - 		Combine input records=0
[2025-02-27T20:19:11.950+0000] {subprocess.py:93} INFO - 		Combine output records=0
[2025-02-27T20:19:11.951+0000] {subprocess.py:93} INFO - 		Reduce input groups=100
[2025-02-27T20:19:11.951+0000] {subprocess.py:93} INFO - 		Reduce shuffle bytes=4981
[2025-02-27T20:19:11.952+0000] {subprocess.py:93} INFO - 		Reduce input records=100
[2025-02-27T20:19:11.953+0000] {subprocess.py:93} INFO - 		Reduce output records=100
[2025-02-27T20:19:11.953+0000] {subprocess.py:93} INFO - 		Spilled Records=200
[2025-02-27T20:19:11.955+0000] {subprocess.py:93} INFO - 		Shuffled Maps =1
[2025-02-27T20:19:11.955+0000] {subprocess.py:93} INFO - 		Failed Shuffles=0
[2025-02-27T20:19:11.956+0000] {subprocess.py:93} INFO - 		Merged Map outputs=1
[2025-02-27T20:19:11.957+0000] {subprocess.py:93} INFO - 		GC time elapsed (ms)=23
[2025-02-27T20:19:11.958+0000] {subprocess.py:93} INFO - 		Total committed heap usage (bytes)=537919488
[2025-02-27T20:19:11.959+0000] {subprocess.py:93} INFO - 	Shuffle Errors
[2025-02-27T20:19:11.961+0000] {subprocess.py:93} INFO - 		BAD_ID=0
[2025-02-27T20:19:11.963+0000] {subprocess.py:93} INFO - 		CONNECTION=0
[2025-02-27T20:19:11.964+0000] {subprocess.py:93} INFO - 		IO_ERROR=0
[2025-02-27T20:19:11.965+0000] {subprocess.py:93} INFO - 		WRONG_LENGTH=0
[2025-02-27T20:19:11.966+0000] {subprocess.py:93} INFO - 		WRONG_MAP=0
[2025-02-27T20:19:11.967+0000] {subprocess.py:93} INFO - 		WRONG_REDUCE=0
[2025-02-27T20:19:11.968+0000] {subprocess.py:93} INFO - 	File Input Format Counters
[2025-02-27T20:19:11.968+0000] {subprocess.py:93} INFO - 		Bytes Read=84454
[2025-02-27T20:19:11.969+0000] {subprocess.py:93} INFO - 	File Output Format Counters
[2025-02-27T20:19:11.970+0000] {subprocess.py:93} INFO - 		Bytes Written=5082
[2025-02-27T20:19:11.971+0000] {subprocess.py:93} INFO - 2025-02-27 20:19:11,919 INFO streaming.StreamJob: Output directory: /user/etudiant/crypto/processed/YYYY=2025/MM=02/DD=27
[2025-02-27T20:19:15.246+0000] {subprocess.py:97} INFO - Command exited with return code 0
[2025-02-27T20:19:15.317+0000] {taskinstance.py:1400} INFO - Marking task as SUCCESS. dag_id=coingecko_ingestion_dag, task_id=run_mapreduce_job, execution_date=20250227T201846, start_date=20250227T201900, end_date=20250227T201915
[2025-02-27T20:19:15.406+0000] {local_task_job_runner.py:228} INFO - Task exited with return code 0
[2025-02-27T20:19:15.466+0000] {taskinstance.py:2784} INFO - 1 downstream tasks scheduled from follow-on schedule check
