[2025-02-27T20:06:46.749+0000] {taskinstance.py:1159} INFO - Dependencies all met for dep_context=non-requeueable deps ti=<TaskInstance: coingecko_ingestion_dag.run_mapreduce_job manual__2025-02-27T20:01:24.699309+00:00 [queued]>
[2025-02-27T20:06:46.760+0000] {taskinstance.py:1159} INFO - Dependencies all met for dep_context=requeueable deps ti=<TaskInstance: coingecko_ingestion_dag.run_mapreduce_job manual__2025-02-27T20:01:24.699309+00:00 [queued]>
[2025-02-27T20:06:46.761+0000] {taskinstance.py:1361} INFO - Starting attempt 2 of 4
[2025-02-27T20:06:46.776+0000] {taskinstance.py:1382} INFO - Executing <Task(BashOperator): run_mapreduce_job> on 2025-02-27 20:01:24.699309+00:00
[2025-02-27T20:06:46.781+0000] {standard_task_runner.py:57} INFO - Started process 356 to run task
[2025-02-27T20:06:46.785+0000] {standard_task_runner.py:84} INFO - Running: ['***', 'tasks', 'run', 'coingecko_ingestion_dag', 'run_mapreduce_job', 'manual__2025-02-27T20:01:24.699309+00:00', '--job-id', '375', '--raw', '--subdir', 'DAGS_FOLDER/pipeline.py', '--cfg-path', '/tmp/tmp22g_9a10']
[2025-02-27T20:06:46.787+0000] {standard_task_runner.py:85} INFO - Job 375: Subtask run_mapreduce_job
[2025-02-27T20:06:46.834+0000] {task_command.py:415} INFO - Running <TaskInstance: coingecko_ingestion_dag.run_mapreduce_job manual__2025-02-27T20:01:24.699309+00:00 [running]> on host 04b500935d21
[2025-02-27T20:06:46.916+0000] {logging_mixin.py:151} WARNING - /home/***/.local/lib/python3.8/site-packages/***/utils/context.py:206 AirflowContextDeprecationWarning: Accessing 'execution_date' from the template is deprecated and will be removed in a future version. Please use 'data_interval_start' or 'logical_date' instead.
[2025-02-27T20:06:46.957+0000] {taskinstance.py:1660} INFO - Exporting env vars: AIRFLOW_CTX_DAG_OWNER='etudiant' AIRFLOW_CTX_DAG_ID='coingecko_ingestion_dag' AIRFLOW_CTX_TASK_ID='run_mapreduce_job' AIRFLOW_CTX_EXECUTION_DATE='2025-02-27T20:01:24.699309+00:00' AIRFLOW_CTX_TRY_NUMBER='2' AIRFLOW_CTX_DAG_RUN_ID='manual__2025-02-27T20:01:24.699309+00:00'
[2025-02-27T20:06:46.959+0000] {subprocess.py:63} INFO - Tmp dir root location: /tmp
[2025-02-27T20:06:46.960+0000] {subprocess.py:75} INFO - Running command: ['/bin/bash', '-c', '\n        docker exec -i namenode         hadoop jar /opt/hadoop-3.2.1/share/hadoop/tools/lib/hadoop-streaming-3.2.1.jar         -input /user/etudiant/crypto/raw/YYYY=2025/MM=02/DD=27/coingecko_raw.json         -output /user/etudiant/crypto/processed/YYYY=2025/MM=02/DD=27         -mapper "python3 /tmp/mapper.py"         -reducer "python3 /tmp/reducer.py"\n        ']
[2025-02-27T20:06:46.972+0000] {subprocess.py:86} INFO - Output:
[2025-02-27T20:06:48.626+0000] {subprocess.py:93} INFO - 2025-02-27 20:06:48,624 INFO impl.MetricsConfig: Loaded properties from hadoop-metrics2.properties
[2025-02-27T20:06:48.689+0000] {subprocess.py:93} INFO - 2025-02-27 20:06:48,688 INFO impl.MetricsSystemImpl: Scheduled Metric snapshot period at 10 second(s).
[2025-02-27T20:06:48.690+0000] {subprocess.py:93} INFO - 2025-02-27 20:06:48,689 INFO impl.MetricsSystemImpl: JobTracker metrics system started
[2025-02-27T20:06:48.710+0000] {subprocess.py:93} INFO - 2025-02-27 20:06:48,709 WARN impl.MetricsSystemImpl: JobTracker metrics system already initialized!
[2025-02-27T20:06:49.043+0000] {subprocess.py:93} INFO - 2025-02-27 20:06:49,042 INFO mapred.FileInputFormat: Total input files to process : 1
[2025-02-27T20:06:49.130+0000] {subprocess.py:93} INFO - 2025-02-27 20:06:49,129 INFO mapreduce.JobSubmitter: number of splits:1
[2025-02-27T20:06:49.418+0000] {subprocess.py:93} INFO - 2025-02-27 20:06:49,415 INFO mapreduce.JobSubmitter: Submitting tokens for job: job_local1507850348_0001
[2025-02-27T20:06:49.423+0000] {subprocess.py:93} INFO - 2025-02-27 20:06:49,415 INFO mapreduce.JobSubmitter: Executing with tokens: []
[2025-02-27T20:06:49.574+0000] {subprocess.py:93} INFO - 2025-02-27 20:06:49,570 INFO mapreduce.Job: The url to track the job: http://localhost:8080/
[2025-02-27T20:06:49.576+0000] {subprocess.py:93} INFO - 2025-02-27 20:06:49,573 INFO mapreduce.Job: Running job: job_local1507850348_0001
[2025-02-27T20:06:49.577+0000] {subprocess.py:93} INFO - 2025-02-27 20:06:49,573 INFO mapred.LocalJobRunner: OutputCommitter set in config null
[2025-02-27T20:06:49.578+0000] {subprocess.py:93} INFO - 2025-02-27 20:06:49,575 INFO mapred.LocalJobRunner: OutputCommitter is org.apache.hadoop.mapred.FileOutputCommitter
[2025-02-27T20:06:49.585+0000] {subprocess.py:93} INFO - 2025-02-27 20:06:49,582 INFO output.FileOutputCommitter: File Output Committer Algorithm version is 2
[2025-02-27T20:06:49.585+0000] {subprocess.py:93} INFO - 2025-02-27 20:06:49,582 INFO output.FileOutputCommitter: FileOutputCommitter skip cleanup _temporary folders under output directory:false, ignore cleanup failures: false
[2025-02-27T20:06:49.645+0000] {subprocess.py:93} INFO - 2025-02-27 20:06:49,644 INFO mapred.LocalJobRunner: Waiting for map tasks
[2025-02-27T20:06:49.649+0000] {subprocess.py:93} INFO - 2025-02-27 20:06:49,648 INFO mapred.LocalJobRunner: Starting task: attempt_local1507850348_0001_m_000000_0
[2025-02-27T20:06:49.673+0000] {subprocess.py:93} INFO - 2025-02-27 20:06:49,671 INFO output.FileOutputCommitter: File Output Committer Algorithm version is 2
[2025-02-27T20:06:49.674+0000] {subprocess.py:93} INFO - 2025-02-27 20:06:49,671 INFO output.FileOutputCommitter: FileOutputCommitter skip cleanup _temporary folders under output directory:false, ignore cleanup failures: false
[2025-02-27T20:06:49.698+0000] {subprocess.py:93} INFO - 2025-02-27 20:06:49,697 INFO mapred.Task:  Using ResourceCalculatorProcessTree : [ ]
[2025-02-27T20:06:49.711+0000] {subprocess.py:93} INFO - 2025-02-27 20:06:49,710 INFO mapred.MapTask: Processing split: hdfs://namenode:9000/user/etudiant/crypto/raw/YYYY=2025/MM=02/DD=27/coingecko_raw.json:0+84174
[2025-02-27T20:06:49.729+0000] {subprocess.py:93} INFO - 2025-02-27 20:06:49,728 INFO mapred.MapTask: numReduceTasks: 1
[2025-02-27T20:06:49.830+0000] {subprocess.py:93} INFO - 2025-02-27 20:06:49,829 INFO mapred.MapTask: (EQUATOR) 0 kvi 26214396(104857584)
[2025-02-27T20:06:49.831+0000] {subprocess.py:93} INFO - 2025-02-27 20:06:49,829 INFO mapred.MapTask: mapreduce.task.io.sort.mb: 100
[2025-02-27T20:06:49.832+0000] {subprocess.py:93} INFO - 2025-02-27 20:06:49,829 INFO mapred.MapTask: soft limit at 83886080
[2025-02-27T20:06:49.833+0000] {subprocess.py:93} INFO - 2025-02-27 20:06:49,829 INFO mapred.MapTask: bufstart = 0; bufvoid = 104857600
[2025-02-27T20:06:49.834+0000] {subprocess.py:93} INFO - 2025-02-27 20:06:49,829 INFO mapred.MapTask: kvstart = 26214396; length = 6553600
[2025-02-27T20:06:49.838+0000] {subprocess.py:93} INFO - 2025-02-27 20:06:49,837 INFO mapred.MapTask: Map output collector class = org.apache.hadoop.mapred.MapTask$MapOutputBuffer
[2025-02-27T20:06:49.856+0000] {subprocess.py:93} INFO - 2025-02-27 20:06:49,854 INFO streaming.PipeMapRed: PipeMapRed exec [/usr/bin/python3, /tmp/mapper.py]
[2025-02-27T20:06:49.870+0000] {subprocess.py:93} INFO - 2025-02-27 20:06:49,860 INFO Configuration.deprecation: mapred.work.output.dir is deprecated. Instead, use mapreduce.task.output.dir
[2025-02-27T20:06:49.871+0000] {subprocess.py:93} INFO - 2025-02-27 20:06:49,861 INFO Configuration.deprecation: map.input.start is deprecated. Instead, use mapreduce.map.input.start
[2025-02-27T20:06:49.872+0000] {subprocess.py:93} INFO - 2025-02-27 20:06:49,862 INFO Configuration.deprecation: mapred.task.is.map is deprecated. Instead, use mapreduce.task.ismap
[2025-02-27T20:06:49.873+0000] {subprocess.py:93} INFO - 2025-02-27 20:06:49,862 INFO Configuration.deprecation: mapred.task.id is deprecated. Instead, use mapreduce.task.attempt.id
[2025-02-27T20:06:49.873+0000] {subprocess.py:93} INFO - 2025-02-27 20:06:49,863 INFO Configuration.deprecation: mapred.tip.id is deprecated. Instead, use mapreduce.task.id
[2025-02-27T20:06:49.874+0000] {subprocess.py:93} INFO - 2025-02-27 20:06:49,863 INFO Configuration.deprecation: mapred.local.dir is deprecated. Instead, use mapreduce.cluster.local.dir
[2025-02-27T20:06:49.874+0000] {subprocess.py:93} INFO - 2025-02-27 20:06:49,863 INFO Configuration.deprecation: map.input.file is deprecated. Instead, use mapreduce.map.input.file
[2025-02-27T20:06:49.880+0000] {subprocess.py:93} INFO - 2025-02-27 20:06:49,863 INFO Configuration.deprecation: mapred.skip.on is deprecated. Instead, use mapreduce.job.skiprecords
[2025-02-27T20:06:49.883+0000] {subprocess.py:93} INFO - 2025-02-27 20:06:49,864 INFO Configuration.deprecation: map.input.length is deprecated. Instead, use mapreduce.map.input.length
[2025-02-27T20:06:49.884+0000] {subprocess.py:93} INFO - 2025-02-27 20:06:49,864 INFO Configuration.deprecation: mapred.job.id is deprecated. Instead, use mapreduce.job.id
[2025-02-27T20:06:49.887+0000] {subprocess.py:93} INFO - 2025-02-27 20:06:49,865 INFO Configuration.deprecation: user.name is deprecated. Instead, use mapreduce.job.user.name
[2025-02-27T20:06:49.888+0000] {subprocess.py:93} INFO - 2025-02-27 20:06:49,865 INFO Configuration.deprecation: mapred.task.partition is deprecated. Instead, use mapreduce.task.partition
[2025-02-27T20:06:49.913+0000] {subprocess.py:93} INFO - 2025-02-27 20:06:49,910 INFO sasl.SaslDataTransferClient: SASL encryption trust check: localHostTrusted = false, remoteHostTrusted = false
[2025-02-27T20:06:50.033+0000] {subprocess.py:93} INFO - 2025-02-27 20:06:50,031 INFO streaming.PipeMapRed: R/W/S=1/0/0 in:NA [rec/s] out:NA [rec/s]
[2025-02-27T20:06:50.041+0000] {subprocess.py:93} INFO - 2025-02-27 20:06:50,040 INFO streaming.PipeMapRed: MRErrorThread done
[2025-02-27T20:06:50.044+0000] {subprocess.py:93} INFO - 2025-02-27 20:06:50,042 INFO streaming.PipeMapRed: Records R/W=1/1
[2025-02-27T20:06:50.046+0000] {subprocess.py:93} INFO - 2025-02-27 20:06:50,044 INFO streaming.PipeMapRed: mapRedFinished
[2025-02-27T20:06:50.051+0000] {subprocess.py:93} INFO - 2025-02-27 20:06:50,049 INFO mapred.LocalJobRunner:
[2025-02-27T20:06:50.052+0000] {subprocess.py:93} INFO - 2025-02-27 20:06:50,050 INFO mapred.MapTask: Starting flush of map output
[2025-02-27T20:06:50.053+0000] {subprocess.py:93} INFO - 2025-02-27 20:06:50,050 INFO mapred.MapTask: Spilling map output
[2025-02-27T20:06:50.054+0000] {subprocess.py:93} INFO - 2025-02-27 20:06:50,050 INFO mapred.MapTask: bufstart = 0; bufend = 4652; bufvoid = 104857600
[2025-02-27T20:06:50.055+0000] {subprocess.py:93} INFO - 2025-02-27 20:06:50,050 INFO mapred.MapTask: kvstart = 26214396(104857584); kvend = 26214000(104856000); length = 397/6553600
[2025-02-27T20:06:50.081+0000] {subprocess.py:93} INFO - 2025-02-27 20:06:50,078 INFO mapred.MapTask: Finished spill 0
[2025-02-27T20:06:50.112+0000] {subprocess.py:93} INFO - 2025-02-27 20:06:50,110 INFO mapred.Task: Task:attempt_local1507850348_0001_m_000000_0 is done. And is in the process of committing
[2025-02-27T20:06:50.120+0000] {subprocess.py:93} INFO - 2025-02-27 20:06:50,119 INFO mapred.LocalJobRunner: Records R/W=1/1
[2025-02-27T20:06:50.121+0000] {subprocess.py:93} INFO - 2025-02-27 20:06:50,119 INFO mapred.Task: Task 'attempt_local1507850348_0001_m_000000_0' done.
[2025-02-27T20:06:50.135+0000] {subprocess.py:93} INFO - 2025-02-27 20:06:50,131 INFO mapred.Task: Final Counters for attempt_local1507850348_0001_m_000000_0: Counters: 23
[2025-02-27T20:06:50.136+0000] {subprocess.py:93} INFO - 	File System Counters
[2025-02-27T20:06:50.137+0000] {subprocess.py:93} INFO - 		FILE: Number of bytes read=176794
[2025-02-27T20:06:50.138+0000] {subprocess.py:93} INFO - 		FILE: Number of bytes written=710809
[2025-02-27T20:06:50.138+0000] {subprocess.py:93} INFO - 		FILE: Number of read operations=0
[2025-02-27T20:06:50.140+0000] {subprocess.py:93} INFO - 		FILE: Number of large read operations=0
[2025-02-27T20:06:50.140+0000] {subprocess.py:93} INFO - 		FILE: Number of write operations=0
[2025-02-27T20:06:50.141+0000] {subprocess.py:93} INFO - 		HDFS: Number of bytes read=84174
[2025-02-27T20:06:50.142+0000] {subprocess.py:93} INFO - 		HDFS: Number of bytes written=0
[2025-02-27T20:06:50.142+0000] {subprocess.py:93} INFO - 		HDFS: Number of read operations=5
[2025-02-27T20:06:50.144+0000] {subprocess.py:93} INFO - 		HDFS: Number of large read operations=0
[2025-02-27T20:06:50.145+0000] {subprocess.py:93} INFO - 		HDFS: Number of write operations=1
[2025-02-27T20:06:50.145+0000] {subprocess.py:93} INFO - 		HDFS: Number of bytes read erasure-coded=0
[2025-02-27T20:06:50.146+0000] {subprocess.py:93} INFO - 	Map-Reduce Framework
[2025-02-27T20:06:50.147+0000] {subprocess.py:93} INFO - 		Map input records=1
[2025-02-27T20:06:50.148+0000] {subprocess.py:93} INFO - 		Map output records=100
[2025-02-27T20:06:50.148+0000] {subprocess.py:93} INFO - 		Map output bytes=4652
[2025-02-27T20:06:50.149+0000] {subprocess.py:93} INFO - 		Map output materialized bytes=4858
[2025-02-27T20:06:50.149+0000] {subprocess.py:93} INFO - 		Input split bytes=138
[2025-02-27T20:06:50.150+0000] {subprocess.py:93} INFO - 		Combine input records=0
[2025-02-27T20:06:50.151+0000] {subprocess.py:93} INFO - 		Spilled Records=100
[2025-02-27T20:06:50.152+0000] {subprocess.py:93} INFO - 		Failed Shuffles=0
[2025-02-27T20:06:50.153+0000] {subprocess.py:93} INFO - 		Merged Map outputs=0
[2025-02-27T20:06:50.153+0000] {subprocess.py:93} INFO - 		GC time elapsed (ms)=0
[2025-02-27T20:06:50.153+0000] {subprocess.py:93} INFO - 		Total committed heap usage (bytes)=268435456
[2025-02-27T20:06:50.154+0000] {subprocess.py:93} INFO - 	File Input Format Counters
[2025-02-27T20:06:50.155+0000] {subprocess.py:93} INFO - 		Bytes Read=84174
[2025-02-27T20:06:50.156+0000] {subprocess.py:93} INFO - 2025-02-27 20:06:50,132 INFO mapred.LocalJobRunner: Finishing task: attempt_local1507850348_0001_m_000000_0
[2025-02-27T20:06:50.156+0000] {subprocess.py:93} INFO - 2025-02-27 20:06:50,133 INFO mapred.LocalJobRunner: map task executor complete.
[2025-02-27T20:06:50.157+0000] {subprocess.py:93} INFO - 2025-02-27 20:06:50,138 INFO mapred.LocalJobRunner: Starting task: attempt_local1507850348_0001_r_000000_0
[2025-02-27T20:06:50.157+0000] {subprocess.py:93} INFO - 2025-02-27 20:06:50,138 INFO mapred.LocalJobRunner: Waiting for reduce tasks
[2025-02-27T20:06:50.157+0000] {subprocess.py:93} INFO - 2025-02-27 20:06:50,154 INFO output.FileOutputCommitter: File Output Committer Algorithm version is 2
[2025-02-27T20:06:50.158+0000] {subprocess.py:93} INFO - 2025-02-27 20:06:50,154 INFO output.FileOutputCommitter: FileOutputCommitter skip cleanup _temporary folders under output directory:false, ignore cleanup failures: false
[2025-02-27T20:06:50.158+0000] {subprocess.py:93} INFO - 2025-02-27 20:06:50,155 INFO mapred.Task:  Using ResourceCalculatorProcessTree : [ ]
[2025-02-27T20:06:50.164+0000] {subprocess.py:93} INFO - 2025-02-27 20:06:50,159 INFO mapred.ReduceTask: Using ShuffleConsumerPlugin: org.apache.hadoop.mapreduce.task.reduce.Shuffle@71f84000
[2025-02-27T20:06:50.165+0000] {subprocess.py:93} INFO - 2025-02-27 20:06:50,161 WARN impl.MetricsSystemImpl: JobTracker metrics system already initialized!
[2025-02-27T20:06:50.186+0000] {subprocess.py:93} INFO - 2025-02-27 20:06:50,181 INFO reduce.MergeManagerImpl: MergerManager: memoryLimit=614727680, maxSingleShuffleLimit=153681920, mergeThreshold=405720288, ioSortFactor=10, memToMemMergeOutputsThreshold=10
[2025-02-27T20:06:50.189+0000] {subprocess.py:93} INFO - 2025-02-27 20:06:50,184 INFO reduce.EventFetcher: attempt_local1507850348_0001_r_000000_0 Thread started: EventFetcher for fetching Map Completion Events
[2025-02-27T20:06:50.219+0000] {subprocess.py:93} INFO - 2025-02-27 20:06:50,217 INFO reduce.LocalFetcher: localfetcher#1 about to shuffle output of map attempt_local1507850348_0001_m_000000_0 decomp: 4854 len: 4858 to MEMORY
[2025-02-27T20:06:50.223+0000] {subprocess.py:93} INFO - 2025-02-27 20:06:50,222 INFO reduce.InMemoryMapOutput: Read 4854 bytes from map-output for attempt_local1507850348_0001_m_000000_0
[2025-02-27T20:06:50.225+0000] {subprocess.py:93} INFO - 2025-02-27 20:06:50,224 INFO reduce.MergeManagerImpl: closeInMemoryFile -> map-output of size: 4854, inMemoryMapOutputs.size() -> 1, commitMemory -> 0, usedMemory ->4854
[2025-02-27T20:06:50.227+0000] {subprocess.py:93} INFO - 2025-02-27 20:06:50,226 INFO reduce.EventFetcher: EventFetcher is interrupted.. Returning
[2025-02-27T20:06:50.235+0000] {subprocess.py:93} INFO - 2025-02-27 20:06:50,228 INFO mapred.LocalJobRunner: 1 / 1 copied.
[2025-02-27T20:06:50.235+0000] {subprocess.py:93} INFO - 2025-02-27 20:06:50,228 INFO reduce.MergeManagerImpl: finalMerge called with 1 in-memory map-outputs and 0 on-disk map-outputs
[2025-02-27T20:06:50.257+0000] {subprocess.py:93} INFO - 2025-02-27 20:06:50,256 INFO mapred.Merger: Merging 1 sorted segments
[2025-02-27T20:06:50.258+0000] {subprocess.py:93} INFO - 2025-02-27 20:06:50,256 INFO mapred.Merger: Down to the last merge-pass, with 1 segments left of total size: 4847 bytes
[2025-02-27T20:06:50.262+0000] {subprocess.py:93} INFO - 2025-02-27 20:06:50,261 INFO reduce.MergeManagerImpl: Merged 1 segments, 4854 bytes to disk to satisfy reduce memory limit
[2025-02-27T20:06:50.263+0000] {subprocess.py:93} INFO - 2025-02-27 20:06:50,262 INFO reduce.MergeManagerImpl: Merging 1 files, 4858 bytes from disk
[2025-02-27T20:06:50.266+0000] {subprocess.py:93} INFO - 2025-02-27 20:06:50,263 INFO reduce.MergeManagerImpl: Merging 0 segments, 0 bytes from memory into reduce
[2025-02-27T20:06:50.266+0000] {subprocess.py:93} INFO - 2025-02-27 20:06:50,263 INFO mapred.Merger: Merging 1 sorted segments
[2025-02-27T20:06:50.268+0000] {subprocess.py:93} INFO - 2025-02-27 20:06:50,267 INFO mapred.Merger: Down to the last merge-pass, with 1 segments left of total size: 4847 bytes
[2025-02-27T20:06:50.269+0000] {subprocess.py:93} INFO - 2025-02-27 20:06:50,267 INFO mapred.LocalJobRunner: 1 / 1 copied.
[2025-02-27T20:06:50.273+0000] {subprocess.py:93} INFO - 2025-02-27 20:06:50,272 INFO streaming.PipeMapRed: PipeMapRed exec [/usr/bin/python3, /tmp/reducer.py]
[2025-02-27T20:06:50.276+0000] {subprocess.py:93} INFO - 2025-02-27 20:06:50,275 INFO Configuration.deprecation: mapred.job.tracker is deprecated. Instead, use mapreduce.jobtracker.address
[2025-02-27T20:06:50.277+0000] {subprocess.py:93} INFO - 2025-02-27 20:06:50,276 INFO Configuration.deprecation: mapred.map.tasks is deprecated. Instead, use mapreduce.job.maps
[2025-02-27T20:06:50.415+0000] {subprocess.py:93} INFO - 2025-02-27 20:06:50,413 INFO streaming.PipeMapRed: R/W/S=1/0/0 in:NA [rec/s] out:NA [rec/s]
[2025-02-27T20:06:50.416+0000] {subprocess.py:93} INFO - 2025-02-27 20:06:50,414 INFO streaming.PipeMapRed: R/W/S=10/0/0 in:NA [rec/s] out:NA [rec/s]
[2025-02-27T20:06:50.420+0000] {subprocess.py:93} INFO - 2025-02-27 20:06:50,419 INFO streaming.PipeMapRed: R/W/S=100/0/0 in:NA [rec/s] out:NA [rec/s]
[2025-02-27T20:06:50.425+0000] {subprocess.py:93} INFO - 2025-02-27 20:06:50,423 INFO streaming.PipeMapRed: Records R/W=100/1
[2025-02-27T20:06:50.427+0000] {subprocess.py:93} INFO - 2025-02-27 20:06:50,425 INFO streaming.PipeMapRed: MRErrorThread done
[2025-02-27T20:06:50.429+0000] {subprocess.py:93} INFO - 2025-02-27 20:06:50,427 INFO streaming.PipeMapRed: mapRedFinished
[2025-02-27T20:06:50.452+0000] {subprocess.py:93} INFO - 2025-02-27 20:06:50,451 INFO sasl.SaslDataTransferClient: SASL encryption trust check: localHostTrusted = false, remoteHostTrusted = false
[2025-02-27T20:06:50.480+0000] {subprocess.py:93} INFO - 2025-02-27 20:06:50,479 INFO mapred.Task: Task:attempt_local1507850348_0001_r_000000_0 is done. And is in the process of committing
[2025-02-27T20:06:50.483+0000] {subprocess.py:93} INFO - 2025-02-27 20:06:50,482 INFO mapred.LocalJobRunner: 1 / 1 copied.
[2025-02-27T20:06:50.486+0000] {subprocess.py:93} INFO - 2025-02-27 20:06:50,482 INFO mapred.Task: Task attempt_local1507850348_0001_r_000000_0 is allowed to commit now
[2025-02-27T20:06:50.508+0000] {subprocess.py:93} INFO - 2025-02-27 20:06:50,506 INFO output.FileOutputCommitter: Saved output of task 'attempt_local1507850348_0001_r_000000_0' to hdfs://namenode:9000/user/etudiant/crypto/processed/YYYY=2025/MM=02/DD=27
[2025-02-27T20:06:50.510+0000] {subprocess.py:93} INFO - 2025-02-27 20:06:50,508 INFO mapred.LocalJobRunner: Records R/W=100/1 > reduce
[2025-02-27T20:06:50.511+0000] {subprocess.py:93} INFO - 2025-02-27 20:06:50,508 INFO mapred.Task: Task 'attempt_local1507850348_0001_r_000000_0' done.
[2025-02-27T20:06:50.513+0000] {subprocess.py:93} INFO - 2025-02-27 20:06:50,510 INFO mapred.Task: Final Counters for attempt_local1507850348_0001_r_000000_0: Counters: 30
[2025-02-27T20:06:50.514+0000] {subprocess.py:93} INFO - 	File System Counters
[2025-02-27T20:06:50.515+0000] {subprocess.py:93} INFO - 		FILE: Number of bytes read=186542
[2025-02-27T20:06:50.516+0000] {subprocess.py:93} INFO - 		FILE: Number of bytes written=715667
[2025-02-27T20:06:50.517+0000] {subprocess.py:93} INFO - 		FILE: Number of read operations=0
[2025-02-27T20:06:50.519+0000] {subprocess.py:93} INFO - 		FILE: Number of large read operations=0
[2025-02-27T20:06:50.522+0000] {subprocess.py:93} INFO - 		FILE: Number of write operations=0
[2025-02-27T20:06:50.523+0000] {subprocess.py:93} INFO - 		HDFS: Number of bytes read=84174
[2025-02-27T20:06:50.524+0000] {subprocess.py:93} INFO - 		HDFS: Number of bytes written=5059
[2025-02-27T20:06:50.524+0000] {subprocess.py:93} INFO - 		HDFS: Number of read operations=10
[2025-02-27T20:06:50.525+0000] {subprocess.py:93} INFO - 		HDFS: Number of large read operations=0
[2025-02-27T20:06:50.526+0000] {subprocess.py:93} INFO - 		HDFS: Number of write operations=3
[2025-02-27T20:06:50.527+0000] {subprocess.py:93} INFO - 		HDFS: Number of bytes read erasure-coded=0
[2025-02-27T20:06:50.528+0000] {subprocess.py:93} INFO - 	Map-Reduce Framework
[2025-02-27T20:06:50.529+0000] {subprocess.py:93} INFO - 		Combine input records=0
[2025-02-27T20:06:50.529+0000] {subprocess.py:93} INFO - 		Combine output records=0
[2025-02-27T20:06:50.530+0000] {subprocess.py:93} INFO - 		Reduce input groups=100
[2025-02-27T20:06:50.532+0000] {subprocess.py:93} INFO - 		Reduce shuffle bytes=4858
[2025-02-27T20:06:50.532+0000] {subprocess.py:93} INFO - 		Reduce input records=100
[2025-02-27T20:06:50.533+0000] {subprocess.py:93} INFO - 		Reduce output records=100
[2025-02-27T20:06:50.534+0000] {subprocess.py:93} INFO - 		Spilled Records=100
[2025-02-27T20:06:50.535+0000] {subprocess.py:93} INFO - 		Shuffled Maps =1
[2025-02-27T20:06:50.536+0000] {subprocess.py:93} INFO - 		Failed Shuffles=0
[2025-02-27T20:06:50.536+0000] {subprocess.py:93} INFO - 		Merged Map outputs=1
[2025-02-27T20:06:50.537+0000] {subprocess.py:93} INFO - 		GC time elapsed (ms)=12
[2025-02-27T20:06:50.538+0000] {subprocess.py:93} INFO - 		Total committed heap usage (bytes)=269484032
[2025-02-27T20:06:50.538+0000] {subprocess.py:93} INFO - 	Shuffle Errors
[2025-02-27T20:06:50.539+0000] {subprocess.py:93} INFO - 		BAD_ID=0
[2025-02-27T20:06:50.539+0000] {subprocess.py:93} INFO - 		CONNECTION=0
[2025-02-27T20:06:50.540+0000] {subprocess.py:93} INFO - 		IO_ERROR=0
[2025-02-27T20:06:50.541+0000] {subprocess.py:93} INFO - 		WRONG_LENGTH=0
[2025-02-27T20:06:50.541+0000] {subprocess.py:93} INFO - 		WRONG_MAP=0
[2025-02-27T20:06:50.542+0000] {subprocess.py:93} INFO - 		WRONG_REDUCE=0
[2025-02-27T20:06:50.542+0000] {subprocess.py:93} INFO - 	File Output Format Counters
[2025-02-27T20:06:50.543+0000] {subprocess.py:93} INFO - 		Bytes Written=5059
[2025-02-27T20:06:50.543+0000] {subprocess.py:93} INFO - 2025-02-27 20:06:50,511 INFO mapred.LocalJobRunner: Finishing task: attempt_local1507850348_0001_r_000000_0
[2025-02-27T20:06:50.543+0000] {subprocess.py:93} INFO - 2025-02-27 20:06:50,511 INFO mapred.LocalJobRunner: reduce task executor complete.
[2025-02-27T20:06:50.582+0000] {subprocess.py:93} INFO - 2025-02-27 20:06:50,581 INFO mapreduce.Job: Job job_local1507850348_0001 running in uber mode : false
[2025-02-27T20:06:50.583+0000] {subprocess.py:93} INFO - 2025-02-27 20:06:50,582 INFO mapreduce.Job:  map 100% reduce 100%
[2025-02-27T20:06:50.584+0000] {subprocess.py:93} INFO - 2025-02-27 20:06:50,584 INFO mapreduce.Job: Job job_local1507850348_0001 completed successfully
[2025-02-27T20:06:50.593+0000] {subprocess.py:93} INFO - 2025-02-27 20:06:50,592 INFO mapreduce.Job: Counters: 36
[2025-02-27T20:06:50.594+0000] {subprocess.py:93} INFO - 	File System Counters
[2025-02-27T20:06:50.594+0000] {subprocess.py:93} INFO - 		FILE: Number of bytes read=363336
[2025-02-27T20:06:50.595+0000] {subprocess.py:93} INFO - 		FILE: Number of bytes written=1426476
[2025-02-27T20:06:50.595+0000] {subprocess.py:93} INFO - 		FILE: Number of read operations=0
[2025-02-27T20:06:50.595+0000] {subprocess.py:93} INFO - 		FILE: Number of large read operations=0
[2025-02-27T20:06:50.596+0000] {subprocess.py:93} INFO - 		FILE: Number of write operations=0
[2025-02-27T20:06:50.596+0000] {subprocess.py:93} INFO - 		HDFS: Number of bytes read=168348
[2025-02-27T20:06:50.596+0000] {subprocess.py:93} INFO - 		HDFS: Number of bytes written=5059
[2025-02-27T20:06:50.597+0000] {subprocess.py:93} INFO - 		HDFS: Number of read operations=15
[2025-02-27T20:06:50.597+0000] {subprocess.py:93} INFO - 		HDFS: Number of large read operations=0
[2025-02-27T20:06:50.597+0000] {subprocess.py:93} INFO - 		HDFS: Number of write operations=4
[2025-02-27T20:06:50.597+0000] {subprocess.py:93} INFO - 		HDFS: Number of bytes read erasure-coded=0
[2025-02-27T20:06:50.597+0000] {subprocess.py:93} INFO - 	Map-Reduce Framework
[2025-02-27T20:06:50.598+0000] {subprocess.py:93} INFO - 		Map input records=1
[2025-02-27T20:06:50.598+0000] {subprocess.py:93} INFO - 		Map output records=100
[2025-02-27T20:06:50.598+0000] {subprocess.py:93} INFO - 		Map output bytes=4652
[2025-02-27T20:06:50.598+0000] {subprocess.py:93} INFO - 		Map output materialized bytes=4858
[2025-02-27T20:06:50.598+0000] {subprocess.py:93} INFO - 		Input split bytes=138
[2025-02-27T20:06:50.599+0000] {subprocess.py:93} INFO - 		Combine input records=0
[2025-02-27T20:06:50.599+0000] {subprocess.py:93} INFO - 		Combine output records=0
[2025-02-27T20:06:50.599+0000] {subprocess.py:93} INFO - 		Reduce input groups=100
[2025-02-27T20:06:50.599+0000] {subprocess.py:93} INFO - 		Reduce shuffle bytes=4858
[2025-02-27T20:06:50.599+0000] {subprocess.py:93} INFO - 		Reduce input records=100
[2025-02-27T20:06:50.600+0000] {subprocess.py:93} INFO - 		Reduce output records=100
[2025-02-27T20:06:50.600+0000] {subprocess.py:93} INFO - 		Spilled Records=200
[2025-02-27T20:06:50.600+0000] {subprocess.py:93} INFO - 		Shuffled Maps =1
[2025-02-27T20:06:50.600+0000] {subprocess.py:93} INFO - 		Failed Shuffles=0
[2025-02-27T20:06:50.601+0000] {subprocess.py:93} INFO - 		Merged Map outputs=1
[2025-02-27T20:06:50.601+0000] {subprocess.py:93} INFO - 		GC time elapsed (ms)=12
[2025-02-27T20:06:50.601+0000] {subprocess.py:93} INFO - 		Total committed heap usage (bytes)=537919488
[2025-02-27T20:06:50.601+0000] {subprocess.py:93} INFO - 	Shuffle Errors
[2025-02-27T20:06:50.602+0000] {subprocess.py:93} INFO - 		BAD_ID=0
[2025-02-27T20:06:50.602+0000] {subprocess.py:93} INFO - 		CONNECTION=0
[2025-02-27T20:06:50.602+0000] {subprocess.py:93} INFO - 		IO_ERROR=0
[2025-02-27T20:06:50.602+0000] {subprocess.py:93} INFO - 		WRONG_LENGTH=0
[2025-02-27T20:06:50.602+0000] {subprocess.py:93} INFO - 		WRONG_MAP=0
[2025-02-27T20:06:50.603+0000] {subprocess.py:93} INFO - 		WRONG_REDUCE=0
[2025-02-27T20:06:50.603+0000] {subprocess.py:93} INFO - 	File Input Format Counters
[2025-02-27T20:06:50.603+0000] {subprocess.py:93} INFO - 		Bytes Read=84174
[2025-02-27T20:06:50.603+0000] {subprocess.py:93} INFO - 	File Output Format Counters
[2025-02-27T20:06:50.604+0000] {subprocess.py:93} INFO - 		Bytes Written=5059
[2025-02-27T20:06:50.604+0000] {subprocess.py:93} INFO - 2025-02-27 20:06:50,592 INFO streaming.StreamJob: Output directory: /user/etudiant/crypto/processed/YYYY=2025/MM=02/DD=27
[2025-02-27T20:06:51.134+0000] {subprocess.py:97} INFO - Command exited with return code 0
[2025-02-27T20:06:51.164+0000] {taskinstance.py:1400} INFO - Marking task as SUCCESS. dag_id=coingecko_ingestion_dag, task_id=run_mapreduce_job, execution_date=20250227T200124, start_date=20250227T200646, end_date=20250227T200651
[2025-02-27T20:06:51.198+0000] {local_task_job_runner.py:228} INFO - Task exited with return code 0
[2025-02-27T20:06:51.245+0000] {taskinstance.py:2784} INFO - 1 downstream tasks scheduled from follow-on schedule check
