[2025-02-24T17:25:40.356+0000] {taskinstance.py:1159} INFO - Dependencies all met for dep_context=non-requeueable deps ti=<TaskInstance: coingecko_ingestion_dag.fetch_data scheduled__2025-02-16T00:00:00+00:00 [queued]>
[2025-02-24T17:25:40.409+0000] {taskinstance.py:1159} INFO - Dependencies all met for dep_context=requeueable deps ti=<TaskInstance: coingecko_ingestion_dag.fetch_data scheduled__2025-02-16T00:00:00+00:00 [queued]>
[2025-02-24T17:25:40.412+0000] {taskinstance.py:1361} INFO - Starting attempt 1 of 2
[2025-02-24T17:25:40.444+0000] {taskinstance.py:1382} INFO - Executing <Task(PythonOperator): fetch_data> on 2025-02-16 00:00:00+00:00
[2025-02-24T17:25:40.452+0000] {standard_task_runner.py:57} INFO - Started process 900 to run task
[2025-02-24T17:25:40.457+0000] {standard_task_runner.py:84} INFO - Running: ['***', 'tasks', 'run', 'coingecko_ingestion_dag', 'fetch_data', 'scheduled__2025-02-16T00:00:00+00:00', '--job-id', '121', '--raw', '--subdir', 'DAGS_FOLDER/test.py', '--cfg-path', '/tmp/tmpy7su4lk_']
[2025-02-24T17:25:40.462+0000] {standard_task_runner.py:85} INFO - Job 121: Subtask fetch_data
[2025-02-24T17:25:40.591+0000] {task_command.py:415} INFO - Running <TaskInstance: coingecko_ingestion_dag.fetch_data scheduled__2025-02-16T00:00:00+00:00 [running]> on host 85b967fd3989
[2025-02-24T17:25:40.829+0000] {taskinstance.py:1660} INFO - Exporting env vars: AIRFLOW_CTX_DAG_OWNER='etudiant' AIRFLOW_CTX_DAG_ID='coingecko_ingestion_dag' AIRFLOW_CTX_TASK_ID='fetch_data' AIRFLOW_CTX_EXECUTION_DATE='2025-02-16T00:00:00+00:00' AIRFLOW_CTX_TRY_NUMBER='1' AIRFLOW_CTX_DAG_RUN_ID='scheduled__2025-02-16T00:00:00+00:00'
[2025-02-24T17:25:41.040+0000] {python.py:194} INFO - Done. Returned value was: None
[2025-02-24T17:25:41.061+0000] {taskinstance.py:1400} INFO - Marking task as SUCCESS. dag_id=coingecko_ingestion_dag, task_id=fetch_data, execution_date=20250216T000000, start_date=20250224T172540, end_date=20250224T172541
[2025-02-24T17:25:41.144+0000] {local_task_job_runner.py:228} INFO - Task exited with return code 0
[2025-02-24T17:25:41.189+0000] {taskinstance.py:2784} INFO - 1 downstream tasks scheduled from follow-on schedule check
[2025-02-25T16:02:58.225+0000] {taskinstance.py:1159} INFO - Dependencies all met for dep_context=non-requeueable deps ti=<TaskInstance: coingecko_ingestion_dag.fetch_data scheduled__2025-02-16T00:00:00+00:00 [queued]>
[2025-02-25T16:02:58.234+0000] {taskinstance.py:1159} INFO - Dependencies all met for dep_context=requeueable deps ti=<TaskInstance: coingecko_ingestion_dag.fetch_data scheduled__2025-02-16T00:00:00+00:00 [queued]>
[2025-02-25T16:02:58.234+0000] {taskinstance.py:1361} INFO - Starting attempt 1 of 2
[2025-02-25T16:02:58.246+0000] {taskinstance.py:1382} INFO - Executing <Task(PythonOperator): fetch_data> on 2025-02-16 00:00:00+00:00
[2025-02-25T16:02:58.250+0000] {standard_task_runner.py:57} INFO - Started process 591 to run task
[2025-02-25T16:02:58.252+0000] {standard_task_runner.py:84} INFO - Running: ['***', 'tasks', 'run', 'coingecko_ingestion_dag', 'fetch_data', 'scheduled__2025-02-16T00:00:00+00:00', '--job-id', '129', '--raw', '--subdir', 'DAGS_FOLDER/pipeline.py', '--cfg-path', '/tmp/tmpvisoszts']
[2025-02-25T16:02:58.255+0000] {standard_task_runner.py:85} INFO - Job 129: Subtask fetch_data
[2025-02-25T16:02:58.300+0000] {task_command.py:415} INFO - Running <TaskInstance: coingecko_ingestion_dag.fetch_data scheduled__2025-02-16T00:00:00+00:00 [running]> on host af9744bbb9eb
[2025-02-25T16:02:58.372+0000] {taskinstance.py:1660} INFO - Exporting env vars: AIRFLOW_CTX_DAG_OWNER='etudiant' AIRFLOW_CTX_DAG_ID='coingecko_ingestion_dag' AIRFLOW_CTX_TASK_ID='fetch_data' AIRFLOW_CTX_EXECUTION_DATE='2025-02-16T00:00:00+00:00' AIRFLOW_CTX_TRY_NUMBER='1' AIRFLOW_CTX_DAG_RUN_ID='scheduled__2025-02-16T00:00:00+00:00'
[2025-02-25T16:02:58.854+0000] {python.py:194} INFO - Done. Returned value was: None
[2025-02-25T16:02:58.862+0000] {taskinstance.py:1400} INFO - Marking task as SUCCESS. dag_id=coingecko_ingestion_dag, task_id=fetch_data, execution_date=20250216T000000, start_date=20250225T160258, end_date=20250225T160258
[2025-02-25T16:02:58.923+0000] {local_task_job_runner.py:228} INFO - Task exited with return code 0
[2025-02-25T16:02:58.940+0000] {taskinstance.py:2784} INFO - 1 downstream tasks scheduled from follow-on schedule check
