[2025-02-27T20:57:55.091+0000] {taskinstance.py:1159} INFO - Dependencies all met for dep_context=non-requeueable deps ti=<TaskInstance: coingecko_ingestion_dag.run_mapreduce_job manual__2025-02-27T20:57:45.892446+00:00 [queued]>
[2025-02-27T20:57:55.118+0000] {taskinstance.py:1159} INFO - Dependencies all met for dep_context=requeueable deps ti=<TaskInstance: coingecko_ingestion_dag.run_mapreduce_job manual__2025-02-27T20:57:45.892446+00:00 [queued]>
[2025-02-27T20:57:55.119+0000] {taskinstance.py:1361} INFO - Starting attempt 1 of 4
[2025-02-27T20:57:55.151+0000] {taskinstance.py:1382} INFO - Executing <Task(BashOperator): run_mapreduce_job> on 2025-02-27 20:57:45.892446+00:00
[2025-02-27T20:57:55.159+0000] {standard_task_runner.py:57} INFO - Started process 615 to run task
[2025-02-27T20:57:55.163+0000] {standard_task_runner.py:84} INFO - Running: ['***', 'tasks', 'run', 'coingecko_ingestion_dag', 'run_mapreduce_job', 'manual__2025-02-27T20:57:45.892446+00:00', '--job-id', '459', '--raw', '--subdir', 'DAGS_FOLDER/pipeline.py', '--cfg-path', '/tmp/tmpuhmjj7dh']
[2025-02-27T20:57:55.166+0000] {standard_task_runner.py:85} INFO - Job 459: Subtask run_mapreduce_job
[2025-02-27T20:57:55.223+0000] {task_command.py:415} INFO - Running <TaskInstance: coingecko_ingestion_dag.run_mapreduce_job manual__2025-02-27T20:57:45.892446+00:00 [running]> on host b86b19d2f863
[2025-02-27T20:57:55.289+0000] {logging_mixin.py:151} WARNING - /home/***/.local/lib/python3.8/site-packages/***/utils/context.py:206 AirflowContextDeprecationWarning: Accessing 'execution_date' from the template is deprecated and will be removed in a future version. Please use 'data_interval_start' or 'logical_date' instead.
[2025-02-27T20:57:55.324+0000] {taskinstance.py:1660} INFO - Exporting env vars: AIRFLOW_CTX_DAG_OWNER='etudiant' AIRFLOW_CTX_DAG_ID='coingecko_ingestion_dag' AIRFLOW_CTX_TASK_ID='run_mapreduce_job' AIRFLOW_CTX_EXECUTION_DATE='2025-02-27T20:57:45.892446+00:00' AIRFLOW_CTX_TRY_NUMBER='1' AIRFLOW_CTX_DAG_RUN_ID='manual__2025-02-27T20:57:45.892446+00:00'
[2025-02-27T20:57:55.326+0000] {subprocess.py:63} INFO - Tmp dir root location: /tmp
[2025-02-27T20:57:55.327+0000] {subprocess.py:75} INFO - Running command: ['/bin/bash', '-c', '\n        # نفحصو إذا المجلد موجود ونمسحوه إذا كان موجود\n        OUTPUT_DIR="/user/etudiant/crypto/processed/YYYY=2025/MM=02/DD=27"\n        docker exec -i namenode bash -c "hdfs dfs -test -d $OUTPUT_DIR && hdfs dfs -rm -r $OUTPUT_DIR || echo \'Directory does not exist, proceeding...\'"\n\n        # نشغلو MapReduce\n        docker exec -i namenode         hadoop jar /opt/hadoop-3.2.1/share/hadoop/tools/lib/hadoop-streaming-3.2.1.jar         -input /user/etudiant/crypto/raw/YYYY=2025/MM=02/DD=27/coingecko_raw.json         -output $OUTPUT_DIR         -mapper "python3 /tmp/mapper.py"         -reducer "python3 /tmp/reducer.py"\n\n        # نفحصو إذا المخرجات تكتبات بنجاح\n        docker exec -i namenode hdfs dfs -test -e $OUTPUT_DIR/part-00000 || (echo "MapReduce failed to produce output" && exit 1)\n        ']
[2025-02-27T20:57:55.336+0000] {subprocess.py:86} INFO - Output:
[2025-02-27T20:57:58.881+0000] {subprocess.py:93} INFO - Deleted /user/etudiant/crypto/processed/YYYY=2025/MM=02/DD=27
[2025-02-27T20:58:01.306+0000] {subprocess.py:93} INFO - 2025-02-27 20:58:01,303 INFO impl.MetricsConfig: Loaded properties from hadoop-metrics2.properties
[2025-02-27T20:58:01.402+0000] {subprocess.py:93} INFO - 2025-02-27 20:58:01,401 INFO impl.MetricsSystemImpl: Scheduled Metric snapshot period at 10 second(s).
[2025-02-27T20:58:01.404+0000] {subprocess.py:93} INFO - 2025-02-27 20:58:01,401 INFO impl.MetricsSystemImpl: JobTracker metrics system started
[2025-02-27T20:58:01.424+0000] {subprocess.py:93} INFO - 2025-02-27 20:58:01,423 WARN impl.MetricsSystemImpl: JobTracker metrics system already initialized!
[2025-02-27T20:58:01.870+0000] {subprocess.py:93} INFO - 2025-02-27 20:58:01,868 INFO mapred.FileInputFormat: Total input files to process : 1
[2025-02-27T20:58:01.956+0000] {subprocess.py:93} INFO - 2025-02-27 20:58:01,949 INFO mapreduce.JobSubmitter: number of splits:1
[2025-02-27T20:58:02.143+0000] {subprocess.py:93} INFO - 2025-02-27 20:58:02,141 INFO mapreduce.JobSubmitter: Submitting tokens for job: job_local1039533093_0001
[2025-02-27T20:58:02.143+0000] {subprocess.py:93} INFO - 2025-02-27 20:58:02,142 INFO mapreduce.JobSubmitter: Executing with tokens: []
[2025-02-27T20:58:02.375+0000] {subprocess.py:93} INFO - 2025-02-27 20:58:02,373 INFO mapreduce.Job: The url to track the job: http://localhost:8080/
[2025-02-27T20:58:02.377+0000] {subprocess.py:93} INFO - 2025-02-27 20:58:02,375 INFO mapred.LocalJobRunner: OutputCommitter set in config null
[2025-02-27T20:58:02.378+0000] {subprocess.py:93} INFO - 2025-02-27 20:58:02,376 INFO mapreduce.Job: Running job: job_local1039533093_0001
[2025-02-27T20:58:02.379+0000] {subprocess.py:93} INFO - 2025-02-27 20:58:02,377 INFO mapred.LocalJobRunner: OutputCommitter is org.apache.hadoop.mapred.FileOutputCommitter
[2025-02-27T20:58:02.387+0000] {subprocess.py:93} INFO - 2025-02-27 20:58:02,386 INFO output.FileOutputCommitter: File Output Committer Algorithm version is 2
[2025-02-27T20:58:02.388+0000] {subprocess.py:93} INFO - 2025-02-27 20:58:02,386 INFO output.FileOutputCommitter: FileOutputCommitter skip cleanup _temporary folders under output directory:false, ignore cleanup failures: false
[2025-02-27T20:58:02.439+0000] {subprocess.py:93} INFO - 2025-02-27 20:58:02,438 INFO mapred.LocalJobRunner: Waiting for map tasks
[2025-02-27T20:58:02.442+0000] {subprocess.py:93} INFO - 2025-02-27 20:58:02,441 INFO mapred.LocalJobRunner: Starting task: attempt_local1039533093_0001_m_000000_0
[2025-02-27T20:58:02.463+0000] {subprocess.py:93} INFO - 2025-02-27 20:58:02,462 INFO output.FileOutputCommitter: File Output Committer Algorithm version is 2
[2025-02-27T20:58:02.463+0000] {subprocess.py:93} INFO - 2025-02-27 20:58:02,462 INFO output.FileOutputCommitter: FileOutputCommitter skip cleanup _temporary folders under output directory:false, ignore cleanup failures: false
[2025-02-27T20:58:02.478+0000] {subprocess.py:93} INFO - 2025-02-27 20:58:02,477 INFO mapred.Task:  Using ResourceCalculatorProcessTree : [ ]
[2025-02-27T20:58:02.490+0000] {subprocess.py:93} INFO - 2025-02-27 20:58:02,489 INFO mapred.MapTask: Processing split: hdfs://namenode:9000/user/etudiant/crypto/raw/YYYY=2025/MM=02/DD=27/coingecko_raw.json:0+85211
[2025-02-27T20:58:02.508+0000] {subprocess.py:93} INFO - 2025-02-27 20:58:02,507 INFO mapred.MapTask: numReduceTasks: 1
[2025-02-27T20:58:02.574+0000] {subprocess.py:93} INFO - 2025-02-27 20:58:02,573 INFO mapred.MapTask: (EQUATOR) 0 kvi 26214396(104857584)
[2025-02-27T20:58:02.575+0000] {subprocess.py:93} INFO - 2025-02-27 20:58:02,573 INFO mapred.MapTask: mapreduce.task.io.sort.mb: 100
[2025-02-27T20:58:02.576+0000] {subprocess.py:93} INFO - 2025-02-27 20:58:02,573 INFO mapred.MapTask: soft limit at 83886080
[2025-02-27T20:58:02.576+0000] {subprocess.py:93} INFO - 2025-02-27 20:58:02,573 INFO mapred.MapTask: bufstart = 0; bufvoid = 104857600
[2025-02-27T20:58:02.577+0000] {subprocess.py:93} INFO - 2025-02-27 20:58:02,573 INFO mapred.MapTask: kvstart = 26214396; length = 6553600
[2025-02-27T20:58:02.581+0000] {subprocess.py:93} INFO - 2025-02-27 20:58:02,580 INFO mapred.MapTask: Map output collector class = org.apache.hadoop.mapred.MapTask$MapOutputBuffer
[2025-02-27T20:58:02.587+0000] {subprocess.py:93} INFO - 2025-02-27 20:58:02,586 INFO streaming.PipeMapRed: PipeMapRed exec [/usr/bin/python3, /tmp/mapper.py]
[2025-02-27T20:58:02.593+0000] {subprocess.py:93} INFO - 2025-02-27 20:58:02,592 INFO Configuration.deprecation: mapred.work.output.dir is deprecated. Instead, use mapreduce.task.output.dir
[2025-02-27T20:58:02.597+0000] {subprocess.py:93} INFO - 2025-02-27 20:58:02,592 INFO Configuration.deprecation: map.input.start is deprecated. Instead, use mapreduce.map.input.start
[2025-02-27T20:58:02.597+0000] {subprocess.py:93} INFO - 2025-02-27 20:58:02,592 INFO Configuration.deprecation: mapred.task.is.map is deprecated. Instead, use mapreduce.task.ismap
[2025-02-27T20:58:02.598+0000] {subprocess.py:93} INFO - 2025-02-27 20:58:02,592 INFO Configuration.deprecation: mapred.task.id is deprecated. Instead, use mapreduce.task.attempt.id
[2025-02-27T20:58:02.599+0000] {subprocess.py:93} INFO - 2025-02-27 20:58:02,594 INFO Configuration.deprecation: mapred.tip.id is deprecated. Instead, use mapreduce.task.id
[2025-02-27T20:58:02.599+0000] {subprocess.py:93} INFO - 2025-02-27 20:58:02,594 INFO Configuration.deprecation: mapred.local.dir is deprecated. Instead, use mapreduce.cluster.local.dir
[2025-02-27T20:58:02.600+0000] {subprocess.py:93} INFO - 2025-02-27 20:58:02,594 INFO Configuration.deprecation: map.input.file is deprecated. Instead, use mapreduce.map.input.file
[2025-02-27T20:58:02.600+0000] {subprocess.py:93} INFO - 2025-02-27 20:58:02,594 INFO Configuration.deprecation: mapred.skip.on is deprecated. Instead, use mapreduce.job.skiprecords
[2025-02-27T20:58:02.600+0000] {subprocess.py:93} INFO - 2025-02-27 20:58:02,595 INFO Configuration.deprecation: map.input.length is deprecated. Instead, use mapreduce.map.input.length
[2025-02-27T20:58:02.602+0000] {subprocess.py:93} INFO - 2025-02-27 20:58:02,595 INFO Configuration.deprecation: mapred.job.id is deprecated. Instead, use mapreduce.job.id
[2025-02-27T20:58:02.602+0000] {subprocess.py:93} INFO - 2025-02-27 20:58:02,595 INFO Configuration.deprecation: user.name is deprecated. Instead, use mapreduce.job.user.name
[2025-02-27T20:58:02.603+0000] {subprocess.py:93} INFO - 2025-02-27 20:58:02,596 INFO Configuration.deprecation: mapred.task.partition is deprecated. Instead, use mapreduce.task.partition
[2025-02-27T20:58:02.622+0000] {subprocess.py:93} INFO - 2025-02-27 20:58:02,621 INFO sasl.SaslDataTransferClient: SASL encryption trust check: localHostTrusted = false, remoteHostTrusted = false
[2025-02-27T20:58:02.683+0000] {subprocess.py:93} INFO - 2025-02-27 20:58:02,683 INFO streaming.PipeMapRed: R/W/S=1/0/0 in:NA [rec/s] out:NA [rec/s]
[2025-02-27T20:58:02.688+0000] {subprocess.py:93} INFO - 2025-02-27 20:58:02,687 INFO streaming.PipeMapRed: Records R/W=1/1
[2025-02-27T20:58:02.691+0000] {subprocess.py:93} INFO - 2025-02-27 20:58:02,690 INFO streaming.PipeMapRed: MRErrorThread done
[2025-02-27T20:58:02.694+0000] {subprocess.py:93} INFO - 2025-02-27 20:58:02,690 INFO streaming.PipeMapRed: mapRedFinished
[2025-02-27T20:58:02.694+0000] {subprocess.py:93} INFO - 2025-02-27 20:58:02,693 INFO mapred.LocalJobRunner:
[2025-02-27T20:58:02.695+0000] {subprocess.py:93} INFO - 2025-02-27 20:58:02,693 INFO mapred.MapTask: Starting flush of map output
[2025-02-27T20:58:02.695+0000] {subprocess.py:93} INFO - 2025-02-27 20:58:02,693 INFO mapred.MapTask: Spilling map output
[2025-02-27T20:58:02.695+0000] {subprocess.py:93} INFO - 2025-02-27 20:58:02,693 INFO mapred.MapTask: bufstart = 0; bufend = 4819; bufvoid = 104857600
[2025-02-27T20:58:02.696+0000] {subprocess.py:93} INFO - 2025-02-27 20:58:02,693 INFO mapred.MapTask: kvstart = 26214396(104857584); kvend = 26214000(104856000); length = 397/6553600
[2025-02-27T20:58:02.706+0000] {subprocess.py:93} INFO - 2025-02-27 20:58:02,705 INFO mapred.MapTask: Finished spill 0
[2025-02-27T20:58:02.720+0000] {subprocess.py:93} INFO - 2025-02-27 20:58:02,719 INFO mapred.Task: Task:attempt_local1039533093_0001_m_000000_0 is done. And is in the process of committing
[2025-02-27T20:58:02.723+0000] {subprocess.py:93} INFO - 2025-02-27 20:58:02,723 INFO mapred.LocalJobRunner: Records R/W=1/1
[2025-02-27T20:58:02.724+0000] {subprocess.py:93} INFO - 2025-02-27 20:58:02,723 INFO mapred.Task: Task 'attempt_local1039533093_0001_m_000000_0' done.
[2025-02-27T20:58:02.731+0000] {subprocess.py:93} INFO - 2025-02-27 20:58:02,730 INFO mapred.Task: Final Counters for attempt_local1039533093_0001_m_000000_0: Counters: 23
[2025-02-27T20:58:02.731+0000] {subprocess.py:93} INFO - 	File System Counters
[2025-02-27T20:58:02.732+0000] {subprocess.py:93} INFO - 		FILE: Number of bytes read=176794
[2025-02-27T20:58:02.732+0000] {subprocess.py:93} INFO - 		FILE: Number of bytes written=710976
[2025-02-27T20:58:02.733+0000] {subprocess.py:93} INFO - 		FILE: Number of read operations=0
[2025-02-27T20:58:02.733+0000] {subprocess.py:93} INFO - 		FILE: Number of large read operations=0
[2025-02-27T20:58:02.734+0000] {subprocess.py:93} INFO - 		FILE: Number of write operations=0
[2025-02-27T20:58:02.734+0000] {subprocess.py:93} INFO - 		HDFS: Number of bytes read=85211
[2025-02-27T20:58:02.734+0000] {subprocess.py:93} INFO - 		HDFS: Number of bytes written=0
[2025-02-27T20:58:02.735+0000] {subprocess.py:93} INFO - 		HDFS: Number of read operations=5
[2025-02-27T20:58:02.736+0000] {subprocess.py:93} INFO - 		HDFS: Number of large read operations=0
[2025-02-27T20:58:02.736+0000] {subprocess.py:93} INFO - 		HDFS: Number of write operations=1
[2025-02-27T20:58:02.736+0000] {subprocess.py:93} INFO - 		HDFS: Number of bytes read erasure-coded=0
[2025-02-27T20:58:02.737+0000] {subprocess.py:93} INFO - 	Map-Reduce Framework
[2025-02-27T20:58:02.737+0000] {subprocess.py:93} INFO - 		Map input records=1
[2025-02-27T20:58:02.737+0000] {subprocess.py:93} INFO - 		Map output records=100
[2025-02-27T20:58:02.737+0000] {subprocess.py:93} INFO - 		Map output bytes=4819
[2025-02-27T20:58:02.737+0000] {subprocess.py:93} INFO - 		Map output materialized bytes=5025
[2025-02-27T20:58:02.738+0000] {subprocess.py:93} INFO - 		Input split bytes=138
[2025-02-27T20:58:02.738+0000] {subprocess.py:93} INFO - 		Combine input records=0
[2025-02-27T20:58:02.738+0000] {subprocess.py:93} INFO - 		Spilled Records=100
[2025-02-27T20:58:02.738+0000] {subprocess.py:93} INFO - 		Failed Shuffles=0
[2025-02-27T20:58:02.738+0000] {subprocess.py:93} INFO - 		Merged Map outputs=0
[2025-02-27T20:58:02.739+0000] {subprocess.py:93} INFO - 		GC time elapsed (ms)=0
[2025-02-27T20:58:02.739+0000] {subprocess.py:93} INFO - 		Total committed heap usage (bytes)=271581184
[2025-02-27T20:58:02.739+0000] {subprocess.py:93} INFO - 	File Input Format Counters
[2025-02-27T20:58:02.739+0000] {subprocess.py:93} INFO - 		Bytes Read=85211
[2025-02-27T20:58:02.740+0000] {subprocess.py:93} INFO - 2025-02-27 20:58:02,730 INFO mapred.LocalJobRunner: Finishing task: attempt_local1039533093_0001_m_000000_0
[2025-02-27T20:58:02.740+0000] {subprocess.py:93} INFO - 2025-02-27 20:58:02,731 INFO mapred.LocalJobRunner: map task executor complete.
[2025-02-27T20:58:02.740+0000] {subprocess.py:93} INFO - 2025-02-27 20:58:02,734 INFO mapred.LocalJobRunner: Waiting for reduce tasks
[2025-02-27T20:58:02.741+0000] {subprocess.py:93} INFO - 2025-02-27 20:58:02,735 INFO mapred.LocalJobRunner: Starting task: attempt_local1039533093_0001_r_000000_0
[2025-02-27T20:58:02.743+0000] {subprocess.py:93} INFO - 2025-02-27 20:58:02,743 INFO output.FileOutputCommitter: File Output Committer Algorithm version is 2
[2025-02-27T20:58:02.744+0000] {subprocess.py:93} INFO - 2025-02-27 20:58:02,743 INFO output.FileOutputCommitter: FileOutputCommitter skip cleanup _temporary folders under output directory:false, ignore cleanup failures: false
[2025-02-27T20:58:02.745+0000] {subprocess.py:93} INFO - 2025-02-27 20:58:02,743 INFO mapred.Task:  Using ResourceCalculatorProcessTree : [ ]
[2025-02-27T20:58:02.747+0000] {subprocess.py:93} INFO - 2025-02-27 20:58:02,747 INFO mapred.ReduceTask: Using ShuffleConsumerPlugin: org.apache.hadoop.mapreduce.task.reduce.Shuffle@542d8dd4
[2025-02-27T20:58:02.749+0000] {subprocess.py:93} INFO - 2025-02-27 20:58:02,749 WARN impl.MetricsSystemImpl: JobTracker metrics system already initialized!
[2025-02-27T20:58:02.764+0000] {subprocess.py:93} INFO - 2025-02-27 20:58:02,763 INFO reduce.MergeManagerImpl: MergerManager: memoryLimit=614727680, maxSingleShuffleLimit=153681920, mergeThreshold=405720288, ioSortFactor=10, memToMemMergeOutputsThreshold=10
[2025-02-27T20:58:02.766+0000] {subprocess.py:93} INFO - 2025-02-27 20:58:02,765 INFO reduce.EventFetcher: attempt_local1039533093_0001_r_000000_0 Thread started: EventFetcher for fetching Map Completion Events
[2025-02-27T20:58:02.796+0000] {subprocess.py:93} INFO - 2025-02-27 20:58:02,794 INFO reduce.LocalFetcher: localfetcher#1 about to shuffle output of map attempt_local1039533093_0001_m_000000_0 decomp: 5021 len: 5025 to MEMORY
[2025-02-27T20:58:02.799+0000] {subprocess.py:93} INFO - 2025-02-27 20:58:02,798 INFO reduce.InMemoryMapOutput: Read 5021 bytes from map-output for attempt_local1039533093_0001_m_000000_0
[2025-02-27T20:58:02.801+0000] {subprocess.py:93} INFO - 2025-02-27 20:58:02,800 INFO reduce.MergeManagerImpl: closeInMemoryFile -> map-output of size: 5021, inMemoryMapOutputs.size() -> 1, commitMemory -> 0, usedMemory ->5021
[2025-02-27T20:58:02.802+0000] {subprocess.py:93} INFO - 2025-02-27 20:58:02,802 INFO reduce.EventFetcher: EventFetcher is interrupted.. Returning
[2025-02-27T20:58:02.805+0000] {subprocess.py:93} INFO - 2025-02-27 20:58:02,803 INFO mapred.LocalJobRunner: 1 / 1 copied.
[2025-02-27T20:58:02.807+0000] {subprocess.py:93} INFO - 2025-02-27 20:58:02,803 INFO reduce.MergeManagerImpl: finalMerge called with 1 in-memory map-outputs and 0 on-disk map-outputs
[2025-02-27T20:58:02.821+0000] {subprocess.py:93} INFO - 2025-02-27 20:58:02,819 INFO mapred.Merger: Merging 1 sorted segments
[2025-02-27T20:58:02.822+0000] {subprocess.py:93} INFO - 2025-02-27 20:58:02,819 INFO mapred.Merger: Down to the last merge-pass, with 1 segments left of total size: 5014 bytes
[2025-02-27T20:58:02.824+0000] {subprocess.py:93} INFO - 2025-02-27 20:58:02,823 INFO reduce.MergeManagerImpl: Merged 1 segments, 5021 bytes to disk to satisfy reduce memory limit
[2025-02-27T20:58:02.828+0000] {subprocess.py:93} INFO - 2025-02-27 20:58:02,827 INFO reduce.MergeManagerImpl: Merging 1 files, 5025 bytes from disk
[2025-02-27T20:58:02.829+0000] {subprocess.py:93} INFO - 2025-02-27 20:58:02,828 INFO reduce.MergeManagerImpl: Merging 0 segments, 0 bytes from memory into reduce
[2025-02-27T20:58:02.830+0000] {subprocess.py:93} INFO - 2025-02-27 20:58:02,828 INFO mapred.Merger: Merging 1 sorted segments
[2025-02-27T20:58:02.831+0000] {subprocess.py:93} INFO - 2025-02-27 20:58:02,830 INFO mapred.Merger: Down to the last merge-pass, with 1 segments left of total size: 5014 bytes
[2025-02-27T20:58:02.832+0000] {subprocess.py:93} INFO - 2025-02-27 20:58:02,831 INFO mapred.LocalJobRunner: 1 / 1 copied.
[2025-02-27T20:58:02.837+0000] {subprocess.py:93} INFO - 2025-02-27 20:58:02,835 INFO streaming.PipeMapRed: PipeMapRed exec [/usr/bin/python3, /tmp/reducer.py]
[2025-02-27T20:58:02.838+0000] {subprocess.py:93} INFO - 2025-02-27 20:58:02,838 INFO Configuration.deprecation: mapred.job.tracker is deprecated. Instead, use mapreduce.jobtracker.address
[2025-02-27T20:58:02.840+0000] {subprocess.py:93} INFO - 2025-02-27 20:58:02,838 INFO Configuration.deprecation: mapred.map.tasks is deprecated. Instead, use mapreduce.job.maps
[2025-02-27T20:58:02.874+0000] {subprocess.py:93} INFO - 2025-02-27 20:58:02,873 INFO streaming.PipeMapRed: R/W/S=1/0/0 in:NA [rec/s] out:NA [rec/s]
[2025-02-27T20:58:02.876+0000] {subprocess.py:93} INFO - 2025-02-27 20:58:02,873 INFO streaming.PipeMapRed: R/W/S=10/0/0 in:NA [rec/s] out:NA [rec/s]
[2025-02-27T20:58:02.878+0000] {subprocess.py:93} INFO - 2025-02-27 20:58:02,876 INFO streaming.PipeMapRed: R/W/S=100/0/0 in:NA [rec/s] out:NA [rec/s]
[2025-02-27T20:58:02.880+0000] {subprocess.py:93} INFO - 2025-02-27 20:58:02,879 INFO streaming.PipeMapRed: Records R/W=100/1
[2025-02-27T20:58:02.884+0000] {subprocess.py:93} INFO - 2025-02-27 20:58:02,883 INFO streaming.PipeMapRed: MRErrorThread done
[2025-02-27T20:58:02.885+0000] {subprocess.py:93} INFO - 2025-02-27 20:58:02,883 INFO streaming.PipeMapRed: mapRedFinished
[2025-02-27T20:58:02.903+0000] {subprocess.py:93} INFO - 2025-02-27 20:58:02,902 INFO sasl.SaslDataTransferClient: SASL encryption trust check: localHostTrusted = false, remoteHostTrusted = false
[2025-02-27T20:58:02.926+0000] {subprocess.py:93} INFO - 2025-02-27 20:58:02,924 INFO mapred.Task: Task:attempt_local1039533093_0001_r_000000_0 is done. And is in the process of committing
[2025-02-27T20:58:02.929+0000] {subprocess.py:93} INFO - 2025-02-27 20:58:02,927 INFO mapred.LocalJobRunner: 1 / 1 copied.
[2025-02-27T20:58:02.932+0000] {subprocess.py:93} INFO - 2025-02-27 20:58:02,927 INFO mapred.Task: Task attempt_local1039533093_0001_r_000000_0 is allowed to commit now
[2025-02-27T20:58:02.947+0000] {subprocess.py:93} INFO - 2025-02-27 20:58:02,946 INFO output.FileOutputCommitter: Saved output of task 'attempt_local1039533093_0001_r_000000_0' to hdfs://namenode:9000/user/etudiant/crypto/processed/YYYY=2025/MM=02/DD=27
[2025-02-27T20:58:02.948+0000] {subprocess.py:93} INFO - 2025-02-27 20:58:02,947 INFO mapred.LocalJobRunner: Records R/W=100/1 > reduce
[2025-02-27T20:58:02.949+0000] {subprocess.py:93} INFO - 2025-02-27 20:58:02,947 INFO mapred.Task: Task 'attempt_local1039533093_0001_r_000000_0' done.
[2025-02-27T20:58:02.951+0000] {subprocess.py:93} INFO - 2025-02-27 20:58:02,950 INFO mapred.Task: Final Counters for attempt_local1039533093_0001_r_000000_0: Counters: 30
[2025-02-27T20:58:02.952+0000] {subprocess.py:93} INFO - 	File System Counters
[2025-02-27T20:58:02.954+0000] {subprocess.py:93} INFO - 		FILE: Number of bytes read=186876
[2025-02-27T20:58:02.955+0000] {subprocess.py:93} INFO - 		FILE: Number of bytes written=716001
[2025-02-27T20:58:02.956+0000] {subprocess.py:93} INFO - 		FILE: Number of read operations=0
[2025-02-27T20:58:02.956+0000] {subprocess.py:93} INFO - 		FILE: Number of large read operations=0
[2025-02-27T20:58:02.957+0000] {subprocess.py:93} INFO - 		FILE: Number of write operations=0
[2025-02-27T20:58:02.957+0000] {subprocess.py:93} INFO - 		HDFS: Number of bytes read=85211
[2025-02-27T20:58:02.958+0000] {subprocess.py:93} INFO - 		HDFS: Number of bytes written=5069
[2025-02-27T20:58:02.959+0000] {subprocess.py:93} INFO - 		HDFS: Number of read operations=10
[2025-02-27T20:58:02.959+0000] {subprocess.py:93} INFO - 		HDFS: Number of large read operations=0
[2025-02-27T20:58:02.959+0000] {subprocess.py:93} INFO - 		HDFS: Number of write operations=3
[2025-02-27T20:58:02.960+0000] {subprocess.py:93} INFO - 		HDFS: Number of bytes read erasure-coded=0
[2025-02-27T20:58:02.963+0000] {subprocess.py:93} INFO - 	Map-Reduce Framework
[2025-02-27T20:58:02.965+0000] {subprocess.py:93} INFO - 		Combine input records=0
[2025-02-27T20:58:02.968+0000] {subprocess.py:93} INFO - 		Combine output records=0
[2025-02-27T20:58:02.972+0000] {subprocess.py:93} INFO - 		Reduce input groups=100
[2025-02-27T20:58:02.974+0000] {subprocess.py:93} INFO - 		Reduce shuffle bytes=5025
[2025-02-27T20:58:02.975+0000] {subprocess.py:93} INFO - 		Reduce input records=100
[2025-02-27T20:58:02.976+0000] {subprocess.py:93} INFO - 		Reduce output records=100
[2025-02-27T20:58:02.977+0000] {subprocess.py:93} INFO - 		Spilled Records=100
[2025-02-27T20:58:02.977+0000] {subprocess.py:93} INFO - 		Shuffled Maps =1
[2025-02-27T20:58:02.979+0000] {subprocess.py:93} INFO - 		Failed Shuffles=0
[2025-02-27T20:58:02.983+0000] {subprocess.py:93} INFO - 		Merged Map outputs=1
[2025-02-27T20:58:02.984+0000] {subprocess.py:93} INFO - 		GC time elapsed (ms)=8
[2025-02-27T20:58:02.986+0000] {subprocess.py:93} INFO - 		Total committed heap usage (bytes)=272629760
[2025-02-27T20:58:02.986+0000] {subprocess.py:93} INFO - 	Shuffle Errors
[2025-02-27T20:58:02.987+0000] {subprocess.py:93} INFO - 		BAD_ID=0
[2025-02-27T20:58:02.987+0000] {subprocess.py:93} INFO - 		CONNECTION=0
[2025-02-27T20:58:02.987+0000] {subprocess.py:93} INFO - 		IO_ERROR=0
[2025-02-27T20:58:02.988+0000] {subprocess.py:93} INFO - 		WRONG_LENGTH=0
[2025-02-27T20:58:02.989+0000] {subprocess.py:93} INFO - 		WRONG_MAP=0
[2025-02-27T20:58:02.991+0000] {subprocess.py:93} INFO - 		WRONG_REDUCE=0
[2025-02-27T20:58:02.992+0000] {subprocess.py:93} INFO - 	File Output Format Counters
[2025-02-27T20:58:02.993+0000] {subprocess.py:93} INFO - 		Bytes Written=5069
[2025-02-27T20:58:02.993+0000] {subprocess.py:93} INFO - 2025-02-27 20:58:02,950 INFO mapred.LocalJobRunner: Finishing task: attempt_local1039533093_0001_r_000000_0
[2025-02-27T20:58:02.994+0000] {subprocess.py:93} INFO - 2025-02-27 20:58:02,950 INFO mapred.LocalJobRunner: reduce task executor complete.
[2025-02-27T20:58:03.387+0000] {subprocess.py:93} INFO - 2025-02-27 20:58:03,386 INFO mapreduce.Job: Job job_local1039533093_0001 running in uber mode : false
[2025-02-27T20:58:03.389+0000] {subprocess.py:93} INFO - 2025-02-27 20:58:03,387 INFO mapreduce.Job:  map 100% reduce 100%
[2025-02-27T20:58:03.390+0000] {subprocess.py:93} INFO - 2025-02-27 20:58:03,389 INFO mapreduce.Job: Job job_local1039533093_0001 completed successfully
[2025-02-27T20:58:03.399+0000] {subprocess.py:93} INFO - 2025-02-27 20:58:03,397 INFO mapreduce.Job: Counters: 36
[2025-02-27T20:58:03.400+0000] {subprocess.py:93} INFO - 	File System Counters
[2025-02-27T20:58:03.401+0000] {subprocess.py:93} INFO - 		FILE: Number of bytes read=363670
[2025-02-27T20:58:03.402+0000] {subprocess.py:93} INFO - 		FILE: Number of bytes written=1426977
[2025-02-27T20:58:03.402+0000] {subprocess.py:93} INFO - 		FILE: Number of read operations=0
[2025-02-27T20:58:03.402+0000] {subprocess.py:93} INFO - 		FILE: Number of large read operations=0
[2025-02-27T20:58:03.403+0000] {subprocess.py:93} INFO - 		FILE: Number of write operations=0
[2025-02-27T20:58:03.403+0000] {subprocess.py:93} INFO - 		HDFS: Number of bytes read=170422
[2025-02-27T20:58:03.403+0000] {subprocess.py:93} INFO - 		HDFS: Number of bytes written=5069
[2025-02-27T20:58:03.404+0000] {subprocess.py:93} INFO - 		HDFS: Number of read operations=15
[2025-02-27T20:58:03.404+0000] {subprocess.py:93} INFO - 		HDFS: Number of large read operations=0
[2025-02-27T20:58:03.404+0000] {subprocess.py:93} INFO - 		HDFS: Number of write operations=4
[2025-02-27T20:58:03.405+0000] {subprocess.py:93} INFO - 		HDFS: Number of bytes read erasure-coded=0
[2025-02-27T20:58:03.405+0000] {subprocess.py:93} INFO - 	Map-Reduce Framework
[2025-02-27T20:58:03.405+0000] {subprocess.py:93} INFO - 		Map input records=1
[2025-02-27T20:58:03.406+0000] {subprocess.py:93} INFO - 		Map output records=100
[2025-02-27T20:58:03.407+0000] {subprocess.py:93} INFO - 		Map output bytes=4819
[2025-02-27T20:58:03.408+0000] {subprocess.py:93} INFO - 		Map output materialized bytes=5025
[2025-02-27T20:58:03.408+0000] {subprocess.py:93} INFO - 		Input split bytes=138
[2025-02-27T20:58:03.408+0000] {subprocess.py:93} INFO - 		Combine input records=0
[2025-02-27T20:58:03.409+0000] {subprocess.py:93} INFO - 		Combine output records=0
[2025-02-27T20:58:03.409+0000] {subprocess.py:93} INFO - 		Reduce input groups=100
[2025-02-27T20:58:03.409+0000] {subprocess.py:93} INFO - 		Reduce shuffle bytes=5025
[2025-02-27T20:58:03.410+0000] {subprocess.py:93} INFO - 		Reduce input records=100
[2025-02-27T20:58:03.410+0000] {subprocess.py:93} INFO - 		Reduce output records=100
[2025-02-27T20:58:03.410+0000] {subprocess.py:93} INFO - 		Spilled Records=200
[2025-02-27T20:58:03.410+0000] {subprocess.py:93} INFO - 		Shuffled Maps =1
[2025-02-27T20:58:03.411+0000] {subprocess.py:93} INFO - 		Failed Shuffles=0
[2025-02-27T20:58:03.411+0000] {subprocess.py:93} INFO - 		Merged Map outputs=1
[2025-02-27T20:58:03.411+0000] {subprocess.py:93} INFO - 		GC time elapsed (ms)=8
[2025-02-27T20:58:03.412+0000] {subprocess.py:93} INFO - 		Total committed heap usage (bytes)=544210944
[2025-02-27T20:58:03.412+0000] {subprocess.py:93} INFO - 	Shuffle Errors
[2025-02-27T20:58:03.413+0000] {subprocess.py:93} INFO - 		BAD_ID=0
[2025-02-27T20:58:03.413+0000] {subprocess.py:93} INFO - 		CONNECTION=0
[2025-02-27T20:58:03.414+0000] {subprocess.py:93} INFO - 		IO_ERROR=0
[2025-02-27T20:58:03.415+0000] {subprocess.py:93} INFO - 		WRONG_LENGTH=0
[2025-02-27T20:58:03.415+0000] {subprocess.py:93} INFO - 		WRONG_MAP=0
[2025-02-27T20:58:03.416+0000] {subprocess.py:93} INFO - 		WRONG_REDUCE=0
[2025-02-27T20:58:03.416+0000] {subprocess.py:93} INFO - 	File Input Format Counters
[2025-02-27T20:58:03.418+0000] {subprocess.py:93} INFO - 		Bytes Read=85211
[2025-02-27T20:58:03.419+0000] {subprocess.py:93} INFO - 	File Output Format Counters
[2025-02-27T20:58:03.419+0000] {subprocess.py:93} INFO - 		Bytes Written=5069
[2025-02-27T20:58:03.419+0000] {subprocess.py:93} INFO - 2025-02-27 20:58:03,397 INFO streaming.StreamJob: Output directory: /user/etudiant/crypto/processed/YYYY=2025/MM=02/DD=27
[2025-02-27T20:58:05.604+0000] {subprocess.py:97} INFO - Command exited with return code 0
[2025-02-27T20:58:05.624+0000] {taskinstance.py:1400} INFO - Marking task as SUCCESS. dag_id=coingecko_ingestion_dag, task_id=run_mapreduce_job, execution_date=20250227T205745, start_date=20250227T205755, end_date=20250227T205805
[2025-02-27T20:58:05.651+0000] {local_task_job_runner.py:228} INFO - Task exited with return code 0
[2025-02-27T20:58:05.668+0000] {taskinstance.py:2784} INFO - 1 downstream tasks scheduled from follow-on schedule check
