[2025-02-24T17:30:48.843+0000] {taskinstance.py:1159} INFO - Dependencies all met for dep_context=non-requeueable deps ti=<TaskInstance: coingecko_ingestion_dag.fetch_data scheduled__2025-02-18T00:00:00+00:00 [queued]>
[2025-02-24T17:30:48.874+0000] {taskinstance.py:1159} INFO - Dependencies all met for dep_context=requeueable deps ti=<TaskInstance: coingecko_ingestion_dag.fetch_data scheduled__2025-02-18T00:00:00+00:00 [queued]>
[2025-02-24T17:30:48.879+0000] {taskinstance.py:1361} INFO - Starting attempt 1 of 2
[2025-02-24T17:30:48.957+0000] {taskinstance.py:1382} INFO - Executing <Task(PythonOperator): fetch_data> on 2025-02-18 00:00:00+00:00
[2025-02-24T17:30:48.992+0000] {standard_task_runner.py:57} INFO - Started process 1061 to run task
[2025-02-24T17:30:49.015+0000] {standard_task_runner.py:84} INFO - Running: ['***', 'tasks', 'run', 'coingecko_ingestion_dag', 'fetch_data', 'scheduled__2025-02-18T00:00:00+00:00', '--job-id', '146', '--raw', '--subdir', 'DAGS_FOLDER/pipeline.py', '--cfg-path', '/tmp/tmpnzji73db']
[2025-02-24T17:30:49.042+0000] {standard_task_runner.py:85} INFO - Job 146: Subtask fetch_data
[2025-02-24T17:30:49.334+0000] {task_command.py:415} INFO - Running <TaskInstance: coingecko_ingestion_dag.fetch_data scheduled__2025-02-18T00:00:00+00:00 [running]> on host 85b967fd3989
[2025-02-24T17:30:49.959+0000] {taskinstance.py:1660} INFO - Exporting env vars: AIRFLOW_CTX_DAG_OWNER='etudiant' AIRFLOW_CTX_DAG_ID='coingecko_ingestion_dag' AIRFLOW_CTX_TASK_ID='fetch_data' AIRFLOW_CTX_EXECUTION_DATE='2025-02-18T00:00:00+00:00' AIRFLOW_CTX_TRY_NUMBER='1' AIRFLOW_CTX_DAG_RUN_ID='scheduled__2025-02-18T00:00:00+00:00'
[2025-02-24T17:30:50.940+0000] {python.py:194} INFO - Done. Returned value was: None
[2025-02-24T17:30:50.994+0000] {taskinstance.py:1400} INFO - Marking task as SUCCESS. dag_id=coingecko_ingestion_dag, task_id=fetch_data, execution_date=20250218T000000, start_date=20250224T173048, end_date=20250224T173050
[2025-02-24T17:30:51.088+0000] {local_task_job_runner.py:228} INFO - Task exited with return code 0
[2025-02-24T17:30:51.140+0000] {taskinstance.py:2784} INFO - 1 downstream tasks scheduled from follow-on schedule check
[2025-02-25T16:04:19.023+0000] {taskinstance.py:1159} INFO - Dependencies all met for dep_context=non-requeueable deps ti=<TaskInstance: coingecko_ingestion_dag.fetch_data scheduled__2025-02-18T00:00:00+00:00 [queued]>
[2025-02-25T16:04:19.032+0000] {taskinstance.py:1159} INFO - Dependencies all met for dep_context=requeueable deps ti=<TaskInstance: coingecko_ingestion_dag.fetch_data scheduled__2025-02-18T00:00:00+00:00 [queued]>
[2025-02-25T16:04:19.032+0000] {taskinstance.py:1361} INFO - Starting attempt 1 of 2
[2025-02-25T16:04:19.043+0000] {taskinstance.py:1382} INFO - Executing <Task(PythonOperator): fetch_data> on 2025-02-18 00:00:00+00:00
[2025-02-25T16:04:19.051+0000] {standard_task_runner.py:57} INFO - Started process 613 to run task
[2025-02-25T16:04:19.055+0000] {standard_task_runner.py:84} INFO - Running: ['***', 'tasks', 'run', 'coingecko_ingestion_dag', 'fetch_data', 'scheduled__2025-02-18T00:00:00+00:00', '--job-id', '135', '--raw', '--subdir', 'DAGS_FOLDER/pipeline.py', '--cfg-path', '/tmp/tmp1hvo6oa6']
[2025-02-25T16:04:19.059+0000] {standard_task_runner.py:85} INFO - Job 135: Subtask fetch_data
[2025-02-25T16:04:19.108+0000] {task_command.py:415} INFO - Running <TaskInstance: coingecko_ingestion_dag.fetch_data scheduled__2025-02-18T00:00:00+00:00 [running]> on host af9744bbb9eb
[2025-02-25T16:04:19.181+0000] {taskinstance.py:1660} INFO - Exporting env vars: AIRFLOW_CTX_DAG_OWNER='etudiant' AIRFLOW_CTX_DAG_ID='coingecko_ingestion_dag' AIRFLOW_CTX_TASK_ID='fetch_data' AIRFLOW_CTX_EXECUTION_DATE='2025-02-18T00:00:00+00:00' AIRFLOW_CTX_TRY_NUMBER='1' AIRFLOW_CTX_DAG_RUN_ID='scheduled__2025-02-18T00:00:00+00:00'
[2025-02-25T16:04:19.358+0000] {python.py:194} INFO - Done. Returned value was: None
[2025-02-25T16:04:19.366+0000] {taskinstance.py:1400} INFO - Marking task as SUCCESS. dag_id=coingecko_ingestion_dag, task_id=fetch_data, execution_date=20250218T000000, start_date=20250225T160419, end_date=20250225T160419
[2025-02-25T16:04:19.398+0000] {local_task_job_runner.py:228} INFO - Task exited with return code 0
[2025-02-25T16:04:19.414+0000] {taskinstance.py:2784} INFO - 1 downstream tasks scheduled from follow-on schedule check
