[2025-02-27T22:19:15.804+0000] {taskinstance.py:1149} INFO - Dependencies not met for <TaskInstance: coingecko_ingestion_dag.load_to_hbase manual__2025-02-27T21:11:50.117144+00:00 [up_for_retry]>, dependency 'Not In Retry Period' FAILED: Task is not ready for retry yet but will be retried automatically. Current date is 2025-02-27T22:19:15.803893+00:00 and task will be retried at 2025-02-27T22:24:10.173570+00:00.
[2025-02-27T22:19:15.810+0000] {local_task_job_runner.py:154} INFO - Task is not able to be run
[2025-02-28T10:10:58.873+0000] {taskinstance.py:1159} INFO - Dependencies all met for dep_context=non-requeueable deps ti=<TaskInstance: coingecko_ingestion_dag.load_to_hbase manual__2025-02-27T21:11:50.117144+00:00 [queued]>
[2025-02-28T10:10:58.896+0000] {taskinstance.py:1159} INFO - Dependencies all met for dep_context=requeueable deps ti=<TaskInstance: coingecko_ingestion_dag.load_to_hbase manual__2025-02-27T21:11:50.117144+00:00 [queued]>
[2025-02-28T10:10:58.898+0000] {taskinstance.py:1361} INFO - Starting attempt 3 of 4
[2025-02-28T10:10:58.927+0000] {taskinstance.py:1382} INFO - Executing <Task(PythonOperator): load_to_hbase> on 2025-02-27 21:11:50.117144+00:00
[2025-02-28T10:10:58.937+0000] {standard_task_runner.py:84} INFO - Running: ['***', 'tasks', 'run', 'coingecko_ingestion_dag', 'load_to_hbase', 'manual__2025-02-27T21:11:50.117144+00:00', '--job-id', '539', '--raw', '--subdir', 'DAGS_FOLDER/pipeline.py', '--cfg-path', '/tmp/tmpclvasjwo']
[2025-02-28T10:10:58.941+0000] {standard_task_runner.py:85} INFO - Job 539: Subtask load_to_hbase
[2025-02-28T10:10:58.933+0000] {standard_task_runner.py:57} INFO - Started process 177 to run task
[2025-02-28T10:10:59.029+0000] {task_command.py:415} INFO - Running <TaskInstance: coingecko_ingestion_dag.load_to_hbase manual__2025-02-27T21:11:50.117144+00:00 [running]> on host b86b19d2f863
[2025-02-28T10:10:59.157+0000] {taskinstance.py:1660} INFO - Exporting env vars: AIRFLOW_CTX_DAG_OWNER='etudiant' AIRFLOW_CTX_DAG_ID='coingecko_ingestion_dag' AIRFLOW_CTX_TASK_ID='load_to_hbase' AIRFLOW_CTX_EXECUTION_DATE='2025-02-27T21:11:50.117144+00:00' AIRFLOW_CTX_TRY_NUMBER='3' AIRFLOW_CTX_DAG_RUN_ID='manual__2025-02-27T21:11:50.117144+00:00'
[2025-02-28T10:11:03.784+0000] {taskinstance.py:1943} ERROR - Task failed with exception
Traceback (most recent call last):
  File "/home/airflow/.local/lib/python3.8/site-packages/airflow/operators/python.py", line 192, in execute
    return_value = self.execute_callable()
  File "/home/airflow/.local/lib/python3.8/site-packages/airflow/operators/python.py", line 209, in execute_callable
    return self.python_callable(*self.op_args, **self.op_kwargs)
  File "/opt/airflow/dags/pipeline.py", line 59, in load_to_hbase
    raise Exception(f"Failed to get file from HDFS: {result.stderr}")
Exception: Failed to get file from HDFS: 2025-02-28 10:11:02,656 INFO sasl.SaslDataTransferClient: SASL encryption trust check: localHostTrusted = false, remoteHostTrusted = false
get: delete `/tmp/crypto_agg.csv': Input/output error

[2025-02-28T10:11:03.807+0000] {taskinstance.py:1400} INFO - Marking task as UP_FOR_RETRY. dag_id=coingecko_ingestion_dag, task_id=load_to_hbase, execution_date=20250227T211150, start_date=20250228T101058, end_date=20250228T101103
[2025-02-28T10:11:03.854+0000] {standard_task_runner.py:104} ERROR - Failed to execute job 539 for task load_to_hbase (Failed to get file from HDFS: 2025-02-28 10:11:02,656 INFO sasl.SaslDataTransferClient: SASL encryption trust check: localHostTrusted = false, remoteHostTrusted = false
get: delete `/tmp/crypto_agg.csv': Input/output error
; 177)
[2025-02-28T10:11:03.882+0000] {local_task_job_runner.py:228} INFO - Task exited with return code 1
[2025-02-28T10:11:03.927+0000] {taskinstance.py:2784} INFO - 0 downstream tasks scheduled from follow-on schedule check
