[2025-02-24T17:15:04.592+0000] {taskinstance.py:1159} INFO - Dependencies all met for dep_context=non-requeueable deps ti=<TaskInstance: coingecko_ingestion_dag.fetch_data scheduled__2025-01-13T00:00:00+00:00 [queued]>
[2025-02-24T17:15:04.620+0000] {taskinstance.py:1159} INFO - Dependencies all met for dep_context=requeueable deps ti=<TaskInstance: coingecko_ingestion_dag.fetch_data scheduled__2025-01-13T00:00:00+00:00 [queued]>
[2025-02-24T17:15:04.621+0000] {taskinstance.py:1361} INFO - Starting attempt 1 of 2
[2025-02-24T17:15:04.664+0000] {taskinstance.py:1382} INFO - Executing <Task(PythonOperator): fetch_data> on 2025-01-13 00:00:00+00:00
[2025-02-24T17:15:04.674+0000] {standard_task_runner.py:57} INFO - Started process 484 to run task
[2025-02-24T17:15:04.680+0000] {standard_task_runner.py:84} INFO - Running: ['***', 'tasks', 'run', 'coingecko_ingestion_dag', 'fetch_data', 'scheduled__2025-01-13T00:00:00+00:00', '--job-id', '15', '--raw', '--subdir', 'DAGS_FOLDER/pipeline.py', '--cfg-path', '/tmp/tmpxpb0c2jz']
[2025-02-24T17:15:04.689+0000] {standard_task_runner.py:85} INFO - Job 15: Subtask fetch_data
[2025-02-24T17:15:04.822+0000] {task_command.py:415} INFO - Running <TaskInstance: coingecko_ingestion_dag.fetch_data scheduled__2025-01-13T00:00:00+00:00 [running]> on host 85b967fd3989
[2025-02-24T17:15:04.964+0000] {taskinstance.py:1660} INFO - Exporting env vars: AIRFLOW_CTX_DAG_OWNER='etudiant' AIRFLOW_CTX_DAG_ID='coingecko_ingestion_dag' AIRFLOW_CTX_TASK_ID='fetch_data' AIRFLOW_CTX_EXECUTION_DATE='2025-01-13T00:00:00+00:00' AIRFLOW_CTX_TRY_NUMBER='1' AIRFLOW_CTX_DAG_RUN_ID='scheduled__2025-01-13T00:00:00+00:00'
[2025-02-24T17:15:05.205+0000] {python.py:194} INFO - Done. Returned value was: None
[2025-02-24T17:15:05.231+0000] {taskinstance.py:1400} INFO - Marking task as SUCCESS. dag_id=coingecko_ingestion_dag, task_id=fetch_data, execution_date=20250113T000000, start_date=20250224T171504, end_date=20250224T171505
[2025-02-24T17:15:05.576+0000] {local_task_job_runner.py:228} INFO - Task exited with return code 0
[2025-02-24T17:15:05.651+0000] {taskinstance.py:2784} INFO - 1 downstream tasks scheduled from follow-on schedule check
[2025-02-25T15:47:42.169+0000] {taskinstance.py:1159} INFO - Dependencies all met for dep_context=non-requeueable deps ti=<TaskInstance: coingecko_ingestion_dag.fetch_data scheduled__2025-01-13T00:00:00+00:00 [queued]>
[2025-02-25T15:47:42.212+0000] {taskinstance.py:1159} INFO - Dependencies all met for dep_context=requeueable deps ti=<TaskInstance: coingecko_ingestion_dag.fetch_data scheduled__2025-01-13T00:00:00+00:00 [queued]>
[2025-02-25T15:47:42.212+0000] {taskinstance.py:1361} INFO - Starting attempt 1 of 2
[2025-02-25T15:47:42.577+0000] {taskinstance.py:1382} INFO - Executing <Task(PythonOperator): fetch_data> on 2025-01-13 00:00:00+00:00
[2025-02-25T15:47:42.602+0000] {standard_task_runner.py:57} INFO - Started process 216 to run task
[2025-02-25T15:47:42.621+0000] {standard_task_runner.py:84} INFO - Running: ['***', 'tasks', 'run', 'coingecko_ingestion_dag', 'fetch_data', 'scheduled__2025-01-13T00:00:00+00:00', '--job-id', '15', '--raw', '--subdir', 'DAGS_FOLDER/pipeline.py', '--cfg-path', '/tmp/tmpav162ckl']
[2025-02-25T15:47:42.644+0000] {standard_task_runner.py:85} INFO - Job 15: Subtask fetch_data
[2025-02-25T15:47:42.956+0000] {task_command.py:415} INFO - Running <TaskInstance: coingecko_ingestion_dag.fetch_data scheduled__2025-01-13T00:00:00+00:00 [running]> on host af9744bbb9eb
[2025-02-25T15:47:43.527+0000] {taskinstance.py:1660} INFO - Exporting env vars: AIRFLOW_CTX_DAG_OWNER='etudiant' AIRFLOW_CTX_DAG_ID='coingecko_ingestion_dag' AIRFLOW_CTX_TASK_ID='fetch_data' AIRFLOW_CTX_EXECUTION_DATE='2025-01-13T00:00:00+00:00' AIRFLOW_CTX_TRY_NUMBER='1' AIRFLOW_CTX_DAG_RUN_ID='scheduled__2025-01-13T00:00:00+00:00'
[2025-02-25T15:47:43.897+0000] {python.py:194} INFO - Done. Returned value was: None
[2025-02-25T15:47:43.957+0000] {taskinstance.py:1400} INFO - Marking task as SUCCESS. dag_id=coingecko_ingestion_dag, task_id=fetch_data, execution_date=20250113T000000, start_date=20250225T154742, end_date=20250225T154743
[2025-02-25T15:47:44.446+0000] {local_task_job_runner.py:228} INFO - Task exited with return code 0
[2025-02-25T15:47:44.543+0000] {taskinstance.py:2784} INFO - 1 downstream tasks scheduled from follow-on schedule check
