[2025-02-28T15:05:19.746+0000] {taskinstance.py:1159} INFO - Dependencies all met for dep_context=non-requeueable deps ti=<TaskInstance: coingecko_ingestion_dag.load_to_hbase manual__2025-02-28T00:00:00+00:00 [queued]>
[2025-02-28T15:05:19.754+0000] {taskinstance.py:1159} INFO - Dependencies all met for dep_context=requeueable deps ti=<TaskInstance: coingecko_ingestion_dag.load_to_hbase manual__2025-02-28T00:00:00+00:00 [queued]>
[2025-02-28T15:05:19.755+0000] {taskinstance.py:1361} INFO - Starting attempt 1 of 4
[2025-02-28T15:05:19.765+0000] {taskinstance.py:1382} INFO - Executing <Task(PythonOperator): load_to_hbase> on 2025-02-28 00:00:00+00:00
[2025-02-28T15:05:19.769+0000] {standard_task_runner.py:57} INFO - Started process 677 to run task
[2025-02-28T15:05:19.772+0000] {standard_task_runner.py:84} INFO - Running: ['***', 'tasks', 'run', 'coingecko_ingestion_dag', 'load_to_hbase', 'manual__2025-02-28T00:00:00+00:00', '--job-id', '629', '--raw', '--subdir', 'DAGS_FOLDER/pipeline.py', '--cfg-path', '/tmp/tmpitw7gqp_']
[2025-02-28T15:05:19.774+0000] {standard_task_runner.py:85} INFO - Job 629: Subtask load_to_hbase
[2025-02-28T15:05:19.810+0000] {task_command.py:415} INFO - Running <TaskInstance: coingecko_ingestion_dag.load_to_hbase manual__2025-02-28T00:00:00+00:00 [running]> on host b86b19d2f863
[2025-02-28T15:05:19.870+0000] {taskinstance.py:1660} INFO - Exporting env vars: AIRFLOW_CTX_DAG_OWNER='etudiant' AIRFLOW_CTX_DAG_ID='coingecko_ingestion_dag' AIRFLOW_CTX_TASK_ID='load_to_hbase' AIRFLOW_CTX_EXECUTION_DATE='2025-02-28T00:00:00+00:00' AIRFLOW_CTX_TRY_NUMBER='1' AIRFLOW_CTX_DAG_RUN_ID='manual__2025-02-28T00:00:00+00:00'
[2025-02-28T15:05:19.872+0000] {pipeline.py:61} INFO - Deleted existing local file: /home/***/tmp/crypto_agg.csv
[2025-02-28T15:05:21.384+0000] {pipeline.py:71} INFO - Downloaded to namenode: 
[2025-02-28T15:05:21.420+0000] {pipeline.py:79} INFO - Copied to /home/***/tmp/crypto_agg.csv
[2025-02-28T15:05:21.441+0000] {pipeline.py:105} ERROR - Error processing line: aave	186.93,186.93,186.93,0.0,379848467.0,1 - not enough values to unpack (expected 7, got 6)
[2025-02-28T15:05:21.443+0000] {pipeline.py:105} ERROR - Error processing line: algorand	0.23356,0.23356,0.23356,0.0,150624263.0,1 - not enough values to unpack (expected 7, got 6)
[2025-02-28T15:05:21.443+0000] {pipeline.py:105} ERROR - Error processing line: aptos	6.09,6.09,6.09,0.0,382422435.0,1 - not enough values to unpack (expected 7, got 6)
[2025-02-28T15:05:21.444+0000] {pipeline.py:105} ERROR - Error processing line: arbitrum	0.40849,0.40849,0.40849,0.0,326198126.0,1 - not enough values to unpack (expected 7, got 6)
[2025-02-28T15:05:21.444+0000] {pipeline.py:105} ERROR - Error processing line: avalanche-2	21.45,21.45,21.45,0.0,779030883.0,1 - not enough values to unpack (expected 7, got 6)
[2025-02-28T15:05:21.445+0000] {pipeline.py:105} ERROR - Error processing line: berachain-bera	7.87,7.87,7.87,0.0,488647154.0,1 - not enough values to unpack (expected 7, got 6)
[2025-02-28T15:05:21.445+0000] {pipeline.py:105} ERROR - Error processing line: binance-peg-weth	2168.32,2168.32,2168.32,0.0,72849225.0,1 - not enough values to unpack (expected 7, got 6)
[2025-02-28T15:05:21.445+0000] {pipeline.py:105} ERROR - Error processing line: binance-staked-sol	150.4,150.4,150.4,0.0,9544958.0,1 - not enough values to unpack (expected 7, got 6)
[2025-02-28T15:05:21.445+0000] {pipeline.py:105} ERROR - Error processing line: binancecoin	583.8,583.8,583.8,0.0,1611350895.0,1 - not enough values to unpack (expected 7, got 6)
[2025-02-28T15:05:21.445+0000] {pipeline.py:105} ERROR - Error processing line: bitcoin	82230.0,82230.0,82230.0,0.0,88393893899.0,1 - not enough values to unpack (expected 7, got 6)
[2025-02-28T15:05:21.446+0000] {pipeline.py:105} ERROR - Error processing line: bitcoin-cash	295.76,295.76,295.76,0.0,430891486.0,1 - not enough values to unpack (expected 7, got 6)
[2025-02-28T15:05:21.446+0000] {pipeline.py:105} ERROR - Error processing line: bitget-token	3.93,3.93,3.93,0.0,350803220.0,1 - not enough values to unpack (expected 7, got 6)
[2025-02-28T15:05:21.447+0000] {pipeline.py:105} ERROR - Error processing line: bittensor	324.94,324.94,324.94,0.0,245462662.0,1 - not enough values to unpack (expected 7, got 6)
[2025-02-28T15:05:21.447+0000] {pipeline.py:105} ERROR - Error processing line: blockstack	0.809654,0.809654,0.809654,0.0,74763530.0,1 - not enough values to unpack (expected 7, got 6)
[2025-02-28T15:05:21.447+0000] {pipeline.py:105} ERROR - Error processing line: bonk	1.312e-05,1.312e-05,1.312e-05,0.0,151455499.0,1 - not enough values to unpack (expected 7, got 6)
[2025-02-28T15:05:21.448+0000] {pipeline.py:105} ERROR - Error processing line: cardano	0.620502,0.620502,0.620502,0.0,1092279211.0,1 - not enough values to unpack (expected 7, got 6)
[2025-02-28T15:05:21.448+0000] {pipeline.py:105} ERROR - Error processing line: celestia	3.58,3.58,3.58,0.0,157246383.0,1 - not enough values to unpack (expected 7, got 6)
[2025-02-28T15:05:21.448+0000] {pipeline.py:105} ERROR - Error processing line: chainlink	14.36,14.36,14.36,0.0,804001013.0,1 - not enough values to unpack (expected 7, got 6)
[2025-02-28T15:05:21.449+0000] {pipeline.py:105} ERROR - Error processing line: coinbase-wrapped-btc	82206.0,82206.0,82206.0,0.0,474929436.0,1 - not enough values to unpack (expected 7, got 6)
[2025-02-28T15:05:21.450+0000] {pipeline.py:105} ERROR - Error processing line: cosmos	4.46,4.46,4.46,0.0,170660080.0,1 - not enough values to unpack (expected 7, got 6)
[2025-02-28T15:05:21.450+0000] {pipeline.py:105} ERROR - Error processing line: crypto-com-chain	0.072786,0.072786,0.072786,0.0,33199120.0,1 - not enough values to unpack (expected 7, got 6)
[2025-02-28T15:05:21.451+0000] {pipeline.py:105} ERROR - Error processing line: dai	1.0,1.0,1.0,0.0,251218518.0,1 - not enough values to unpack (expected 7, got 6)
[2025-02-28T15:05:21.452+0000] {pipeline.py:105} ERROR - Error processing line: dexe	18.15,18.15,18.15,0.0,18578187.0,1 - not enough values to unpack (expected 7, got 6)
[2025-02-28T15:05:21.452+0000] {pipeline.py:105} ERROR - Error processing line: dogecoin	0.19334,0.19334,0.19334,0.0,2562866264.0,1 - not enough values to unpack (expected 7, got 6)
[2025-02-28T15:05:21.452+0000] {pipeline.py:105} ERROR - Error processing line: eos	0.548986,0.548986,0.548986,0.0,128997920.0,1 - not enough values to unpack (expected 7, got 6)
[2025-02-28T15:05:21.452+0000] {pipeline.py:105} ERROR - Error processing line: ethena	0.409014,0.409014,0.409014,0.0,271734025.0,1 - not enough values to unpack (expected 7, got 6)
[2025-02-28T15:05:21.452+0000] {pipeline.py:105} ERROR - Error processing line: ethena-usde	0.997847,0.997847,0.997847,0.0,98437621.0,1 - not enough values to unpack (expected 7, got 6)
[2025-02-28T15:05:21.453+0000] {pipeline.py:105} ERROR - Error processing line: ethereum	2171.47,2171.47,2171.47,0.0,39101917396.0,1 - not enough values to unpack (expected 7, got 6)
[2025-02-28T15:05:21.453+0000] {pipeline.py:105} ERROR - Error processing line: ethereum-classic	18.79,18.79,18.79,0.0,198735109.0,1 - not enough values to unpack (expected 7, got 6)
[2025-02-28T15:05:21.453+0000] {pipeline.py:105} ERROR - Error processing line: fasttoken	3.98,3.98,3.98,0.0,49173117.0,1 - not enough values to unpack (expected 7, got 6)
[2025-02-28T15:05:21.454+0000] {pipeline.py:105} ERROR - Error processing line: fetch-ai	0.638465,0.638465,0.638465,0.0,174872856.0,1 - not enough values to unpack (expected 7, got 6)
[2025-02-28T15:05:21.454+0000] {pipeline.py:105} ERROR - Error processing line: filecoin	3.2,3.2,3.2,0.0,242557591.0,1 - not enough values to unpack (expected 7, got 6)
[2025-02-28T15:05:21.454+0000] {pipeline.py:105} ERROR - Error processing line: first-digital-usd	0.998057,0.998057,0.998057,0.0,10506076001.0,1 - not enough values to unpack (expected 7, got 6)
[2025-02-28T15:05:21.454+0000] {pipeline.py:105} ERROR - Error processing line: flare-networks	0.01688073,0.01688073,0.01688073,0.0,13678745.0,1 - not enough values to unpack (expected 7, got 6)
[2025-02-28T15:05:21.455+0000] {pipeline.py:105} ERROR - Error processing line: floki	7.889e-05,7.889e-05,7.889e-05,0.0,156054401.0,1 - not enough values to unpack (expected 7, got 6)
[2025-02-28T15:05:21.455+0000] {pipeline.py:105} ERROR - Error processing line: gala	0.01915448,0.01915448,0.01915448,0.0,129756868.0,1 - not enough values to unpack (expected 7, got 6)
[2025-02-28T15:05:21.455+0000] {pipeline.py:105} ERROR - Error processing line: gatechain-token	20.32,20.32,20.32,0.0,26907162.0,1 - not enough values to unpack (expected 7, got 6)
[2025-02-28T15:05:21.455+0000] {pipeline.py:105} ERROR - Error processing line: hedera-hashgraph	0.201566,0.201566,0.201566,0.0,486792685.0,1 - not enough values to unpack (expected 7, got 6)
[2025-02-28T15:05:21.455+0000] {pipeline.py:105} ERROR - Error processing line: hyperliquid	19.93,19.93,19.93,0.0,274227863.0,1 - not enough values to unpack (expected 7, got 6)
[2025-02-28T15:05:21.456+0000] {pipeline.py:105} ERROR - Error processing line: immutable-x	0.709514,0.709514,0.709514,0.0,57330102.0,1 - not enough values to unpack (expected 7, got 6)
[2025-02-28T15:05:21.456+0000] {pipeline.py:105} ERROR - Error processing line: injective-protocol	12.85,12.85,12.85,0.0,152664811.0,1 - not enough values to unpack (expected 7, got 6)
[2025-02-28T15:05:21.456+0000] {pipeline.py:105} ERROR - Error processing line: internet-computer	6.41,6.41,6.41,0.0,118957989.0,1 - not enough values to unpack (expected 7, got 6)
[2025-02-28T15:05:21.456+0000] {pipeline.py:105} ERROR - Error processing line: jasmycoin	0.0179498,0.0179498,0.0179498,0.0,65439800.0,1 - not enough values to unpack (expected 7, got 6)
[2025-02-28T15:05:21.456+0000] {pipeline.py:105} ERROR - Error processing line: jupiter-exchange-solana	0.736493,0.736493,0.736493,0.0,228027941.0,1 - not enough values to unpack (expected 7, got 6)
[2025-02-28T15:05:21.457+0000] {pipeline.py:105} ERROR - Error processing line: kaspa	0.079573,0.079573,0.079573,0.0,105076528.0,1 - not enough values to unpack (expected 7, got 6)
[2025-02-28T15:05:21.457+0000] {pipeline.py:105} ERROR - Error processing line: kelp-dao-restaked-eth	2245.02,2245.02,2245.02,0.0,3395905.0,1 - not enough values to unpack (expected 7, got 6)
[2025-02-28T15:05:21.457+0000] {pipeline.py:105} ERROR - Error processing line: kucoin-shares	11.45,11.45,11.45,0.0,104947.0,1 - not enough values to unpack (expected 7, got 6)
[2025-02-28T15:05:21.457+0000] {pipeline.py:105} ERROR - Error processing line: leo-token	9.29,9.29,9.29,0.0,6434106.0,1 - not enough values to unpack (expected 7, got 6)
[2025-02-28T15:05:21.458+0000] {pipeline.py:105} ERROR - Error processing line: lido-dao	1.25,1.25,1.25,0.0,170022302.0,1 - not enough values to unpack (expected 7, got 6)
[2025-02-28T15:05:21.458+0000] {pipeline.py:105} ERROR - Error processing line: litecoin	124.58,124.58,124.58,0.0,2213499340.0,1 - not enough values to unpack (expected 7, got 6)
[2025-02-28T15:05:21.458+0000] {pipeline.py:105} ERROR - Error processing line: lombard-staked-btc	82083.0,82083.0,82083.0,0.0,2903238.0,1 - not enough values to unpack (expected 7, got 6)
[2025-02-28T15:05:21.459+0000] {pipeline.py:105} ERROR - Error processing line: maker	1537.41,1537.41,1537.41,0.0,437061488.0,1 - not enough values to unpack (expected 7, got 6)
[2025-02-28T15:05:21.459+0000] {pipeline.py:105} ERROR - Error processing line: mantle	0.720552,0.720552,0.720552,0.0,94781653.0,1 - not enough values to unpack (expected 7, got 6)
[2025-02-28T15:05:21.459+0000] {pipeline.py:105} ERROR - Error processing line: mantle-staked-ether	2298.56,2298.56,2298.56,0.0,10551833.0,1 - not enough values to unpack (expected 7, got 6)
[2025-02-28T15:05:21.460+0000] {pipeline.py:105} ERROR - Error processing line: mantra-dao	7.5,7.5,7.5,0.0,228035897.0,1 - not enough values to unpack (expected 7, got 6)
[2025-02-28T15:05:21.460+0000] {pipeline.py:105} ERROR - Error processing line: monero	214.01,214.01,214.01,0.0,71894440.0,1 - not enough values to unpack (expected 7, got 6)
[2025-02-28T15:05:21.460+0000] {pipeline.py:105} ERROR - Error processing line: movement	0.438155,0.438155,0.438155,0.0,95276110.0,1 - not enough values to unpack (expected 7, got 6)
[2025-02-28T15:05:21.460+0000] {pipeline.py:105} ERROR - Error processing line: near	2.98,2.98,2.98,0.0,289568496.0,1 - not enough values to unpack (expected 7, got 6)
[2025-02-28T15:05:21.461+0000] {pipeline.py:105} ERROR - Error processing line: nexo	1.15,1.15,1.15,0.0,28427845.0,1 - not enough values to unpack (expected 7, got 6)
[2025-02-28T15:05:21.461+0000] {pipeline.py:105} ERROR - Error processing line: official-trump	12.15,12.15,12.15,0.0,1412017409.0,1 - not enough values to unpack (expected 7, got 6)
[2025-02-28T15:05:21.461+0000] {pipeline.py:105} ERROR - Error processing line: okb	43.78,43.78,43.78,0.0,15514879.0,1 - not enough values to unpack (expected 7, got 6)
[2025-02-28T15:05:21.462+0000] {pipeline.py:105} ERROR - Error processing line: ondo-finance	0.967344,0.967344,0.967344,0.0,269332636.0,1 - not enough values to unpack (expected 7, got 6)
[2025-02-28T15:05:21.462+0000] {pipeline.py:105} ERROR - Error processing line: optimism	1.067,1.067,1.067,0.0,289098968.0,1 - not enough values to unpack (expected 7, got 6)
[2025-02-28T15:05:21.462+0000] {pipeline.py:105} ERROR - Error processing line: pepe	7.75e-06,7.75e-06,7.75e-06,0.0,974390713.0,1 - not enough values to unpack (expected 7, got 6)
[2025-02-28T15:05:21.463+0000] {pipeline.py:105} ERROR - Error processing line: polkadot	4.68,4.68,4.68,0.0,439827677.0,1 - not enough values to unpack (expected 7, got 6)
[2025-02-28T15:05:21.463+0000] {pipeline.py:105} ERROR - Error processing line: polygon-ecosystem-token	0.266165,0.266165,0.266165,0.0,129176640.0,1 - not enough values to unpack (expected 7, got 6)
[2025-02-28T15:05:21.463+0000] {pipeline.py:105} ERROR - Error processing line: quant-network	92.52,92.52,92.52,0.0,50639651.0,1 - not enough values to unpack (expected 7, got 6)
[2025-02-28T15:05:21.463+0000] {pipeline.py:105} ERROR - Error processing line: render-token	3.69,3.69,3.69,0.0,282363015.0,1 - not enough values to unpack (expected 7, got 6)
[2025-02-28T15:05:21.463+0000] {pipeline.py:105} ERROR - Error processing line: ripple	2.11,2.11,2.11,0.0,7146211924.0,1 - not enough values to unpack (expected 7, got 6)
[2025-02-28T15:05:21.463+0000] {pipeline.py:105} ERROR - Error processing line: rocket-pool-eth	2458.07,2458.07,2458.07,0.0,28814732.0,1 - not enough values to unpack (expected 7, got 6)
[2025-02-28T15:05:21.464+0000] {pipeline.py:105} ERROR - Error processing line: sei-network	0.242934,0.242934,0.242934,0.0,140966381.0,1 - not enough values to unpack (expected 7, got 6)
[2025-02-28T15:05:21.464+0000] {pipeline.py:105} ERROR - Error processing line: shiba-inu	1.361e-05,1.361e-05,1.361e-05,0.0,365297323.0,1 - not enough values to unpack (expected 7, got 6)
[2025-02-28T15:05:21.465+0000] {pipeline.py:105} ERROR - Error processing line: solana	144.87,144.87,144.87,0.0,8212094913.0,1 - not enough values to unpack (expected 7, got 6)
[2025-02-28T15:05:21.465+0000] {pipeline.py:105} ERROR - Error processing line: solv-btc	81812.0,81812.0,81812.0,0.0,4803121.0,1 - not enough values to unpack (expected 7, got 6)
[2025-02-28T15:05:21.465+0000] {pipeline.py:105} ERROR - Error processing line: solv-protocol-solvbtc-bbn	80991.0,80991.0,80991.0,0.0,784934.0,1 - not enough values to unpack (expected 7, got 6)
[2025-02-28T15:05:21.466+0000] {pipeline.py:105} ERROR - Error processing line: sonic-3	0.662278,0.662278,0.662278,0.0,318759203.0,1 - not enough values to unpack (expected 7, got 6)
[2025-02-28T15:05:21.466+0000] {pipeline.py:105} ERROR - Error processing line: staked-ether	2169.37,2169.37,2169.37,0.0,241594467.0,1 - not enough values to unpack (expected 7, got 6)
[2025-02-28T15:05:21.466+0000] {pipeline.py:105} ERROR - Error processing line: stellar	0.274809,0.274809,0.274809,0.0,286140857.0,1 - not enough values to unpack (expected 7, got 6)
[2025-02-28T15:05:21.466+0000] {pipeline.py:105} ERROR - Error processing line: story-2	5.71,5.71,5.71,0.0,322484259.0,1 - not enough values to unpack (expected 7, got 6)
[2025-02-28T15:05:21.466+0000] {pipeline.py:105} ERROR - Error processing line: sui	2.75,2.75,2.75,0.0,1285391219.0,1 - not enough values to unpack (expected 7, got 6)
[2025-02-28T15:05:21.467+0000] {pipeline.py:105} ERROR - Error processing line: susds	1.04,1.04,1.04,0.0,1355221.0,1 - not enough values to unpack (expected 7, got 6)
[2025-02-28T15:05:21.467+0000] {pipeline.py:105} ERROR - Error processing line: tether	0.999305,0.999305,0.999305,0.0,133332342289.0,1 - not enough values to unpack (expected 7, got 6)
[2025-02-28T15:05:21.467+0000] {pipeline.py:105} ERROR - Error processing line: tezos	0.74394,0.74394,0.74394,0.0,40064498.0,1 - not enough values to unpack (expected 7, got 6)
[2025-02-28T15:05:21.467+0000] {pipeline.py:105} ERROR - Error processing line: the-graph	0.117897,0.117897,0.117897,0.0,92338598.0,1 - not enough values to unpack (expected 7, got 6)
[2025-02-28T15:05:21.467+0000] {pipeline.py:105} ERROR - Error processing line: the-open-network	3.32,3.32,3.32,0.0,287808089.0,1 - not enough values to unpack (expected 7, got 6)
[2025-02-28T15:05:21.467+0000] {pipeline.py:105} ERROR - Error processing line: theta-token	1.14,1.14,1.14,0.0,28818697.0,1 - not enough values to unpack (expected 7, got 6)
[2025-02-28T15:05:21.468+0000] {pipeline.py:105} ERROR - Error processing line: tokenize-xchange	28.5,28.5,28.5,0.0,20401301.0,1 - not enough values to unpack (expected 7, got 6)
[2025-02-28T15:05:21.468+0000] {pipeline.py:105} ERROR - Error processing line: tron	0.227723,0.227723,0.227723,0.0,1298753525.0,1 - not enough values to unpack (expected 7, got 6)
[2025-02-28T15:05:21.468+0000] {pipeline.py:105} ERROR - Error processing line: uniswap	7.36,7.36,7.36,0.0,380461298.0,1 - not enough values to unpack (expected 7, got 6)
[2025-02-28T15:05:21.468+0000] {pipeline.py:105} ERROR - Error processing line: usd-coin	0.999891,0.999891,0.999891,0.0,10797009006.0,1 - not enough values to unpack (expected 7, got 6)
[2025-02-28T15:05:21.468+0000] {pipeline.py:105} ERROR - Error processing line: usds	0.99988,0.99988,0.99988,0.0,22298180.0,1 - not enough values to unpack (expected 7, got 6)
[2025-02-28T15:05:21.469+0000] {pipeline.py:105} ERROR - Error processing line: usual-usd	0.997413,0.997413,0.997413,0.0,24119970.0,1 - not enough values to unpack (expected 7, got 6)
[2025-02-28T15:05:21.469+0000] {pipeline.py:105} ERROR - Error processing line: vechain	0.02771297,0.02771297,0.02771297,0.0,74384938.0,1 - not enough values to unpack (expected 7, got 6)
[2025-02-28T15:05:21.469+0000] {pipeline.py:105} ERROR - Error processing line: weth	2169.5,2169.5,2169.5,0.0,1081912060.0,1 - not enough values to unpack (expected 7, got 6)
[2025-02-28T15:05:21.469+0000] {pipeline.py:105} ERROR - Error processing line: whitebit	26.0,26.0,26.0,0.0,104215717.0,1 - not enough values to unpack (expected 7, got 6)
[2025-02-28T15:05:21.469+0000] {pipeline.py:105} ERROR - Error processing line: worldcoin-wld	1.078,1.078,1.078,0.0,339961546.0,1 - not enough values to unpack (expected 7, got 6)
[2025-02-28T15:05:21.469+0000] {pipeline.py:105} ERROR - Error processing line: wrapped-bitcoin	82103.0,82103.0,82103.0,0.0,759564895.0,1 - not enough values to unpack (expected 7, got 6)
[2025-02-28T15:05:21.470+0000] {pipeline.py:105} ERROR - Error processing line: wrapped-eeth	2298.41,2298.41,2298.41,0.0,39554900.0,1 - not enough values to unpack (expected 7, got 6)
[2025-02-28T15:05:21.470+0000] {pipeline.py:105} ERROR - Error processing line: wrapped-steth	2582.11,2582.11,2582.11,0.0,118995988.0,1 - not enough values to unpack (expected 7, got 6)
[2025-02-28T15:05:21.470+0000] {pipeline.py:105} ERROR - Error processing line: xdce-crowd-sale	0.078519,0.078519,0.078519,0.0,43924621.0,1 - not enough values to unpack (expected 7, got 6)
[2025-02-28T15:05:21.470+0000] {python.py:194} INFO - Done. Returned value was: None
[2025-02-28T15:05:21.480+0000] {taskinstance.py:1400} INFO - Marking task as SUCCESS. dag_id=coingecko_ingestion_dag, task_id=load_to_hbase, execution_date=20250228T000000, start_date=20250228T150519, end_date=20250228T150521
[2025-02-28T15:05:21.509+0000] {local_task_job_runner.py:228} INFO - Task exited with return code 0
[2025-02-28T15:05:21.526+0000] {taskinstance.py:2784} INFO - 0 downstream tasks scheduled from follow-on schedule check
