[2025-02-27T12:00:03.750+0000] {taskinstance.py:1159} INFO - Dependencies all met for dep_context=non-requeueable deps ti=<TaskInstance: coingecko_ingestion_dag.run_mapreduce_job manual__2025-02-27T11:59:53.778691+00:00 [queued]>
[2025-02-27T12:00:03.768+0000] {taskinstance.py:1159} INFO - Dependencies all met for dep_context=requeueable deps ti=<TaskInstance: coingecko_ingestion_dag.run_mapreduce_job manual__2025-02-27T11:59:53.778691+00:00 [queued]>
[2025-02-27T12:00:03.769+0000] {taskinstance.py:1361} INFO - Starting attempt 1 of 2
[2025-02-27T12:00:03.789+0000] {taskinstance.py:1382} INFO - Executing <Task(BashOperator): run_mapreduce_job> on 2025-02-27 11:59:53.778691+00:00
[2025-02-27T12:00:03.793+0000] {standard_task_runner.py:57} INFO - Started process 1121 to run task
[2025-02-27T12:00:03.798+0000] {standard_task_runner.py:84} INFO - Running: ['***', 'tasks', 'run', 'coingecko_ingestion_dag', 'run_mapreduce_job', 'manual__2025-02-27T11:59:53.778691+00:00', '--job-id', '294', '--raw', '--subdir', 'DAGS_FOLDER/pipeline.py', '--cfg-path', '/tmp/tmpzh8899pc']
[2025-02-27T12:00:03.800+0000] {standard_task_runner.py:85} INFO - Job 294: Subtask run_mapreduce_job
[2025-02-27T12:00:03.864+0000] {task_command.py:415} INFO - Running <TaskInstance: coingecko_ingestion_dag.run_mapreduce_job manual__2025-02-27T11:59:53.778691+00:00 [running]> on host 6fa12894bc34
[2025-02-27T12:00:03.924+0000] {logging_mixin.py:151} WARNING - /home/***/.local/lib/python3.8/site-packages/***/utils/context.py:206 AirflowContextDeprecationWarning: Accessing 'execution_date' from the template is deprecated and will be removed in a future version. Please use 'data_interval_start' or 'logical_date' instead.
[2025-02-27T12:00:03.958+0000] {taskinstance.py:1660} INFO - Exporting env vars: AIRFLOW_CTX_DAG_OWNER='etudiant' AIRFLOW_CTX_DAG_ID='coingecko_ingestion_dag' AIRFLOW_CTX_TASK_ID='run_mapreduce_job' AIRFLOW_CTX_EXECUTION_DATE='2025-02-27T11:59:53.778691+00:00' AIRFLOW_CTX_TRY_NUMBER='1' AIRFLOW_CTX_DAG_RUN_ID='manual__2025-02-27T11:59:53.778691+00:00'
[2025-02-27T12:00:03.959+0000] {subprocess.py:63} INFO - Tmp dir root location: /tmp
[2025-02-27T12:00:03.960+0000] {subprocess.py:75} INFO - Running command: ['/bin/bash', '-c', '\n        docker exec -i namenode         hadoop jar /opt/hadoop-3.2.1/share/hadoop/tools/lib/hadoop-streaming-3.2.1.jar         -input /user/etudiant/crypto/raw/YYYY=2025/MM=02/DD=27/coingecko_raw.json         -output /user/etudiant/crypto/processed/YYYY=2025/MM=02/DD=27         -mapper /tmp/mapper.py         -reducer /tmp/reducer.py         -files /tmp/mapper.py,/tmp/reducer.py\n        ']
[2025-02-27T12:00:03.970+0000] {subprocess.py:86} INFO - Output:
[2025-02-27T12:00:04.883+0000] {subprocess.py:93} INFO - Usage: $HADOOP_HOME/bin/hadoop jar hadoop-streaming.jar [options]
[2025-02-27T12:00:04.887+0000] {subprocess.py:93} INFO - Options:
[2025-02-27T12:00:04.888+0000] {subprocess.py:93} INFO -   -input          <path> DFS input file(s) for the Map step.
[2025-02-27T12:00:04.889+0000] {subprocess.py:93} INFO -   -output         <path> DFS output directory for the Reduce step.
[2025-02-27T12:00:04.890+0000] {subprocess.py:93} INFO -   -mapper         <cmd|JavaClassName> Optional. Command to be run as mapper.
[2025-02-27T12:00:04.894+0000] {subprocess.py:93} INFO -   -combiner       <cmd|JavaClassName> Optional. Command to be run as combiner.
[2025-02-27T12:00:04.898+0000] {subprocess.py:93} INFO -   -reducer        <cmd|JavaClassName> Optional. Command to be run as reducer.
[2025-02-27T12:00:04.902+0000] {subprocess.py:93} INFO -   -file           <file> Optional. File/dir to be shipped in the Job jar file.
[2025-02-27T12:00:04.904+0000] {subprocess.py:93} INFO -                   Deprecated. Use generic option "-files" instead.
[2025-02-27T12:00:04.905+0000] {subprocess.py:93} INFO -   -inputformat    <TextInputFormat(default)|SequenceFileAsTextInputFormat|JavaClassName>
[2025-02-27T12:00:04.907+0000] {subprocess.py:93} INFO -                   Optional. The input format class.
[2025-02-27T12:00:04.907+0000] {subprocess.py:93} INFO -   -outputformat   <TextOutputFormat(default)|JavaClassName>
[2025-02-27T12:00:04.908+0000] {subprocess.py:93} INFO -                   Optional. The output format class.
[2025-02-27T12:00:04.908+0000] {subprocess.py:93} INFO -   -partitioner    <JavaClassName>  Optional. The partitioner class.
[2025-02-27T12:00:04.908+0000] {subprocess.py:93} INFO -   -numReduceTasks <num> Optional. Number of reduce tasks.
[2025-02-27T12:00:04.909+0000] {subprocess.py:93} INFO -   -inputreader    <spec> Optional. Input recordreader spec.
[2025-02-27T12:00:04.910+0000] {subprocess.py:93} INFO -   -cmdenv         <n>=<v> Optional. Pass env.var to streaming commands.
[2025-02-27T12:00:04.911+0000] {subprocess.py:93} INFO -   -mapdebug       <cmd> Optional. To run this script when a map task fails.
[2025-02-27T12:00:04.913+0000] {subprocess.py:93} INFO -   -reducedebug    <cmd> Optional. To run this script when a reduce task fails.
[2025-02-27T12:00:04.914+0000] {subprocess.py:93} INFO -   -io             <identifier> Optional. Format to use for input to and output
[2025-02-27T12:00:04.918+0000] {subprocess.py:93} INFO -                   from mapper/reducer commands
[2025-02-27T12:00:04.921+0000] {subprocess.py:93} INFO -   -lazyOutput     Optional. Lazily create Output.
[2025-02-27T12:00:04.922+0000] {subprocess.py:93} INFO -   -background     Optional. Submit the job and don't wait till it completes.
[2025-02-27T12:00:04.923+0000] {subprocess.py:93} INFO -   -verbose        Optional. Print verbose output.
[2025-02-27T12:00:04.924+0000] {subprocess.py:93} INFO -   -info           Optional. Print detailed usage.
[2025-02-27T12:00:04.925+0000] {subprocess.py:93} INFO -   -help           Optional. Print help message.
[2025-02-27T12:00:04.926+0000] {subprocess.py:93} INFO - 
[2025-02-27T12:00:04.928+0000] {subprocess.py:93} INFO - Generic options supported are:
[2025-02-27T12:00:04.929+0000] {subprocess.py:93} INFO - -conf <configuration file>        specify an application configuration file
[2025-02-27T12:00:04.930+0000] {subprocess.py:93} INFO - -D <property=value>               define a value for a given property
[2025-02-27T12:00:04.930+0000] {subprocess.py:93} INFO - -fs <file:///|hdfs://namenode:port> specify default filesystem URL to use, overrides 'fs.defaultFS' property from configurations.
[2025-02-27T12:00:04.931+0000] {subprocess.py:93} INFO - -jt <local|resourcemanager:port>  specify a ResourceManager
[2025-02-27T12:00:04.932+0000] {subprocess.py:93} INFO - -files <file1,...>                specify a comma-separated list of files to be copied to the map reduce cluster
[2025-02-27T12:00:04.933+0000] {subprocess.py:93} INFO - -libjars <jar1,...>               specify a comma-separated list of jar files to be included in the classpath
[2025-02-27T12:00:04.936+0000] {subprocess.py:93} INFO - -archives <archive1,...>          specify a comma-separated list of archives to be unarchived on the compute machines
[2025-02-27T12:00:04.938+0000] {subprocess.py:93} INFO - 
[2025-02-27T12:00:04.940+0000] {subprocess.py:93} INFO - The general command line syntax is:
[2025-02-27T12:00:04.940+0000] {subprocess.py:93} INFO - command [genericOptions] [commandOptions]
[2025-02-27T12:00:04.941+0000] {subprocess.py:93} INFO - 
[2025-02-27T12:00:04.941+0000] {subprocess.py:93} INFO - 
[2025-02-27T12:00:04.941+0000] {subprocess.py:93} INFO - For more details about these options:
[2025-02-27T12:00:04.942+0000] {subprocess.py:93} INFO - Use $HADOOP_HOME/bin/hadoop jar hadoop-streaming.jar -info
[2025-02-27T12:00:04.942+0000] {subprocess.py:93} INFO - 2025-02-27 12:00:04,879 ERROR streaming.StreamJob: Unrecognized option: -files
[2025-02-27T12:00:04.943+0000] {subprocess.py:93} INFO - 
[2025-02-27T12:00:04.943+0000] {subprocess.py:93} INFO - Try -help for more information
[2025-02-27T12:00:04.945+0000] {subprocess.py:93} INFO - Streaming Command Failed!
[2025-02-27T12:00:05.038+0000] {subprocess.py:97} INFO - Command exited with return code 1
[2025-02-27T12:00:05.090+0000] {taskinstance.py:1943} ERROR - Task failed with exception
Traceback (most recent call last):
  File "/home/airflow/.local/lib/python3.8/site-packages/airflow/operators/bash.py", line 210, in execute
    raise AirflowException(
airflow.exceptions.AirflowException: Bash command failed. The command returned a non-zero exit code 1.
[2025-02-27T12:00:05.110+0000] {taskinstance.py:1400} INFO - Marking task as UP_FOR_RETRY. dag_id=coingecko_ingestion_dag, task_id=run_mapreduce_job, execution_date=20250227T115953, start_date=20250227T120003, end_date=20250227T120005
[2025-02-27T12:00:05.168+0000] {standard_task_runner.py:104} ERROR - Failed to execute job 294 for task run_mapreduce_job (Bash command failed. The command returned a non-zero exit code 1.; 1121)
[2025-02-27T12:00:05.216+0000] {local_task_job_runner.py:228} INFO - Task exited with return code 1
[2025-02-27T12:00:05.237+0000] {taskinstance.py:2784} INFO - 0 downstream tasks scheduled from follow-on schedule check
