[2025-02-24T17:25:35.213+0000] {taskinstance.py:1159} INFO - Dependencies all met for dep_context=non-requeueable deps ti=<TaskInstance: coingecko_ingestion_dag.fetch_data scheduled__2025-02-02T00:00:00+00:00 [queued]>
[2025-02-24T17:25:35.228+0000] {taskinstance.py:1159} INFO - Dependencies all met for dep_context=requeueable deps ti=<TaskInstance: coingecko_ingestion_dag.fetch_data scheduled__2025-02-02T00:00:00+00:00 [queued]>
[2025-02-24T17:25:35.229+0000] {taskinstance.py:1361} INFO - Starting attempt 1 of 2
[2025-02-24T17:25:35.261+0000] {taskinstance.py:1382} INFO - Executing <Task(PythonOperator): fetch_data> on 2025-02-02 00:00:00+00:00
[2025-02-24T17:25:35.272+0000] {standard_task_runner.py:57} INFO - Started process 855 to run task
[2025-02-24T17:25:35.278+0000] {standard_task_runner.py:84} INFO - Running: ['***', 'tasks', 'run', 'coingecko_ingestion_dag', 'fetch_data', 'scheduled__2025-02-02T00:00:00+00:00', '--job-id', '98', '--raw', '--subdir', 'DAGS_FOLDER/test.py', '--cfg-path', '/tmp/tmpw_cpnjkh']
[2025-02-24T17:25:35.292+0000] {standard_task_runner.py:85} INFO - Job 98: Subtask fetch_data
[2025-02-24T17:25:35.393+0000] {task_command.py:415} INFO - Running <TaskInstance: coingecko_ingestion_dag.fetch_data scheduled__2025-02-02T00:00:00+00:00 [running]> on host 85b967fd3989
[2025-02-24T17:25:35.532+0000] {taskinstance.py:1660} INFO - Exporting env vars: AIRFLOW_CTX_DAG_OWNER='etudiant' AIRFLOW_CTX_DAG_ID='coingecko_ingestion_dag' AIRFLOW_CTX_TASK_ID='fetch_data' AIRFLOW_CTX_EXECUTION_DATE='2025-02-02T00:00:00+00:00' AIRFLOW_CTX_TRY_NUMBER='1' AIRFLOW_CTX_DAG_RUN_ID='scheduled__2025-02-02T00:00:00+00:00'
[2025-02-24T17:25:36.174+0000] {python.py:194} INFO - Done. Returned value was: None
[2025-02-24T17:25:36.192+0000] {taskinstance.py:1400} INFO - Marking task as SUCCESS. dag_id=coingecko_ingestion_dag, task_id=fetch_data, execution_date=20250202T000000, start_date=20250224T172535, end_date=20250224T172536
[2025-02-24T17:25:36.231+0000] {local_task_job_runner.py:228} INFO - Task exited with return code 0
[2025-02-24T17:25:36.312+0000] {taskinstance.py:2784} INFO - 1 downstream tasks scheduled from follow-on schedule check
[2025-02-25T15:58:59.813+0000] {taskinstance.py:1159} INFO - Dependencies all met for dep_context=non-requeueable deps ti=<TaskInstance: coingecko_ingestion_dag.fetch_data scheduled__2025-02-02T00:00:00+00:00 [queued]>
[2025-02-25T15:58:59.830+0000] {taskinstance.py:1159} INFO - Dependencies all met for dep_context=requeueable deps ti=<TaskInstance: coingecko_ingestion_dag.fetch_data scheduled__2025-02-02T00:00:00+00:00 [queued]>
[2025-02-25T15:58:59.834+0000] {taskinstance.py:1361} INFO - Starting attempt 1 of 2
[2025-02-25T15:58:59.865+0000] {taskinstance.py:1382} INFO - Executing <Task(PythonOperator): fetch_data> on 2025-02-02 00:00:00+00:00
[2025-02-25T15:58:59.879+0000] {standard_task_runner.py:57} INFO - Started process 498 to run task
[2025-02-25T15:58:59.884+0000] {standard_task_runner.py:84} INFO - Running: ['***', 'tasks', 'run', 'coingecko_ingestion_dag', 'fetch_data', 'scheduled__2025-02-02T00:00:00+00:00', '--job-id', '100', '--raw', '--subdir', 'DAGS_FOLDER/pipeline.py', '--cfg-path', '/tmp/tmp3v42r7o1']
[2025-02-25T15:58:59.888+0000] {standard_task_runner.py:85} INFO - Job 100: Subtask fetch_data
[2025-02-25T15:58:59.958+0000] {task_command.py:415} INFO - Running <TaskInstance: coingecko_ingestion_dag.fetch_data scheduled__2025-02-02T00:00:00+00:00 [running]> on host af9744bbb9eb
[2025-02-25T15:59:00.115+0000] {taskinstance.py:1660} INFO - Exporting env vars: AIRFLOW_CTX_DAG_OWNER='etudiant' AIRFLOW_CTX_DAG_ID='coingecko_ingestion_dag' AIRFLOW_CTX_TASK_ID='fetch_data' AIRFLOW_CTX_EXECUTION_DATE='2025-02-02T00:00:00+00:00' AIRFLOW_CTX_TRY_NUMBER='1' AIRFLOW_CTX_DAG_RUN_ID='scheduled__2025-02-02T00:00:00+00:00'
[2025-02-25T15:59:00.399+0000] {python.py:194} INFO - Done. Returned value was: None
[2025-02-25T15:59:00.423+0000] {taskinstance.py:1400} INFO - Marking task as SUCCESS. dag_id=coingecko_ingestion_dag, task_id=fetch_data, execution_date=20250202T000000, start_date=20250225T155859, end_date=20250225T155900
[2025-02-25T15:59:00.481+0000] {local_task_job_runner.py:228} INFO - Task exited with return code 0
[2025-02-25T15:59:00.527+0000] {taskinstance.py:2784} INFO - 1 downstream tasks scheduled from follow-on schedule check
