[2025-02-24T17:30:40.485+0000] {taskinstance.py:1159} INFO - Dependencies all met for dep_context=non-requeueable deps ti=<TaskInstance: coingecko_ingestion_dag.store_raw_data_in_hdfs scheduled__2025-02-07T00:00:00+00:00 [queued]>
[2025-02-24T17:30:40.500+0000] {taskinstance.py:1159} INFO - Dependencies all met for dep_context=requeueable deps ti=<TaskInstance: coingecko_ingestion_dag.store_raw_data_in_hdfs scheduled__2025-02-07T00:00:00+00:00 [queued]>
[2025-02-24T17:30:40.501+0000] {taskinstance.py:1361} INFO - Starting attempt 2 of 2
[2025-02-24T17:30:40.521+0000] {taskinstance.py:1382} INFO - Executing <Task(PythonOperator): store_raw_data_in_hdfs> on 2025-02-07 00:00:00+00:00
[2025-02-24T17:30:40.532+0000] {standard_task_runner.py:57} INFO - Started process 1021 to run task
[2025-02-24T17:30:40.536+0000] {standard_task_runner.py:84} INFO - Running: ['***', 'tasks', 'run', 'coingecko_ingestion_dag', 'store_raw_data_in_hdfs', 'scheduled__2025-02-07T00:00:00+00:00', '--job-id', '132', '--raw', '--subdir', 'DAGS_FOLDER/test.py', '--cfg-path', '/tmp/tmpi9krz7zn']
[2025-02-24T17:30:40.545+0000] {standard_task_runner.py:85} INFO - Job 132: Subtask store_raw_data_in_hdfs
[2025-02-24T17:30:40.644+0000] {task_command.py:415} INFO - Running <TaskInstance: coingecko_ingestion_dag.store_raw_data_in_hdfs scheduled__2025-02-07T00:00:00+00:00 [running]> on host 85b967fd3989
[2025-02-24T17:30:40.778+0000] {taskinstance.py:1660} INFO - Exporting env vars: AIRFLOW_CTX_DAG_OWNER='etudiant' AIRFLOW_CTX_DAG_ID='coingecko_ingestion_dag' AIRFLOW_CTX_TASK_ID='store_raw_data_in_hdfs' AIRFLOW_CTX_EXECUTION_DATE='2025-02-07T00:00:00+00:00' AIRFLOW_CTX_TRY_NUMBER='2' AIRFLOW_CTX_DAG_RUN_ID='scheduled__2025-02-07T00:00:00+00:00'
[2025-02-24T17:30:40.801+0000] {taskinstance.py:1943} ERROR - Task failed with exception
Traceback (most recent call last):
  File "/home/airflow/.local/lib/python3.8/site-packages/airflow/operators/python.py", line 192, in execute
    return_value = self.execute_callable()
  File "/home/airflow/.local/lib/python3.8/site-packages/airflow/operators/python.py", line 209, in execute_callable
    return self.python_callable(*self.op_args, **self.op_kwargs)
  File "/opt/airflow/dags/test.py", line 38, in store_raw_data_in_hdfs
    with open(local_file, 'w') as f:
PermissionError: [Errno 13] Permission denied: '/mnt/hadoop_data/coingecko_raw.json'
[2025-02-24T17:30:40.816+0000] {taskinstance.py:1400} INFO - Marking task as FAILED. dag_id=coingecko_ingestion_dag, task_id=store_raw_data_in_hdfs, execution_date=20250207T000000, start_date=20250224T173040, end_date=20250224T173040
[2025-02-24T17:30:40.832+0000] {standard_task_runner.py:104} ERROR - Failed to execute job 132 for task store_raw_data_in_hdfs ([Errno 13] Permission denied: '/mnt/hadoop_data/coingecko_raw.json'; 1021)
[2025-02-24T17:30:40.881+0000] {local_task_job_runner.py:228} INFO - Task exited with return code 1
[2025-02-24T17:30:40.905+0000] {taskinstance.py:2784} INFO - 0 downstream tasks scheduled from follow-on schedule check
[2025-02-25T16:04:28.170+0000] {taskinstance.py:1159} INFO - Dependencies all met for dep_context=non-requeueable deps ti=<TaskInstance: coingecko_ingestion_dag.store_raw_data_in_hdfs scheduled__2025-02-07T00:00:00+00:00 [queued]>
[2025-02-25T16:04:28.184+0000] {taskinstance.py:1159} INFO - Dependencies all met for dep_context=requeueable deps ti=<TaskInstance: coingecko_ingestion_dag.store_raw_data_in_hdfs scheduled__2025-02-07T00:00:00+00:00 [queued]>
[2025-02-25T16:04:28.186+0000] {taskinstance.py:1361} INFO - Starting attempt 2 of 2
[2025-02-25T16:04:28.210+0000] {taskinstance.py:1382} INFO - Executing <Task(PythonOperator): store_raw_data_in_hdfs> on 2025-02-07 00:00:00+00:00
[2025-02-25T16:04:28.217+0000] {standard_task_runner.py:57} INFO - Started process 634 to run task
[2025-02-25T16:04:28.223+0000] {standard_task_runner.py:84} INFO - Running: ['***', 'tasks', 'run', 'coingecko_ingestion_dag', 'store_raw_data_in_hdfs', 'scheduled__2025-02-07T00:00:00+00:00', '--job-id', '143', '--raw', '--subdir', 'DAGS_FOLDER/pipeline.py', '--cfg-path', '/tmp/tmpdy9kg29c']
[2025-02-25T16:04:28.227+0000] {standard_task_runner.py:85} INFO - Job 143: Subtask store_raw_data_in_hdfs
[2025-02-25T16:04:28.317+0000] {task_command.py:415} INFO - Running <TaskInstance: coingecko_ingestion_dag.store_raw_data_in_hdfs scheduled__2025-02-07T00:00:00+00:00 [running]> on host af9744bbb9eb
[2025-02-25T16:04:28.441+0000] {taskinstance.py:1660} INFO - Exporting env vars: AIRFLOW_CTX_DAG_OWNER='etudiant' AIRFLOW_CTX_DAG_ID='coingecko_ingestion_dag' AIRFLOW_CTX_TASK_ID='store_raw_data_in_hdfs' AIRFLOW_CTX_EXECUTION_DATE='2025-02-07T00:00:00+00:00' AIRFLOW_CTX_TRY_NUMBER='2' AIRFLOW_CTX_DAG_RUN_ID='scheduled__2025-02-07T00:00:00+00:00'
[2025-02-25T16:04:28.463+0000] {taskinstance.py:1943} ERROR - Task failed with exception
Traceback (most recent call last):
  File "/home/airflow/.local/lib/python3.8/site-packages/airflow/operators/python.py", line 192, in execute
    return_value = self.execute_callable()
  File "/home/airflow/.local/lib/python3.8/site-packages/airflow/operators/python.py", line 209, in execute_callable
    return self.python_callable(*self.op_args, **self.op_kwargs)
  File "/opt/airflow/dags/pipeline.py", line 39, in store_raw_data_in_hdfs
    with open(local_file, 'w') as f:
PermissionError: [Errno 13] Permission denied: '/mnt/hadoop_data/coingecko_raw.json'
[2025-02-25T16:04:28.479+0000] {taskinstance.py:1400} INFO - Marking task as FAILED. dag_id=coingecko_ingestion_dag, task_id=store_raw_data_in_hdfs, execution_date=20250207T000000, start_date=20250225T160428, end_date=20250225T160428
[2025-02-25T16:04:28.498+0000] {standard_task_runner.py:104} ERROR - Failed to execute job 143 for task store_raw_data_in_hdfs ([Errno 13] Permission denied: '/mnt/hadoop_data/coingecko_raw.json'; 634)
[2025-02-25T16:04:28.527+0000] {local_task_job_runner.py:228} INFO - Task exited with return code 1
[2025-02-25T16:04:28.550+0000] {taskinstance.py:2784} INFO - 0 downstream tasks scheduled from follow-on schedule check
