[2025-02-24T17:25:40.881+0000] {taskinstance.py:1159} INFO - Dependencies all met for dep_context=non-requeueable deps ti=<TaskInstance: coingecko_ingestion_dag.fetch_data scheduled__2025-02-17T00:00:00+00:00 [queued]>
[2025-02-24T17:25:40.915+0000] {taskinstance.py:1159} INFO - Dependencies all met for dep_context=requeueable deps ti=<TaskInstance: coingecko_ingestion_dag.fetch_data scheduled__2025-02-17T00:00:00+00:00 [queued]>
[2025-02-24T17:25:40.919+0000] {taskinstance.py:1361} INFO - Starting attempt 1 of 2
[2025-02-24T17:25:41.106+0000] {taskinstance.py:1382} INFO - Executing <Task(PythonOperator): fetch_data> on 2025-02-17 00:00:00+00:00
[2025-02-24T17:25:41.129+0000] {standard_task_runner.py:57} INFO - Started process 905 to run task
[2025-02-24T17:25:41.134+0000] {standard_task_runner.py:84} INFO - Running: ['***', 'tasks', 'run', 'coingecko_ingestion_dag', 'fetch_data', 'scheduled__2025-02-17T00:00:00+00:00', '--job-id', '122', '--raw', '--subdir', 'DAGS_FOLDER/test.py', '--cfg-path', '/tmp/tmp12z8g9yi']
[2025-02-24T17:25:41.149+0000] {standard_task_runner.py:85} INFO - Job 122: Subtask fetch_data
[2025-02-24T17:25:41.262+0000] {task_command.py:415} INFO - Running <TaskInstance: coingecko_ingestion_dag.fetch_data scheduled__2025-02-17T00:00:00+00:00 [running]> on host 85b967fd3989
[2025-02-24T17:25:41.402+0000] {taskinstance.py:1660} INFO - Exporting env vars: AIRFLOW_CTX_DAG_OWNER='etudiant' AIRFLOW_CTX_DAG_ID='coingecko_ingestion_dag' AIRFLOW_CTX_TASK_ID='fetch_data' AIRFLOW_CTX_EXECUTION_DATE='2025-02-17T00:00:00+00:00' AIRFLOW_CTX_TRY_NUMBER='1' AIRFLOW_CTX_DAG_RUN_ID='scheduled__2025-02-17T00:00:00+00:00'
[2025-02-24T17:25:41.585+0000] {python.py:194} INFO - Done. Returned value was: None
[2025-02-24T17:25:41.599+0000] {taskinstance.py:1400} INFO - Marking task as SUCCESS. dag_id=coingecko_ingestion_dag, task_id=fetch_data, execution_date=20250217T000000, start_date=20250224T172540, end_date=20250224T172541
[2025-02-24T17:25:41.617+0000] {local_task_job_runner.py:228} INFO - Task exited with return code 0
[2025-02-24T17:25:41.637+0000] {taskinstance.py:2784} INFO - 1 downstream tasks scheduled from follow-on schedule check
[2025-02-25T16:03:58.796+0000] {taskinstance.py:1159} INFO - Dependencies all met for dep_context=non-requeueable deps ti=<TaskInstance: coingecko_ingestion_dag.fetch_data scheduled__2025-02-17T00:00:00+00:00 [queued]>
[2025-02-25T16:03:58.806+0000] {taskinstance.py:1159} INFO - Dependencies all met for dep_context=requeueable deps ti=<TaskInstance: coingecko_ingestion_dag.fetch_data scheduled__2025-02-17T00:00:00+00:00 [queued]>
[2025-02-25T16:03:58.807+0000] {taskinstance.py:1361} INFO - Starting attempt 1 of 2
[2025-02-25T16:03:58.822+0000] {taskinstance.py:1382} INFO - Executing <Task(PythonOperator): fetch_data> on 2025-02-17 00:00:00+00:00
[2025-02-25T16:03:58.829+0000] {standard_task_runner.py:57} INFO - Started process 607 to run task
[2025-02-25T16:03:58.832+0000] {standard_task_runner.py:84} INFO - Running: ['***', 'tasks', 'run', 'coingecko_ingestion_dag', 'fetch_data', 'scheduled__2025-02-17T00:00:00+00:00', '--job-id', '132', '--raw', '--subdir', 'DAGS_FOLDER/pipeline.py', '--cfg-path', '/tmp/tmpqgvejx3c']
[2025-02-25T16:03:58.835+0000] {standard_task_runner.py:85} INFO - Job 132: Subtask fetch_data
[2025-02-25T16:03:58.880+0000] {task_command.py:415} INFO - Running <TaskInstance: coingecko_ingestion_dag.fetch_data scheduled__2025-02-17T00:00:00+00:00 [running]> on host af9744bbb9eb
[2025-02-25T16:03:58.955+0000] {taskinstance.py:1660} INFO - Exporting env vars: AIRFLOW_CTX_DAG_OWNER='etudiant' AIRFLOW_CTX_DAG_ID='coingecko_ingestion_dag' AIRFLOW_CTX_TASK_ID='fetch_data' AIRFLOW_CTX_EXECUTION_DATE='2025-02-17T00:00:00+00:00' AIRFLOW_CTX_TRY_NUMBER='1' AIRFLOW_CTX_DAG_RUN_ID='scheduled__2025-02-17T00:00:00+00:00'
[2025-02-25T16:04:04.591+0000] {python.py:194} INFO - Done. Returned value was: None
[2025-02-25T16:04:04.601+0000] {taskinstance.py:1400} INFO - Marking task as SUCCESS. dag_id=coingecko_ingestion_dag, task_id=fetch_data, execution_date=20250217T000000, start_date=20250225T160358, end_date=20250225T160404
[2025-02-25T16:04:04.624+0000] {local_task_job_runner.py:228} INFO - Task exited with return code 0
[2025-02-25T16:04:04.640+0000] {taskinstance.py:2784} INFO - 1 downstream tasks scheduled from follow-on schedule check
