[2025-02-24T17:25:36.497+0000] {taskinstance.py:1159} INFO - Dependencies all met for dep_context=non-requeueable deps ti=<TaskInstance: coingecko_ingestion_dag.fetch_data scheduled__2025-02-10T00:00:00+00:00 [queued]>
[2025-02-24T17:25:36.527+0000] {taskinstance.py:1159} INFO - Dependencies all met for dep_context=requeueable deps ti=<TaskInstance: coingecko_ingestion_dag.fetch_data scheduled__2025-02-10T00:00:00+00:00 [queued]>
[2025-02-24T17:25:36.529+0000] {taskinstance.py:1361} INFO - Starting attempt 1 of 2
[2025-02-24T17:25:36.573+0000] {taskinstance.py:1382} INFO - Executing <Task(PythonOperator): fetch_data> on 2025-02-10 00:00:00+00:00
[2025-02-24T17:25:36.581+0000] {standard_task_runner.py:57} INFO - Started process 873 to run task
[2025-02-24T17:25:36.589+0000] {standard_task_runner.py:84} INFO - Running: ['***', 'tasks', 'run', 'coingecko_ingestion_dag', 'fetch_data', 'scheduled__2025-02-10T00:00:00+00:00', '--job-id', '106', '--raw', '--subdir', 'DAGS_FOLDER/test.py', '--cfg-path', '/tmp/tmp9ki_e86o']
[2025-02-24T17:25:36.614+0000] {standard_task_runner.py:85} INFO - Job 106: Subtask fetch_data
[2025-02-24T17:25:36.868+0000] {task_command.py:415} INFO - Running <TaskInstance: coingecko_ingestion_dag.fetch_data scheduled__2025-02-10T00:00:00+00:00 [running]> on host 85b967fd3989
[2025-02-24T17:25:37.103+0000] {taskinstance.py:1660} INFO - Exporting env vars: AIRFLOW_CTX_DAG_OWNER='etudiant' AIRFLOW_CTX_DAG_ID='coingecko_ingestion_dag' AIRFLOW_CTX_TASK_ID='fetch_data' AIRFLOW_CTX_EXECUTION_DATE='2025-02-10T00:00:00+00:00' AIRFLOW_CTX_TRY_NUMBER='1' AIRFLOW_CTX_DAG_RUN_ID='scheduled__2025-02-10T00:00:00+00:00'
[2025-02-24T17:25:37.433+0000] {python.py:194} INFO - Done. Returned value was: None
[2025-02-24T17:25:37.469+0000] {taskinstance.py:1400} INFO - Marking task as SUCCESS. dag_id=coingecko_ingestion_dag, task_id=fetch_data, execution_date=20250210T000000, start_date=20250224T172536, end_date=20250224T172537
[2025-02-24T17:25:37.575+0000] {local_task_job_runner.py:228} INFO - Task exited with return code 0
[2025-02-24T17:25:37.803+0000] {taskinstance.py:2784} INFO - 0 downstream tasks scheduled from follow-on schedule check
[2025-02-25T15:59:01.454+0000] {taskinstance.py:1159} INFO - Dependencies all met for dep_context=non-requeueable deps ti=<TaskInstance: coingecko_ingestion_dag.fetch_data scheduled__2025-02-10T00:00:00+00:00 [queued]>
[2025-02-25T15:59:01.481+0000] {taskinstance.py:1159} INFO - Dependencies all met for dep_context=requeueable deps ti=<TaskInstance: coingecko_ingestion_dag.fetch_data scheduled__2025-02-10T00:00:00+00:00 [queued]>
[2025-02-25T15:59:01.490+0000] {taskinstance.py:1361} INFO - Starting attempt 1 of 2
[2025-02-25T15:59:01.727+0000] {taskinstance.py:1382} INFO - Executing <Task(PythonOperator): fetch_data> on 2025-02-10 00:00:00+00:00
[2025-02-25T15:59:01.738+0000] {standard_task_runner.py:57} INFO - Started process 517 to run task
[2025-02-25T15:59:01.748+0000] {standard_task_runner.py:84} INFO - Running: ['***', 'tasks', 'run', 'coingecko_ingestion_dag', 'fetch_data', 'scheduled__2025-02-10T00:00:00+00:00', '--job-id', '108', '--raw', '--subdir', 'DAGS_FOLDER/pipeline.py', '--cfg-path', '/tmp/tmp1a5_2w5s']
[2025-02-25T15:59:01.752+0000] {standard_task_runner.py:85} INFO - Job 108: Subtask fetch_data
[2025-02-25T15:59:01.901+0000] {task_command.py:415} INFO - Running <TaskInstance: coingecko_ingestion_dag.fetch_data scheduled__2025-02-10T00:00:00+00:00 [running]> on host af9744bbb9eb
[2025-02-25T15:59:02.060+0000] {taskinstance.py:1660} INFO - Exporting env vars: AIRFLOW_CTX_DAG_OWNER='etudiant' AIRFLOW_CTX_DAG_ID='coingecko_ingestion_dag' AIRFLOW_CTX_TASK_ID='fetch_data' AIRFLOW_CTX_EXECUTION_DATE='2025-02-10T00:00:00+00:00' AIRFLOW_CTX_TRY_NUMBER='1' AIRFLOW_CTX_DAG_RUN_ID='scheduled__2025-02-10T00:00:00+00:00'
[2025-02-25T15:59:02.382+0000] {python.py:194} INFO - Done. Returned value was: None
[2025-02-25T15:59:02.406+0000] {taskinstance.py:1400} INFO - Marking task as SUCCESS. dag_id=coingecko_ingestion_dag, task_id=fetch_data, execution_date=20250210T000000, start_date=20250225T155901, end_date=20250225T155902
[2025-02-25T15:59:02.589+0000] {local_task_job_runner.py:228} INFO - Task exited with return code 0
[2025-02-25T15:59:25.286+0000] {taskinstance.py:2784} INFO - 0 downstream tasks scheduled from follow-on schedule check
