[2025-02-25T09:51:24.085+0000] {taskinstance.py:1159} INFO - Dependencies all met for dep_context=non-requeueable deps ti=<TaskInstance: coingecko_ingestion_dag.store_raw_data_in_hdfs manual__2025-02-25T09:46:20.399579+00:00 [queued]>
[2025-02-25T09:51:24.104+0000] {taskinstance.py:1159} INFO - Dependencies all met for dep_context=requeueable deps ti=<TaskInstance: coingecko_ingestion_dag.store_raw_data_in_hdfs manual__2025-02-25T09:46:20.399579+00:00 [queued]>
[2025-02-25T09:51:24.105+0000] {taskinstance.py:1361} INFO - Starting attempt 2 of 2
[2025-02-25T09:51:24.121+0000] {taskinstance.py:1382} INFO - Executing <Task(PythonOperator): store_raw_data_in_hdfs> on 2025-02-25 09:46:20.399579+00:00
[2025-02-25T09:51:24.134+0000] {standard_task_runner.py:57} INFO - Started process 728 to run task
[2025-02-25T09:51:24.137+0000] {standard_task_runner.py:84} INFO - Running: ['***', 'tasks', 'run', 'coingecko_ingestion_dag', 'store_raw_data_in_hdfs', 'manual__2025-02-25T09:46:20.399579+00:00', '--job-id', '176', '--raw', '--subdir', 'DAGS_FOLDER/test.py', '--cfg-path', '/tmp/tmp3cd4s9rl']
[2025-02-25T09:51:24.148+0000] {standard_task_runner.py:85} INFO - Job 176: Subtask store_raw_data_in_hdfs
[2025-02-25T09:51:24.234+0000] {task_command.py:415} INFO - Running <TaskInstance: coingecko_ingestion_dag.store_raw_data_in_hdfs manual__2025-02-25T09:46:20.399579+00:00 [running]> on host 85b967fd3989
[2025-02-25T09:51:24.331+0000] {taskinstance.py:1660} INFO - Exporting env vars: AIRFLOW_CTX_DAG_OWNER='etudiant' AIRFLOW_CTX_DAG_ID='coingecko_ingestion_dag' AIRFLOW_CTX_TASK_ID='store_raw_data_in_hdfs' AIRFLOW_CTX_EXECUTION_DATE='2025-02-25T09:46:20.399579+00:00' AIRFLOW_CTX_TRY_NUMBER='2' AIRFLOW_CTX_DAG_RUN_ID='manual__2025-02-25T09:46:20.399579+00:00'
[2025-02-25T09:51:24.351+0000] {taskinstance.py:1943} ERROR - Task failed with exception
Traceback (most recent call last):
  File "/home/airflow/.local/lib/python3.8/site-packages/airflow/operators/python.py", line 192, in execute
    return_value = self.execute_callable()
  File "/home/airflow/.local/lib/python3.8/site-packages/airflow/operators/python.py", line 209, in execute_callable
    return self.python_callable(*self.op_args, **self.op_kwargs)
  File "/opt/airflow/dags/test.py", line 38, in store_raw_data_in_hdfs
    with open(local_file, 'w') as f:
PermissionError: [Errno 13] Permission denied: '/mnt/hadoop_data/coingecko_raw.json'
[2025-02-25T09:51:24.366+0000] {taskinstance.py:1400} INFO - Marking task as FAILED. dag_id=coingecko_ingestion_dag, task_id=store_raw_data_in_hdfs, execution_date=20250225T094620, start_date=20250225T095124, end_date=20250225T095124
[2025-02-25T09:51:24.383+0000] {standard_task_runner.py:104} ERROR - Failed to execute job 176 for task store_raw_data_in_hdfs ([Errno 13] Permission denied: '/mnt/hadoop_data/coingecko_raw.json'; 728)
[2025-02-25T09:51:24.399+0000] {local_task_job_runner.py:228} INFO - Task exited with return code 1
[2025-02-25T09:51:24.432+0000] {taskinstance.py:2784} INFO - 0 downstream tasks scheduled from follow-on schedule check
