[2025-02-27T20:45:07.012+0000] {taskinstance.py:1159} INFO - Dependencies all met for dep_context=non-requeueable deps ti=<TaskInstance: coingecko_ingestion_dag.run_mapreduce_job manual__2025-02-27T20:29:16.247377+00:00 [queued]>
[2025-02-27T20:45:07.043+0000] {taskinstance.py:1159} INFO - Dependencies all met for dep_context=requeueable deps ti=<TaskInstance: coingecko_ingestion_dag.run_mapreduce_job manual__2025-02-27T20:29:16.247377+00:00 [queued]>
[2025-02-27T20:45:07.046+0000] {taskinstance.py:1361} INFO - Starting attempt 4 of 4
[2025-02-27T20:45:07.083+0000] {taskinstance.py:1382} INFO - Executing <Task(BashOperator): run_mapreduce_job> on 2025-02-27 20:29:16.247377+00:00
[2025-02-27T20:45:07.089+0000] {standard_task_runner.py:57} INFO - Started process 381 to run task
[2025-02-27T20:45:07.093+0000] {standard_task_runner.py:84} INFO - Running: ['***', 'tasks', 'run', 'coingecko_ingestion_dag', 'run_mapreduce_job', 'manual__2025-02-27T20:29:16.247377+00:00', '--job-id', '430', '--raw', '--subdir', 'DAGS_FOLDER/pipeline.py', '--cfg-path', '/tmp/tmp3zjl04cw']
[2025-02-27T20:45:07.095+0000] {standard_task_runner.py:85} INFO - Job 430: Subtask run_mapreduce_job
[2025-02-27T20:45:07.161+0000] {task_command.py:415} INFO - Running <TaskInstance: coingecko_ingestion_dag.run_mapreduce_job manual__2025-02-27T20:29:16.247377+00:00 [running]> on host 5ac55183c16c
[2025-02-27T20:45:07.268+0000] {logging_mixin.py:151} WARNING - /home/***/.local/lib/python3.8/site-packages/***/utils/context.py:206 AirflowContextDeprecationWarning: Accessing 'execution_date' from the template is deprecated and will be removed in a future version. Please use 'data_interval_start' or 'logical_date' instead.
[2025-02-27T20:45:07.325+0000] {taskinstance.py:1660} INFO - Exporting env vars: AIRFLOW_CTX_DAG_OWNER='etudiant' AIRFLOW_CTX_DAG_ID='coingecko_ingestion_dag' AIRFLOW_CTX_TASK_ID='run_mapreduce_job' AIRFLOW_CTX_EXECUTION_DATE='2025-02-27T20:29:16.247377+00:00' AIRFLOW_CTX_TRY_NUMBER='4' AIRFLOW_CTX_DAG_RUN_ID='manual__2025-02-27T20:29:16.247377+00:00'
[2025-02-27T20:45:07.328+0000] {subprocess.py:63} INFO - Tmp dir root location: /tmp
[2025-02-27T20:45:07.329+0000] {subprocess.py:75} INFO - Running command: ['/bin/bash', '-c', '\n        # نفحصو إذا المجلد موجود ونمسحوه إذا كان موجود\n        OUTPUT_DIR="/user/etudiant/crypto/processed/YYYY=2025/MM=02/DD=27"\n        docker exec -i namenode bash -c "hdfs dfs -test -d $OUTPUT_DIR && hdfs dfs -rm -r $OUTPUT_DIR || echo \'Directory does not exist, proceeding...\'"\n\n        # نشغلو MapReduce\n        docker exec -i namenode         hadoop jar /opt/hadoop-3.2.1/share/hadoop/tools/lib/hadoop-streaming-3.2.1.jar         -input /user/etudiant/crypto/raw/YYYY=2025/MM=02/DD=27/coingecko_raw.json         -output $OUTPUT_DIR         -mapper "python3 /tmp/mapper.py"         -reducer "python3 /tmp/reducer.py"\n\n        # نفحصو إذا المخرجات تكتبات بنجاح\n        docker exec -i namenode hdfs dfs -test -e $OUTPUT_DIR/part-00000 || (echo "MapReduce failed to produce output" && exit 1)\n        ']
[2025-02-27T20:45:07.346+0000] {subprocess.py:86} INFO - Output:
[2025-02-27T20:45:11.273+0000] {subprocess.py:93} INFO - Deleted /user/etudiant/crypto/processed/YYYY=2025/MM=02/DD=27
[2025-02-27T20:45:14.281+0000] {subprocess.py:93} INFO - 2025-02-27 20:45:14,280 INFO impl.MetricsConfig: Loaded properties from hadoop-metrics2.properties
[2025-02-27T20:45:14.348+0000] {subprocess.py:93} INFO - 2025-02-27 20:45:14,346 INFO impl.MetricsSystemImpl: Scheduled Metric snapshot period at 10 second(s).
[2025-02-27T20:45:14.348+0000] {subprocess.py:93} INFO - 2025-02-27 20:45:14,346 INFO impl.MetricsSystemImpl: JobTracker metrics system started
[2025-02-27T20:45:14.368+0000] {subprocess.py:93} INFO - 2025-02-27 20:45:14,367 WARN impl.MetricsSystemImpl: JobTracker metrics system already initialized!
[2025-02-27T20:45:14.886+0000] {subprocess.py:93} INFO - 2025-02-27 20:45:14,884 INFO mapred.FileInputFormat: Total input files to process : 1
[2025-02-27T20:45:14.984+0000] {subprocess.py:93} INFO - 2025-02-27 20:45:14,982 INFO mapreduce.JobSubmitter: number of splits:1
[2025-02-27T20:45:15.238+0000] {subprocess.py:93} INFO - 2025-02-27 20:45:15,236 INFO mapreduce.JobSubmitter: Submitting tokens for job: job_local562425984_0001
[2025-02-27T20:45:15.249+0000] {subprocess.py:93} INFO - 2025-02-27 20:45:15,237 INFO mapreduce.JobSubmitter: Executing with tokens: []
[2025-02-27T20:45:15.487+0000] {subprocess.py:93} INFO - 2025-02-27 20:45:15,485 INFO mapreduce.Job: The url to track the job: http://localhost:8080/
[2025-02-27T20:45:15.493+0000] {subprocess.py:93} INFO - 2025-02-27 20:45:15,488 INFO mapred.LocalJobRunner: OutputCommitter set in config null
[2025-02-27T20:45:15.499+0000] {subprocess.py:93} INFO - 2025-02-27 20:45:15,488 INFO mapreduce.Job: Running job: job_local562425984_0001
[2025-02-27T20:45:15.500+0000] {subprocess.py:93} INFO - 2025-02-27 20:45:15,490 INFO mapred.LocalJobRunner: OutputCommitter is org.apache.hadoop.mapred.FileOutputCommitter
[2025-02-27T20:45:15.509+0000] {subprocess.py:93} INFO - 2025-02-27 20:45:15,505 INFO output.FileOutputCommitter: File Output Committer Algorithm version is 2
[2025-02-27T20:45:15.511+0000] {subprocess.py:93} INFO - 2025-02-27 20:45:15,505 INFO output.FileOutputCommitter: FileOutputCommitter skip cleanup _temporary folders under output directory:false, ignore cleanup failures: false
[2025-02-27T20:45:15.565+0000] {subprocess.py:93} INFO - 2025-02-27 20:45:15,563 INFO mapred.LocalJobRunner: Waiting for map tasks
[2025-02-27T20:45:15.569+0000] {subprocess.py:93} INFO - 2025-02-27 20:45:15,568 INFO mapred.LocalJobRunner: Starting task: attempt_local562425984_0001_m_000000_0
[2025-02-27T20:45:15.609+0000] {subprocess.py:93} INFO - 2025-02-27 20:45:15,605 INFO output.FileOutputCommitter: File Output Committer Algorithm version is 2
[2025-02-27T20:45:15.611+0000] {subprocess.py:93} INFO - 2025-02-27 20:45:15,605 INFO output.FileOutputCommitter: FileOutputCommitter skip cleanup _temporary folders under output directory:false, ignore cleanup failures: false
[2025-02-27T20:45:15.632+0000] {subprocess.py:93} INFO - 2025-02-27 20:45:15,631 INFO mapred.Task:  Using ResourceCalculatorProcessTree : [ ]
[2025-02-27T20:45:15.648+0000] {subprocess.py:93} INFO - 2025-02-27 20:45:15,646 INFO mapred.MapTask: Processing split: hdfs://namenode:9000/user/etudiant/crypto/raw/YYYY=2025/MM=02/DD=27/coingecko_raw.json:0+84993
[2025-02-27T20:45:15.673+0000] {subprocess.py:93} INFO - 2025-02-27 20:45:15,671 INFO mapred.MapTask: numReduceTasks: 1
[2025-02-27T20:45:15.751+0000] {subprocess.py:93} INFO - 2025-02-27 20:45:15,749 INFO mapred.MapTask: (EQUATOR) 0 kvi 26214396(104857584)
[2025-02-27T20:45:15.755+0000] {subprocess.py:93} INFO - 2025-02-27 20:45:15,749 INFO mapred.MapTask: mapreduce.task.io.sort.mb: 100
[2025-02-27T20:45:15.758+0000] {subprocess.py:93} INFO - 2025-02-27 20:45:15,749 INFO mapred.MapTask: soft limit at 83886080
[2025-02-27T20:45:15.760+0000] {subprocess.py:93} INFO - 2025-02-27 20:45:15,750 INFO mapred.MapTask: bufstart = 0; bufvoid = 104857600
[2025-02-27T20:45:15.762+0000] {subprocess.py:93} INFO - 2025-02-27 20:45:15,750 INFO mapred.MapTask: kvstart = 26214396; length = 6553600
[2025-02-27T20:45:15.763+0000] {subprocess.py:93} INFO - 2025-02-27 20:45:15,756 INFO mapred.MapTask: Map output collector class = org.apache.hadoop.mapred.MapTask$MapOutputBuffer
[2025-02-27T20:45:15.771+0000] {subprocess.py:93} INFO - 2025-02-27 20:45:15,770 INFO streaming.PipeMapRed: PipeMapRed exec [/usr/bin/python3, /tmp/mapper.py]
[2025-02-27T20:45:15.786+0000] {subprocess.py:93} INFO - 2025-02-27 20:45:15,778 INFO Configuration.deprecation: mapred.work.output.dir is deprecated. Instead, use mapreduce.task.output.dir
[2025-02-27T20:45:15.787+0000] {subprocess.py:93} INFO - 2025-02-27 20:45:15,780 INFO Configuration.deprecation: map.input.start is deprecated. Instead, use mapreduce.map.input.start
[2025-02-27T20:45:15.788+0000] {subprocess.py:93} INFO - 2025-02-27 20:45:15,780 INFO Configuration.deprecation: mapred.task.is.map is deprecated. Instead, use mapreduce.task.ismap
[2025-02-27T20:45:15.791+0000] {subprocess.py:93} INFO - 2025-02-27 20:45:15,781 INFO Configuration.deprecation: mapred.task.id is deprecated. Instead, use mapreduce.task.attempt.id
[2025-02-27T20:45:15.792+0000] {subprocess.py:93} INFO - 2025-02-27 20:45:15,781 INFO Configuration.deprecation: mapred.tip.id is deprecated. Instead, use mapreduce.task.id
[2025-02-27T20:45:15.793+0000] {subprocess.py:93} INFO - 2025-02-27 20:45:15,781 INFO Configuration.deprecation: mapred.local.dir is deprecated. Instead, use mapreduce.cluster.local.dir
[2025-02-27T20:45:15.795+0000] {subprocess.py:93} INFO - 2025-02-27 20:45:15,782 INFO Configuration.deprecation: map.input.file is deprecated. Instead, use mapreduce.map.input.file
[2025-02-27T20:45:15.797+0000] {subprocess.py:93} INFO - 2025-02-27 20:45:15,782 INFO Configuration.deprecation: mapred.skip.on is deprecated. Instead, use mapreduce.job.skiprecords
[2025-02-27T20:45:15.800+0000] {subprocess.py:93} INFO - 2025-02-27 20:45:15,783 INFO Configuration.deprecation: map.input.length is deprecated. Instead, use mapreduce.map.input.length
[2025-02-27T20:45:15.804+0000] {subprocess.py:93} INFO - 2025-02-27 20:45:15,784 INFO Configuration.deprecation: mapred.job.id is deprecated. Instead, use mapreduce.job.id
[2025-02-27T20:45:15.805+0000] {subprocess.py:93} INFO - 2025-02-27 20:45:15,784 INFO Configuration.deprecation: user.name is deprecated. Instead, use mapreduce.job.user.name
[2025-02-27T20:45:15.807+0000] {subprocess.py:93} INFO - 2025-02-27 20:45:15,785 INFO Configuration.deprecation: mapred.task.partition is deprecated. Instead, use mapreduce.task.partition
[2025-02-27T20:45:15.837+0000] {subprocess.py:93} INFO - 2025-02-27 20:45:15,834 INFO sasl.SaslDataTransferClient: SASL encryption trust check: localHostTrusted = false, remoteHostTrusted = false
[2025-02-27T20:45:15.946+0000] {subprocess.py:93} INFO - 2025-02-27 20:45:15,943 INFO streaming.PipeMapRed: R/W/S=1/0/0 in:NA [rec/s] out:NA [rec/s]
[2025-02-27T20:45:15.955+0000] {subprocess.py:93} INFO - 2025-02-27 20:45:15,953 INFO streaming.PipeMapRed: Records R/W=1/1
[2025-02-27T20:45:15.959+0000] {subprocess.py:93} INFO - 2025-02-27 20:45:15,954 INFO streaming.PipeMapRed: MRErrorThread done
[2025-02-27T20:45:15.963+0000] {subprocess.py:93} INFO - 2025-02-27 20:45:15,955 INFO streaming.PipeMapRed: mapRedFinished
[2025-02-27T20:45:15.970+0000] {subprocess.py:93} INFO - 2025-02-27 20:45:15,965 INFO mapred.LocalJobRunner:
[2025-02-27T20:45:15.971+0000] {subprocess.py:93} INFO - 2025-02-27 20:45:15,965 INFO mapred.MapTask: Starting flush of map output
[2025-02-27T20:45:15.971+0000] {subprocess.py:93} INFO - 2025-02-27 20:45:15,965 INFO mapred.MapTask: Spilling map output
[2025-02-27T20:45:15.971+0000] {subprocess.py:93} INFO - 2025-02-27 20:45:15,965 INFO mapred.MapTask: bufstart = 0; bufend = 4760; bufvoid = 104857600
[2025-02-27T20:45:15.972+0000] {subprocess.py:93} INFO - 2025-02-27 20:45:15,965 INFO mapred.MapTask: kvstart = 26214396(104857584); kvend = 26214000(104856000); length = 397/6553600
[2025-02-27T20:45:16.009+0000] {subprocess.py:93} INFO - 2025-02-27 20:45:16,002 INFO mapred.MapTask: Finished spill 0
[2025-02-27T20:45:16.041+0000] {subprocess.py:93} INFO - 2025-02-27 20:45:16,037 INFO mapred.Task: Task:attempt_local562425984_0001_m_000000_0 is done. And is in the process of committing
[2025-02-27T20:45:16.050+0000] {subprocess.py:93} INFO - 2025-02-27 20:45:16,047 INFO mapred.LocalJobRunner: Records R/W=1/1
[2025-02-27T20:45:16.051+0000] {subprocess.py:93} INFO - 2025-02-27 20:45:16,047 INFO mapred.Task: Task 'attempt_local562425984_0001_m_000000_0' done.
[2025-02-27T20:45:16.066+0000] {subprocess.py:93} INFO - 2025-02-27 20:45:16,063 INFO mapred.Task: Final Counters for attempt_local562425984_0001_m_000000_0: Counters: 23
[2025-02-27T20:45:16.067+0000] {subprocess.py:93} INFO - 	File System Counters
[2025-02-27T20:45:16.068+0000] {subprocess.py:93} INFO - 		FILE: Number of bytes read=176794
[2025-02-27T20:45:16.068+0000] {subprocess.py:93} INFO - 		FILE: Number of bytes written=708347
[2025-02-27T20:45:16.069+0000] {subprocess.py:93} INFO - 		FILE: Number of read operations=0
[2025-02-27T20:45:16.070+0000] {subprocess.py:93} INFO - 		FILE: Number of large read operations=0
[2025-02-27T20:45:16.073+0000] {subprocess.py:93} INFO - 		FILE: Number of write operations=0
[2025-02-27T20:45:16.078+0000] {subprocess.py:93} INFO - 		HDFS: Number of bytes read=84993
[2025-02-27T20:45:16.083+0000] {subprocess.py:93} INFO - 		HDFS: Number of bytes written=0
[2025-02-27T20:45:16.084+0000] {subprocess.py:93} INFO - 		HDFS: Number of read operations=5
[2025-02-27T20:45:16.085+0000] {subprocess.py:93} INFO - 		HDFS: Number of large read operations=0
[2025-02-27T20:45:16.086+0000] {subprocess.py:93} INFO - 		HDFS: Number of write operations=1
[2025-02-27T20:45:16.087+0000] {subprocess.py:93} INFO - 		HDFS: Number of bytes read erasure-coded=0
[2025-02-27T20:45:16.087+0000] {subprocess.py:93} INFO - 	Map-Reduce Framework
[2025-02-27T20:45:16.089+0000] {subprocess.py:93} INFO - 		Map input records=1
[2025-02-27T20:45:16.091+0000] {subprocess.py:93} INFO - 		Map output records=100
[2025-02-27T20:45:16.092+0000] {subprocess.py:93} INFO - 		Map output bytes=4760
[2025-02-27T20:45:16.093+0000] {subprocess.py:93} INFO - 		Map output materialized bytes=4966
[2025-02-27T20:45:16.094+0000] {subprocess.py:93} INFO - 		Input split bytes=138
[2025-02-27T20:45:16.096+0000] {subprocess.py:93} INFO - 		Combine input records=0
[2025-02-27T20:45:16.098+0000] {subprocess.py:93} INFO - 		Spilled Records=100
[2025-02-27T20:45:16.098+0000] {subprocess.py:93} INFO - 		Failed Shuffles=0
[2025-02-27T20:45:16.099+0000] {subprocess.py:93} INFO - 		Merged Map outputs=0
[2025-02-27T20:45:16.100+0000] {subprocess.py:93} INFO - 		GC time elapsed (ms)=0
[2025-02-27T20:45:16.101+0000] {subprocess.py:93} INFO - 		Total committed heap usage (bytes)=268959744
[2025-02-27T20:45:16.102+0000] {subprocess.py:93} INFO - 	File Input Format Counters
[2025-02-27T20:45:16.102+0000] {subprocess.py:93} INFO - 		Bytes Read=84993
[2025-02-27T20:45:16.102+0000] {subprocess.py:93} INFO - 2025-02-27 20:45:16,064 INFO mapred.LocalJobRunner: Finishing task: attempt_local562425984_0001_m_000000_0
[2025-02-27T20:45:16.103+0000] {subprocess.py:93} INFO - 2025-02-27 20:45:16,066 INFO mapred.LocalJobRunner: map task executor complete.
[2025-02-27T20:45:16.103+0000] {subprocess.py:93} INFO - 2025-02-27 20:45:16,082 INFO mapred.LocalJobRunner: Waiting for reduce tasks
[2025-02-27T20:45:16.103+0000] {subprocess.py:93} INFO - 2025-02-27 20:45:16,082 INFO mapred.LocalJobRunner: Starting task: attempt_local562425984_0001_r_000000_0
[2025-02-27T20:45:16.118+0000] {subprocess.py:93} INFO - 2025-02-27 20:45:16,114 INFO output.FileOutputCommitter: File Output Committer Algorithm version is 2
[2025-02-27T20:45:16.121+0000] {subprocess.py:93} INFO - 2025-02-27 20:45:16,114 INFO output.FileOutputCommitter: FileOutputCommitter skip cleanup _temporary folders under output directory:false, ignore cleanup failures: false
[2025-02-27T20:45:16.122+0000] {subprocess.py:93} INFO - 2025-02-27 20:45:16,114 INFO mapred.Task:  Using ResourceCalculatorProcessTree : [ ]
[2025-02-27T20:45:16.123+0000] {subprocess.py:93} INFO - 2025-02-27 20:45:16,117 INFO mapred.ReduceTask: Using ShuffleConsumerPlugin: org.apache.hadoop.mapreduce.task.reduce.Shuffle@693d9afe
[2025-02-27T20:45:16.123+0000] {subprocess.py:93} INFO - 2025-02-27 20:45:16,120 WARN impl.MetricsSystemImpl: JobTracker metrics system already initialized!
[2025-02-27T20:45:16.161+0000] {subprocess.py:93} INFO - 2025-02-27 20:45:16,153 INFO reduce.MergeManagerImpl: MergerManager: memoryLimit=614727680, maxSingleShuffleLimit=153681920, mergeThreshold=405720288, ioSortFactor=10, memToMemMergeOutputsThreshold=10
[2025-02-27T20:45:16.170+0000] {subprocess.py:93} INFO - 2025-02-27 20:45:16,159 INFO reduce.EventFetcher: attempt_local562425984_0001_r_000000_0 Thread started: EventFetcher for fetching Map Completion Events
[2025-02-27T20:45:16.215+0000] {subprocess.py:93} INFO - 2025-02-27 20:45:16,213 INFO reduce.LocalFetcher: localfetcher#1 about to shuffle output of map attempt_local562425984_0001_m_000000_0 decomp: 4962 len: 4966 to MEMORY
[2025-02-27T20:45:16.222+0000] {subprocess.py:93} INFO - 2025-02-27 20:45:16,220 INFO reduce.InMemoryMapOutput: Read 4962 bytes from map-output for attempt_local562425984_0001_m_000000_0
[2025-02-27T20:45:16.231+0000] {subprocess.py:93} INFO - 2025-02-27 20:45:16,223 INFO reduce.MergeManagerImpl: closeInMemoryFile -> map-output of size: 4962, inMemoryMapOutputs.size() -> 1, commitMemory -> 0, usedMemory ->4962
[2025-02-27T20:45:16.233+0000] {subprocess.py:93} INFO - 2025-02-27 20:45:16,231 INFO reduce.EventFetcher: EventFetcher is interrupted.. Returning
[2025-02-27T20:45:16.253+0000] {subprocess.py:93} INFO - 2025-02-27 20:45:16,252 INFO mapred.LocalJobRunner: 1 / 1 copied.
[2025-02-27T20:45:16.254+0000] {subprocess.py:93} INFO - 2025-02-27 20:45:16,252 INFO reduce.MergeManagerImpl: finalMerge called with 1 in-memory map-outputs and 0 on-disk map-outputs
[2025-02-27T20:45:16.272+0000] {subprocess.py:93} INFO - 2025-02-27 20:45:16,269 INFO mapred.Merger: Merging 1 sorted segments
[2025-02-27T20:45:16.274+0000] {subprocess.py:93} INFO - 2025-02-27 20:45:16,269 INFO mapred.Merger: Down to the last merge-pass, with 1 segments left of total size: 4955 bytes
[2025-02-27T20:45:16.280+0000] {subprocess.py:93} INFO - 2025-02-27 20:45:16,279 INFO reduce.MergeManagerImpl: Merged 1 segments, 4962 bytes to disk to satisfy reduce memory limit
[2025-02-27T20:45:16.283+0000] {subprocess.py:93} INFO - 2025-02-27 20:45:16,282 INFO reduce.MergeManagerImpl: Merging 1 files, 4966 bytes from disk
[2025-02-27T20:45:16.284+0000] {subprocess.py:93} INFO - 2025-02-27 20:45:16,283 INFO reduce.MergeManagerImpl: Merging 0 segments, 0 bytes from memory into reduce
[2025-02-27T20:45:16.284+0000] {subprocess.py:93} INFO - 2025-02-27 20:45:16,283 INFO mapred.Merger: Merging 1 sorted segments
[2025-02-27T20:45:16.289+0000] {subprocess.py:93} INFO - 2025-02-27 20:45:16,286 INFO mapred.Merger: Down to the last merge-pass, with 1 segments left of total size: 4955 bytes
[2025-02-27T20:45:16.292+0000] {subprocess.py:93} INFO - 2025-02-27 20:45:16,287 INFO mapred.LocalJobRunner: 1 / 1 copied.
[2025-02-27T20:45:16.298+0000] {subprocess.py:93} INFO - 2025-02-27 20:45:16,298 INFO streaming.PipeMapRed: PipeMapRed exec [/usr/bin/python3, /tmp/reducer.py]
[2025-02-27T20:45:16.302+0000] {subprocess.py:93} INFO - 2025-02-27 20:45:16,301 INFO Configuration.deprecation: mapred.job.tracker is deprecated. Instead, use mapreduce.jobtracker.address
[2025-02-27T20:45:16.304+0000] {subprocess.py:93} INFO - 2025-02-27 20:45:16,302 INFO Configuration.deprecation: mapred.map.tasks is deprecated. Instead, use mapreduce.job.maps
[2025-02-27T20:45:16.425+0000] {subprocess.py:93} INFO - 2025-02-27 20:45:16,422 INFO streaming.PipeMapRed: R/W/S=1/0/0 in:NA [rec/s] out:NA [rec/s]
[2025-02-27T20:45:16.426+0000] {subprocess.py:93} INFO - 2025-02-27 20:45:16,423 INFO streaming.PipeMapRed: R/W/S=10/0/0 in:NA [rec/s] out:NA [rec/s]
[2025-02-27T20:45:16.430+0000] {subprocess.py:93} INFO - 2025-02-27 20:45:16,429 INFO streaming.PipeMapRed: R/W/S=100/0/0 in:NA [rec/s] out:NA [rec/s]
[2025-02-27T20:45:16.435+0000] {subprocess.py:93} INFO - 2025-02-27 20:45:16,433 INFO streaming.PipeMapRed: Records R/W=100/1
[2025-02-27T20:45:16.438+0000] {subprocess.py:93} INFO - 2025-02-27 20:45:16,437 INFO streaming.PipeMapRed: MRErrorThread done
[2025-02-27T20:45:16.441+0000] {subprocess.py:93} INFO - 2025-02-27 20:45:16,440 INFO streaming.PipeMapRed: mapRedFinished
[2025-02-27T20:45:16.469+0000] {subprocess.py:93} INFO - 2025-02-27 20:45:16,468 INFO sasl.SaslDataTransferClient: SASL encryption trust check: localHostTrusted = false, remoteHostTrusted = false
[2025-02-27T20:45:16.500+0000] {subprocess.py:93} INFO - 2025-02-27 20:45:16,499 INFO mapreduce.Job: Job job_local562425984_0001 running in uber mode : false
[2025-02-27T20:45:16.502+0000] {subprocess.py:93} INFO - 2025-02-27 20:45:16,500 INFO mapreduce.Job:  map 100% reduce 0%
[2025-02-27T20:45:16.514+0000] {subprocess.py:93} INFO - 2025-02-27 20:45:16,512 INFO mapred.Task: Task:attempt_local562425984_0001_r_000000_0 is done. And is in the process of committing
[2025-02-27T20:45:16.516+0000] {subprocess.py:93} INFO - 2025-02-27 20:45:16,515 INFO mapred.LocalJobRunner: 1 / 1 copied.
[2025-02-27T20:45:16.517+0000] {subprocess.py:93} INFO - 2025-02-27 20:45:16,515 INFO mapred.Task: Task attempt_local562425984_0001_r_000000_0 is allowed to commit now
[2025-02-27T20:45:16.541+0000] {subprocess.py:93} INFO - 2025-02-27 20:45:16,540 INFO output.FileOutputCommitter: Saved output of task 'attempt_local562425984_0001_r_000000_0' to hdfs://namenode:9000/user/etudiant/crypto/processed/YYYY=2025/MM=02/DD=27
[2025-02-27T20:45:16.543+0000] {subprocess.py:93} INFO - 2025-02-27 20:45:16,541 INFO mapred.LocalJobRunner: Records R/W=100/1 > reduce
[2025-02-27T20:45:16.543+0000] {subprocess.py:93} INFO - 2025-02-27 20:45:16,541 INFO mapred.Task: Task 'attempt_local562425984_0001_r_000000_0' done.
[2025-02-27T20:45:16.545+0000] {subprocess.py:93} INFO - 2025-02-27 20:45:16,542 INFO mapred.Task: Final Counters for attempt_local562425984_0001_r_000000_0: Counters: 30
[2025-02-27T20:45:16.545+0000] {subprocess.py:93} INFO - 	File System Counters
[2025-02-27T20:45:16.546+0000] {subprocess.py:93} INFO - 		FILE: Number of bytes read=186758
[2025-02-27T20:45:16.547+0000] {subprocess.py:93} INFO - 		FILE: Number of bytes written=713313
[2025-02-27T20:45:16.547+0000] {subprocess.py:93} INFO - 		FILE: Number of read operations=0
[2025-02-27T20:45:16.548+0000] {subprocess.py:93} INFO - 		FILE: Number of large read operations=0
[2025-02-27T20:45:16.549+0000] {subprocess.py:93} INFO - 		FILE: Number of write operations=0
[2025-02-27T20:45:16.549+0000] {subprocess.py:93} INFO - 		HDFS: Number of bytes read=84993
[2025-02-27T20:45:16.550+0000] {subprocess.py:93} INFO - 		HDFS: Number of bytes written=5064
[2025-02-27T20:45:16.550+0000] {subprocess.py:93} INFO - 		HDFS: Number of read operations=10
[2025-02-27T20:45:16.551+0000] {subprocess.py:93} INFO - 		HDFS: Number of large read operations=0
[2025-02-27T20:45:16.551+0000] {subprocess.py:93} INFO - 		HDFS: Number of write operations=3
[2025-02-27T20:45:16.552+0000] {subprocess.py:93} INFO - 		HDFS: Number of bytes read erasure-coded=0
[2025-02-27T20:45:16.553+0000] {subprocess.py:93} INFO - 	Map-Reduce Framework
[2025-02-27T20:45:16.553+0000] {subprocess.py:93} INFO - 		Combine input records=0
[2025-02-27T20:45:16.554+0000] {subprocess.py:93} INFO - 		Combine output records=0
[2025-02-27T20:45:16.554+0000] {subprocess.py:93} INFO - 		Reduce input groups=100
[2025-02-27T20:45:16.555+0000] {subprocess.py:93} INFO - 		Reduce shuffle bytes=4966
[2025-02-27T20:45:16.556+0000] {subprocess.py:93} INFO - 		Reduce input records=100
[2025-02-27T20:45:16.557+0000] {subprocess.py:93} INFO - 		Reduce output records=100
[2025-02-27T20:45:16.557+0000] {subprocess.py:93} INFO - 		Spilled Records=100
[2025-02-27T20:45:16.558+0000] {subprocess.py:93} INFO - 		Shuffled Maps =1
[2025-02-27T20:45:16.559+0000] {subprocess.py:93} INFO - 		Failed Shuffles=0
[2025-02-27T20:45:16.559+0000] {subprocess.py:93} INFO - 		Merged Map outputs=1
[2025-02-27T20:45:16.560+0000] {subprocess.py:93} INFO - 		GC time elapsed (ms)=18
[2025-02-27T20:45:16.562+0000] {subprocess.py:93} INFO - 		Total committed heap usage (bytes)=270008320
[2025-02-27T20:45:16.563+0000] {subprocess.py:93} INFO - 	Shuffle Errors
[2025-02-27T20:45:16.563+0000] {subprocess.py:93} INFO - 		BAD_ID=0
[2025-02-27T20:45:16.564+0000] {subprocess.py:93} INFO - 		CONNECTION=0
[2025-02-27T20:45:16.564+0000] {subprocess.py:93} INFO - 		IO_ERROR=0
[2025-02-27T20:45:16.565+0000] {subprocess.py:93} INFO - 		WRONG_LENGTH=0
[2025-02-27T20:45:16.566+0000] {subprocess.py:93} INFO - 		WRONG_MAP=0
[2025-02-27T20:45:16.567+0000] {subprocess.py:93} INFO - 		WRONG_REDUCE=0
[2025-02-27T20:45:16.567+0000] {subprocess.py:93} INFO - 	File Output Format Counters
[2025-02-27T20:45:16.567+0000] {subprocess.py:93} INFO - 		Bytes Written=5064
[2025-02-27T20:45:16.568+0000] {subprocess.py:93} INFO - 2025-02-27 20:45:16,542 INFO mapred.LocalJobRunner: Finishing task: attempt_local562425984_0001_r_000000_0
[2025-02-27T20:45:16.568+0000] {subprocess.py:93} INFO - 2025-02-27 20:45:16,543 INFO mapred.LocalJobRunner: reduce task executor complete.
[2025-02-27T20:45:17.503+0000] {subprocess.py:93} INFO - 2025-02-27 20:45:17,502 INFO mapreduce.Job:  map 100% reduce 100%
[2025-02-27T20:45:17.503+0000] {subprocess.py:93} INFO - 2025-02-27 20:45:17,502 INFO mapreduce.Job: Job job_local562425984_0001 completed successfully
[2025-02-27T20:45:17.514+0000] {subprocess.py:93} INFO - 2025-02-27 20:45:17,513 INFO mapreduce.Job: Counters: 36
[2025-02-27T20:45:17.515+0000] {subprocess.py:93} INFO - 	File System Counters
[2025-02-27T20:45:17.515+0000] {subprocess.py:93} INFO - 		FILE: Number of bytes read=363552
[2025-02-27T20:45:17.515+0000] {subprocess.py:93} INFO - 		FILE: Number of bytes written=1421660
[2025-02-27T20:45:17.516+0000] {subprocess.py:93} INFO - 		FILE: Number of read operations=0
[2025-02-27T20:45:17.516+0000] {subprocess.py:93} INFO - 		FILE: Number of large read operations=0
[2025-02-27T20:45:17.516+0000] {subprocess.py:93} INFO - 		FILE: Number of write operations=0
[2025-02-27T20:45:17.517+0000] {subprocess.py:93} INFO - 		HDFS: Number of bytes read=169986
[2025-02-27T20:45:17.519+0000] {subprocess.py:93} INFO - 		HDFS: Number of bytes written=5064
[2025-02-27T20:45:17.522+0000] {subprocess.py:93} INFO - 		HDFS: Number of read operations=15
[2025-02-27T20:45:17.523+0000] {subprocess.py:93} INFO - 		HDFS: Number of large read operations=0
[2025-02-27T20:45:17.523+0000] {subprocess.py:93} INFO - 		HDFS: Number of write operations=4
[2025-02-27T20:45:17.524+0000] {subprocess.py:93} INFO - 		HDFS: Number of bytes read erasure-coded=0
[2025-02-27T20:45:17.524+0000] {subprocess.py:93} INFO - 	Map-Reduce Framework
[2025-02-27T20:45:17.524+0000] {subprocess.py:93} INFO - 		Map input records=1
[2025-02-27T20:45:17.525+0000] {subprocess.py:93} INFO - 		Map output records=100
[2025-02-27T20:45:17.525+0000] {subprocess.py:93} INFO - 		Map output bytes=4760
[2025-02-27T20:45:17.526+0000] {subprocess.py:93} INFO - 		Map output materialized bytes=4966
[2025-02-27T20:45:17.526+0000] {subprocess.py:93} INFO - 		Input split bytes=138
[2025-02-27T20:45:17.526+0000] {subprocess.py:93} INFO - 		Combine input records=0
[2025-02-27T20:45:17.527+0000] {subprocess.py:93} INFO - 		Combine output records=0
[2025-02-27T20:45:17.527+0000] {subprocess.py:93} INFO - 		Reduce input groups=100
[2025-02-27T20:45:17.527+0000] {subprocess.py:93} INFO - 		Reduce shuffle bytes=4966
[2025-02-27T20:45:17.527+0000] {subprocess.py:93} INFO - 		Reduce input records=100
[2025-02-27T20:45:17.528+0000] {subprocess.py:93} INFO - 		Reduce output records=100
[2025-02-27T20:45:17.528+0000] {subprocess.py:93} INFO - 		Spilled Records=200
[2025-02-27T20:45:17.528+0000] {subprocess.py:93} INFO - 		Shuffled Maps =1
[2025-02-27T20:45:17.528+0000] {subprocess.py:93} INFO - 		Failed Shuffles=0
[2025-02-27T20:45:17.529+0000] {subprocess.py:93} INFO - 		Merged Map outputs=1
[2025-02-27T20:45:17.529+0000] {subprocess.py:93} INFO - 		GC time elapsed (ms)=18
[2025-02-27T20:45:17.529+0000] {subprocess.py:93} INFO - 		Total committed heap usage (bytes)=538968064
[2025-02-27T20:45:17.529+0000] {subprocess.py:93} INFO - 	Shuffle Errors
[2025-02-27T20:45:17.529+0000] {subprocess.py:93} INFO - 		BAD_ID=0
[2025-02-27T20:45:17.530+0000] {subprocess.py:93} INFO - 		CONNECTION=0
[2025-02-27T20:45:17.530+0000] {subprocess.py:93} INFO - 		IO_ERROR=0
[2025-02-27T20:45:17.530+0000] {subprocess.py:93} INFO - 		WRONG_LENGTH=0
[2025-02-27T20:45:17.530+0000] {subprocess.py:93} INFO - 		WRONG_MAP=0
[2025-02-27T20:45:17.531+0000] {subprocess.py:93} INFO - 		WRONG_REDUCE=0
[2025-02-27T20:45:17.531+0000] {subprocess.py:93} INFO - 	File Input Format Counters
[2025-02-27T20:45:17.531+0000] {subprocess.py:93} INFO - 		Bytes Read=84993
[2025-02-27T20:45:17.531+0000] {subprocess.py:93} INFO - 	File Output Format Counters
[2025-02-27T20:45:17.531+0000] {subprocess.py:93} INFO - 		Bytes Written=5064
[2025-02-27T20:45:17.532+0000] {subprocess.py:93} INFO - 2025-02-27 20:45:17,513 INFO streaming.StreamJob: Output directory: /user/etudiant/crypto/processed/YYYY=2025/MM=02/DD=27
[2025-02-27T20:45:21.236+0000] {subprocess.py:97} INFO - Command exited with return code 0
[2025-02-27T20:45:21.263+0000] {taskinstance.py:1400} INFO - Marking task as SUCCESS. dag_id=coingecko_ingestion_dag, task_id=run_mapreduce_job, execution_date=20250227T202916, start_date=20250227T204507, end_date=20250227T204521
[2025-02-27T20:45:21.318+0000] {local_task_job_runner.py:228} INFO - Task exited with return code 0
[2025-02-27T20:45:21.350+0000] {taskinstance.py:2784} INFO - 0 downstream tasks scheduled from follow-on schedule check
