[2025-02-27T20:39:56.610+0000] {taskinstance.py:1159} INFO - Dependencies all met for dep_context=non-requeueable deps ti=<TaskInstance: coingecko_ingestion_dag.run_mapreduce_job manual__2025-02-27T20:29:16.247377+00:00 [queued]>
[2025-02-27T20:39:56.619+0000] {taskinstance.py:1159} INFO - Dependencies all met for dep_context=requeueable deps ti=<TaskInstance: coingecko_ingestion_dag.run_mapreduce_job manual__2025-02-27T20:29:16.247377+00:00 [queued]>
[2025-02-27T20:39:56.619+0000] {taskinstance.py:1361} INFO - Starting attempt 3 of 4
[2025-02-27T20:39:56.631+0000] {taskinstance.py:1382} INFO - Executing <Task(BashOperator): run_mapreduce_job> on 2025-02-27 20:29:16.247377+00:00
[2025-02-27T20:39:56.635+0000] {standard_task_runner.py:57} INFO - Started process 518 to run task
[2025-02-27T20:39:56.638+0000] {standard_task_runner.py:84} INFO - Running: ['***', 'tasks', 'run', 'coingecko_ingestion_dag', 'run_mapreduce_job', 'manual__2025-02-27T20:29:16.247377+00:00', '--job-id', '418', '--raw', '--subdir', 'DAGS_FOLDER/pipeline.py', '--cfg-path', '/tmp/tmpd4uu2bht']
[2025-02-27T20:39:56.640+0000] {standard_task_runner.py:85} INFO - Job 418: Subtask run_mapreduce_job
[2025-02-27T20:39:56.676+0000] {task_command.py:415} INFO - Running <TaskInstance: coingecko_ingestion_dag.run_mapreduce_job manual__2025-02-27T20:29:16.247377+00:00 [running]> on host 268c3735a020
[2025-02-27T20:39:56.721+0000] {logging_mixin.py:151} WARNING - /home/***/.local/lib/python3.8/site-packages/***/utils/context.py:206 AirflowContextDeprecationWarning: Accessing 'execution_date' from the template is deprecated and will be removed in a future version. Please use 'data_interval_start' or 'logical_date' instead.
[2025-02-27T20:39:56.750+0000] {taskinstance.py:1660} INFO - Exporting env vars: AIRFLOW_CTX_DAG_OWNER='etudiant' AIRFLOW_CTX_DAG_ID='coingecko_ingestion_dag' AIRFLOW_CTX_TASK_ID='run_mapreduce_job' AIRFLOW_CTX_EXECUTION_DATE='2025-02-27T20:29:16.247377+00:00' AIRFLOW_CTX_TRY_NUMBER='3' AIRFLOW_CTX_DAG_RUN_ID='manual__2025-02-27T20:29:16.247377+00:00'
[2025-02-27T20:39:56.753+0000] {subprocess.py:63} INFO - Tmp dir root location: /tmp
[2025-02-27T20:39:56.754+0000] {subprocess.py:75} INFO - Running command: ['/bin/bash', '-c', '\n        # نفحصو إذا المجلد موجود ونمسحوه إذا كان موجود\n        OUTPUT_DIR="/user/etudiant/crypto/processed/YYYY=2025/MM=02/DD=27"\n        docker exec -i namenode bash -c "hdfs dfs -test -d $OUTPUT_DIR && hdfs dfs -rm -r $OUTPUT_DIR || echo \'Directory does not exist, proceeding...\'"\n\n        # نشغلو MapReduce\n        docker exec -i namenode         hadoop jar /opt/hadoop-3.2.1/share/hadoop/tools/lib/hadoop-streaming-3.2.1.jar         -input /user/etudiant/crypto/raw/YYYY=2025/MM=02/DD=27/coingecko_raw.json         -output $OUTPUT_DIR         -mapper "python3 /tmp/mapper.py"         -reducer "python3 /tmp/reducer.py"\n\n        docker exec -i namenode hdfs dfs -test -e $OUTPUT_DIR/part-00000 || (echo "MapReduce failed to produce output" && exit 1)\n        ']
[2025-02-27T20:39:56.765+0000] {subprocess.py:86} INFO - Output:
[2025-02-27T20:39:59.312+0000] {subprocess.py:93} INFO - Deleted /user/etudiant/crypto/processed/YYYY=2025/MM=02/DD=27
[2025-02-27T20:40:01.238+0000] {subprocess.py:93} INFO - 2025-02-27 20:40:01,236 INFO impl.MetricsConfig: Loaded properties from hadoop-metrics2.properties
[2025-02-27T20:40:01.336+0000] {subprocess.py:93} INFO - 2025-02-27 20:40:01,335 INFO impl.MetricsSystemImpl: Scheduled Metric snapshot period at 10 second(s).
[2025-02-27T20:40:01.337+0000] {subprocess.py:93} INFO - 2025-02-27 20:40:01,335 INFO impl.MetricsSystemImpl: JobTracker metrics system started
[2025-02-27T20:40:01.367+0000] {subprocess.py:93} INFO - 2025-02-27 20:40:01,364 WARN impl.MetricsSystemImpl: JobTracker metrics system already initialized!
[2025-02-27T20:40:01.628+0000] {subprocess.py:93} INFO - 2025-02-27 20:40:01,625 INFO mapred.FileInputFormat: Total input files to process : 1
[2025-02-27T20:40:01.741+0000] {subprocess.py:93} INFO - 2025-02-27 20:40:01,738 INFO mapreduce.JobSubmitter: number of splits:1
[2025-02-27T20:40:01.916+0000] {subprocess.py:93} INFO - 2025-02-27 20:40:01,914 INFO mapreduce.JobSubmitter: Submitting tokens for job: job_local1177068730_0001
[2025-02-27T20:40:01.917+0000] {subprocess.py:93} INFO - 2025-02-27 20:40:01,914 INFO mapreduce.JobSubmitter: Executing with tokens: []
[2025-02-27T20:40:02.051+0000] {subprocess.py:93} INFO - 2025-02-27 20:40:02,050 INFO mapreduce.Job: The url to track the job: http://localhost:8080/
[2025-02-27T20:40:02.052+0000] {subprocess.py:93} INFO - 2025-02-27 20:40:02,051 INFO mapreduce.Job: Running job: job_local1177068730_0001
[2025-02-27T20:40:02.053+0000] {subprocess.py:93} INFO - 2025-02-27 20:40:02,051 INFO mapred.LocalJobRunner: OutputCommitter set in config null
[2025-02-27T20:40:02.053+0000] {subprocess.py:93} INFO - 2025-02-27 20:40:02,052 INFO mapred.LocalJobRunner: OutputCommitter is org.apache.hadoop.mapred.FileOutputCommitter
[2025-02-27T20:40:02.058+0000] {subprocess.py:93} INFO - 2025-02-27 20:40:02,057 INFO output.FileOutputCommitter: File Output Committer Algorithm version is 2
[2025-02-27T20:40:02.059+0000] {subprocess.py:93} INFO - 2025-02-27 20:40:02,057 INFO output.FileOutputCommitter: FileOutputCommitter skip cleanup _temporary folders under output directory:false, ignore cleanup failures: false
[2025-02-27T20:40:02.086+0000] {subprocess.py:93} INFO - 2025-02-27 20:40:02,085 INFO mapred.LocalJobRunner: Waiting for map tasks
[2025-02-27T20:40:02.089+0000] {subprocess.py:93} INFO - 2025-02-27 20:40:02,088 INFO mapred.LocalJobRunner: Starting task: attempt_local1177068730_0001_m_000000_0
[2025-02-27T20:40:02.104+0000] {subprocess.py:93} INFO - 2025-02-27 20:40:02,104 INFO output.FileOutputCommitter: File Output Committer Algorithm version is 2
[2025-02-27T20:40:02.105+0000] {subprocess.py:93} INFO - 2025-02-27 20:40:02,104 INFO output.FileOutputCommitter: FileOutputCommitter skip cleanup _temporary folders under output directory:false, ignore cleanup failures: false
[2025-02-27T20:40:02.114+0000] {subprocess.py:93} INFO - 2025-02-27 20:40:02,114 INFO mapred.Task:  Using ResourceCalculatorProcessTree : [ ]
[2025-02-27T20:40:02.123+0000] {subprocess.py:93} INFO - 2025-02-27 20:40:02,122 INFO mapred.MapTask: Processing split: hdfs://namenode:9000/user/etudiant/crypto/raw/YYYY=2025/MM=02/DD=27/coingecko_raw.json:0+84418
[2025-02-27T20:40:02.136+0000] {subprocess.py:93} INFO - 2025-02-27 20:40:02,135 INFO mapred.MapTask: numReduceTasks: 1
[2025-02-27T20:40:02.176+0000] {subprocess.py:93} INFO - 2025-02-27 20:40:02,175 INFO mapred.MapTask: (EQUATOR) 0 kvi 26214396(104857584)
[2025-02-27T20:40:02.176+0000] {subprocess.py:93} INFO - 2025-02-27 20:40:02,175 INFO mapred.MapTask: mapreduce.task.io.sort.mb: 100
[2025-02-27T20:40:02.177+0000] {subprocess.py:93} INFO - 2025-02-27 20:40:02,175 INFO mapred.MapTask: soft limit at 83886080
[2025-02-27T20:40:02.177+0000] {subprocess.py:93} INFO - 2025-02-27 20:40:02,175 INFO mapred.MapTask: bufstart = 0; bufvoid = 104857600
[2025-02-27T20:40:02.177+0000] {subprocess.py:93} INFO - 2025-02-27 20:40:02,175 INFO mapred.MapTask: kvstart = 26214396; length = 6553600
[2025-02-27T20:40:02.180+0000] {subprocess.py:93} INFO - 2025-02-27 20:40:02,179 INFO mapred.MapTask: Map output collector class = org.apache.hadoop.mapred.MapTask$MapOutputBuffer
[2025-02-27T20:40:02.187+0000] {subprocess.py:93} INFO - 2025-02-27 20:40:02,185 INFO streaming.PipeMapRed: PipeMapRed exec [python3, /tmp/mapper.py]
[2025-02-27T20:40:02.192+0000] {subprocess.py:93} INFO - 2025-02-27 20:40:02,189 INFO Configuration.deprecation: mapred.work.output.dir is deprecated. Instead, use mapreduce.task.output.dir
[2025-02-27T20:40:02.193+0000] {subprocess.py:93} INFO - 2025-02-27 20:40:02,190 INFO Configuration.deprecation: map.input.start is deprecated. Instead, use mapreduce.map.input.start
[2025-02-27T20:40:02.196+0000] {subprocess.py:93} INFO - 2025-02-27 20:40:02,190 INFO Configuration.deprecation: mapred.task.is.map is deprecated. Instead, use mapreduce.task.ismap
[2025-02-27T20:40:02.197+0000] {subprocess.py:93} INFO - 2025-02-27 20:40:02,190 INFO Configuration.deprecation: mapred.task.id is deprecated. Instead, use mapreduce.task.attempt.id
[2025-02-27T20:40:02.197+0000] {subprocess.py:93} INFO - 2025-02-27 20:40:02,191 INFO Configuration.deprecation: mapred.tip.id is deprecated. Instead, use mapreduce.task.id
[2025-02-27T20:40:02.198+0000] {subprocess.py:93} INFO - 2025-02-27 20:40:02,191 INFO Configuration.deprecation: mapred.local.dir is deprecated. Instead, use mapreduce.cluster.local.dir
[2025-02-27T20:40:02.199+0000] {subprocess.py:93} INFO - 2025-02-27 20:40:02,192 INFO Configuration.deprecation: map.input.file is deprecated. Instead, use mapreduce.map.input.file
[2025-02-27T20:40:02.199+0000] {subprocess.py:93} INFO - 2025-02-27 20:40:02,192 INFO Configuration.deprecation: mapred.skip.on is deprecated. Instead, use mapreduce.job.skiprecords
[2025-02-27T20:40:02.200+0000] {subprocess.py:93} INFO - 2025-02-27 20:40:02,192 INFO Configuration.deprecation: map.input.length is deprecated. Instead, use mapreduce.map.input.length
[2025-02-27T20:40:02.200+0000] {subprocess.py:93} INFO - 2025-02-27 20:40:02,193 INFO Configuration.deprecation: mapred.job.id is deprecated. Instead, use mapreduce.job.id
[2025-02-27T20:40:02.200+0000] {subprocess.py:93} INFO - 2025-02-27 20:40:02,193 INFO Configuration.deprecation: user.name is deprecated. Instead, use mapreduce.job.user.name
[2025-02-27T20:40:02.200+0000] {subprocess.py:93} INFO - 2025-02-27 20:40:02,193 INFO Configuration.deprecation: mapred.task.partition is deprecated. Instead, use mapreduce.task.partition
[2025-02-27T20:40:02.204+0000] {subprocess.py:93} INFO - 2025-02-27 20:40:02,202 ERROR streaming.PipeMapRed: configuration exception
[2025-02-27T20:40:02.205+0000] {subprocess.py:93} INFO - java.io.IOException: Cannot run program "python3": error=2, No such file or directory
[2025-02-27T20:40:02.205+0000] {subprocess.py:93} INFO - 	at java.lang.ProcessBuilder.start(ProcessBuilder.java:1048)
[2025-02-27T20:40:02.206+0000] {subprocess.py:93} INFO - 	at org.apache.hadoop.streaming.PipeMapRed.configure(PipeMapRed.java:209)
[2025-02-27T20:40:02.206+0000] {subprocess.py:93} INFO - 	at org.apache.hadoop.streaming.PipeMapper.configure(PipeMapper.java:66)
[2025-02-27T20:40:02.207+0000] {subprocess.py:93} INFO - 	at sun.reflect.NativeMethodAccessorImpl.invoke0(Native Method)
[2025-02-27T20:40:02.207+0000] {subprocess.py:93} INFO - 	at sun.reflect.NativeMethodAccessorImpl.invoke(NativeMethodAccessorImpl.java:62)
[2025-02-27T20:40:02.208+0000] {subprocess.py:93} INFO - 	at sun.reflect.DelegatingMethodAccessorImpl.invoke(DelegatingMethodAccessorImpl.java:43)
[2025-02-27T20:40:02.208+0000] {subprocess.py:93} INFO - 	at java.lang.reflect.Method.invoke(Method.java:498)
[2025-02-27T20:40:02.209+0000] {subprocess.py:93} INFO - 	at org.apache.hadoop.util.ReflectionUtils.setJobConf(ReflectionUtils.java:110)
[2025-02-27T20:40:02.209+0000] {subprocess.py:93} INFO - 	at org.apache.hadoop.util.ReflectionUtils.setConf(ReflectionUtils.java:79)
[2025-02-27T20:40:02.209+0000] {subprocess.py:93} INFO - 	at org.apache.hadoop.util.ReflectionUtils.newInstance(ReflectionUtils.java:137)
[2025-02-27T20:40:02.210+0000] {subprocess.py:93} INFO - 	at org.apache.hadoop.mapred.MapRunner.configure(MapRunner.java:38)
[2025-02-27T20:40:02.211+0000] {subprocess.py:93} INFO - 	at sun.reflect.NativeMethodAccessorImpl.invoke0(Native Method)
[2025-02-27T20:40:02.211+0000] {subprocess.py:93} INFO - 	at sun.reflect.NativeMethodAccessorImpl.invoke(NativeMethodAccessorImpl.java:62)
[2025-02-27T20:40:02.212+0000] {subprocess.py:93} INFO - 	at sun.reflect.DelegatingMethodAccessorImpl.invoke(DelegatingMethodAccessorImpl.java:43)
[2025-02-27T20:40:02.212+0000] {subprocess.py:93} INFO - 	at java.lang.reflect.Method.invoke(Method.java:498)
[2025-02-27T20:40:02.212+0000] {subprocess.py:93} INFO - 	at org.apache.hadoop.util.ReflectionUtils.setJobConf(ReflectionUtils.java:110)
[2025-02-27T20:40:02.213+0000] {subprocess.py:93} INFO - 	at org.apache.hadoop.util.ReflectionUtils.setConf(ReflectionUtils.java:79)
[2025-02-27T20:40:02.213+0000] {subprocess.py:93} INFO - 	at org.apache.hadoop.util.ReflectionUtils.newInstance(ReflectionUtils.java:137)
[2025-02-27T20:40:02.213+0000] {subprocess.py:93} INFO - 	at org.apache.hadoop.mapred.MapTask.runOldMapper(MapTask.java:462)
[2025-02-27T20:40:02.213+0000] {subprocess.py:93} INFO - 	at org.apache.hadoop.mapred.MapTask.run(MapTask.java:349)
[2025-02-27T20:40:02.213+0000] {subprocess.py:93} INFO - 	at org.apache.hadoop.mapred.LocalJobRunner$Job$MapTaskRunnable.run(LocalJobRunner.java:271)
[2025-02-27T20:40:02.214+0000] {subprocess.py:93} INFO - 	at java.util.concurrent.Executors$RunnableAdapter.call(Executors.java:511)
[2025-02-27T20:40:02.214+0000] {subprocess.py:93} INFO - 	at java.util.concurrent.FutureTask.run(FutureTask.java:266)
[2025-02-27T20:40:02.214+0000] {subprocess.py:93} INFO - 	at java.util.concurrent.ThreadPoolExecutor.runWorker(ThreadPoolExecutor.java:1149)
[2025-02-27T20:40:02.215+0000] {subprocess.py:93} INFO - 	at java.util.concurrent.ThreadPoolExecutor$Worker.run(ThreadPoolExecutor.java:624)
[2025-02-27T20:40:02.215+0000] {subprocess.py:93} INFO - 	at java.lang.Thread.run(Thread.java:748)
[2025-02-27T20:40:02.215+0000] {subprocess.py:93} INFO - Caused by: java.io.IOException: error=2, No such file or directory
[2025-02-27T20:40:02.215+0000] {subprocess.py:93} INFO - 	at java.lang.UNIXProcess.forkAndExec(Native Method)
[2025-02-27T20:40:02.216+0000] {subprocess.py:93} INFO - 	at java.lang.UNIXProcess.<init>(UNIXProcess.java:247)
[2025-02-27T20:40:02.216+0000] {subprocess.py:93} INFO - 	at java.lang.ProcessImpl.start(ProcessImpl.java:134)
[2025-02-27T20:40:02.216+0000] {subprocess.py:93} INFO - 	at java.lang.ProcessBuilder.start(ProcessBuilder.java:1029)
[2025-02-27T20:40:02.216+0000] {subprocess.py:93} INFO - 	... 25 more
[2025-02-27T20:40:02.217+0000] {subprocess.py:93} INFO - 2025-02-27 20:40:02,204 INFO mapred.LocalJobRunner: map task executor complete.
[2025-02-27T20:40:02.217+0000] {subprocess.py:93} INFO - 2025-02-27 20:40:02,212 WARN mapred.LocalJobRunner: job_local1177068730_0001
[2025-02-27T20:40:02.218+0000] {subprocess.py:93} INFO - java.lang.Exception: java.lang.RuntimeException: Error in configuring object
[2025-02-27T20:40:02.219+0000] {subprocess.py:93} INFO - 	at org.apache.hadoop.mapred.LocalJobRunner$Job.runTasks(LocalJobRunner.java:492)
[2025-02-27T20:40:02.219+0000] {subprocess.py:93} INFO - 	at org.apache.hadoop.mapred.LocalJobRunner$Job.run(LocalJobRunner.java:552)
[2025-02-27T20:40:02.220+0000] {subprocess.py:93} INFO - Caused by: java.lang.RuntimeException: Error in configuring object
[2025-02-27T20:40:02.220+0000] {subprocess.py:93} INFO - 	at org.apache.hadoop.util.ReflectionUtils.setJobConf(ReflectionUtils.java:113)
[2025-02-27T20:40:02.221+0000] {subprocess.py:93} INFO - 	at org.apache.hadoop.util.ReflectionUtils.setConf(ReflectionUtils.java:79)
[2025-02-27T20:40:02.221+0000] {subprocess.py:93} INFO - 	at org.apache.hadoop.util.ReflectionUtils.newInstance(ReflectionUtils.java:137)
[2025-02-27T20:40:02.222+0000] {subprocess.py:93} INFO - 	at org.apache.hadoop.mapred.MapTask.runOldMapper(MapTask.java:462)
[2025-02-27T20:40:02.222+0000] {subprocess.py:93} INFO - 	at org.apache.hadoop.mapred.MapTask.run(MapTask.java:349)
[2025-02-27T20:40:02.223+0000] {subprocess.py:93} INFO - 	at org.apache.hadoop.mapred.LocalJobRunner$Job$MapTaskRunnable.run(LocalJobRunner.java:271)
[2025-02-27T20:40:02.223+0000] {subprocess.py:93} INFO - 	at java.util.concurrent.Executors$RunnableAdapter.call(Executors.java:511)
[2025-02-27T20:40:02.224+0000] {subprocess.py:93} INFO - 	at java.util.concurrent.FutureTask.run(FutureTask.java:266)
[2025-02-27T20:40:02.224+0000] {subprocess.py:93} INFO - 	at java.util.concurrent.ThreadPoolExecutor.runWorker(ThreadPoolExecutor.java:1149)
[2025-02-27T20:40:02.224+0000] {subprocess.py:93} INFO - 	at java.util.concurrent.ThreadPoolExecutor$Worker.run(ThreadPoolExecutor.java:624)
[2025-02-27T20:40:02.225+0000] {subprocess.py:93} INFO - 	at java.lang.Thread.run(Thread.java:748)
[2025-02-27T20:40:02.225+0000] {subprocess.py:93} INFO - Caused by: java.lang.reflect.InvocationTargetException
[2025-02-27T20:40:02.225+0000] {subprocess.py:93} INFO - 	at sun.reflect.NativeMethodAccessorImpl.invoke0(Native Method)
[2025-02-27T20:40:02.225+0000] {subprocess.py:93} INFO - 	at sun.reflect.NativeMethodAccessorImpl.invoke(NativeMethodAccessorImpl.java:62)
[2025-02-27T20:40:02.226+0000] {subprocess.py:93} INFO - 	at sun.reflect.DelegatingMethodAccessorImpl.invoke(DelegatingMethodAccessorImpl.java:43)
[2025-02-27T20:40:02.226+0000] {subprocess.py:93} INFO - 	at java.lang.reflect.Method.invoke(Method.java:498)
[2025-02-27T20:40:02.226+0000] {subprocess.py:93} INFO - 	at org.apache.hadoop.util.ReflectionUtils.setJobConf(ReflectionUtils.java:110)
[2025-02-27T20:40:02.226+0000] {subprocess.py:93} INFO - 	... 10 more
[2025-02-27T20:40:02.226+0000] {subprocess.py:93} INFO - Caused by: java.lang.RuntimeException: Error in configuring object
[2025-02-27T20:40:02.227+0000] {subprocess.py:93} INFO - 	at org.apache.hadoop.util.ReflectionUtils.setJobConf(ReflectionUtils.java:113)
[2025-02-27T20:40:02.227+0000] {subprocess.py:93} INFO - 	at org.apache.hadoop.util.ReflectionUtils.setConf(ReflectionUtils.java:79)
[2025-02-27T20:40:02.227+0000] {subprocess.py:93} INFO - 	at org.apache.hadoop.util.ReflectionUtils.newInstance(ReflectionUtils.java:137)
[2025-02-27T20:40:02.227+0000] {subprocess.py:93} INFO - 	at org.apache.hadoop.mapred.MapRunner.configure(MapRunner.java:38)
[2025-02-27T20:40:02.228+0000] {subprocess.py:93} INFO - 	... 15 more
[2025-02-27T20:40:02.228+0000] {subprocess.py:93} INFO - Caused by: java.lang.reflect.InvocationTargetException
[2025-02-27T20:40:02.228+0000] {subprocess.py:93} INFO - 	at sun.reflect.NativeMethodAccessorImpl.invoke0(Native Method)
[2025-02-27T20:40:02.228+0000] {subprocess.py:93} INFO - 	at sun.reflect.NativeMethodAccessorImpl.invoke(NativeMethodAccessorImpl.java:62)
[2025-02-27T20:40:02.229+0000] {subprocess.py:93} INFO - 	at sun.reflect.DelegatingMethodAccessorImpl.invoke(DelegatingMethodAccessorImpl.java:43)
[2025-02-27T20:40:02.229+0000] {subprocess.py:93} INFO - 	at java.lang.reflect.Method.invoke(Method.java:498)
[2025-02-27T20:40:02.229+0000] {subprocess.py:93} INFO - 	at org.apache.hadoop.util.ReflectionUtils.setJobConf(ReflectionUtils.java:110)
[2025-02-27T20:40:02.229+0000] {subprocess.py:93} INFO - 	... 18 more
[2025-02-27T20:40:02.230+0000] {subprocess.py:93} INFO - Caused by: java.lang.RuntimeException: configuration exception
[2025-02-27T20:40:02.230+0000] {subprocess.py:93} INFO - 	at org.apache.hadoop.streaming.PipeMapRed.configure(PipeMapRed.java:222)
[2025-02-27T20:40:02.230+0000] {subprocess.py:93} INFO - 	at org.apache.hadoop.streaming.PipeMapper.configure(PipeMapper.java:66)
[2025-02-27T20:40:02.230+0000] {subprocess.py:93} INFO - 	... 23 more
[2025-02-27T20:40:02.231+0000] {subprocess.py:93} INFO - Caused by: java.io.IOException: Cannot run program "python3": error=2, No such file or directory
[2025-02-27T20:40:02.232+0000] {subprocess.py:93} INFO - 	at java.lang.ProcessBuilder.start(ProcessBuilder.java:1048)
[2025-02-27T20:40:02.233+0000] {subprocess.py:93} INFO - 	at org.apache.hadoop.streaming.PipeMapRed.configure(PipeMapRed.java:209)
[2025-02-27T20:40:02.234+0000] {subprocess.py:93} INFO - 	... 24 more
[2025-02-27T20:40:02.234+0000] {subprocess.py:93} INFO - Caused by: java.io.IOException: error=2, No such file or directory
[2025-02-27T20:40:02.235+0000] {subprocess.py:93} INFO - 	at java.lang.UNIXProcess.forkAndExec(Native Method)
[2025-02-27T20:40:02.235+0000] {subprocess.py:93} INFO - 	at java.lang.UNIXProcess.<init>(UNIXProcess.java:247)
[2025-02-27T20:40:02.235+0000] {subprocess.py:93} INFO - 	at java.lang.ProcessImpl.start(ProcessImpl.java:134)
[2025-02-27T20:40:02.235+0000] {subprocess.py:93} INFO - 	at java.lang.ProcessBuilder.start(ProcessBuilder.java:1029)
[2025-02-27T20:40:02.236+0000] {subprocess.py:93} INFO - 	... 25 more
[2025-02-27T20:40:03.057+0000] {subprocess.py:93} INFO - 2025-02-27 20:40:03,056 INFO mapreduce.Job: Job job_local1177068730_0001 running in uber mode : false
[2025-02-27T20:40:03.057+0000] {subprocess.py:93} INFO - 2025-02-27 20:40:03,057 INFO mapreduce.Job:  map 0% reduce 0%
[2025-02-27T20:40:03.060+0000] {subprocess.py:93} INFO - 2025-02-27 20:40:03,060 INFO mapreduce.Job: Job job_local1177068730_0001 failed with state FAILED due to: NA
[2025-02-27T20:40:03.066+0000] {subprocess.py:93} INFO - 2025-02-27 20:40:03,065 INFO mapreduce.Job: Counters: 0
[2025-02-27T20:40:03.066+0000] {subprocess.py:93} INFO - 2025-02-27 20:40:03,065 ERROR streaming.StreamJob: Job not successful!
[2025-02-27T20:40:03.067+0000] {subprocess.py:93} INFO - Streaming Command Failed!
[2025-02-27T20:40:05.329+0000] {subprocess.py:93} INFO - MapReduce failed to produce output
[2025-02-27T20:40:05.330+0000] {subprocess.py:97} INFO - Command exited with return code 1
[2025-02-27T20:40:05.339+0000] {taskinstance.py:1943} ERROR - Task failed with exception
Traceback (most recent call last):
  File "/home/airflow/.local/lib/python3.8/site-packages/airflow/operators/bash.py", line 210, in execute
    raise AirflowException(
airflow.exceptions.AirflowException: Bash command failed. The command returned a non-zero exit code 1.
[2025-02-27T20:40:05.342+0000] {taskinstance.py:1400} INFO - Marking task as UP_FOR_RETRY. dag_id=coingecko_ingestion_dag, task_id=run_mapreduce_job, execution_date=20250227T202916, start_date=20250227T203956, end_date=20250227T204005
[2025-02-27T20:40:05.352+0000] {standard_task_runner.py:104} ERROR - Failed to execute job 418 for task run_mapreduce_job (Bash command failed. The command returned a non-zero exit code 1.; 518)
[2025-02-27T20:40:05.372+0000] {local_task_job_runner.py:228} INFO - Task exited with return code 1
[2025-02-27T20:40:05.391+0000] {taskinstance.py:2784} INFO - 0 downstream tasks scheduled from follow-on schedule check
