[2025-02-27T20:43:41.001+0000] {taskinstance.py:1159} INFO - Dependencies all met for dep_context=non-requeueable deps ti=<TaskInstance: coingecko_ingestion_dag.run_mapreduce_job manual__2025-02-27T20:43:31.143920+00:00 [queued]>
[2025-02-27T20:43:41.010+0000] {taskinstance.py:1159} INFO - Dependencies all met for dep_context=requeueable deps ti=<TaskInstance: coingecko_ingestion_dag.run_mapreduce_job manual__2025-02-27T20:43:31.143920+00:00 [queued]>
[2025-02-27T20:43:41.011+0000] {taskinstance.py:1361} INFO - Starting attempt 1 of 4
[2025-02-27T20:43:41.027+0000] {taskinstance.py:1382} INFO - Executing <Task(BashOperator): run_mapreduce_job> on 2025-02-27 20:43:31.143920+00:00
[2025-02-27T20:43:41.031+0000] {standard_task_runner.py:57} INFO - Started process 291 to run task
[2025-02-27T20:43:41.034+0000] {standard_task_runner.py:84} INFO - Running: ['***', 'tasks', 'run', 'coingecko_ingestion_dag', 'run_mapreduce_job', 'manual__2025-02-27T20:43:31.143920+00:00', '--job-id', '426', '--raw', '--subdir', 'DAGS_FOLDER/pipeline.py', '--cfg-path', '/tmp/tmpomwb2znv']
[2025-02-27T20:43:41.037+0000] {standard_task_runner.py:85} INFO - Job 426: Subtask run_mapreduce_job
[2025-02-27T20:43:41.081+0000] {task_command.py:415} INFO - Running <TaskInstance: coingecko_ingestion_dag.run_mapreduce_job manual__2025-02-27T20:43:31.143920+00:00 [running]> on host 5ac55183c16c
[2025-02-27T20:43:41.126+0000] {logging_mixin.py:151} WARNING - /home/***/.local/lib/python3.8/site-packages/***/utils/context.py:206 AirflowContextDeprecationWarning: Accessing 'execution_date' from the template is deprecated and will be removed in a future version. Please use 'data_interval_start' or 'logical_date' instead.
[2025-02-27T20:43:41.152+0000] {taskinstance.py:1660} INFO - Exporting env vars: AIRFLOW_CTX_DAG_OWNER='etudiant' AIRFLOW_CTX_DAG_ID='coingecko_ingestion_dag' AIRFLOW_CTX_TASK_ID='run_mapreduce_job' AIRFLOW_CTX_EXECUTION_DATE='2025-02-27T20:43:31.143920+00:00' AIRFLOW_CTX_TRY_NUMBER='1' AIRFLOW_CTX_DAG_RUN_ID='manual__2025-02-27T20:43:31.143920+00:00'
[2025-02-27T20:43:41.153+0000] {subprocess.py:63} INFO - Tmp dir root location: /tmp
[2025-02-27T20:43:41.154+0000] {subprocess.py:75} INFO - Running command: ['/bin/bash', '-c', '\n        # نفحصو إذا المجلد موجود ونمسحوه إذا كان موجود\n        OUTPUT_DIR="/user/etudiant/crypto/processed/YYYY=2025/MM=02/DD=27"\n        docker exec -i namenode bash -c "hdfs dfs -test -d $OUTPUT_DIR && hdfs dfs -rm -r $OUTPUT_DIR || echo \'Directory does not exist, proceeding...\'"\n\n        # نشغلو MapReduce\n        docker exec -i namenode         hadoop jar /opt/hadoop-3.2.1/share/hadoop/tools/lib/hadoop-streaming-3.2.1.jar         -input /user/etudiant/crypto/raw/YYYY=2025/MM=02/DD=27/coingecko_raw.json         -output $OUTPUT_DIR         -mapper "python3 /tmp/mapper.py"         -reducer "python3 /tmp/reducer.py"\n\n        # نفحصو إذا المخرجات تكتبات بنجاح\n        docker exec -i namenode hdfs dfs -test -e $OUTPUT_DIR/part-00000 || (echo "MapReduce failed to produce output" && exit 1)\n        ']
[2025-02-27T20:43:41.162+0000] {subprocess.py:86} INFO - Output:
[2025-02-27T20:43:43.669+0000] {subprocess.py:93} INFO - Deleted /user/etudiant/crypto/processed/YYYY=2025/MM=02/DD=27
[2025-02-27T20:43:45.588+0000] {subprocess.py:93} INFO - 2025-02-27 20:43:45,587 INFO impl.MetricsConfig: Loaded properties from hadoop-metrics2.properties
[2025-02-27T20:43:45.625+0000] {subprocess.py:93} INFO - 2025-02-27 20:43:45,624 INFO impl.MetricsSystemImpl: Scheduled Metric snapshot period at 10 second(s).
[2025-02-27T20:43:45.626+0000] {subprocess.py:93} INFO - 2025-02-27 20:43:45,624 INFO impl.MetricsSystemImpl: JobTracker metrics system started
[2025-02-27T20:43:45.637+0000] {subprocess.py:93} INFO - 2025-02-27 20:43:45,635 WARN impl.MetricsSystemImpl: JobTracker metrics system already initialized!
[2025-02-27T20:43:45.814+0000] {subprocess.py:93} INFO - 2025-02-27 20:43:45,813 INFO mapred.FileInputFormat: Total input files to process : 1
[2025-02-27T20:43:45.848+0000] {subprocess.py:93} INFO - 2025-02-27 20:43:45,846 INFO mapreduce.JobSubmitter: number of splits:1
[2025-02-27T20:43:45.929+0000] {subprocess.py:93} INFO - 2025-02-27 20:43:45,929 INFO mapreduce.JobSubmitter: Submitting tokens for job: job_local1130616257_0001
[2025-02-27T20:43:45.930+0000] {subprocess.py:93} INFO - 2025-02-27 20:43:45,929 INFO mapreduce.JobSubmitter: Executing with tokens: []
[2025-02-27T20:43:46.021+0000] {subprocess.py:93} INFO - 2025-02-27 20:43:46,019 INFO mapreduce.Job: The url to track the job: http://localhost:8080/
[2025-02-27T20:43:46.022+0000] {subprocess.py:93} INFO - 2025-02-27 20:43:46,021 INFO mapred.LocalJobRunner: OutputCommitter set in config null
[2025-02-27T20:43:46.022+0000] {subprocess.py:93} INFO - 2025-02-27 20:43:46,021 INFO mapreduce.Job: Running job: job_local1130616257_0001
[2025-02-27T20:43:46.023+0000] {subprocess.py:93} INFO - 2025-02-27 20:43:46,022 INFO mapred.LocalJobRunner: OutputCommitter is org.apache.hadoop.mapred.FileOutputCommitter
[2025-02-27T20:43:46.027+0000] {subprocess.py:93} INFO - 2025-02-27 20:43:46,026 INFO output.FileOutputCommitter: File Output Committer Algorithm version is 2
[2025-02-27T20:43:46.027+0000] {subprocess.py:93} INFO - 2025-02-27 20:43:46,026 INFO output.FileOutputCommitter: FileOutputCommitter skip cleanup _temporary folders under output directory:false, ignore cleanup failures: false
[2025-02-27T20:43:46.050+0000] {subprocess.py:93} INFO - 2025-02-27 20:43:46,049 INFO mapred.LocalJobRunner: Waiting for map tasks
[2025-02-27T20:43:46.052+0000] {subprocess.py:93} INFO - 2025-02-27 20:43:46,052 INFO mapred.LocalJobRunner: Starting task: attempt_local1130616257_0001_m_000000_0
[2025-02-27T20:43:46.071+0000] {subprocess.py:93} INFO - 2025-02-27 20:43:46,068 INFO output.FileOutputCommitter: File Output Committer Algorithm version is 2
[2025-02-27T20:43:46.074+0000] {subprocess.py:93} INFO - 2025-02-27 20:43:46,068 INFO output.FileOutputCommitter: FileOutputCommitter skip cleanup _temporary folders under output directory:false, ignore cleanup failures: false
[2025-02-27T20:43:46.082+0000] {subprocess.py:93} INFO - 2025-02-27 20:43:46,081 INFO mapred.Task:  Using ResourceCalculatorProcessTree : [ ]
[2025-02-27T20:43:46.088+0000] {subprocess.py:93} INFO - 2025-02-27 20:43:46,087 INFO mapred.MapTask: Processing split: hdfs://namenode:9000/user/etudiant/crypto/raw/YYYY=2025/MM=02/DD=27/coingecko_raw.json:0+85027
[2025-02-27T20:43:46.102+0000] {subprocess.py:93} INFO - 2025-02-27 20:43:46,102 INFO mapred.MapTask: numReduceTasks: 1
[2025-02-27T20:43:46.141+0000] {subprocess.py:93} INFO - 2025-02-27 20:43:46,140 INFO mapred.MapTask: (EQUATOR) 0 kvi 26214396(104857584)
[2025-02-27T20:43:46.142+0000] {subprocess.py:93} INFO - 2025-02-27 20:43:46,140 INFO mapred.MapTask: mapreduce.task.io.sort.mb: 100
[2025-02-27T20:43:46.145+0000] {subprocess.py:93} INFO - 2025-02-27 20:43:46,140 INFO mapred.MapTask: soft limit at 83886080
[2025-02-27T20:43:46.146+0000] {subprocess.py:93} INFO - 2025-02-27 20:43:46,140 INFO mapred.MapTask: bufstart = 0; bufvoid = 104857600
[2025-02-27T20:43:46.146+0000] {subprocess.py:93} INFO - 2025-02-27 20:43:46,140 INFO mapred.MapTask: kvstart = 26214396; length = 6553600
[2025-02-27T20:43:46.147+0000] {subprocess.py:93} INFO - 2025-02-27 20:43:46,144 INFO mapred.MapTask: Map output collector class = org.apache.hadoop.mapred.MapTask$MapOutputBuffer
[2025-02-27T20:43:46.152+0000] {subprocess.py:93} INFO - 2025-02-27 20:43:46,151 INFO streaming.PipeMapRed: PipeMapRed exec [/usr/bin/python3, /tmp/mapper.py]
[2025-02-27T20:43:46.155+0000] {subprocess.py:93} INFO - 2025-02-27 20:43:46,154 INFO Configuration.deprecation: mapred.work.output.dir is deprecated. Instead, use mapreduce.task.output.dir
[2025-02-27T20:43:46.157+0000] {subprocess.py:93} INFO - 2025-02-27 20:43:46,155 INFO Configuration.deprecation: map.input.start is deprecated. Instead, use mapreduce.map.input.start
[2025-02-27T20:43:46.158+0000] {subprocess.py:93} INFO - 2025-02-27 20:43:46,155 INFO Configuration.deprecation: mapred.task.is.map is deprecated. Instead, use mapreduce.task.ismap
[2025-02-27T20:43:46.158+0000] {subprocess.py:93} INFO - 2025-02-27 20:43:46,155 INFO Configuration.deprecation: mapred.task.id is deprecated. Instead, use mapreduce.task.attempt.id
[2025-02-27T20:43:46.159+0000] {subprocess.py:93} INFO - 2025-02-27 20:43:46,156 INFO Configuration.deprecation: mapred.tip.id is deprecated. Instead, use mapreduce.task.id
[2025-02-27T20:43:46.159+0000] {subprocess.py:93} INFO - 2025-02-27 20:43:46,156 INFO Configuration.deprecation: mapred.local.dir is deprecated. Instead, use mapreduce.cluster.local.dir
[2025-02-27T20:43:46.160+0000] {subprocess.py:93} INFO - 2025-02-27 20:43:46,156 INFO Configuration.deprecation: map.input.file is deprecated. Instead, use mapreduce.map.input.file
[2025-02-27T20:43:46.160+0000] {subprocess.py:93} INFO - 2025-02-27 20:43:46,156 INFO Configuration.deprecation: mapred.skip.on is deprecated. Instead, use mapreduce.job.skiprecords
[2025-02-27T20:43:46.160+0000] {subprocess.py:93} INFO - 2025-02-27 20:43:46,156 INFO Configuration.deprecation: map.input.length is deprecated. Instead, use mapreduce.map.input.length
[2025-02-27T20:43:46.160+0000] {subprocess.py:93} INFO - 2025-02-27 20:43:46,157 INFO Configuration.deprecation: mapred.job.id is deprecated. Instead, use mapreduce.job.id
[2025-02-27T20:43:46.161+0000] {subprocess.py:93} INFO - 2025-02-27 20:43:46,157 INFO Configuration.deprecation: user.name is deprecated. Instead, use mapreduce.job.user.name
[2025-02-27T20:43:46.161+0000] {subprocess.py:93} INFO - 2025-02-27 20:43:46,157 INFO Configuration.deprecation: mapred.task.partition is deprecated. Instead, use mapreduce.task.partition
[2025-02-27T20:43:46.186+0000] {subprocess.py:93} INFO - 2025-02-27 20:43:46,182 INFO sasl.SaslDataTransferClient: SASL encryption trust check: localHostTrusted = false, remoteHostTrusted = false
[2025-02-27T20:43:46.241+0000] {subprocess.py:93} INFO - 2025-02-27 20:43:46,240 INFO streaming.PipeMapRed: R/W/S=1/0/0 in:NA [rec/s] out:NA [rec/s]
[2025-02-27T20:43:46.245+0000] {subprocess.py:93} INFO - 2025-02-27 20:43:46,244 INFO streaming.PipeMapRed: Records R/W=1/1
[2025-02-27T20:43:46.247+0000] {subprocess.py:93} INFO - 2025-02-27 20:43:46,246 INFO streaming.PipeMapRed: MRErrorThread done
[2025-02-27T20:43:46.247+0000] {subprocess.py:93} INFO - 2025-02-27 20:43:46,247 INFO streaming.PipeMapRed: mapRedFinished
[2025-02-27T20:43:46.250+0000] {subprocess.py:93} INFO - 2025-02-27 20:43:46,250 INFO mapred.LocalJobRunner:
[2025-02-27T20:43:46.251+0000] {subprocess.py:93} INFO - 2025-02-27 20:43:46,250 INFO mapred.MapTask: Starting flush of map output
[2025-02-27T20:43:46.251+0000] {subprocess.py:93} INFO - 2025-02-27 20:43:46,250 INFO mapred.MapTask: Spilling map output
[2025-02-27T20:43:46.251+0000] {subprocess.py:93} INFO - 2025-02-27 20:43:46,250 INFO mapred.MapTask: bufstart = 0; bufend = 4721; bufvoid = 104857600
[2025-02-27T20:43:46.251+0000] {subprocess.py:93} INFO - 2025-02-27 20:43:46,250 INFO mapred.MapTask: kvstart = 26214396(104857584); kvend = 26214000(104856000); length = 397/6553600
[2025-02-27T20:43:46.262+0000] {subprocess.py:93} INFO - 2025-02-27 20:43:46,261 INFO mapred.MapTask: Finished spill 0
[2025-02-27T20:43:46.272+0000] {subprocess.py:93} INFO - 2025-02-27 20:43:46,272 INFO mapred.Task: Task:attempt_local1130616257_0001_m_000000_0 is done. And is in the process of committing
[2025-02-27T20:43:46.275+0000] {subprocess.py:93} INFO - 2025-02-27 20:43:46,274 INFO mapred.LocalJobRunner: Records R/W=1/1
[2025-02-27T20:43:46.276+0000] {subprocess.py:93} INFO - 2025-02-27 20:43:46,275 INFO mapred.Task: Task 'attempt_local1130616257_0001_m_000000_0' done.
[2025-02-27T20:43:46.281+0000] {subprocess.py:93} INFO - 2025-02-27 20:43:46,280 INFO mapred.Task: Final Counters for attempt_local1130616257_0001_m_000000_0: Counters: 23
[2025-02-27T20:43:46.281+0000] {subprocess.py:93} INFO - 	File System Counters
[2025-02-27T20:43:46.282+0000] {subprocess.py:93} INFO - 		FILE: Number of bytes read=176794
[2025-02-27T20:43:46.282+0000] {subprocess.py:93} INFO - 		FILE: Number of bytes written=710878
[2025-02-27T20:43:46.282+0000] {subprocess.py:93} INFO - 		FILE: Number of read operations=0
[2025-02-27T20:43:46.283+0000] {subprocess.py:93} INFO - 		FILE: Number of large read operations=0
[2025-02-27T20:43:46.283+0000] {subprocess.py:93} INFO - 		FILE: Number of write operations=0
[2025-02-27T20:43:46.283+0000] {subprocess.py:93} INFO - 		HDFS: Number of bytes read=85027
[2025-02-27T20:43:46.283+0000] {subprocess.py:93} INFO - 		HDFS: Number of bytes written=0
[2025-02-27T20:43:46.284+0000] {subprocess.py:93} INFO - 		HDFS: Number of read operations=5
[2025-02-27T20:43:46.285+0000] {subprocess.py:93} INFO - 		HDFS: Number of large read operations=0
[2025-02-27T20:43:46.285+0000] {subprocess.py:93} INFO - 		HDFS: Number of write operations=1
[2025-02-27T20:43:46.285+0000] {subprocess.py:93} INFO - 		HDFS: Number of bytes read erasure-coded=0
[2025-02-27T20:43:46.286+0000] {subprocess.py:93} INFO - 	Map-Reduce Framework
[2025-02-27T20:43:46.286+0000] {subprocess.py:93} INFO - 		Map input records=1
[2025-02-27T20:43:46.286+0000] {subprocess.py:93} INFO - 		Map output records=100
[2025-02-27T20:43:46.287+0000] {subprocess.py:93} INFO - 		Map output bytes=4721
[2025-02-27T20:43:46.287+0000] {subprocess.py:93} INFO - 		Map output materialized bytes=4927
[2025-02-27T20:43:46.287+0000] {subprocess.py:93} INFO - 		Input split bytes=138
[2025-02-27T20:43:46.287+0000] {subprocess.py:93} INFO - 		Combine input records=0
[2025-02-27T20:43:46.287+0000] {subprocess.py:93} INFO - 		Spilled Records=100
[2025-02-27T20:43:46.288+0000] {subprocess.py:93} INFO - 		Failed Shuffles=0
[2025-02-27T20:43:46.288+0000] {subprocess.py:93} INFO - 		Merged Map outputs=0
[2025-02-27T20:43:46.288+0000] {subprocess.py:93} INFO - 		GC time elapsed (ms)=0
[2025-02-27T20:43:46.288+0000] {subprocess.py:93} INFO - 		Total committed heap usage (bytes)=263192576
[2025-02-27T20:43:46.289+0000] {subprocess.py:93} INFO - 	File Input Format Counters
[2025-02-27T20:43:46.289+0000] {subprocess.py:93} INFO - 		Bytes Read=85027
[2025-02-27T20:43:46.289+0000] {subprocess.py:93} INFO - 2025-02-27 20:43:46,280 INFO mapred.LocalJobRunner: Finishing task: attempt_local1130616257_0001_m_000000_0
[2025-02-27T20:43:46.290+0000] {subprocess.py:93} INFO - 2025-02-27 20:43:46,281 INFO mapred.LocalJobRunner: map task executor complete.
[2025-02-27T20:43:46.290+0000] {subprocess.py:93} INFO - 2025-02-27 20:43:46,284 INFO mapred.LocalJobRunner: Waiting for reduce tasks
[2025-02-27T20:43:46.291+0000] {subprocess.py:93} INFO - 2025-02-27 20:43:46,284 INFO mapred.LocalJobRunner: Starting task: attempt_local1130616257_0001_r_000000_0
[2025-02-27T20:43:46.292+0000] {subprocess.py:93} INFO - 2025-02-27 20:43:46,292 INFO output.FileOutputCommitter: File Output Committer Algorithm version is 2
[2025-02-27T20:43:46.293+0000] {subprocess.py:93} INFO - 2025-02-27 20:43:46,292 INFO output.FileOutputCommitter: FileOutputCommitter skip cleanup _temporary folders under output directory:false, ignore cleanup failures: false
[2025-02-27T20:43:46.293+0000] {subprocess.py:93} INFO - 2025-02-27 20:43:46,292 INFO mapred.Task:  Using ResourceCalculatorProcessTree : [ ]
[2025-02-27T20:43:46.296+0000] {subprocess.py:93} INFO - 2025-02-27 20:43:46,295 INFO mapred.ReduceTask: Using ShuffleConsumerPlugin: org.apache.hadoop.mapreduce.task.reduce.Shuffle@542d8dd4
[2025-02-27T20:43:46.297+0000] {subprocess.py:93} INFO - 2025-02-27 20:43:46,296 WARN impl.MetricsSystemImpl: JobTracker metrics system already initialized!
[2025-02-27T20:43:46.310+0000] {subprocess.py:93} INFO - 2025-02-27 20:43:46,309 INFO reduce.MergeManagerImpl: MergerManager: memoryLimit=614727680, maxSingleShuffleLimit=153681920, mergeThreshold=405720288, ioSortFactor=10, memToMemMergeOutputsThreshold=10
[2025-02-27T20:43:46.312+0000] {subprocess.py:93} INFO - 2025-02-27 20:43:46,311 INFO reduce.EventFetcher: attempt_local1130616257_0001_r_000000_0 Thread started: EventFetcher for fetching Map Completion Events
[2025-02-27T20:43:46.337+0000] {subprocess.py:93} INFO - 2025-02-27 20:43:46,336 INFO reduce.LocalFetcher: localfetcher#1 about to shuffle output of map attempt_local1130616257_0001_m_000000_0 decomp: 4923 len: 4927 to MEMORY
[2025-02-27T20:43:46.341+0000] {subprocess.py:93} INFO - 2025-02-27 20:43:46,340 INFO reduce.InMemoryMapOutput: Read 4923 bytes from map-output for attempt_local1130616257_0001_m_000000_0
[2025-02-27T20:43:46.342+0000] {subprocess.py:93} INFO - 2025-02-27 20:43:46,342 INFO reduce.MergeManagerImpl: closeInMemoryFile -> map-output of size: 4923, inMemoryMapOutputs.size() -> 1, commitMemory -> 0, usedMemory ->4923
[2025-02-27T20:43:46.346+0000] {subprocess.py:93} INFO - 2025-02-27 20:43:46,343 INFO reduce.EventFetcher: EventFetcher is interrupted.. Returning
[2025-02-27T20:43:46.350+0000] {subprocess.py:93} INFO - 2025-02-27 20:43:46,350 INFO mapred.LocalJobRunner: 1 / 1 copied.
[2025-02-27T20:43:46.351+0000] {subprocess.py:93} INFO - 2025-02-27 20:43:46,350 INFO reduce.MergeManagerImpl: finalMerge called with 1 in-memory map-outputs and 0 on-disk map-outputs
[2025-02-27T20:43:46.360+0000] {subprocess.py:93} INFO - 2025-02-27 20:43:46,358 INFO mapred.Merger: Merging 1 sorted segments
[2025-02-27T20:43:46.360+0000] {subprocess.py:93} INFO - 2025-02-27 20:43:46,359 INFO mapred.Merger: Down to the last merge-pass, with 1 segments left of total size: 4916 bytes
[2025-02-27T20:43:46.364+0000] {subprocess.py:93} INFO - 2025-02-27 20:43:46,363 INFO reduce.MergeManagerImpl: Merged 1 segments, 4923 bytes to disk to satisfy reduce memory limit
[2025-02-27T20:43:46.365+0000] {subprocess.py:93} INFO - 2025-02-27 20:43:46,364 INFO reduce.MergeManagerImpl: Merging 1 files, 4927 bytes from disk
[2025-02-27T20:43:46.366+0000] {subprocess.py:93} INFO - 2025-02-27 20:43:46,365 INFO reduce.MergeManagerImpl: Merging 0 segments, 0 bytes from memory into reduce
[2025-02-27T20:43:46.367+0000] {subprocess.py:93} INFO - 2025-02-27 20:43:46,365 INFO mapred.Merger: Merging 1 sorted segments
[2025-02-27T20:43:46.367+0000] {subprocess.py:93} INFO - 2025-02-27 20:43:46,366 INFO mapred.Merger: Down to the last merge-pass, with 1 segments left of total size: 4916 bytes
[2025-02-27T20:43:46.368+0000] {subprocess.py:93} INFO - 2025-02-27 20:43:46,366 INFO mapred.LocalJobRunner: 1 / 1 copied.
[2025-02-27T20:43:46.370+0000] {subprocess.py:93} INFO - 2025-02-27 20:43:46,369 INFO streaming.PipeMapRed: PipeMapRed exec [/usr/bin/python3, /tmp/reducer.py]
[2025-02-27T20:43:46.372+0000] {subprocess.py:93} INFO - 2025-02-27 20:43:46,371 INFO Configuration.deprecation: mapred.job.tracker is deprecated. Instead, use mapreduce.jobtracker.address
[2025-02-27T20:43:46.373+0000] {subprocess.py:93} INFO - 2025-02-27 20:43:46,372 INFO Configuration.deprecation: mapred.map.tasks is deprecated. Instead, use mapreduce.job.maps
[2025-02-27T20:43:46.407+0000] {subprocess.py:93} INFO - 2025-02-27 20:43:46,407 INFO streaming.PipeMapRed: R/W/S=1/0/0 in:NA [rec/s] out:NA [rec/s]
[2025-02-27T20:43:46.408+0000] {subprocess.py:93} INFO - 2025-02-27 20:43:46,407 INFO streaming.PipeMapRed: R/W/S=10/0/0 in:NA [rec/s] out:NA [rec/s]
[2025-02-27T20:43:46.409+0000] {subprocess.py:93} INFO - 2025-02-27 20:43:46,409 INFO streaming.PipeMapRed: R/W/S=100/0/0 in:NA [rec/s] out:NA [rec/s]
[2025-02-27T20:43:46.411+0000] {subprocess.py:93} INFO - 2025-02-27 20:43:46,411 INFO streaming.PipeMapRed: Records R/W=100/1
[2025-02-27T20:43:46.414+0000] {subprocess.py:93} INFO - 2025-02-27 20:43:46,414 INFO streaming.PipeMapRed: MRErrorThread done
[2025-02-27T20:43:46.415+0000] {subprocess.py:93} INFO - 2025-02-27 20:43:46,414 INFO streaming.PipeMapRed: mapRedFinished
[2025-02-27T20:43:46.431+0000] {subprocess.py:93} INFO - 2025-02-27 20:43:46,429 INFO sasl.SaslDataTransferClient: SASL encryption trust check: localHostTrusted = false, remoteHostTrusted = false
[2025-02-27T20:43:46.456+0000] {subprocess.py:93} INFO - 2025-02-27 20:43:46,455 INFO mapred.Task: Task:attempt_local1130616257_0001_r_000000_0 is done. And is in the process of committing
[2025-02-27T20:43:46.459+0000] {subprocess.py:93} INFO - 2025-02-27 20:43:46,457 INFO mapred.LocalJobRunner: 1 / 1 copied.
[2025-02-27T20:43:46.459+0000] {subprocess.py:93} INFO - 2025-02-27 20:43:46,458 INFO mapred.Task: Task attempt_local1130616257_0001_r_000000_0 is allowed to commit now
[2025-02-27T20:43:46.478+0000] {subprocess.py:93} INFO - 2025-02-27 20:43:46,477 INFO output.FileOutputCommitter: Saved output of task 'attempt_local1130616257_0001_r_000000_0' to hdfs://namenode:9000/user/etudiant/crypto/processed/YYYY=2025/MM=02/DD=27
[2025-02-27T20:43:46.479+0000] {subprocess.py:93} INFO - 2025-02-27 20:43:46,478 INFO mapred.LocalJobRunner: Records R/W=100/1 > reduce
[2025-02-27T20:43:46.479+0000] {subprocess.py:93} INFO - 2025-02-27 20:43:46,478 INFO mapred.Task: Task 'attempt_local1130616257_0001_r_000000_0' done.
[2025-02-27T20:43:46.480+0000] {subprocess.py:93} INFO - 2025-02-27 20:43:46,479 INFO mapred.Task: Final Counters for attempt_local1130616257_0001_r_000000_0: Counters: 30
[2025-02-27T20:43:46.480+0000] {subprocess.py:93} INFO - 	File System Counters
[2025-02-27T20:43:46.480+0000] {subprocess.py:93} INFO - 		FILE: Number of bytes read=186680
[2025-02-27T20:43:46.481+0000] {subprocess.py:93} INFO - 		FILE: Number of bytes written=715805
[2025-02-27T20:43:46.481+0000] {subprocess.py:93} INFO - 		FILE: Number of read operations=0
[2025-02-27T20:43:46.481+0000] {subprocess.py:93} INFO - 		FILE: Number of large read operations=0
[2025-02-27T20:43:46.481+0000] {subprocess.py:93} INFO - 		FILE: Number of write operations=0
[2025-02-27T20:43:46.482+0000] {subprocess.py:93} INFO - 		HDFS: Number of bytes read=85027
[2025-02-27T20:43:46.482+0000] {subprocess.py:93} INFO - 		HDFS: Number of bytes written=5058
[2025-02-27T20:43:46.482+0000] {subprocess.py:93} INFO - 		HDFS: Number of read operations=10
[2025-02-27T20:43:46.482+0000] {subprocess.py:93} INFO - 		HDFS: Number of large read operations=0
[2025-02-27T20:43:46.483+0000] {subprocess.py:93} INFO - 		HDFS: Number of write operations=3
[2025-02-27T20:43:46.483+0000] {subprocess.py:93} INFO - 		HDFS: Number of bytes read erasure-coded=0
[2025-02-27T20:43:46.484+0000] {subprocess.py:93} INFO - 	Map-Reduce Framework
[2025-02-27T20:43:46.484+0000] {subprocess.py:93} INFO - 		Combine input records=0
[2025-02-27T20:43:46.484+0000] {subprocess.py:93} INFO - 		Combine output records=0
[2025-02-27T20:43:46.484+0000] {subprocess.py:93} INFO - 		Reduce input groups=100
[2025-02-27T20:43:46.484+0000] {subprocess.py:93} INFO - 		Reduce shuffle bytes=4927
[2025-02-27T20:43:46.485+0000] {subprocess.py:93} INFO - 		Reduce input records=100
[2025-02-27T20:43:46.485+0000] {subprocess.py:93} INFO - 		Reduce output records=100
[2025-02-27T20:43:46.485+0000] {subprocess.py:93} INFO - 		Spilled Records=100
[2025-02-27T20:43:46.486+0000] {subprocess.py:93} INFO - 		Shuffled Maps =1
[2025-02-27T20:43:46.486+0000] {subprocess.py:93} INFO - 		Failed Shuffles=0
[2025-02-27T20:43:46.486+0000] {subprocess.py:93} INFO - 		Merged Map outputs=1
[2025-02-27T20:43:46.487+0000] {subprocess.py:93} INFO - 		GC time elapsed (ms)=6
[2025-02-27T20:43:46.487+0000] {subprocess.py:93} INFO - 		Total committed heap usage (bytes)=263192576
[2025-02-27T20:43:46.487+0000] {subprocess.py:93} INFO - 	Shuffle Errors
[2025-02-27T20:43:46.488+0000] {subprocess.py:93} INFO - 		BAD_ID=0
[2025-02-27T20:43:46.488+0000] {subprocess.py:93} INFO - 		CONNECTION=0
[2025-02-27T20:43:46.488+0000] {subprocess.py:93} INFO - 		IO_ERROR=0
[2025-02-27T20:43:46.488+0000] {subprocess.py:93} INFO - 		WRONG_LENGTH=0
[2025-02-27T20:43:46.489+0000] {subprocess.py:93} INFO - 		WRONG_MAP=0
[2025-02-27T20:43:46.489+0000] {subprocess.py:93} INFO - 		WRONG_REDUCE=0
[2025-02-27T20:43:46.489+0000] {subprocess.py:93} INFO - 	File Output Format Counters
[2025-02-27T20:43:46.489+0000] {subprocess.py:93} INFO - 		Bytes Written=5058
[2025-02-27T20:43:46.490+0000] {subprocess.py:93} INFO - 2025-02-27 20:43:46,479 INFO mapred.LocalJobRunner: Finishing task: attempt_local1130616257_0001_r_000000_0
[2025-02-27T20:43:46.490+0000] {subprocess.py:93} INFO - 2025-02-27 20:43:46,479 INFO mapred.LocalJobRunner: reduce task executor complete.
[2025-02-27T20:43:47.028+0000] {subprocess.py:93} INFO - 2025-02-27 20:43:47,027 INFO mapreduce.Job: Job job_local1130616257_0001 running in uber mode : false
[2025-02-27T20:43:47.029+0000] {subprocess.py:93} INFO - 2025-02-27 20:43:47,027 INFO mapreduce.Job:  map 100% reduce 100%
[2025-02-27T20:43:47.029+0000] {subprocess.py:93} INFO - 2025-02-27 20:43:47,028 INFO mapreduce.Job: Job job_local1130616257_0001 completed successfully
[2025-02-27T20:43:47.034+0000] {subprocess.py:93} INFO - 2025-02-27 20:43:47,034 INFO mapreduce.Job: Counters: 36
[2025-02-27T20:43:47.035+0000] {subprocess.py:93} INFO - 	File System Counters
[2025-02-27T20:43:47.035+0000] {subprocess.py:93} INFO - 		FILE: Number of bytes read=363474
[2025-02-27T20:43:47.036+0000] {subprocess.py:93} INFO - 		FILE: Number of bytes written=1426683
[2025-02-27T20:43:47.036+0000] {subprocess.py:93} INFO - 		FILE: Number of read operations=0
[2025-02-27T20:43:47.036+0000] {subprocess.py:93} INFO - 		FILE: Number of large read operations=0
[2025-02-27T20:43:47.036+0000] {subprocess.py:93} INFO - 		FILE: Number of write operations=0
[2025-02-27T20:43:47.036+0000] {subprocess.py:93} INFO - 		HDFS: Number of bytes read=170054
[2025-02-27T20:43:47.037+0000] {subprocess.py:93} INFO - 		HDFS: Number of bytes written=5058
[2025-02-27T20:43:47.037+0000] {subprocess.py:93} INFO - 		HDFS: Number of read operations=15
[2025-02-27T20:43:47.037+0000] {subprocess.py:93} INFO - 		HDFS: Number of large read operations=0
[2025-02-27T20:43:47.037+0000] {subprocess.py:93} INFO - 		HDFS: Number of write operations=4
[2025-02-27T20:43:47.037+0000] {subprocess.py:93} INFO - 		HDFS: Number of bytes read erasure-coded=0
[2025-02-27T20:43:47.037+0000] {subprocess.py:93} INFO - 	Map-Reduce Framework
[2025-02-27T20:43:47.037+0000] {subprocess.py:93} INFO - 		Map input records=1
[2025-02-27T20:43:47.038+0000] {subprocess.py:93} INFO - 		Map output records=100
[2025-02-27T20:43:47.038+0000] {subprocess.py:93} INFO - 		Map output bytes=4721
[2025-02-27T20:43:47.038+0000] {subprocess.py:93} INFO - 		Map output materialized bytes=4927
[2025-02-27T20:43:47.038+0000] {subprocess.py:93} INFO - 		Input split bytes=138
[2025-02-27T20:43:47.038+0000] {subprocess.py:93} INFO - 		Combine input records=0
[2025-02-27T20:43:47.038+0000] {subprocess.py:93} INFO - 		Combine output records=0
[2025-02-27T20:43:47.038+0000] {subprocess.py:93} INFO - 		Reduce input groups=100
[2025-02-27T20:43:47.039+0000] {subprocess.py:93} INFO - 		Reduce shuffle bytes=4927
[2025-02-27T20:43:47.039+0000] {subprocess.py:93} INFO - 		Reduce input records=100
[2025-02-27T20:43:47.039+0000] {subprocess.py:93} INFO - 		Reduce output records=100
[2025-02-27T20:43:47.039+0000] {subprocess.py:93} INFO - 		Spilled Records=200
[2025-02-27T20:43:47.039+0000] {subprocess.py:93} INFO - 		Shuffled Maps =1
[2025-02-27T20:43:47.039+0000] {subprocess.py:93} INFO - 		Failed Shuffles=0
[2025-02-27T20:43:47.039+0000] {subprocess.py:93} INFO - 		Merged Map outputs=1
[2025-02-27T20:43:47.040+0000] {subprocess.py:93} INFO - 		GC time elapsed (ms)=6
[2025-02-27T20:43:47.040+0000] {subprocess.py:93} INFO - 		Total committed heap usage (bytes)=526385152
[2025-02-27T20:43:47.040+0000] {subprocess.py:93} INFO - 	Shuffle Errors
[2025-02-27T20:43:47.040+0000] {subprocess.py:93} INFO - 		BAD_ID=0
[2025-02-27T20:43:47.040+0000] {subprocess.py:93} INFO - 		CONNECTION=0
[2025-02-27T20:43:47.040+0000] {subprocess.py:93} INFO - 		IO_ERROR=0
[2025-02-27T20:43:47.040+0000] {subprocess.py:93} INFO - 		WRONG_LENGTH=0
[2025-02-27T20:43:47.041+0000] {subprocess.py:93} INFO - 		WRONG_MAP=0
[2025-02-27T20:43:47.041+0000] {subprocess.py:93} INFO - 		WRONG_REDUCE=0
[2025-02-27T20:43:47.041+0000] {subprocess.py:93} INFO - 	File Input Format Counters
[2025-02-27T20:43:47.041+0000] {subprocess.py:93} INFO - 		Bytes Read=85027
[2025-02-27T20:43:47.041+0000] {subprocess.py:93} INFO - 	File Output Format Counters
[2025-02-27T20:43:47.041+0000] {subprocess.py:93} INFO - 		Bytes Written=5058
[2025-02-27T20:43:47.042+0000] {subprocess.py:93} INFO - 2025-02-27 20:43:47,034 INFO streaming.StreamJob: Output directory: /user/etudiant/crypto/processed/YYYY=2025/MM=02/DD=27
[2025-02-27T20:43:48.942+0000] {subprocess.py:97} INFO - Command exited with return code 0
[2025-02-27T20:43:48.965+0000] {taskinstance.py:1400} INFO - Marking task as SUCCESS. dag_id=coingecko_ingestion_dag, task_id=run_mapreduce_job, execution_date=20250227T204331, start_date=20250227T204341, end_date=20250227T204348
[2025-02-27T20:43:49.005+0000] {local_task_job_runner.py:228} INFO - Task exited with return code 0
[2025-02-27T20:43:49.021+0000] {taskinstance.py:2784} INFO - 1 downstream tasks scheduled from follow-on schedule check
