[2025-02-24T17:20:25.049+0000] {taskinstance.py:1159} INFO - Dependencies all met for dep_context=non-requeueable deps ti=<TaskInstance: coingecko_ingestion_dag.fetch_data scheduled__2025-01-17T00:00:00+00:00 [queued]>
[2025-02-24T17:20:25.063+0000] {taskinstance.py:1159} INFO - Dependencies all met for dep_context=requeueable deps ti=<TaskInstance: coingecko_ingestion_dag.fetch_data scheduled__2025-01-17T00:00:00+00:00 [queued]>
[2025-02-24T17:20:25.064+0000] {taskinstance.py:1361} INFO - Starting attempt 1 of 2
[2025-02-24T17:20:25.092+0000] {taskinstance.py:1382} INFO - Executing <Task(PythonOperator): fetch_data> on 2025-01-17 00:00:00+00:00
[2025-02-24T17:20:25.099+0000] {standard_task_runner.py:57} INFO - Started process 660 to run task
[2025-02-24T17:20:25.110+0000] {standard_task_runner.py:84} INFO - Running: ['***', 'tasks', 'run', 'coingecko_ingestion_dag', 'fetch_data', 'scheduled__2025-01-17T00:00:00+00:00', '--job-id', '50', '--raw', '--subdir', 'DAGS_FOLDER/test.py', '--cfg-path', '/tmp/tmpd8kuzotc']
[2025-02-24T17:20:25.117+0000] {standard_task_runner.py:85} INFO - Job 50: Subtask fetch_data
[2025-02-24T17:20:25.210+0000] {task_command.py:415} INFO - Running <TaskInstance: coingecko_ingestion_dag.fetch_data scheduled__2025-01-17T00:00:00+00:00 [running]> on host 85b967fd3989
[2025-02-24T17:20:25.370+0000] {taskinstance.py:1660} INFO - Exporting env vars: AIRFLOW_CTX_DAG_OWNER='etudiant' AIRFLOW_CTX_DAG_ID='coingecko_ingestion_dag' AIRFLOW_CTX_TASK_ID='fetch_data' AIRFLOW_CTX_EXECUTION_DATE='2025-01-17T00:00:00+00:00' AIRFLOW_CTX_TRY_NUMBER='1' AIRFLOW_CTX_DAG_RUN_ID='scheduled__2025-01-17T00:00:00+00:00'
[2025-02-24T17:20:26.044+0000] {python.py:194} INFO - Done. Returned value was: None
[2025-02-24T17:20:26.072+0000] {taskinstance.py:1400} INFO - Marking task as SUCCESS. dag_id=coingecko_ingestion_dag, task_id=fetch_data, execution_date=20250117T000000, start_date=20250224T172025, end_date=20250224T172026
[2025-02-24T17:20:26.202+0000] {local_task_job_runner.py:228} INFO - Task exited with return code 0
[2025-02-24T17:20:26.259+0000] {taskinstance.py:2784} INFO - 1 downstream tasks scheduled from follow-on schedule check
[2025-02-25T15:53:01.095+0000] {taskinstance.py:1159} INFO - Dependencies all met for dep_context=non-requeueable deps ti=<TaskInstance: coingecko_ingestion_dag.fetch_data scheduled__2025-01-17T00:00:00+00:00 [queued]>
[2025-02-25T15:53:01.215+0000] {taskinstance.py:1159} INFO - Dependencies all met for dep_context=requeueable deps ti=<TaskInstance: coingecko_ingestion_dag.fetch_data scheduled__2025-01-17T00:00:00+00:00 [queued]>
[2025-02-25T15:53:01.222+0000] {taskinstance.py:1361} INFO - Starting attempt 1 of 2
[2025-02-25T15:53:01.509+0000] {taskinstance.py:1382} INFO - Executing <Task(PythonOperator): fetch_data> on 2025-01-17 00:00:00+00:00
[2025-02-25T15:53:01.538+0000] {standard_task_runner.py:57} INFO - Started process 345 to run task
[2025-02-25T15:53:01.566+0000] {standard_task_runner.py:84} INFO - Running: ['***', 'tasks', 'run', 'coingecko_ingestion_dag', 'fetch_data', 'scheduled__2025-01-17T00:00:00+00:00', '--job-id', '50', '--raw', '--subdir', 'DAGS_FOLDER/pipeline.py', '--cfg-path', '/tmp/tmpmj76cmec']
[2025-02-25T15:53:01.587+0000] {standard_task_runner.py:85} INFO - Job 50: Subtask fetch_data
[2025-02-25T15:53:01.855+0000] {task_command.py:415} INFO - Running <TaskInstance: coingecko_ingestion_dag.fetch_data scheduled__2025-01-17T00:00:00+00:00 [running]> on host af9744bbb9eb
[2025-02-25T15:53:02.224+0000] {taskinstance.py:1660} INFO - Exporting env vars: AIRFLOW_CTX_DAG_OWNER='etudiant' AIRFLOW_CTX_DAG_ID='coingecko_ingestion_dag' AIRFLOW_CTX_TASK_ID='fetch_data' AIRFLOW_CTX_EXECUTION_DATE='2025-01-17T00:00:00+00:00' AIRFLOW_CTX_TRY_NUMBER='1' AIRFLOW_CTX_DAG_RUN_ID='scheduled__2025-01-17T00:00:00+00:00'
[2025-02-25T15:53:02.721+0000] {python.py:194} INFO - Done. Returned value was: None
[2025-02-25T15:53:02.834+0000] {taskinstance.py:1400} INFO - Marking task as SUCCESS. dag_id=coingecko_ingestion_dag, task_id=fetch_data, execution_date=20250117T000000, start_date=20250225T155301, end_date=20250225T155302
[2025-02-25T15:53:02.998+0000] {local_task_job_runner.py:228} INFO - Task exited with return code 0
[2025-02-25T15:53:03.401+0000] {taskinstance.py:2784} INFO - 0 downstream tasks scheduled from follow-on schedule check
