[2025-02-24T17:15:05.279+0000] {taskinstance.py:1159} INFO - Dependencies all met for dep_context=non-requeueable deps ti=<TaskInstance: coingecko_ingestion_dag.fetch_data scheduled__2025-01-15T00:00:00+00:00 [queued]>
[2025-02-24T17:15:05.295+0000] {taskinstance.py:1159} INFO - Dependencies all met for dep_context=requeueable deps ti=<TaskInstance: coingecko_ingestion_dag.fetch_data scheduled__2025-01-15T00:00:00+00:00 [queued]>
[2025-02-24T17:15:05.296+0000] {taskinstance.py:1361} INFO - Starting attempt 1 of 2
[2025-02-24T17:15:05.320+0000] {taskinstance.py:1382} INFO - Executing <Task(PythonOperator): fetch_data> on 2025-01-15 00:00:00+00:00
[2025-02-24T17:15:05.328+0000] {standard_task_runner.py:57} INFO - Started process 499 to run task
[2025-02-24T17:15:05.342+0000] {standard_task_runner.py:84} INFO - Running: ['***', 'tasks', 'run', 'coingecko_ingestion_dag', 'fetch_data', 'scheduled__2025-01-15T00:00:00+00:00', '--job-id', '16', '--raw', '--subdir', 'DAGS_FOLDER/pipeline.py', '--cfg-path', '/tmp/tmp1z69ei40']
[2025-02-24T17:15:05.352+0000] {standard_task_runner.py:85} INFO - Job 16: Subtask fetch_data
[2025-02-24T17:15:05.529+0000] {task_command.py:415} INFO - Running <TaskInstance: coingecko_ingestion_dag.fetch_data scheduled__2025-01-15T00:00:00+00:00 [running]> on host 85b967fd3989
[2025-02-24T17:15:05.776+0000] {taskinstance.py:1660} INFO - Exporting env vars: AIRFLOW_CTX_DAG_OWNER='etudiant' AIRFLOW_CTX_DAG_ID='coingecko_ingestion_dag' AIRFLOW_CTX_TASK_ID='fetch_data' AIRFLOW_CTX_EXECUTION_DATE='2025-01-15T00:00:00+00:00' AIRFLOW_CTX_TRY_NUMBER='1' AIRFLOW_CTX_DAG_RUN_ID='scheduled__2025-01-15T00:00:00+00:00'
[2025-02-24T17:15:06.062+0000] {python.py:194} INFO - Done. Returned value was: None
[2025-02-24T17:15:06.124+0000] {taskinstance.py:1400} INFO - Marking task as SUCCESS. dag_id=coingecko_ingestion_dag, task_id=fetch_data, execution_date=20250115T000000, start_date=20250224T171505, end_date=20250224T171506
[2025-02-24T17:15:06.276+0000] {local_task_job_runner.py:228} INFO - Task exited with return code 0
[2025-02-24T17:15:06.397+0000] {taskinstance.py:2784} INFO - 1 downstream tasks scheduled from follow-on schedule check
[2025-02-25T15:47:42.958+0000] {taskinstance.py:1159} INFO - Dependencies all met for dep_context=non-requeueable deps ti=<TaskInstance: coingecko_ingestion_dag.fetch_data scheduled__2025-01-15T00:00:00+00:00 [queued]>
[2025-02-25T15:47:43.057+0000] {taskinstance.py:1159} INFO - Dependencies all met for dep_context=requeueable deps ti=<TaskInstance: coingecko_ingestion_dag.fetch_data scheduled__2025-01-15T00:00:00+00:00 [queued]>
[2025-02-25T15:47:43.058+0000] {taskinstance.py:1361} INFO - Starting attempt 1 of 2
[2025-02-25T15:47:43.694+0000] {taskinstance.py:1382} INFO - Executing <Task(PythonOperator): fetch_data> on 2025-01-15 00:00:00+00:00
[2025-02-25T15:47:43.709+0000] {standard_task_runner.py:57} INFO - Started process 227 to run task
[2025-02-25T15:47:43.723+0000] {standard_task_runner.py:84} INFO - Running: ['***', 'tasks', 'run', 'coingecko_ingestion_dag', 'fetch_data', 'scheduled__2025-01-15T00:00:00+00:00', '--job-id', '17', '--raw', '--subdir', 'DAGS_FOLDER/pipeline.py', '--cfg-path', '/tmp/tmpyzfa8t90']
[2025-02-25T15:47:43.730+0000] {standard_task_runner.py:85} INFO - Job 17: Subtask fetch_data
[2025-02-25T15:47:44.011+0000] {task_command.py:415} INFO - Running <TaskInstance: coingecko_ingestion_dag.fetch_data scheduled__2025-01-15T00:00:00+00:00 [running]> on host af9744bbb9eb
[2025-02-25T15:47:44.245+0000] {taskinstance.py:1660} INFO - Exporting env vars: AIRFLOW_CTX_DAG_OWNER='etudiant' AIRFLOW_CTX_DAG_ID='coingecko_ingestion_dag' AIRFLOW_CTX_TASK_ID='fetch_data' AIRFLOW_CTX_EXECUTION_DATE='2025-01-15T00:00:00+00:00' AIRFLOW_CTX_TRY_NUMBER='1' AIRFLOW_CTX_DAG_RUN_ID='scheduled__2025-01-15T00:00:00+00:00'
[2025-02-25T15:47:44.749+0000] {python.py:194} INFO - Done. Returned value was: None
[2025-02-25T15:47:44.808+0000] {taskinstance.py:1400} INFO - Marking task as SUCCESS. dag_id=coingecko_ingestion_dag, task_id=fetch_data, execution_date=20250115T000000, start_date=20250225T154742, end_date=20250225T154744
[2025-02-25T15:47:44.920+0000] {local_task_job_runner.py:228} INFO - Task exited with return code 0
[2025-02-25T15:47:44.985+0000] {taskinstance.py:2784} INFO - 1 downstream tasks scheduled from follow-on schedule check
