[2025-02-26T15:13:35.876+0000] {taskinstance.py:1159} INFO - Dependencies all met for dep_context=non-requeueable deps ti=<TaskInstance: coingecko_ingestion_dag.run_mapreduce_job manual__2025-02-26T15:13:24.620612+00:00 [queued]>
[2025-02-26T15:13:35.890+0000] {taskinstance.py:1159} INFO - Dependencies all met for dep_context=requeueable deps ti=<TaskInstance: coingecko_ingestion_dag.run_mapreduce_job manual__2025-02-26T15:13:24.620612+00:00 [queued]>
[2025-02-26T15:13:35.891+0000] {taskinstance.py:1361} INFO - Starting attempt 1 of 2
[2025-02-26T15:13:35.909+0000] {taskinstance.py:1382} INFO - Executing <Task(BashOperator): run_mapreduce_job> on 2025-02-26 15:13:24.620612+00:00
[2025-02-26T15:13:35.914+0000] {standard_task_runner.py:57} INFO - Started process 224 to run task
[2025-02-26T15:13:35.920+0000] {standard_task_runner.py:84} INFO - Running: ['***', 'tasks', 'run', 'coingecko_ingestion_dag', 'run_mapreduce_job', 'manual__2025-02-26T15:13:24.620612+00:00', '--job-id', '280', '--raw', '--subdir', 'DAGS_FOLDER/pipeline.py', '--cfg-path', '/tmp/tmpg50asxr9']
[2025-02-26T15:13:35.926+0000] {standard_task_runner.py:85} INFO - Job 280: Subtask run_mapreduce_job
[2025-02-26T15:13:35.984+0000] {task_command.py:415} INFO - Running <TaskInstance: coingecko_ingestion_dag.run_mapreduce_job manual__2025-02-26T15:13:24.620612+00:00 [running]> on host e1955973b049
[2025-02-26T15:13:36.047+0000] {logging_mixin.py:151} WARNING - /home/***/.local/lib/python3.8/site-packages/***/utils/context.py:206 AirflowContextDeprecationWarning: Accessing 'execution_date' from the template is deprecated and will be removed in a future version. Please use 'data_interval_start' or 'logical_date' instead.
[2025-02-26T15:13:36.087+0000] {taskinstance.py:1660} INFO - Exporting env vars: AIRFLOW_CTX_DAG_OWNER='etudiant' AIRFLOW_CTX_DAG_ID='coingecko_ingestion_dag' AIRFLOW_CTX_TASK_ID='run_mapreduce_job' AIRFLOW_CTX_EXECUTION_DATE='2025-02-26T15:13:24.620612+00:00' AIRFLOW_CTX_TRY_NUMBER='1' AIRFLOW_CTX_DAG_RUN_ID='manual__2025-02-26T15:13:24.620612+00:00'
[2025-02-26T15:13:36.091+0000] {subprocess.py:63} INFO - Tmp dir root location: /tmp
[2025-02-26T15:13:36.092+0000] {subprocess.py:75} INFO - Running command: ['/bin/bash', '-c', '\n        docker exec -i namenode         hadoop jar /opt/hadoop-3.2.1/share/hadoop/tools/lib/hadoop-streaming-3.2.1.jar         -input /user/etudiant/crypto/raw/YYYY=2025/MM=02/DD=26/coingecko_raw.json         -output /user/etudiant/crypto/processed/YYYY=2025/MM=02/DD=26         -mapper /user/etudiant/scripts/mapper.py         -reducer /user/etudiant/scripts/reducer.py         -files hdfs://namenode:9000/user/etudiant/scripts/mapper.py,hdfs://namenode:9000/user/etudiant/scripts/reducer.py\n    ']
[2025-02-26T15:13:36.102+0000] {subprocess.py:86} INFO - Output:
[2025-02-26T15:13:36.710+0000] {subprocess.py:93} INFO - 2025-02-26 15:13:36,708 ERROR streaming.StreamJob: Unrecognized option: -files
[2025-02-26T15:13:36.711+0000] {subprocess.py:93} INFO - Usage: $HADOOP_HOME/bin/hadoop jar hadoop-streaming.jar [options]
[2025-02-26T15:13:36.711+0000] {subprocess.py:93} INFO - Options:
[2025-02-26T15:13:36.712+0000] {subprocess.py:93} INFO -   -input          <path> DFS input file(s) for the Map step.
[2025-02-26T15:13:36.713+0000] {subprocess.py:93} INFO -   -output         <path> DFS output directory for the Reduce step.
[2025-02-26T15:13:36.713+0000] {subprocess.py:93} INFO -   -mapper         <cmd|JavaClassName> Optional. Command to be run as mapper.
[2025-02-26T15:13:36.714+0000] {subprocess.py:93} INFO -   -combiner       <cmd|JavaClassName> Optional. Command to be run as combiner.
[2025-02-26T15:13:36.719+0000] {subprocess.py:93} INFO -   -reducer        <cmd|JavaClassName> Optional. Command to be run as reducer.
[2025-02-26T15:13:36.723+0000] {subprocess.py:93} INFO -   -file           <file> Optional. File/dir to be shipped in the Job jar file.
[2025-02-26T15:13:36.725+0000] {subprocess.py:93} INFO -                   Deprecated. Use generic option "-files" instead.
[2025-02-26T15:13:36.726+0000] {subprocess.py:93} INFO -   -inputformat    <TextInputFormat(default)|SequenceFileAsTextInputFormat|JavaClassName>
[2025-02-26T15:13:36.727+0000] {subprocess.py:93} INFO -                   Optional. The input format class.
[2025-02-26T15:13:36.728+0000] {subprocess.py:93} INFO -   -outputformat   <TextOutputFormat(default)|JavaClassName>
[2025-02-26T15:13:36.728+0000] {subprocess.py:93} INFO -                   Optional. The output format class.
[2025-02-26T15:13:36.729+0000] {subprocess.py:93} INFO -   -partitioner    <JavaClassName>  Optional. The partitioner class.
[2025-02-26T15:13:36.729+0000] {subprocess.py:93} INFO -   -numReduceTasks <num> Optional. Number of reduce tasks.
[2025-02-26T15:13:36.730+0000] {subprocess.py:93} INFO -   -inputreader    <spec> Optional. Input recordreader spec.
[2025-02-26T15:13:36.730+0000] {subprocess.py:93} INFO -   -cmdenv         <n>=<v> Optional. Pass env.var to streaming commands.
[2025-02-26T15:13:36.730+0000] {subprocess.py:93} INFO -   -mapdebug       <cmd> Optional. To run this script when a map task fails.
[2025-02-26T15:13:36.730+0000] {subprocess.py:93} INFO -   -reducedebug    <cmd> Optional. To run this script when a reduce task fails.
[2025-02-26T15:13:36.730+0000] {subprocess.py:93} INFO -   -io             <identifier> Optional. Format to use for input to and output
[2025-02-26T15:13:36.731+0000] {subprocess.py:93} INFO -                   from mapper/reducer commands
[2025-02-26T15:13:36.731+0000] {subprocess.py:93} INFO -   -lazyOutput     Optional. Lazily create Output.
[2025-02-26T15:13:36.732+0000] {subprocess.py:93} INFO -   -background     Optional. Submit the job and don't wait till it completes.
[2025-02-26T15:13:36.732+0000] {subprocess.py:93} INFO - Try -help for more information
[2025-02-26T15:13:36.734+0000] {subprocess.py:93} INFO - Streaming Command Failed!
[2025-02-26T15:13:36.736+0000] {subprocess.py:93} INFO - 
[2025-02-26T15:13:36.737+0000] {subprocess.py:93} INFO -   -verbose        Optional. Print verbose output.
[2025-02-26T15:13:36.738+0000] {subprocess.py:93} INFO -   -info           Optional. Print detailed usage.
[2025-02-26T15:13:36.738+0000] {subprocess.py:93} INFO -   -help           Optional. Print help message.
[2025-02-26T15:13:36.739+0000] {subprocess.py:93} INFO - 
[2025-02-26T15:13:36.739+0000] {subprocess.py:93} INFO - Generic options supported are:
[2025-02-26T15:13:36.740+0000] {subprocess.py:93} INFO - -conf <configuration file>        specify an application configuration file
[2025-02-26T15:13:36.741+0000] {subprocess.py:93} INFO - -D <property=value>               define a value for a given property
[2025-02-26T15:13:36.741+0000] {subprocess.py:93} INFO - -fs <file:///|hdfs://namenode:port> specify default filesystem URL to use, overrides 'fs.defaultFS' property from configurations.
[2025-02-26T15:13:36.741+0000] {subprocess.py:93} INFO - -jt <local|resourcemanager:port>  specify a ResourceManager
[2025-02-26T15:13:36.742+0000] {subprocess.py:93} INFO - -files <file1,...>                specify a comma-separated list of files to be copied to the map reduce cluster
[2025-02-26T15:13:36.742+0000] {subprocess.py:93} INFO - -libjars <jar1,...>               specify a comma-separated list of jar files to be included in the classpath
[2025-02-26T15:13:36.742+0000] {subprocess.py:93} INFO - -archives <archive1,...>          specify a comma-separated list of archives to be unarchived on the compute machines
[2025-02-26T15:13:36.743+0000] {subprocess.py:93} INFO - 
[2025-02-26T15:13:36.743+0000] {subprocess.py:93} INFO - The general command line syntax is:
[2025-02-26T15:13:36.743+0000] {subprocess.py:93} INFO - command [genericOptions] [commandOptions]
[2025-02-26T15:13:36.744+0000] {subprocess.py:93} INFO - 
[2025-02-26T15:13:36.744+0000] {subprocess.py:93} INFO - 
[2025-02-26T15:13:36.744+0000] {subprocess.py:93} INFO - For more details about these options:
[2025-02-26T15:13:36.744+0000] {subprocess.py:93} INFO - Use $HADOOP_HOME/bin/hadoop jar hadoop-streaming.jar -info
[2025-02-26T15:13:36.792+0000] {subprocess.py:97} INFO - Command exited with return code 1
[2025-02-26T15:13:36.807+0000] {taskinstance.py:1943} ERROR - Task failed with exception
Traceback (most recent call last):
  File "/home/airflow/.local/lib/python3.8/site-packages/airflow/operators/bash.py", line 210, in execute
    raise AirflowException(
airflow.exceptions.AirflowException: Bash command failed. The command returned a non-zero exit code 1.
[2025-02-26T15:13:36.812+0000] {taskinstance.py:1400} INFO - Marking task as UP_FOR_RETRY. dag_id=coingecko_ingestion_dag, task_id=run_mapreduce_job, execution_date=20250226T151324, start_date=20250226T151335, end_date=20250226T151336
[2025-02-26T15:13:36.832+0000] {standard_task_runner.py:104} ERROR - Failed to execute job 280 for task run_mapreduce_job (Bash command failed. The command returned a non-zero exit code 1.; 224)
[2025-02-26T15:13:36.883+0000] {local_task_job_runner.py:228} INFO - Task exited with return code 1
[2025-02-26T15:13:36.926+0000] {taskinstance.py:2784} INFO - 0 downstream tasks scheduled from follow-on schedule check
