[2025-02-28T10:49:18.334+0000] {taskinstance.py:1159} INFO - Dependencies all met for dep_context=non-requeueable deps ti=<TaskInstance: coingecko_ingestion_dag.load_to_hbase manual__2025-02-28T10:48:50.415656+00:00 [queued]>
[2025-02-28T10:49:18.352+0000] {taskinstance.py:1159} INFO - Dependencies all met for dep_context=requeueable deps ti=<TaskInstance: coingecko_ingestion_dag.load_to_hbase manual__2025-02-28T10:48:50.415656+00:00 [queued]>
[2025-02-28T10:49:18.354+0000] {taskinstance.py:1361} INFO - Starting attempt 1 of 4
[2025-02-28T10:49:18.379+0000] {taskinstance.py:1382} INFO - Executing <Task(PythonOperator): load_to_hbase> on 2025-02-28 10:48:50.415656+00:00
[2025-02-28T10:49:18.394+0000] {standard_task_runner.py:57} INFO - Started process 558 to run task
[2025-02-28T10:49:18.403+0000] {standard_task_runner.py:84} INFO - Running: ['***', 'tasks', 'run', 'coingecko_ingestion_dag', 'load_to_hbase', 'manual__2025-02-28T10:48:50.415656+00:00', '--job-id', '587', '--raw', '--subdir', 'DAGS_FOLDER/pipeline.py', '--cfg-path', '/tmp/tmpvzo6heu7']
[2025-02-28T10:49:18.410+0000] {standard_task_runner.py:85} INFO - Job 587: Subtask load_to_hbase
[2025-02-28T10:49:18.545+0000] {task_command.py:415} INFO - Running <TaskInstance: coingecko_ingestion_dag.load_to_hbase manual__2025-02-28T10:48:50.415656+00:00 [running]> on host b86b19d2f863
[2025-02-28T10:49:18.780+0000] {taskinstance.py:1660} INFO - Exporting env vars: AIRFLOW_CTX_DAG_OWNER='etudiant' AIRFLOW_CTX_DAG_ID='coingecko_ingestion_dag' AIRFLOW_CTX_TASK_ID='load_to_hbase' AIRFLOW_CTX_EXECUTION_DATE='2025-02-28T10:48:50.415656+00:00' AIRFLOW_CTX_TRY_NUMBER='1' AIRFLOW_CTX_DAG_RUN_ID='manual__2025-02-28T10:48:50.415656+00:00'
[2025-02-28T10:49:18.785+0000] {pipeline.py:63} INFO - Deleted existing local file: /home/***/tmp/crypto_agg.csv
[2025-02-28T10:49:21.395+0000] {pipeline.py:74} INFO - Downloaded to namenode: 
[2025-02-28T10:49:21.500+0000] {pipeline.py:83} INFO - Copied to /home/***/tmp/crypto_agg.csv
[2025-02-28T10:49:21.545+0000] {pipeline.py:110} ERROR - Error processing line: aave	182.5,182.5,182.5,0.0,356051401.0,1 - not enough values to unpack (expected 7, got 6)
[2025-02-28T10:49:21.546+0000] {pipeline.py:110} ERROR - Error processing line: algorand	0.220201,0.220201,0.220201,0.0,123786641.0,1 - not enough values to unpack (expected 7, got 6)
[2025-02-28T10:49:21.547+0000] {pipeline.py:110} ERROR - Error processing line: aptos	5.85,5.85,5.85,0.0,347458265.0,1 - not enough values to unpack (expected 7, got 6)
[2025-02-28T10:49:21.549+0000] {pipeline.py:110} ERROR - Error processing line: arbitrum	0.39314,0.39314,0.39314,0.0,291290702.0,1 - not enough values to unpack (expected 7, got 6)
[2025-02-28T10:49:21.553+0000] {pipeline.py:110} ERROR - Error processing line: avalanche-2	21.03,21.03,21.03,0.0,719003690.0,1 - not enough values to unpack (expected 7, got 6)
[2025-02-28T10:49:21.556+0000] {pipeline.py:110} ERROR - Error processing line: berachain-bera	7.41,7.41,7.41,0.0,432676408.0,1 - not enough values to unpack (expected 7, got 6)
[2025-02-28T10:49:21.558+0000] {pipeline.py:110} ERROR - Error processing line: binance-peg-weth	2129.24,2129.24,2129.24,0.0,71569228.0,1 - not enough values to unpack (expected 7, got 6)
[2025-02-28T10:49:21.559+0000] {pipeline.py:110} ERROR - Error processing line: binance-staked-sol	135.61,135.61,135.61,0.0,7898363.0,1 - not enough values to unpack (expected 7, got 6)
[2025-02-28T10:49:21.560+0000] {pipeline.py:110} ERROR - Error processing line: binancecoin	571.94,571.94,571.94,0.0,1584504566.0,1 - not enough values to unpack (expected 7, got 6)
[2025-02-28T10:49:21.560+0000] {pipeline.py:110} ERROR - Error processing line: bitcoin	79990.0,79990.0,79990.0,0.0,83913182386.0,1 - not enough values to unpack (expected 7, got 6)
[2025-02-28T10:49:21.561+0000] {pipeline.py:110} ERROR - Error processing line: bitcoin-cash	281.3,281.3,281.3,0.0,396075129.0,1 - not enough values to unpack (expected 7, got 6)
[2025-02-28T10:49:21.562+0000] {pipeline.py:110} ERROR - Error processing line: bitget-token	3.81,3.81,3.81,0.0,326321567.0,1 - not enough values to unpack (expected 7, got 6)
[2025-02-28T10:49:21.563+0000] {pipeline.py:110} ERROR - Error processing line: bittensor	303.26,303.26,303.26,0.0,223183670.0,1 - not enough values to unpack (expected 7, got 6)
[2025-02-28T10:49:21.564+0000] {pipeline.py:110} ERROR - Error processing line: blockstack	0.786645,0.786645,0.786645,0.0,86437478.0,1 - not enough values to unpack (expected 7, got 6)
[2025-02-28T10:49:21.565+0000] {pipeline.py:110} ERROR - Error processing line: bonk	1.24e-05,1.24e-05,1.24e-05,0.0,130635837.0,1 - not enough values to unpack (expected 7, got 6)
[2025-02-28T10:49:21.566+0000] {pipeline.py:110} ERROR - Error processing line: cardano	0.59763,0.59763,0.59763,0.0,988434941.0,1 - not enough values to unpack (expected 7, got 6)
[2025-02-28T10:49:21.568+0000] {pipeline.py:110} ERROR - Error processing line: celestia	3.42,3.42,3.42,0.0,138989004.0,1 - not enough values to unpack (expected 7, got 6)
[2025-02-28T10:49:21.570+0000] {pipeline.py:110} ERROR - Error processing line: chainlink	13.8,13.8,13.8,0.0,745318896.0,1 - not enough values to unpack (expected 7, got 6)
[2025-02-28T10:49:21.571+0000] {pipeline.py:110} ERROR - Error processing line: coinbase-wrapped-btc	79988.0,79988.0,79988.0,0.0,459455443.0,1 - not enough values to unpack (expected 7, got 6)
[2025-02-28T10:49:21.572+0000] {pipeline.py:110} ERROR - Error processing line: cosmos	4.32,4.32,4.32,0.0,162499729.0,1 - not enough values to unpack (expected 7, got 6)
[2025-02-28T10:49:21.573+0000] {pipeline.py:110} ERROR - Error processing line: crypto-com-chain	0.070258,0.070258,0.070258,0.0,30582071.0,1 - not enough values to unpack (expected 7, got 6)
[2025-02-28T10:49:21.575+0000] {pipeline.py:110} ERROR - Error processing line: dai	0.999516,0.999516,0.999516,0.0,235825327.0,1 - not enough values to unpack (expected 7, got 6)
[2025-02-28T10:49:21.575+0000] {pipeline.py:110} ERROR - Error processing line: dexe	17.57,17.57,17.57,0.0,18922700.0,1 - not enough values to unpack (expected 7, got 6)
[2025-02-28T10:49:21.576+0000] {pipeline.py:110} ERROR - Error processing line: dogecoin	0.186263,0.186263,0.186263,0.0,2240809563.0,1 - not enough values to unpack (expected 7, got 6)
[2025-02-28T10:49:21.577+0000] {pipeline.py:110} ERROR - Error processing line: eos	0.529268,0.529268,0.529268,0.0,119426096.0,1 - not enough values to unpack (expected 7, got 6)
[2025-02-28T10:49:21.577+0000] {pipeline.py:110} ERROR - Error processing line: ethena	0.389076,0.389076,0.389076,0.0,256552490.0,1 - not enough values to unpack (expected 7, got 6)
[2025-02-28T10:49:21.578+0000] {pipeline.py:110} ERROR - Error processing line: ethena-usde	0.999116,0.999116,0.999116,0.0,85465581.0,1 - not enough values to unpack (expected 7, got 6)
[2025-02-28T10:49:21.578+0000] {pipeline.py:110} ERROR - Error processing line: ethereum	2125.05,2125.05,2125.05,0.0,37170160391.0,1 - not enough values to unpack (expected 7, got 6)
[2025-02-28T10:49:21.579+0000] {pipeline.py:110} ERROR - Error processing line: ethereum-classic	18.33,18.33,18.33,0.0,191366287.0,1 - not enough values to unpack (expected 7, got 6)
[2025-02-28T10:49:21.579+0000] {pipeline.py:110} ERROR - Error processing line: fasttoken	3.97,3.97,3.97,0.0,48964410.0,1 - not enough values to unpack (expected 7, got 6)
[2025-02-28T10:49:21.579+0000] {pipeline.py:110} ERROR - Error processing line: fetch-ai	0.614101,0.614101,0.614101,0.0,159780637.0,1 - not enough values to unpack (expected 7, got 6)
[2025-02-28T10:49:21.580+0000] {pipeline.py:110} ERROR - Error processing line: filecoin	3.09,3.09,3.09,0.0,228280041.0,1 - not enough values to unpack (expected 7, got 6)
[2025-02-28T10:49:21.581+0000] {pipeline.py:110} ERROR - Error processing line: first-digital-usd	0.997733,0.997733,0.997733,0.0,9853840428.0,1 - not enough values to unpack (expected 7, got 6)
[2025-02-28T10:49:21.581+0000] {pipeline.py:110} ERROR - Error processing line: flare-networks	0.01587804,0.01587804,0.01587804,0.0,12080838.0,1 - not enough values to unpack (expected 7, got 6)
[2025-02-28T10:49:21.582+0000] {pipeline.py:110} ERROR - Error processing line: floki	7.633e-05,7.633e-05,7.633e-05,0.0,142467515.0,1 - not enough values to unpack (expected 7, got 6)
[2025-02-28T10:49:21.584+0000] {pipeline.py:110} ERROR - Error processing line: gala	0.01838969,0.01838969,0.01838969,0.0,122349016.0,1 - not enough values to unpack (expected 7, got 6)
[2025-02-28T10:49:21.584+0000] {pipeline.py:110} ERROR - Error processing line: gatechain-token	20.04,20.04,20.04,0.0,25375237.0,1 - not enough values to unpack (expected 7, got 6)
[2025-02-28T10:49:21.585+0000] {pipeline.py:110} ERROR - Error processing line: hedera-hashgraph	0.187961,0.187961,0.187961,0.0,450905492.0,1 - not enough values to unpack (expected 7, got 6)
[2025-02-28T10:49:21.586+0000] {pipeline.py:110} ERROR - Error processing line: hyperliquid	19.43,19.43,19.43,0.0,279562611.0,1 - not enough values to unpack (expected 7, got 6)
[2025-02-28T10:49:21.586+0000] {pipeline.py:110} ERROR - Error processing line: immutable-x	0.661851,0.661851,0.661851,0.0,50418296.0,1 - not enough values to unpack (expected 7, got 6)
[2025-02-28T10:49:21.588+0000] {pipeline.py:110} ERROR - Error processing line: injective-protocol	12.49,12.49,12.49,0.0,132486492.0,1 - not enough values to unpack (expected 7, got 6)
[2025-02-28T10:49:21.589+0000] {pipeline.py:110} ERROR - Error processing line: internet-computer	6.17,6.17,6.17,0.0,112067258.0,1 - not enough values to unpack (expected 7, got 6)
[2025-02-28T10:49:21.590+0000] {pipeline.py:110} ERROR - Error processing line: jasmycoin	0.01732864,0.01732864,0.01732864,0.0,60350820.0,1 - not enough values to unpack (expected 7, got 6)
[2025-02-28T10:49:21.591+0000] {pipeline.py:110} ERROR - Error processing line: jupiter-exchange-solana	0.695161,0.695161,0.695161,0.0,176726799.0,1 - not enough values to unpack (expected 7, got 6)
[2025-02-28T10:49:21.592+0000] {pipeline.py:110} ERROR - Error processing line: kaspa	0.075498,0.075498,0.075498,0.0,89125667.0,1 - not enough values to unpack (expected 7, got 6)
[2025-02-28T10:49:21.593+0000] {pipeline.py:110} ERROR - Error processing line: kelp-dao-restaked-eth	2199.66,2199.66,2199.66,0.0,3022731.0,1 - not enough values to unpack (expected 7, got 6)
[2025-02-28T10:49:21.593+0000] {pipeline.py:110} ERROR - Error processing line: kucoin-shares	11.35,11.35,11.35,0.0,207777.0,1 - not enough values to unpack (expected 7, got 6)
[2025-02-28T10:49:21.594+0000] {pipeline.py:110} ERROR - Error processing line: leo-token	9.25,9.25,9.25,0.0,5678526.0,1 - not enough values to unpack (expected 7, got 6)
[2025-02-28T10:49:21.594+0000] {pipeline.py:110} ERROR - Error processing line: lido-dao	1.2,1.2,1.2,0.0,158961408.0,1 - not enough values to unpack (expected 7, got 6)
[2025-02-28T10:49:21.595+0000] {pipeline.py:110} ERROR - Error processing line: litecoin	119.17,119.17,119.17,0.0,2075579559.0,1 - not enough values to unpack (expected 7, got 6)
[2025-02-28T10:49:21.596+0000] {pipeline.py:110} ERROR - Error processing line: lombard-staked-btc	79825.0,79825.0,79825.0,0.0,2062828.0,1 - not enough values to unpack (expected 7, got 6)
[2025-02-28T10:49:21.596+0000] {pipeline.py:110} ERROR - Error processing line: maker	1564.33,1564.33,1564.33,0.0,429066545.0,1 - not enough values to unpack (expected 7, got 6)
[2025-02-28T10:49:21.597+0000] {pipeline.py:110} ERROR - Error processing line: mantle	0.699577,0.699577,0.699577,0.0,89711507.0,1 - not enough values to unpack (expected 7, got 6)
[2025-02-28T10:49:21.597+0000] {pipeline.py:110} ERROR - Error processing line: mantle-staked-ether	2244.75,2244.75,2244.75,0.0,9911346.0,1 - not enough values to unpack (expected 7, got 6)
[2025-02-28T10:49:21.598+0000] {pipeline.py:110} ERROR - Error processing line: mantra-dao	7.31,7.31,7.31,0.0,204589562.0,1 - not enough values to unpack (expected 7, got 6)
[2025-02-28T10:49:21.600+0000] {pipeline.py:110} ERROR - Error processing line: monero	207.5,207.5,207.5,0.0,66240976.0,1 - not enough values to unpack (expected 7, got 6)
[2025-02-28T10:49:21.601+0000] {pipeline.py:110} ERROR - Error processing line: movement	0.42705,0.42705,0.42705,0.0,93708565.0,1 - not enough values to unpack (expected 7, got 6)
[2025-02-28T10:49:21.602+0000] {pipeline.py:110} ERROR - Error processing line: near	2.83,2.83,2.83,0.0,270234818.0,1 - not enough values to unpack (expected 7, got 6)
[2025-02-28T10:49:21.603+0000] {pipeline.py:110} ERROR - Error processing line: nexo	1.11,1.11,1.11,0.0,25626525.0,1 - not enough values to unpack (expected 7, got 6)
[2025-02-28T10:49:21.604+0000] {pipeline.py:110} ERROR - Error processing line: official-trump	11.26,11.26,11.26,0.0,1078373506.0,1 - not enough values to unpack (expected 7, got 6)
[2025-02-28T10:49:21.605+0000] {pipeline.py:110} ERROR - Error processing line: okb	42.85,42.85,42.85,0.0,15299009.0,1 - not enough values to unpack (expected 7, got 6)
[2025-02-28T10:49:21.606+0000] {pipeline.py:110} ERROR - Error processing line: ondo-finance	0.909009,0.909009,0.909009,0.0,190128288.0,1 - not enough values to unpack (expected 7, got 6)
[2025-02-28T10:49:21.608+0000] {pipeline.py:110} ERROR - Error processing line: optimism	1.037,1.037,1.037,0.0,275096354.0,1 - not enough values to unpack (expected 7, got 6)
[2025-02-28T10:49:21.609+0000] {pipeline.py:110} ERROR - Error processing line: pepe	7.47e-06,7.47e-06,7.47e-06,0.0,931674481.0,1 - not enough values to unpack (expected 7, got 6)
[2025-02-28T10:49:21.609+0000] {pipeline.py:110} ERROR - Error processing line: polkadot	4.58,4.58,4.58,0.0,428509064.0,1 - not enough values to unpack (expected 7, got 6)
[2025-02-28T10:49:21.610+0000] {pipeline.py:110} ERROR - Error processing line: polygon-ecosystem-token	0.260187,0.260187,0.260187,0.0,117120259.0,1 - not enough values to unpack (expected 7, got 6)
[2025-02-28T10:49:21.611+0000] {pipeline.py:110} ERROR - Error processing line: quant-network	89.92,89.92,89.92,0.0,48209173.0,1 - not enough values to unpack (expected 7, got 6)
[2025-02-28T10:49:21.611+0000] {pipeline.py:110} ERROR - Error processing line: render-token	3.53,3.53,3.53,0.0,250948418.0,1 - not enough values to unpack (expected 7, got 6)
[2025-02-28T10:49:21.612+0000] {pipeline.py:110} ERROR - Error processing line: ripple	2.03,2.03,2.03,0.0,6467900977.0,1 - not enough values to unpack (expected 7, got 6)
[2025-02-28T10:49:21.613+0000] {pipeline.py:110} ERROR - Error processing line: rocket-pool-eth	2424.3,2424.3,2424.3,0.0,26914947.0,1 - not enough values to unpack (expected 7, got 6)
[2025-02-28T10:49:21.615+0000] {pipeline.py:110} ERROR - Error processing line: sei-network	0.234702,0.234702,0.234702,0.0,137404249.0,1 - not enough values to unpack (expected 7, got 6)
[2025-02-28T10:49:21.617+0000] {pipeline.py:110} ERROR - Error processing line: shiba-inu	1.323e-05,1.323e-05,1.323e-05,0.0,328159480.0,1 - not enough values to unpack (expected 7, got 6)
[2025-02-28T10:49:21.619+0000] {pipeline.py:110} ERROR - Error processing line: solana	130.99,130.99,130.99,0.0,6368969508.0,1 - not enough values to unpack (expected 7, got 6)
[2025-02-28T10:49:21.620+0000] {pipeline.py:110} ERROR - Error processing line: solv-btc	79921.0,79921.0,79921.0,0.0,4967577.0,1 - not enough values to unpack (expected 7, got 6)
[2025-02-28T10:49:21.622+0000] {pipeline.py:110} ERROR - Error processing line: solv-protocol-solvbtc-bbn	79350.0,79350.0,79350.0,0.0,1980062.0,1 - not enough values to unpack (expected 7, got 6)
[2025-02-28T10:49:21.624+0000] {pipeline.py:110} ERROR - Error processing line: sonic-3	0.631696,0.631696,0.631696,0.0,315326401.0,1 - not enough values to unpack (expected 7, got 6)
[2025-02-28T10:49:21.625+0000] {pipeline.py:110} ERROR - Error processing line: staked-ether	2124.59,2124.59,2124.59,0.0,203925541.0,1 - not enough values to unpack (expected 7, got 6)
[2025-02-28T10:49:21.626+0000] {pipeline.py:110} ERROR - Error processing line: stellar	0.262067,0.262067,0.262067,0.0,250711262.0,1 - not enough values to unpack (expected 7, got 6)
[2025-02-28T10:49:21.626+0000] {pipeline.py:110} ERROR - Error processing line: story-2	5.48,5.48,5.48,0.0,363674478.0,1 - not enough values to unpack (expected 7, got 6)
[2025-02-28T10:49:21.627+0000] {pipeline.py:110} ERROR - Error processing line: sui	2.62,2.62,2.62,0.0,1184062669.0,1 - not enough values to unpack (expected 7, got 6)
[2025-02-28T10:49:21.628+0000] {pipeline.py:110} ERROR - Error processing line: susds	1.041,1.041,1.041,0.0,2163229.0,1 - not enough values to unpack (expected 7, got 6)
[2025-02-28T10:49:21.628+0000] {pipeline.py:110} ERROR - Error processing line: tether	0.999261,0.999261,0.999261,0.0,60206724329.0,1 - not enough values to unpack (expected 7, got 6)
[2025-02-28T10:49:21.629+0000] {pipeline.py:110} ERROR - Error processing line: tezos	0.719492,0.719492,0.719492,0.0,35236602.0,1 - not enough values to unpack (expected 7, got 6)
[2025-02-28T10:49:21.629+0000] {pipeline.py:110} ERROR - Error processing line: the-graph	0.113506,0.113506,0.113506,0.0,74443064.0,1 - not enough values to unpack (expected 7, got 6)
[2025-02-28T10:49:21.630+0000] {pipeline.py:110} ERROR - Error processing line: the-open-network	3.23,3.23,3.23,0.0,265921750.0,1 - not enough values to unpack (expected 7, got 6)
[2025-02-28T10:49:21.631+0000] {pipeline.py:110} ERROR - Error processing line: theta-token	1.091,1.091,1.091,0.0,24967599.0,1 - not enough values to unpack (expected 7, got 6)
[2025-02-28T10:49:21.632+0000] {pipeline.py:110} ERROR - Error processing line: tokenize-xchange	29.18,29.18,29.18,0.0,20565953.0,1 - not enough values to unpack (expected 7, got 6)
[2025-02-28T10:49:21.634+0000] {pipeline.py:110} ERROR - Error processing line: tron	0.224472,0.224472,0.224472,0.0,1167500511.0,1 - not enough values to unpack (expected 7, got 6)
[2025-02-28T10:49:21.634+0000] {pipeline.py:110} ERROR - Error processing line: uniswap	7.22,7.22,7.22,0.0,347664782.0,1 - not enough values to unpack (expected 7, got 6)
[2025-02-28T10:49:21.635+0000] {pipeline.py:110} ERROR - Error processing line: usd-coin	0.999859,0.999859,0.999859,0.0,15543186119.0,1 - not enough values to unpack (expected 7, got 6)
[2025-02-28T10:49:21.635+0000] {pipeline.py:110} ERROR - Error processing line: usds	0.999862,0.999862,0.999862,0.0,19475856.0,1 - not enough values to unpack (expected 7, got 6)
[2025-02-28T10:49:21.636+0000] {pipeline.py:110} ERROR - Error processing line: usual-usd	0.997368,0.997368,0.997368,0.0,18900864.0,1 - not enough values to unpack (expected 7, got 6)
[2025-02-28T10:49:21.637+0000] {pipeline.py:110} ERROR - Error processing line: vechain	0.02630396,0.02630396,0.02630396,0.0,64354649.0,1 - not enough values to unpack (expected 7, got 6)
[2025-02-28T10:49:21.637+0000] {pipeline.py:110} ERROR - Error processing line: weth	2122.49,2122.49,2122.49,0.0,1577805067.0,1 - not enough values to unpack (expected 7, got 6)
[2025-02-28T10:49:21.638+0000] {pipeline.py:110} ERROR - Error processing line: whitebit	25.62,25.62,25.62,0.0,88057630.0,1 - not enough values to unpack (expected 7, got 6)
[2025-02-28T10:49:21.639+0000] {pipeline.py:110} ERROR - Error processing line: worldcoin-wld	1.018,1.018,1.018,0.0,330450907.0,1 - not enough values to unpack (expected 7, got 6)
[2025-02-28T10:49:21.639+0000] {pipeline.py:110} ERROR - Error processing line: wrapped-bitcoin	79790.0,79790.0,79790.0,0.0,718568734.0,1 - not enough values to unpack (expected 7, got 6)
[2025-02-28T10:49:21.640+0000] {pipeline.py:110} ERROR - Error processing line: wrapped-eeth	2250.95,2250.95,2250.95,0.0,25427851.0,1 - not enough values to unpack (expected 7, got 6)
[2025-02-28T10:49:21.641+0000] {pipeline.py:110} ERROR - Error processing line: wrapped-steth	2536.24,2536.24,2536.24,0.0,97666204.0,1 - not enough values to unpack (expected 7, got 6)
[2025-02-28T10:49:21.641+0000] {pipeline.py:110} ERROR - Error processing line: xdce-crowd-sale	0.07882,0.07882,0.07882,0.0,41876519.0,1 - not enough values to unpack (expected 7, got 6)
[2025-02-28T10:49:21.643+0000] {python.py:194} INFO - Done. Returned value was: None
[2025-02-28T10:49:21.662+0000] {taskinstance.py:1400} INFO - Marking task as SUCCESS. dag_id=coingecko_ingestion_dag, task_id=load_to_hbase, execution_date=20250228T104850, start_date=20250228T104918, end_date=20250228T104921
[2025-02-28T10:49:21.738+0000] {local_task_job_runner.py:228} INFO - Task exited with return code 0
[2025-02-28T10:49:21.769+0000] {taskinstance.py:2784} INFO - 0 downstream tasks scheduled from follow-on schedule check
